[KUBEGALE]2025-05-14 10:16:17.447	[34minfo[0m	/Users/daihao/Downloads/gocode/KubeGale/initialize/gorm_biz.go:22	register IM tables success
[KUBEGALE]2025-05-14 10:16:17.447	[34minfo[0m	/Users/daihao/Downloads/gocode/KubeGale/initialize/gorm.go:43	register table success
[KUBEGALE]2025-05-14 10:16:17.451	[34minfo[0m	/Users/daihao/Downloads/gocode/KubeGale/initialize/redis.go:33	redis connect ping response:	{"name": "", "pong": "PONG"}
[KUBEGALE]2025-05-14 10:16:17.451	[34minfo[0m	/Users/daihao/Downloads/gocode/KubeGale/initialize/redis.go:33	redis connect ping response:	{"name": "cache", "pong": "PONG"}
[KUBEGALE]2025-05-14 10:16:17.451	[34minfo[0m	/Users/daihao/Downloads/gocode/KubeGale/core/server.go:55	initialize local cache
[KUBEGALE]2025-05-14 10:16:17.454	[34minfo[0m	/Users/daihao/Downloads/gocode/KubeGale/initialize/router.go:54	register swagger handler
[KUBEGALE]2025-05-14 10:16:17.454	[34minfo[0m	/Users/daihao/Downloads/gocode/KubeGale/initialize/router.go:93	router register success
[KUBEGALE]2025-05-14 10:16:17.455	[34minfo[0m	/Users/daihao/Downloads/gocode/KubeGale/core/server.go:66	server run success on 	{"address": ":8080"}
[KUBEGALE]2025-05-14 10:20:04.925	[34minfo[0m	/Users/daihao/Downloads/gocode/KubeGale/initialize/gorm_biz.go:22	register IM tables success
[KUBEGALE]2025-05-14 10:20:04.926	[34minfo[0m	/Users/daihao/Downloads/gocode/KubeGale/initialize/gorm.go:43	register table success
[KUBEGALE]2025-05-14 10:20:04.928	[34minfo[0m	/Users/daihao/Downloads/gocode/KubeGale/initialize/redis.go:33	redis connect ping response:	{"name": "", "pong": "PONG"}
[KUBEGALE]2025-05-14 10:20:04.929	[34minfo[0m	/Users/daihao/Downloads/gocode/KubeGale/initialize/redis.go:33	redis connect ping response:	{"name": "cache", "pong": "PONG"}
[KUBEGALE]2025-05-14 10:20:04.929	[34minfo[0m	/Users/daihao/Downloads/gocode/KubeGale/core/server.go:55	initialize local cache
[KUBEGALE]2025-05-14 10:20:04.929	[34minfo[0m	/Users/daihao/Downloads/gocode/KubeGale/initialize/router.go:54	register swagger handler
[KUBEGALE]2025-05-14 10:20:04.930	[34minfo[0m	/Users/daihao/Downloads/gocode/KubeGale/initialize/router.go:93	router register success
[KUBEGALE]2025-05-14 10:20:04.930	[34minfo[0m	/Users/daihao/Downloads/gocode/KubeGale/core/server.go:66	server run success on 	{"address": ":8080"}
[KUBEGALE]2025-05-14 10:23:16.880	[34minfo[0m	/Users/daihao/Downloads/gocode/KubeGale/initialize/gorm_biz.go:22	register IM tables success
[KUBEGALE]2025-05-14 10:23:16.881	[34minfo[0m	/Users/daihao/Downloads/gocode/KubeGale/initialize/gorm.go:43	register table success
[KUBEGALE]2025-05-14 10:23:16.884	[34minfo[0m	/Users/daihao/Downloads/gocode/KubeGale/initialize/redis.go:33	redis connect ping response:	{"name": "", "pong": "PONG"}
[KUBEGALE]2025-05-14 10:23:16.886	[34minfo[0m	/Users/daihao/Downloads/gocode/KubeGale/initialize/redis.go:33	redis connect ping response:	{"name": "cache", "pong": "PONG"}
[KUBEGALE]2025-05-14 10:23:16.886	[34minfo[0m	/Users/daihao/Downloads/gocode/KubeGale/core/server.go:55	initialize local cache
[KUBEGALE]2025-05-14 10:23:16.887	[34minfo[0m	/Users/daihao/Downloads/gocode/KubeGale/initialize/router.go:54	register swagger handler
[KUBEGALE]2025-05-14 10:23:16.887	[34minfo[0m	/Users/daihao/Downloads/gocode/KubeGale/initialize/router.go:93	router register success
[KUBEGALE]2025-05-14 10:23:16.887	[34minfo[0m	/Users/daihao/Downloads/gocode/KubeGale/core/server.go:66	server run success on 	{"address": ":8080"}
