[KUBEGALE]2025-05-23 11:39:58.400	[34minfo[0m	/Users/daihao/Downloads/gocode/KubeGale/resource/initialize/initailize.go:19	åˆå§‹åŒ– API è¡¨æˆåŠŸ
[KUBEGALE]2025-05-23 11:39:58.403	[34minfo[0m	/Users/daihao/Downloads/gocode/KubeGale/resource/initialize/initailize.go:24	åˆå§‹åŒ– API æ•°æ®æˆåŠŸ
[KUBEGALE]2025-05-23 11:39:58.407	[34minfo[0m	/Users/daihao/Downloads/gocode/KubeGale/resource/initialize/initailize.go:34	åˆå§‹åŒ– API å¿½ç•¥è¡¨æˆåŠŸ
[KUBEGALE]2025-05-23 11:39:58.454	[34minfo[0m	/Users/daihao/Downloads/gocode/KubeGale/resource/initialize/initailize.go:43	åˆå§‹åŒ– Casbin è¡¨æˆåŠŸ
[KUBEGALE]2025-05-23 11:39:58.456	[34minfo[0m	/Users/daihao/Downloads/gocode/KubeGale/resource/initialize/initailize.go:49	åˆå§‹åŒ– Casbin æƒé™æ•°æ®æˆåŠŸ
[KUBEGALE]2025-05-23 11:39:58.517	[34minfo[0m	/Users/daihao/Downloads/gocode/KubeGale/resource/initialize/initailize.go:59	åˆå§‹åŒ–æƒé™è¡¨æˆåŠŸ
[KUBEGALE]2025-05-23 11:39:58.517	[34minfo[0m	/Users/daihao/Downloads/gocode/KubeGale/resource/initialize/initailize.go:64	åˆå§‹åŒ–æƒé™æ•°æ®æˆåŠŸ
[KUBEGALE]2025-05-23 11:39:58.638	[34minfo[0m	/Users/daihao/Downloads/gocode/KubeGale/resource/initialize/initailize.go:74	åˆå§‹åŒ–èœå•è¡¨æˆåŠŸ
[KUBEGALE]2025-05-23 11:39:58.638	[34minfo[0m	/Users/daihao/Downloads/gocode/KubeGale/resource/initialize/initailize.go:79	åˆå§‹åŒ–èœå•æ•°æ®æˆåŠŸ
[KUBEGALE]2025-05-23 11:39:58.686	[34minfo[0m	/Users/daihao/Downloads/gocode/KubeGale/resource/initialize/initailize.go:89	åˆå§‹åŒ–ç”¨æˆ·è¡¨æˆåŠŸ
[KUBEGALE]2025-05-23 11:39:58.835	[34minfo[0m	/Users/daihao/Downloads/gocode/KubeGale/resource/initialize/initailize.go:96	åˆå§‹åŒ–ç”¨æˆ·æ•°æ®æˆåŠŸ
[KUBEGALE]2025-05-23 11:41:06.841	[34minfo[0m	/Users/daihao/Downloads/gocode/KubeGale/resource/initialize/initailize.go:19	åˆå§‹åŒ– API è¡¨æˆåŠŸ
[KUBEGALE]2025-05-23 11:41:06.845	[34minfo[0m	/Users/daihao/Downloads/gocode/KubeGale/resource/initialize/initailize.go:24	åˆå§‹åŒ– API æ•°æ®æˆåŠŸ
[KUBEGALE]2025-05-23 11:41:06.850	[34minfo[0m	/Users/daihao/Downloads/gocode/KubeGale/resource/initialize/initailize.go:34	åˆå§‹åŒ– API å¿½ç•¥è¡¨æˆåŠŸ
[KUBEGALE]2025-05-23 11:41:06.871	[34minfo[0m	/Users/daihao/Downloads/gocode/KubeGale/resource/initialize/initailize.go:43	åˆå§‹åŒ– Casbin è¡¨æˆåŠŸ
[KUBEGALE]2025-05-23 11:41:06.877	[34minfo[0m	/Users/daihao/Downloads/gocode/KubeGale/resource/initialize/initailize.go:49	åˆå§‹åŒ– Casbin æƒé™æ•°æ®æˆåŠŸ
[KUBEGALE]2025-05-23 11:41:06.927	[34minfo[0m	/Users/daihao/Downloads/gocode/KubeGale/resource/initialize/initailize.go:59	åˆå§‹åŒ–æƒé™è¡¨æˆåŠŸ
[KUBEGALE]2025-05-23 11:41:06.927	[34minfo[0m	/Users/daihao/Downloads/gocode/KubeGale/resource/initialize/initailize.go:64	åˆå§‹åŒ–æƒé™æ•°æ®æˆåŠŸ
[KUBEGALE]2025-05-23 11:41:06.984	[34minfo[0m	/Users/daihao/Downloads/gocode/KubeGale/resource/initialize/initailize.go:74	åˆå§‹åŒ–èœå•è¡¨æˆåŠŸ
[KUBEGALE]2025-05-23 11:41:06.985	[34minfo[0m	/Users/daihao/Downloads/gocode/KubeGale/resource/initialize/initailize.go:79	åˆå§‹åŒ–èœå•æ•°æ®æˆåŠŸ
[KUBEGALE]2025-05-23 11:41:07.034	[34minfo[0m	/Users/daihao/Downloads/gocode/KubeGale/resource/initialize/initailize.go:89	åˆå§‹åŒ–ç”¨æˆ·è¡¨æˆåŠŸ
[KUBEGALE]2025-05-23 11:41:07.179	[34minfo[0m	/Users/daihao/Downloads/gocode/KubeGale/resource/initialize/initailize.go:96	åˆå§‹åŒ–ç”¨æˆ·æ•°æ®æˆåŠŸ
[KUBEGALE]2025-05-23 11:42:48.063	[34minfo[0m	/Users/daihao/Downloads/gocode/KubeGale/resource/initialize/initailize.go:19	åˆå§‹åŒ– API è¡¨æˆåŠŸ
[KUBEGALE]2025-05-23 11:42:48.069	[34minfo[0m	/Users/daihao/Downloads/gocode/KubeGale/resource/initialize/initailize.go:24	åˆå§‹åŒ– API æ•°æ®æˆåŠŸ
[KUBEGALE]2025-05-23 11:42:48.072	[34minfo[0m	/Users/daihao/Downloads/gocode/KubeGale/resource/initialize/initailize.go:34	åˆå§‹åŒ– API å¿½ç•¥è¡¨æˆåŠŸ
[KUBEGALE]2025-05-23 11:42:48.111	[34minfo[0m	/Users/daihao/Downloads/gocode/KubeGale/resource/initialize/initailize.go:43	åˆå§‹åŒ– Casbin è¡¨æˆåŠŸ
[KUBEGALE]2025-05-23 11:42:48.118	[34minfo[0m	/Users/daihao/Downloads/gocode/KubeGale/resource/initialize/initailize.go:49	åˆå§‹åŒ– Casbin æƒé™æ•°æ®æˆåŠŸ
[KUBEGALE]2025-05-23 11:42:48.183	[34minfo[0m	/Users/daihao/Downloads/gocode/KubeGale/resource/initialize/initailize.go:59	åˆå§‹åŒ–æƒé™è¡¨æˆåŠŸ
[KUBEGALE]2025-05-23 11:42:48.183	[34minfo[0m	/Users/daihao/Downloads/gocode/KubeGale/resource/initialize/initailize.go:64	åˆå§‹åŒ–æƒé™æ•°æ®æˆåŠŸ
[KUBEGALE]2025-05-23 11:42:48.252	[34minfo[0m	/Users/daihao/Downloads/gocode/KubeGale/resource/initialize/initailize.go:74	åˆå§‹åŒ–èœå•è¡¨æˆåŠŸ
[KUBEGALE]2025-05-23 11:42:48.253	[34minfo[0m	/Users/daihao/Downloads/gocode/KubeGale/resource/initialize/initailize.go:79	åˆå§‹åŒ–èœå•æ•°æ®æˆåŠŸ
[KUBEGALE]2025-05-23 11:42:48.312	[34minfo[0m	/Users/daihao/Downloads/gocode/KubeGale/resource/initialize/initailize.go:89	åˆå§‹åŒ–ç”¨æˆ·è¡¨æˆåŠŸ
[KUBEGALE]2025-05-23 11:42:48.459	[34minfo[0m	/Users/daihao/Downloads/gocode/KubeGale/resource/initialize/initailize.go:96	åˆå§‹åŒ–ç”¨æˆ·æ•°æ®æˆåŠŸ
