[KUBEGALE]2025-04-12 14:52:11.278	[31merror[0m	/Users/daihao/Downloads/gocode/KubeGale/api/v1/system/sys_menus.go:128	删除失败!	{"error": "此菜单存在子菜单不可删除"}
[KUBEGALE]2025-04-12 15:46:37.854	[31merror[0m	/Users/daihao/Downloads/gocode/KubeGale/api/v1/system/sys_operation_record.go:60	删除失败!	{"error": "WHERE conditions required"}
[KUBEGALE]2025-04-12 15:46:54.983	[31merror[0m	/Users/daihao/Downloads/gocode/KubeGale/api/v1/system/sys_operation_record.go:60	删除失败!	{"error": "WHERE conditions required"}
[KUBEGALE]2025-04-12 16:12:13.884	[31merror[0m	/Users/daihao/Downloads/gocode/KubeGale/api/v1/system/sys_operation_record.go:60	删除失败!	{"error": "WHERE conditions required"}
[KUBEGALE]2025-04-12 16:29:43.877	[31merror[0m	/Users/daihao/Downloads/gocode/KubeGale/api/v1/system/sys_operation_record.go:60	删除失败!	{"error": "WHERE conditions required"}
[KUBEGALE]2025-04-12 16:30:08.054	[31merror[0m	/Users/daihao/Downloads/gocode/KubeGale/api/v1/system/sys_operation_record.go:60	删除失败!	{"error": "WHERE conditions required"}
[KUBEGALE]2025-04-12 16:30:28.646	[31merror[0m	/Users/daihao/Downloads/gocode/KubeGale/api/v1/system/sys_operation_record.go:60	删除失败!	{"error": "WHERE conditions required"}
[KUBEGALE]2025-04-12 16:30:52.904	[31merror[0m	/Users/daihao/Downloads/gocode/KubeGale/api/v1/system/sys_operation_record.go:60	删除失败!	{"error": "WHERE conditions required"}
[KUBEGALE]2025-04-12 16:32:55.674	[31merror[0m	/Users/daihao/Downloads/gocode/KubeGale/api/v1/system/sys_operation_record.go:60	删除失败!	{"error": "WHERE conditions required"}
[KUBEGALE]2025-04-12 16:41:45.943	[31merror[0m	/Users/daihao/Downloads/gocode/KubeGale/api/v1/system/sys_operation_record.go:60	删除失败!	{"error": "WHERE conditions required"}
[KUBEGALE]2025-04-12 16:41:56.415	[31merror[0m	/Users/daihao/Downloads/gocode/KubeGale/api/v1/system/sys_operation_record.go:60	删除失败!	{"error": "WHERE conditions required"}
[KUBEGALE]2025-04-12 16:43:09.685	[31merror[0m	/Users/daihao/Downloads/gocode/KubeGale/api/v1/system/sys_operation_record.go:60	删除失败!	{"error": "WHERE conditions required"}
[KUBEGALE]2025-04-12 16:43:25.628	[31merror[0m	/Users/daihao/Downloads/gocode/KubeGale/api/v1/system/sys_operation_record.go:60	删除失败!	{"error": "WHERE conditions required"}
[KUBEGALE]2025-04-12 16:53:29.353	[31merror[0m	/Users/daihao/Downloads/gocode/KubeGale/api/v1/system/sys_operation_record.go:60	删除失败!	{"error": "WHERE conditions required"}
[KUBEGALE]2025-04-12 16:53:35.554	[31merror[0m	/Users/daihao/Downloads/gocode/KubeGale/api/v1/system/sys_operation_record.go:60	删除失败!	{"error": "WHERE conditions required"}
[KUBEGALE]2025-04-12 17:03:12.570	[31merror[0m	/Users/daihao/Downloads/gocode/KubeGale/api/v1/system/sys_operation_record.go:60	删除失败!	{"error": "WHERE conditions required"}
[KUBEGALE]2025-04-12 17:36:38.384	[31merror[0m	/Users/daihao/Downloads/gocode/KubeGale/api/v1/system/sys_operation_record.go:60	删除失败!	{"error": "WHERE conditions required"}
[KUBEGALE]2025-04-12 18:00:18.233	[31merror[0m	/Users/daihao/Downloads/gocode/KubeGale/core/server.go:57	accept tcp [::]:8080: use of closed network connection
[KUBEGALE]2025-04-12 18:12:27.566	[31merror[0m	/Users/daihao/Downloads/gocode/KubeGale/core/server.go:57	accept tcp [::]:8080: use of closed network connection
[KUBEGALE]2025-04-12 21:43:46.014	[31merror[0m	/Users/daihao/Downloads/gocode/KubeGale/core/server.go:57	accept tcp [::]:8080: use of closed network connection
[KUBEGALE]2025-04-12 21:44:00.512	[31merror[0m	/Users/daihao/Downloads/gocode/KubeGale/core/server.go:57	accept tcp [::]:8080: use of closed network connection
[KUBEGALE]2025-04-12 21:44:22.414	[31merror[0m	/Users/daihao/Downloads/gocode/KubeGale/core/server.go:57	accept tcp [::]:8080: use of closed network connection
[KUBEGALE]2025-04-12 22:39:10.869	[31merror[0m	/Users/daihao/Downloads/gocode/KubeGale/api/v1/system/sys_user.go:256	修改失败!	{"error": "empty slice found"}
[KUBEGALE]2025-04-12 22:39:12.203	[31merror[0m	/Users/daihao/Downloads/gocode/KubeGale/api/v1/system/sys_user.go:256	修改失败!	{"error": "empty slice found"}
[KUBEGALE]2025-04-12 22:39:30.483	[31merror[0m	/Users/daihao/Downloads/gocode/KubeGale/api/v1/system/sys_user.go:256	修改失败!	{"error": "empty slice found"}
[KUBEGALE]2025-04-12 22:42:56.511	[31merror[0m	/Users/daihao/Downloads/gocode/KubeGale/core/server.go:57	accept tcp [::]:8080: use of closed network connection
[KUBEGALE]2025-04-12 22:44:11.309	[31merror[0m	/Users/daihao/Downloads/gocode/KubeGale/core/server.go:57	net.Listen error: listen tcp :8080: bind: address already in use
