[KUBEGALE]2025-06-12 15:06:14.595	[34minfo[0m	/Users/daihao/Downloads/gocode/KubeGale/resource/initialize/initailize.go:19	åˆå§‹åŒ– API è¡¨æˆåŠŸ
[KUBEGALE]2025-06-12 15:06:14.610	[34minfo[0m	/Users/daihao/Downloads/gocode/KubeGale/resource/initialize/initailize.go:24	åˆå§‹åŒ– API æ•°æ®æˆåŠŸ
[KUBEGALE]2025-06-12 15:06:14.613	[34minfo[0m	/Users/daihao/Downloads/gocode/KubeGale/resource/initialize/initailize.go:34	åˆå§‹åŒ– API å¿½ç•¥è¡¨æˆåŠŸ
[KUBEGALE]2025-06-12 15:06:14.656	[34minfo[0m	/Users/daihao/Downloads/gocode/KubeGale/resource/initialize/initailize.go:43	åˆå§‹åŒ– Casbin è¡¨æˆåŠŸ
[KUBEGALE]2025-06-12 15:06:14.672	[34minfo[0m	/Users/daihao/Downloads/gocode/KubeGale/resource/initialize/initailize.go:49	åˆå§‹åŒ– Casbin æƒé™æ•°æ®æˆåŠŸ
[KUBEGALE]2025-06-12 15:06:14.736	[34minfo[0m	/Users/daihao/Downloads/gocode/KubeGale/resource/initialize/initailize.go:59	åˆå§‹åŒ–æƒé™è¡¨æˆåŠŸ
[KUBEGALE]2025-06-12 15:06:14.737	[34minfo[0m	/Users/daihao/Downloads/gocode/KubeGale/resource/initialize/initailize.go:64	åˆå§‹åŒ–æƒé™æ•°æ®æˆåŠŸ
[KUBEGALE]2025-06-12 15:06:14.790	[34minfo[0m	/Users/daihao/Downloads/gocode/KubeGale/resource/initialize/initailize.go:74	åˆå§‹åŒ–èœå•è¡¨æˆåŠŸ
[KUBEGALE]2025-06-12 15:06:14.791	[34minfo[0m	/Users/daihao/Downloads/gocode/KubeGale/resource/initialize/initailize.go:79	åˆå§‹åŒ–èœå•æ•°æ®æˆåŠŸ
[KUBEGALE]2025-06-12 15:06:14.841	[34minfo[0m	/Users/daihao/Downloads/gocode/KubeGale/resource/initialize/initailize.go:89	åˆå§‹åŒ–ç”¨æˆ·è¡¨æˆåŠŸ
[KUBEGALE]2025-06-12 15:06:14.991	[34minfo[0m	/Users/daihao/Downloads/gocode/KubeGale/resource/initialize/initailize.go:96	åˆå§‹åŒ–ç”¨æˆ·æ•°æ®æˆåŠŸ
[KUBEGALE]2025-06-12 17:23:50.881	[34minfo[0m	/Users/daihao/Downloads/gocode/KubeGale/resource/initialize/initailize.go:19	åˆå§‹åŒ– API è¡¨æˆåŠŸ
[KUBEGALE]2025-06-12 17:23:50.891	[34minfo[0m	/Users/daihao/Downloads/gocode/KubeGale/resource/initialize/initailize.go:24	åˆå§‹åŒ– API æ•°æ®æˆåŠŸ
[KUBEGALE]2025-06-12 17:23:50.897	[34minfo[0m	/Users/daihao/Downloads/gocode/KubeGale/resource/initialize/initailize.go:34	åˆå§‹åŒ– API å¿½ç•¥è¡¨æˆåŠŸ
[KUBEGALE]2025-06-12 17:23:50.947	[34minfo[0m	/Users/daihao/Downloads/gocode/KubeGale/resource/initialize/initailize.go:43	åˆå§‹åŒ– Casbin è¡¨æˆåŠŸ
[KUBEGALE]2025-06-12 17:23:50.960	[34minfo[0m	/Users/daihao/Downloads/gocode/KubeGale/resource/initialize/initailize.go:49	åˆå§‹åŒ– Casbin æƒé™æ•°æ®æˆåŠŸ
[KUBEGALE]2025-06-12 17:23:51.021	[34minfo[0m	/Users/daihao/Downloads/gocode/KubeGale/resource/initialize/initailize.go:59	åˆå§‹åŒ–æƒé™è¡¨æˆåŠŸ
[KUBEGALE]2025-06-12 17:23:51.021	[34minfo[0m	/Users/daihao/Downloads/gocode/KubeGale/resource/initialize/initailize.go:64	åˆå§‹åŒ–æƒé™æ•°æ®æˆåŠŸ
[KUBEGALE]2025-06-12 17:23:51.067	[34minfo[0m	/Users/daihao/Downloads/gocode/KubeGale/resource/initialize/initailize.go:74	åˆå§‹åŒ–èœå•è¡¨æˆåŠŸ
[KUBEGALE]2025-06-12 17:23:51.068	[34minfo[0m	/Users/daihao/Downloads/gocode/KubeGale/resource/initialize/initailize.go:79	åˆå§‹åŒ–èœå•æ•°æ®æˆåŠŸ
[KUBEGALE]2025-06-12 17:23:51.128	[34minfo[0m	/Users/daihao/Downloads/gocode/KubeGale/resource/initialize/initailize.go:89	åˆå§‹åŒ–ç”¨æˆ·è¡¨æˆåŠŸ
[KUBEGALE]2025-06-12 17:23:51.292	[34minfo[0m	/Users/daihao/Downloads/gocode/KubeGale/resource/initialize/initailize.go:96	åˆå§‹åŒ–ç”¨æˆ·æ•°æ®æˆåŠŸ
