[KUBEGALE]2025-05-08 09:43:54.284	[31merror[0m	/Users/daihao/Downloads/gocode/KubeGale/api/v1/im/notification.go:72	æ›´æ–°å¤±è´¥!	{"error": "é€šçŸ¥é…ç½®ä¸å­˜åœ¨"}
[KUBEGALE]2025-05-08 09:44:03.374	[31merror[0m	/Users/daihao/Downloads/gocode/KubeGale/api/v1/im/notification.go:72	æ›´æ–°å¤±è´¥!	{"error": "é€šçŸ¥é…ç½®ä¸å­˜åœ¨"}
[KUBEGALE]2025-05-08 09:58:08.974	[31merror[0m	/Users/daihao/Downloads/gocode/KubeGale/utils/claims.go:48	é‡æ–°å†™å…¥cookie tokenå¤±è´¥,æœªèƒ½æˆåŠŸè§£ætoken,è¯·æ£€æŸ¥è¯·æ±‚å¤´æ˜¯å¦å­˜åœ¨x-tokenä¸”claimsæ˜¯å¦ä¸ºè§„å®šç»“æ„
[KUBEGALE]2025-05-08 09:58:09.883	[31merror[0m	/Users/daihao/Downloads/gocode/KubeGale/utils/claims.go:48	é‡æ–°å†™å…¥cookie tokenå¤±è´¥,æœªèƒ½æˆåŠŸè§£ætoken,è¯·æ£€æŸ¥è¯·æ±‚å¤´æ˜¯å¦å­˜åœ¨x-tokenä¸”claimsæ˜¯å¦ä¸ºè§„å®šç»“æ„
[KUBEGALE]2025-05-08 09:58:27.802	[31merror[0m	/Users/daihao/Downloads/gocode/KubeGale/utils/claims.go:48	é‡æ–°å†™å…¥cookie tokenå¤±è´¥,æœªèƒ½æˆåŠŸè§£ætoken,è¯·æ£€æŸ¥è¯·æ±‚å¤´æ˜¯å¦å­˜åœ¨x-tokenä¸”claimsæ˜¯å¦ä¸ºè§„å®šç»“æ„
[KUBEGALE]2025-05-08 09:58:42.837	[31merror[0m	/Users/daihao/Downloads/gocode/KubeGale/utils/claims.go:48	é‡æ–°å†™å…¥cookie tokenå¤±è´¥,æœªèƒ½æˆåŠŸè§£ætoken,è¯·æ£€æŸ¥è¯·æ±‚å¤´æ˜¯å¦å­˜åœ¨x-tokenä¸”claimsæ˜¯å¦ä¸ºè§„å®šç»“æ„
[KUBEGALE]2025-05-08 09:58:43.548	[31merror[0m	/Users/daihao/Downloads/gocode/KubeGale/utils/claims.go:48	é‡æ–°å†™å…¥cookie tokenå¤±è´¥,æœªèƒ½æˆåŠŸè§£ætoken,è¯·æ£€æŸ¥è¯·æ±‚å¤´æ˜¯å¦å­˜åœ¨x-tokenä¸”claimsæ˜¯å¦ä¸ºè§„å®šç»“æ„
[KUBEGALE]2025-05-08 09:58:44.220	[31merror[0m	/Users/daihao/Downloads/gocode/KubeGale/utils/claims.go:48	é‡æ–°å†™å…¥cookie tokenå¤±è´¥,æœªèƒ½æˆåŠŸè§£ætoken,è¯·æ£€æŸ¥è¯·æ±‚å¤´æ˜¯å¦å­˜åœ¨x-tokenä¸”claimsæ˜¯å¦ä¸ºè§„å®šç»“æ„
[KUBEGALE]2025-05-08 09:58:44.906	[31merror[0m	/Users/daihao/Downloads/gocode/KubeGale/utils/claims.go:48	é‡æ–°å†™å…¥cookie tokenå¤±è´¥,æœªèƒ½æˆåŠŸè§£ætoken,è¯·æ£€æŸ¥è¯·æ±‚å¤´æ˜¯å¦å­˜åœ¨x-tokenä¸”claimsæ˜¯å¦ä¸ºè§„å®šç»“æ„
[KUBEGALE]2025-05-08 09:58:45.627	[31merror[0m	/Users/daihao/Downloads/gocode/KubeGale/utils/claims.go:48	é‡æ–°å†™å…¥cookie tokenå¤±è´¥,æœªèƒ½æˆåŠŸè§£ætoken,è¯·æ£€æŸ¥è¯·æ±‚å¤´æ˜¯å¦å­˜åœ¨x-tokenä¸”claimsæ˜¯å¦ä¸ºè§„å®šç»“æ„
[KUBEGALE]2025-05-08 09:59:10.848	[31merror[0m	/Users/daihao/Downloads/gocode/KubeGale/utils/claims.go:48	é‡æ–°å†™å…¥cookie tokenå¤±è´¥,æœªèƒ½æˆåŠŸè§£ætoken,è¯·æ£€æŸ¥è¯·æ±‚å¤´æ˜¯å¦å­˜åœ¨x-tokenä¸”claimsæ˜¯å¦ä¸ºè§„å®šç»“æ„
[KUBEGALE]2025-05-08 10:02:00.562	[31merror[0m	/Users/daihao/Downloads/gocode/KubeGale/utils/claims.go:48	é‡æ–°å†™å…¥cookie tokenå¤±è´¥,æœªèƒ½æˆåŠŸè§£ætoken,è¯·æ£€æŸ¥è¯·æ±‚å¤´æ˜¯å¦å­˜åœ¨x-tokenä¸”claimsæ˜¯å¦ä¸ºè§„å®šç»“æ„
[KUBEGALE]2025-05-08 10:08:29.356	[31merror[0m	/Users/daihao/Downloads/gocode/KubeGale/api/v1/im/notification.go:194	è·å–å¤±è´¥!	{"error": "record not found"}
[KUBEGALE]2025-05-08 10:12:06.292	[31merror[0m	/Users/daihao/Downloads/gocode/KubeGale/api/v1/im/notification.go:214	æµ‹è¯•å¤±è´¥!	{"error": "ä¸æ”¯æŒçš„é€šçŸ¥ç±»å‹"}
[KUBEGALE]2025-05-08 10:12:14.267	[31merror[0m	/Users/daihao/Downloads/gocode/KubeGale/api/v1/im/notification.go:214	æµ‹è¯•å¤±è´¥!	{"error": "record not found"}
[KUBEGALE]2025-05-08 10:15:26.924	[31merror[0m	/Users/daihao/Downloads/gocode/KubeGale/utils/claims.go:48	é‡æ–°å†™å…¥cookie tokenå¤±è´¥,æœªèƒ½æˆåŠŸè§£ætoken,è¯·æ£€æŸ¥è¯·æ±‚å¤´æ˜¯å¦å­˜åœ¨x-tokenä¸”claimsæ˜¯å¦ä¸ºè§„å®šç»“æ„
[KUBEGALE]2025-05-08 10:18:13.317	[31merror[0m	/Users/daihao/Downloads/gocode/KubeGale/utils/claims.go:48	é‡æ–°å†™å…¥cookie tokenå¤±è´¥,æœªèƒ½æˆåŠŸè§£ætoken,è¯·æ£€æŸ¥è¯·æ±‚å¤´æ˜¯å¦å­˜åœ¨x-tokenä¸”claimsæ˜¯å¦ä¸ºè§„å®šç»“æ„
[KUBEGALE]2025-05-08 10:39:16.698	[31merror[0m	/Users/daihao/Downloads/gocode/KubeGale/core/server.go:68	accept tcp [::]:8080: use of closed network connection
[KUBEGALE]2025-05-08 10:39:16.861	[31merror[0m	/Users/daihao/Downloads/gocode/KubeGale/core/server.go:68	accept tcp [::]:8080: use of closed network connection
[KUBEGALE]2025-05-08 10:46:40.939	[31merror[0m	/Users/daihao/Downloads/gocode/KubeGale/core/server.go:68	net.Listen error: listen tcp :8080: bind: address already in use
[KUBEGALE]2025-05-08 10:46:50.354	[31merror[0m	/Users/daihao/Downloads/gocode/KubeGale/core/server.go:68	net.Listen error: listen tcp :8080: bind: address already in use
