[KUBEGALE]2025-05-08 09:42:31.350	[34minfo[0m	/Users/daihao/Downloads/gocode/KubeGale/initialize/gorm.go:42	register table success
[KUBEGALE]2025-05-08 09:42:31.354	[34minfo[0m	/Users/daihao/Downloads/gocode/KubeGale/initialize/redis.go:33	redis connect ping response:	{"name": "", "pong": "PONG"}
[KUBEGALE]2025-05-08 09:42:31.354	[34minfo[0m	/Users/daihao/Downloads/gocode/KubeGale/initialize/redis.go:33	redis connect ping response:	{"name": "cache", "pong": "PONG"}
[KUBEGALE]2025-05-08 09:42:31.355	[34minfo[0m	/Users/daihao/Downloads/gocode/KubeGale/core/server.go:55	initialize local cache
[KUBEGALE]2025-05-08 09:42:31.356	[34minfo[0m	/Users/daihao/Downloads/gocode/KubeGale/initialize/router.go:54	register swagger handler
[KUBEGALE]2025-05-08 09:42:31.356	[34minfo[0m	/Users/daihao/Downloads/gocode/KubeGale/initialize/router.go:93	router register success
[KUBEGALE]2025-05-08 09:42:31.357	[34minfo[0m	/Users/daihao/Downloads/gocode/KubeGale/core/server.go:66	server run success on 	{"address": ":8080"}
[KUBEGALE]2025-05-08 10:39:16.687	[34minfo[0m	/Users/daihao/Downloads/gocode/KubeGale/initialize/gorm.go:42	register table success
[KUBEGALE]2025-05-08 10:39:16.695	[34minfo[0m	/Users/daihao/Downloads/gocode/KubeGale/initialize/redis.go:33	redis connect ping response:	{"name": "", "pong": "PONG"}
[KUBEGALE]2025-05-08 10:39:16.695	[34minfo[0m	/Users/daihao/Downloads/gocode/KubeGale/initialize/redis.go:33	redis connect ping response:	{"name": "cache", "pong": "PONG"}
[KUBEGALE]2025-05-08 10:39:16.695	[34minfo[0m	/Users/daihao/Downloads/gocode/KubeGale/core/server.go:55	initialize local cache
[KUBEGALE]2025-05-08 10:39:16.696	[34minfo[0m	/Users/daihao/Downloads/gocode/KubeGale/initialize/router.go:54	register swagger handler
[KUBEGALE]2025-05-08 10:39:16.697	[34minfo[0m	/Users/daihao/Downloads/gocode/KubeGale/initialize/router.go:93	router register success
[KUBEGALE]2025-05-08 10:39:16.697	[34minfo[0m	/Users/daihao/Downloads/gocode/KubeGale/core/server.go:66	server run success on 	{"address": ":8080"}
[KUBEGALE]2025-05-08 10:39:16.858	[34minfo[0m	/Users/daihao/Downloads/gocode/KubeGale/initialize/gorm.go:42	register table success
[KUBEGALE]2025-05-08 10:39:16.859	[34minfo[0m	/Users/daihao/Downloads/gocode/KubeGale/initialize/redis.go:33	redis connect ping response:	{"name": "", "pong": "PONG"}
[KUBEGALE]2025-05-08 10:39:16.860	[34minfo[0m	/Users/daihao/Downloads/gocode/KubeGale/initialize/redis.go:33	redis connect ping response:	{"name": "cache", "pong": "PONG"}
[KUBEGALE]2025-05-08 10:39:16.860	[34minfo[0m	/Users/daihao/Downloads/gocode/KubeGale/core/server.go:55	initialize local cache
[KUBEGALE]2025-05-08 10:39:16.860	[34minfo[0m	/Users/daihao/Downloads/gocode/KubeGale/initialize/router.go:54	register swagger handler
[KUBEGALE]2025-05-08 10:39:16.861	[34minfo[0m	/Users/daihao/Downloads/gocode/KubeGale/initialize/router.go:93	router register success
[KUBEGALE]2025-05-08 10:39:16.861	[34minfo[0m	/Users/daihao/Downloads/gocode/KubeGale/core/server.go:66	server run success on 	{"address": ":8080"}
[KUBEGALE]2025-05-08 10:46:40.934	[34minfo[0m	/Users/daihao/Downloads/gocode/KubeGale/initialize/gorm_biz.go:22	register IM tables success
[KUBEGALE]2025-05-08 10:46:40.935	[34minfo[0m	/Users/daihao/Downloads/gocode/KubeGale/initialize/gorm.go:43	register table success
[KUBEGALE]2025-05-08 10:46:40.937	[34minfo[0m	/Users/daihao/Downloads/gocode/KubeGale/initialize/redis.go:33	redis connect ping response:	{"name": "", "pong": "PONG"}
[KUBEGALE]2025-05-08 10:46:40.937	[34minfo[0m	/Users/daihao/Downloads/gocode/KubeGale/initialize/redis.go:33	redis connect ping response:	{"name": "cache", "pong": "PONG"}
[KUBEGALE]2025-05-08 10:46:40.937	[34minfo[0m	/Users/daihao/Downloads/gocode/KubeGale/core/server.go:55	initialize local cache
[KUBEGALE]2025-05-08 10:46:40.938	[34minfo[0m	/Users/daihao/Downloads/gocode/KubeGale/initialize/router.go:54	register swagger handler
[KUBEGALE]2025-05-08 10:46:40.938	[34minfo[0m	/Users/daihao/Downloads/gocode/KubeGale/initialize/router.go:93	router register success
[KUBEGALE]2025-05-08 10:46:40.938	[34minfo[0m	/Users/daihao/Downloads/gocode/KubeGale/core/server.go:66	server run success on 	{"address": ":8080"}
[KUBEGALE]2025-05-08 10:46:50.351	[34minfo[0m	/Users/daihao/Downloads/gocode/KubeGale/initialize/gorm_biz.go:22	register IM tables success
[KUBEGALE]2025-05-08 10:46:50.351	[34minfo[0m	/Users/daihao/Downloads/gocode/KubeGale/initialize/gorm.go:43	register table success
[KUBEGALE]2025-05-08 10:46:50.352	[34minfo[0m	/Users/daihao/Downloads/gocode/KubeGale/initialize/redis.go:33	redis connect ping response:	{"name": "", "pong": "PONG"}
[KUBEGALE]2025-05-08 10:46:50.353	[34minfo[0m	/Users/daihao/Downloads/gocode/KubeGale/initialize/redis.go:33	redis connect ping response:	{"name": "cache", "pong": "PONG"}
[KUBEGALE]2025-05-08 10:46:50.353	[34minfo[0m	/Users/daihao/Downloads/gocode/KubeGale/core/server.go:55	initialize local cache
[KUBEGALE]2025-05-08 10:46:50.353	[34minfo[0m	/Users/daihao/Downloads/gocode/KubeGale/initialize/router.go:54	register swagger handler
[KUBEGALE]2025-05-08 10:46:50.354	[34minfo[0m	/Users/daihao/Downloads/gocode/KubeGale/initialize/router.go:93	router register success
[KUBEGALE]2025-05-08 10:46:50.354	[34minfo[0m	/Users/daihao/Downloads/gocode/KubeGale/core/server.go:66	server run success on 	{"address": ":8080"}
[KUBEGALE]2025-05-08 10:47:11.447	[34minfo[0m	/Users/daihao/Downloads/gocode/KubeGale/initialize/gorm_biz.go:22	register IM tables success
[KUBEGALE]2025-05-08 10:47:11.448	[34minfo[0m	/Users/daihao/Downloads/gocode/KubeGale/initialize/gorm.go:43	register table success
[KUBEGALE]2025-05-08 10:47:11.449	[34minfo[0m	/Users/daihao/Downloads/gocode/KubeGale/initialize/redis.go:33	redis connect ping response:	{"name": "", "pong": "PONG"}
[KUBEGALE]2025-05-08 10:47:11.449	[34minfo[0m	/Users/daihao/Downloads/gocode/KubeGale/initialize/redis.go:33	redis connect ping response:	{"name": "cache", "pong": "PONG"}
[KUBEGALE]2025-05-08 10:47:11.449	[34minfo[0m	/Users/daihao/Downloads/gocode/KubeGale/core/server.go:55	initialize local cache
[KUBEGALE]2025-05-08 10:47:11.450	[34minfo[0m	/Users/daihao/Downloads/gocode/KubeGale/initialize/router.go:54	register swagger handler
[KUBEGALE]2025-05-08 10:47:11.450	[34minfo[0m	/Users/daihao/Downloads/gocode/KubeGale/initialize/router.go:93	router register success
[KUBEGALE]2025-05-08 10:47:11.450	[34minfo[0m	/Users/daihao/Downloads/gocode/KubeGale/core/server.go:66	server run success on 	{"address": ":8080"}
