[KUBEGALE]2025-05-29 10:54:29.887	[34minfo[0m	/Users/daihao/Downloads/gocode/KubeGale/service/cloudCmdb/cloud_region.go:298	è·å–åŒºåŸŸæ ‘å½¢ç»“æ„å®Œæˆ	{"platformCount": 3}
[KUBEGALE]2025-05-29 10:54:36.897	[34minfo[0m	/Users/daihao/Downloads/gocode/KubeGale/service/cloudCmdb/cloud_region.go:298	è·å–åŒºåŸŸæ ‘å½¢ç»“æ„å®Œæˆ	{"platformCount": 3}
[KUBEGALE]2025-05-29 10:54:39.559	[34minfo[0m	/Users/daihao/Downloads/gocode/KubeGale/service/cloudCmdb/cloud_region.go:298	è·å–åŒºåŸŸæ ‘å½¢ç»“æ„å®Œæˆ	{"platformCount": 3}
[KUBEGALE]2025-05-29 10:58:31.091	[34minfo[0m	/Users/daihao/Downloads/gocode/KubeGale/service/cloudCmdb/cloud_region.go:298	è·å–åŒºåŸŸæ ‘å½¢ç»“æ„å®Œæˆ	{"platformCount": 3}
[KUBEGALE]2025-05-29 10:58:32.173	[34minfo[0m	/Users/daihao/Downloads/gocode/KubeGale/service/cloudCmdb/cloud_region.go:298	è·å–åŒºåŸŸæ ‘å½¢ç»“æ„å®Œæˆ	{"platformCount": 3}
[KUBEGALE]2025-05-29 10:58:50.084	[34minfo[0m	/Users/daihao/Downloads/gocode/KubeGale/service/cloudCmdb/cloud_region.go:298	è·å–åŒºåŸŸæ ‘å½¢ç»“æ„å®Œæˆ	{"platformCount": 3}
[KUBEGALE]2025-05-29 10:58:54.939	[34minfo[0m	/Users/daihao/Downloads/gocode/KubeGale/service/cloudCmdb/cloud_region.go:298	è·å–åŒºåŸŸæ ‘å½¢ç»“æ„å®Œæˆ	{"platformCount": 3}
[KUBEGALE]2025-05-29 11:04:41.825	[34minfo[0m	/Users/daihao/Downloads/gocode/KubeGale/service/cloudCmdb/cloud_region.go:298	è·å–åŒºåŸŸæ ‘å½¢ç»“æ„å®Œæˆ	{"platformCount": 3}
[KUBEGALE]2025-05-29 11:06:43.415	[34minfo[0m	/Users/daihao/Downloads/gocode/KubeGale/service/cloudCmdb/cloud_region.go:298	è·å–åŒºåŸŸæ ‘å½¢ç»“æ„å®Œæˆ	{"platformCount": 3}
[KUBEGALE]2025-05-29 11:07:02.026	[34minfo[0m	/Users/daihao/Downloads/gocode/KubeGale/service/cloudCmdb/cloud_region.go:298	è·å–åŒºåŸŸæ ‘å½¢ç»“æ„å®Œæˆ	{"platformCount": 3}
[KUBEGALE]2025-05-29 11:07:03.887	[34minfo[0m	/Users/daihao/Downloads/gocode/KubeGale/service/cloudCmdb/cloud_region.go:298	è·å–åŒºåŸŸæ ‘å½¢ç»“æ„å®Œæˆ	{"platformCount": 3}
[KUBEGALE]2025-05-29 11:09:01.306	[34minfo[0m	/Users/daihao/Downloads/gocode/KubeGale/service/cloudCmdb/cloud_region.go:298	è·å–åŒºåŸŸæ ‘å½¢ç»“æ„å®Œæˆ	{"platformCount": 3}
[KUBEGALE]2025-05-29 11:09:03.910	[34minfo[0m	/Users/daihao/Downloads/gocode/KubeGale/service/cloudCmdb/cloud_region.go:298	è·å–åŒºåŸŸæ ‘å½¢ç»“æ„å®Œæˆ	{"platformCount": 3}
[KUBEGALE]2025-05-29 11:12:54.130	[34minfo[0m	/Users/daihao/Downloads/gocode/KubeGale/service/cloudCmdb/cloud_region.go:298	è·å–åŒºåŸŸæ ‘å½¢ç»“æ„å®Œæˆ	{"platformCount": 3}
[KUBEGALE]2025-05-29 11:13:35.650	[34minfo[0m	/Users/daihao/Downloads/gocode/KubeGale/service/cloudCmdb/cloud_region.go:298	è·å–åŒºåŸŸæ ‘å½¢ç»“æ„å®Œæˆ	{"platformCount": 3}
[KUBEGALE]2025-05-29 11:13:36.871	[34minfo[0m	/Users/daihao/Downloads/gocode/KubeGale/service/cloudCmdb/cloud_region.go:298	è·å–åŒºåŸŸæ ‘å½¢ç»“æ„å®Œæˆ	{"platformCount": 3}
[KUBEGALE]2025-05-29 11:14:44.301	[34minfo[0m	/Users/daihao/Downloads/gocode/KubeGale/service/cloudCmdb/cloud_region.go:298	è·å–åŒºåŸŸæ ‘å½¢ç»“æ„å®Œæˆ	{"platformCount": 3}
[KUBEGALE]2025-05-29 11:14:46.005	[34minfo[0m	/Users/daihao/Downloads/gocode/KubeGale/service/cloudCmdb/cloud_region.go:298	è·å–åŒºåŸŸæ ‘å½¢ç»“æ„å®Œæˆ	{"platformCount": 3}
[KUBEGALE]2025-05-29 11:16:27.285	[34minfo[0m	/Users/daihao/Downloads/gocode/KubeGale/service/cloudCmdb/cloud_region.go:298	è·å–åŒºåŸŸæ ‘å½¢ç»“æ„å®Œæˆ	{"platformCount": 3}
[KUBEGALE]2025-05-29 11:24:58.058	[34minfo[0m	/Users/daihao/Downloads/gocode/KubeGale/service/cloudCmdb/cloud_region.go:298	è·å–åŒºåŸŸæ ‘å½¢ç»“æ„å®Œæˆ	{"platformCount": 3}
[KUBEGALE]2025-05-29 11:27:32.404	[34minfo[0m	/Users/daihao/Downloads/gocode/KubeGale/service/cloudCmdb/cloud_region.go:298	è·å–åŒºåŸŸæ ‘å½¢ç»“æ„å®Œæˆ	{"platformCount": 3}
[KUBEGALE]2025-05-29 11:28:50.609	[34minfo[0m	/Users/daihao/Downloads/gocode/KubeGale/service/cloudCmdb/cloud_region.go:298	è·å–åŒºåŸŸæ ‘å½¢ç»“æ„å®Œæˆ	{"platformCount": 3}
[KUBEGALE]2025-05-29 11:32:18.035	[34minfo[0m	/Users/daihao/Downloads/gocode/KubeGale/service/cloudCmdb/cloud_region.go:298	è·å–åŒºåŸŸæ ‘å½¢ç»“æ„å®Œæˆ	{"platformCount": 3}
[KUBEGALE]2025-05-29 11:55:24.259	[34minfo[0m	/Users/daihao/Downloads/gocode/KubeGale/service/cloudCmdb/cloud_region.go:298	è·å–åŒºåŸŸæ ‘å½¢ç»“æ„å®Œæˆ	{"platformCount": 3}
[KUBEGALE]2025-05-29 11:55:25.838	[34minfo[0m	/Users/daihao/Downloads/gocode/KubeGale/service/cloudCmdb/cloud_region.go:298	è·å–åŒºåŸŸæ ‘å½¢ç»“æ„å®Œæˆ	{"platformCount": 3}
[KUBEGALE]2025-05-29 11:56:26.824	[34minfo[0m	/Users/daihao/Downloads/gocode/KubeGale/service/cloudCmdb/cloud_region.go:298	è·å–åŒºåŸŸæ ‘å½¢ç»“æ„å®Œæˆ	{"platformCount": 3}
[KUBEGALE]2025-05-29 11:56:28.297	[34minfo[0m	/Users/daihao/Downloads/gocode/KubeGale/service/cloudCmdb/cloud_region.go:298	è·å–åŒºåŸŸæ ‘å½¢ç»“æ„å®Œæˆ	{"platformCount": 3}
[KUBEGALE]2025-05-29 12:00:31.582	[34minfo[0m	/Users/daihao/Downloads/gocode/KubeGale/service/cloudCmdb/cloud_region.go:298	è·å–åŒºåŸŸæ ‘å½¢ç»“æ„å®Œæˆ	{"platformCount": 3}
[KUBEGALE]2025-05-29 12:14:53.574	[34minfo[0m	/Users/daihao/Downloads/gocode/KubeGale/service/cloudCmdb/cloud_region.go:298	è·å–åŒºåŸŸæ ‘å½¢ç»“æ„å®Œæˆ	{"platformCount": 3}
[KUBEGALE]2025-05-29 12:15:33.333	[34minfo[0m	/Users/daihao/Downloads/gocode/KubeGale/service/cloudCmdb/cloud_region.go:298	è·å–åŒºåŸŸæ ‘å½¢ç»“æ„å®Œæˆ	{"platformCount": 3}
[KUBEGALE]2025-05-29 14:35:55.489	[34minfo[0m	/Users/daihao/Downloads/gocode/KubeGale/initialize/gorm_biz.go:37	register  tables success
[KUBEGALE]2025-05-29 14:35:55.489	[34minfo[0m	/Users/daihao/Downloads/gocode/KubeGale/initialize/gorm.go:43	register table success
[KUBEGALE]2025-05-29 14:35:55.496	[34minfo[0m	/Users/daihao/Downloads/gocode/KubeGale/initialize/redis.go:33	redis connect ping response:	{"name": "", "pong": "PONG"}
[KUBEGALE]2025-05-29 14:35:55.497	[34minfo[0m	/Users/daihao/Downloads/gocode/KubeGale/initialize/redis.go:33	redis connect ping response:	{"name": "cache", "pong": "PONG"}
[KUBEGALE]2025-05-29 14:35:55.498	[34minfo[0m	/Users/daihao/Downloads/gocode/KubeGale/core/server.go:55	initialize local cache
[KUBEGALE]2025-05-29 14:35:55.499	[34minfo[0m	/Users/daihao/Downloads/gocode/KubeGale/initialize/router.go:54	register swagger handler
[KUBEGALE]2025-05-29 14:35:55.500	[34minfo[0m	/Users/daihao/Downloads/gocode/KubeGale/initialize/router.go:93	router register success
[KUBEGALE]2025-05-29 14:35:55.500	[34minfo[0m	/Users/daihao/Downloads/gocode/KubeGale/core/server.go:66	server run success on 	{"address": ":8080"}
[KUBEGALE]2025-05-29 15:01:35.969	[34minfo[0m	/Users/daihao/Downloads/gocode/KubeGale/initialize/gorm_biz.go:37	register  tables success
[KUBEGALE]2025-05-29 15:01:35.969	[34minfo[0m	/Users/daihao/Downloads/gocode/KubeGale/initialize/gorm.go:43	register table success
[KUBEGALE]2025-05-29 15:01:35.975	[34minfo[0m	/Users/daihao/Downloads/gocode/KubeGale/initialize/redis.go:33	redis connect ping response:	{"name": "", "pong": "PONG"}
[KUBEGALE]2025-05-29 15:01:35.976	[34minfo[0m	/Users/daihao/Downloads/gocode/KubeGale/initialize/redis.go:33	redis connect ping response:	{"name": "cache", "pong": "PONG"}
[KUBEGALE]2025-05-29 15:01:35.976	[34minfo[0m	/Users/daihao/Downloads/gocode/KubeGale/core/server.go:55	initialize local cache
[KUBEGALE]2025-05-29 15:01:35.977	[34minfo[0m	/Users/daihao/Downloads/gocode/KubeGale/initialize/router.go:54	register swagger handler
[KUBEGALE]2025-05-29 15:01:35.977	[34minfo[0m	/Users/daihao/Downloads/gocode/KubeGale/initialize/router.go:93	router register success
[KUBEGALE]2025-05-29 15:01:35.977	[34minfo[0m	/Users/daihao/Downloads/gocode/KubeGale/core/server.go:66	server run success on 	{"address": ":8080"}
[KUBEGALE]2025-05-29 15:08:07.684	[34minfo[0m	/Users/daihao/Downloads/gocode/KubeGale/initialize/gorm_biz.go:37	register  tables success
[KUBEGALE]2025-05-29 15:08:07.684	[34minfo[0m	/Users/daihao/Downloads/gocode/KubeGale/initialize/gorm.go:43	register table success
[KUBEGALE]2025-05-29 15:08:07.688	[34minfo[0m	/Users/daihao/Downloads/gocode/KubeGale/initialize/redis.go:33	redis connect ping response:	{"name": "", "pong": "PONG"}
[KUBEGALE]2025-05-29 15:08:07.689	[34minfo[0m	/Users/daihao/Downloads/gocode/KubeGale/initialize/redis.go:33	redis connect ping response:	{"name": "cache", "pong": "PONG"}
[KUBEGALE]2025-05-29 15:08:07.689	[34minfo[0m	/Users/daihao/Downloads/gocode/KubeGale/core/server.go:55	initialize local cache
[KUBEGALE]2025-05-29 15:08:07.690	[34minfo[0m	/Users/daihao/Downloads/gocode/KubeGale/initialize/router.go:54	register swagger handler
[KUBEGALE]2025-05-29 15:08:07.690	[34minfo[0m	/Users/daihao/Downloads/gocode/KubeGale/initialize/router.go:93	router register success
[KUBEGALE]2025-05-29 15:08:07.690	[34minfo[0m	/Users/daihao/Downloads/gocode/KubeGale/core/server.go:66	server run success on 	{"address": ":8080"}
[KUBEGALE]2025-05-29 15:19:03.046	[34minfo[0m	/Users/daihao/Downloads/gocode/KubeGale/initialize/gorm_biz.go:37	register  tables success
[KUBEGALE]2025-05-29 15:19:03.047	[34minfo[0m	/Users/daihao/Downloads/gocode/KubeGale/initialize/gorm.go:43	register table success
[KUBEGALE]2025-05-29 15:19:03.053	[34minfo[0m	/Users/daihao/Downloads/gocode/KubeGale/initialize/redis.go:33	redis connect ping response:	{"name": "", "pong": "PONG"}
[KUBEGALE]2025-05-29 15:19:03.055	[34minfo[0m	/Users/daihao/Downloads/gocode/KubeGale/initialize/redis.go:33	redis connect ping response:	{"name": "cache", "pong": "PONG"}
[KUBEGALE]2025-05-29 15:19:03.055	[34minfo[0m	/Users/daihao/Downloads/gocode/KubeGale/core/server.go:55	initialize local cache
[KUBEGALE]2025-05-29 15:19:03.057	[34minfo[0m	/Users/daihao/Downloads/gocode/KubeGale/initialize/router.go:54	register swagger handler
[KUBEGALE]2025-05-29 15:19:03.057	[34minfo[0m	/Users/daihao/Downloads/gocode/KubeGale/initialize/router.go:93	router register success
[KUBEGALE]2025-05-29 15:19:03.057	[34minfo[0m	/Users/daihao/Downloads/gocode/KubeGale/core/server.go:66	server run success on 	{"address": ":8080"}
[KUBEGALE]2025-05-29 15:50:23.672	[34minfo[0m	/Users/daihao/Downloads/gocode/KubeGale/initialize/gorm_biz.go:37	register  tables success
[KUBEGALE]2025-05-29 15:50:23.673	[34minfo[0m	/Users/daihao/Downloads/gocode/KubeGale/initialize/gorm.go:43	register table success
[KUBEGALE]2025-05-29 15:50:23.677	[34minfo[0m	/Users/daihao/Downloads/gocode/KubeGale/initialize/redis.go:33	redis connect ping response:	{"name": "", "pong": "PONG"}
[KUBEGALE]2025-05-29 15:50:23.678	[34minfo[0m	/Users/daihao/Downloads/gocode/KubeGale/initialize/redis.go:33	redis connect ping response:	{"name": "cache", "pong": "PONG"}
[KUBEGALE]2025-05-29 15:50:23.678	[34minfo[0m	/Users/daihao/Downloads/gocode/KubeGale/core/server.go:55	initialize local cache
[KUBEGALE]2025-05-29 15:50:23.680	[34minfo[0m	/Users/daihao/Downloads/gocode/KubeGale/initialize/router.go:54	register swagger handler
[KUBEGALE]2025-05-29 15:50:23.681	[34minfo[0m	/Users/daihao/Downloads/gocode/KubeGale/initialize/router.go:93	router register success
[KUBEGALE]2025-05-29 15:50:23.681	[34minfo[0m	/Users/daihao/Downloads/gocode/KubeGale/core/server.go:66	server run success on 	{"address": ":8080"}
[KUBEGALE]2025-05-29 15:56:16.968	[34minfo[0m	/Users/daihao/Downloads/gocode/KubeGale/initialize/gorm_biz.go:37	register  tables success
[KUBEGALE]2025-05-29 15:56:16.969	[34minfo[0m	/Users/daihao/Downloads/gocode/KubeGale/initialize/gorm.go:43	register table success
[KUBEGALE]2025-05-29 15:56:16.972	[34minfo[0m	/Users/daihao/Downloads/gocode/KubeGale/initialize/redis.go:33	redis connect ping response:	{"name": "", "pong": "PONG"}
[KUBEGALE]2025-05-29 15:56:16.973	[34minfo[0m	/Users/daihao/Downloads/gocode/KubeGale/initialize/redis.go:33	redis connect ping response:	{"name": "cache", "pong": "PONG"}
[KUBEGALE]2025-05-29 15:56:16.973	[34minfo[0m	/Users/daihao/Downloads/gocode/KubeGale/core/server.go:55	initialize local cache
[KUBEGALE]2025-05-29 15:56:16.975	[34minfo[0m	/Users/daihao/Downloads/gocode/KubeGale/initialize/router.go:54	register swagger handler
[KUBEGALE]2025-05-29 15:56:16.976	[34minfo[0m	/Users/daihao/Downloads/gocode/KubeGale/initialize/router.go:93	router register success
[KUBEGALE]2025-05-29 15:56:16.976	[34minfo[0m	/Users/daihao/Downloads/gocode/KubeGale/core/server.go:66	server run success on 	{"address": ":8080"}
[KUBEGALE]2025-05-29 17:20:56.094	[34minfo[0m	/Users/daihao/Downloads/gocode/KubeGale/initialize/gorm_biz.go:37	register  tables success
[KUBEGALE]2025-05-29 17:20:56.095	[34minfo[0m	/Users/daihao/Downloads/gocode/KubeGale/initialize/gorm.go:43	register table success
[KUBEGALE]2025-05-29 17:20:56.100	[34minfo[0m	/Users/daihao/Downloads/gocode/KubeGale/initialize/redis.go:33	redis connect ping response:	{"name": "", "pong": "PONG"}
[KUBEGALE]2025-05-29 17:20:56.101	[34minfo[0m	/Users/daihao/Downloads/gocode/KubeGale/initialize/redis.go:33	redis connect ping response:	{"name": "cache", "pong": "PONG"}
[KUBEGALE]2025-05-29 17:20:56.101	[34minfo[0m	/Users/daihao/Downloads/gocode/KubeGale/core/server.go:55	initialize local cache
[KUBEGALE]2025-05-29 17:20:56.104	[34minfo[0m	/Users/daihao/Downloads/gocode/KubeGale/initialize/router.go:54	register swagger handler
[KUBEGALE]2025-05-29 17:20:56.105	[34minfo[0m	/Users/daihao/Downloads/gocode/KubeGale/initialize/router.go:93	router register success
[KUBEGALE]2025-05-29 17:20:56.105	[34minfo[0m	/Users/daihao/Downloads/gocode/KubeGale/core/server.go:66	server run success on 	{"address": ":8080"}
[KUBEGALE]2025-05-29 17:22:21.736	[34minfo[0m	/Users/daihao/Downloads/gocode/KubeGale/initialize/gorm_biz.go:37	register  tables success
[KUBEGALE]2025-05-29 17:22:21.737	[34minfo[0m	/Users/daihao/Downloads/gocode/KubeGale/initialize/gorm.go:43	register table success
[KUBEGALE]2025-05-29 17:22:21.739	[34minfo[0m	/Users/daihao/Downloads/gocode/KubeGale/initialize/redis.go:33	redis connect ping response:	{"name": "", "pong": "PONG"}
[KUBEGALE]2025-05-29 17:22:21.739	[34minfo[0m	/Users/daihao/Downloads/gocode/KubeGale/initialize/redis.go:33	redis connect ping response:	{"name": "cache", "pong": "PONG"}
[KUBEGALE]2025-05-29 17:22:21.739	[34minfo[0m	/Users/daihao/Downloads/gocode/KubeGale/core/server.go:55	initialize local cache
[KUBEGALE]2025-05-29 17:22:21.740	[34minfo[0m	/Users/daihao/Downloads/gocode/KubeGale/initialize/router.go:54	register swagger handler
[KUBEGALE]2025-05-29 17:22:21.740	[34minfo[0m	/Users/daihao/Downloads/gocode/KubeGale/initialize/router.go:93	router register success
[KUBEGALE]2025-05-29 17:22:21.740	[34minfo[0m	/Users/daihao/Downloads/gocode/KubeGale/core/server.go:66	server run success on 	{"address": ":8080"}
[KUBEGALE]2025-05-29 17:23:49.486	[34minfo[0m	/Users/daihao/Downloads/gocode/KubeGale/initialize/gorm_biz.go:37	register  tables success
[KUBEGALE]2025-05-29 17:23:49.487	[34minfo[0m	/Users/daihao/Downloads/gocode/KubeGale/initialize/gorm.go:43	register table success
[KUBEGALE]2025-05-29 17:23:49.489	[34minfo[0m	/Users/daihao/Downloads/gocode/KubeGale/initialize/redis.go:33	redis connect ping response:	{"name": "", "pong": "PONG"}
[KUBEGALE]2025-05-29 17:23:49.491	[34minfo[0m	/Users/daihao/Downloads/gocode/KubeGale/initialize/redis.go:33	redis connect ping response:	{"name": "cache", "pong": "PONG"}
[KUBEGALE]2025-05-29 17:23:49.491	[34minfo[0m	/Users/daihao/Downloads/gocode/KubeGale/core/server.go:55	initialize local cache
[KUBEGALE]2025-05-29 17:23:49.491	[34minfo[0m	/Users/daihao/Downloads/gocode/KubeGale/initialize/router.go:54	register swagger handler
[KUBEGALE]2025-05-29 17:23:49.492	[34minfo[0m	/Users/daihao/Downloads/gocode/KubeGale/initialize/router.go:93	router register success
[KUBEGALE]2025-05-29 17:23:49.492	[34minfo[0m	/Users/daihao/Downloads/gocode/KubeGale/core/server.go:66	server run success on 	{"address": ":8080"}
[KUBEGALE]2025-05-29 17:24:29.424	[34minfo[0m	/Users/daihao/Downloads/gocode/KubeGale/initialize/gorm_biz.go:37	register  tables success
[KUBEGALE]2025-05-29 17:24:29.424	[34minfo[0m	/Users/daihao/Downloads/gocode/KubeGale/initialize/gorm.go:43	register table success
[KUBEGALE]2025-05-29 17:24:29.426	[34minfo[0m	/Users/daihao/Downloads/gocode/KubeGale/initialize/redis.go:33	redis connect ping response:	{"name": "", "pong": "PONG"}
[KUBEGALE]2025-05-29 17:24:29.426	[34minfo[0m	/Users/daihao/Downloads/gocode/KubeGale/initialize/redis.go:33	redis connect ping response:	{"name": "cache", "pong": "PONG"}
[KUBEGALE]2025-05-29 17:24:29.427	[34minfo[0m	/Users/daihao/Downloads/gocode/KubeGale/core/server.go:55	initialize local cache
[KUBEGALE]2025-05-29 17:24:29.427	[34minfo[0m	/Users/daihao/Downloads/gocode/KubeGale/initialize/router.go:54	register swagger handler
[KUBEGALE]2025-05-29 17:24:29.428	[34minfo[0m	/Users/daihao/Downloads/gocode/KubeGale/initialize/router.go:93	router register success
[KUBEGALE]2025-05-29 17:24:29.428	[34minfo[0m	/Users/daihao/Downloads/gocode/KubeGale/core/server.go:66	server run success on 	{"address": ":8080"}
[KUBEGALE]2025-05-29 17:27:06.087	[34minfo[0m	/Users/daihao/Downloads/gocode/KubeGale/initialize/gorm_biz.go:37	register  tables success
[KUBEGALE]2025-05-29 17:27:06.087	[34minfo[0m	/Users/daihao/Downloads/gocode/KubeGale/initialize/gorm.go:43	register table success
[KUBEGALE]2025-05-29 17:27:06.090	[34minfo[0m	/Users/daihao/Downloads/gocode/KubeGale/initialize/redis.go:33	redis connect ping response:	{"name": "", "pong": "PONG"}
[KUBEGALE]2025-05-29 17:27:06.091	[34minfo[0m	/Users/daihao/Downloads/gocode/KubeGale/initialize/redis.go:33	redis connect ping response:	{"name": "cache", "pong": "PONG"}
[KUBEGALE]2025-05-29 17:27:06.091	[34minfo[0m	/Users/daihao/Downloads/gocode/KubeGale/core/server.go:55	initialize local cache
[KUBEGALE]2025-05-29 17:27:06.091	[34minfo[0m	/Users/daihao/Downloads/gocode/KubeGale/initialize/router.go:54	register swagger handler
[KUBEGALE]2025-05-29 17:27:06.092	[34minfo[0m	/Users/daihao/Downloads/gocode/KubeGale/initialize/router.go:93	router register success
[KUBEGALE]2025-05-29 17:27:06.092	[34minfo[0m	/Users/daihao/Downloads/gocode/KubeGale/core/server.go:66	server run success on 	{"address": ":8080"}
[KUBEGALE]2025-05-29 17:56:16.128	[34minfo[0m	/Users/daihao/Downloads/gocode/KubeGale/initialize/gorm_biz.go:37	register  tables success
[KUBEGALE]2025-05-29 17:56:16.129	[34minfo[0m	/Users/daihao/Downloads/gocode/KubeGale/initialize/gorm.go:43	register table success
[KUBEGALE]2025-05-29 17:56:16.168	[34minfo[0m	/Users/daihao/Downloads/gocode/KubeGale/initialize/redis.go:33	redis connect ping response:	{"name": "", "pong": "PONG"}
[KUBEGALE]2025-05-29 17:56:16.170	[34minfo[0m	/Users/daihao/Downloads/gocode/KubeGale/initialize/redis.go:33	redis connect ping response:	{"name": "cache", "pong": "PONG"}
[KUBEGALE]2025-05-29 17:56:16.170	[34minfo[0m	/Users/daihao/Downloads/gocode/KubeGale/core/server.go:55	initialize local cache
[KUBEGALE]2025-05-29 17:56:16.172	[34minfo[0m	/Users/daihao/Downloads/gocode/KubeGale/initialize/router.go:54	register swagger handler
[KUBEGALE]2025-05-29 17:56:16.173	[34minfo[0m	/Users/daihao/Downloads/gocode/KubeGale/initialize/router.go:93	router register success
[KUBEGALE]2025-05-29 17:56:16.173	[34minfo[0m	/Users/daihao/Downloads/gocode/KubeGale/core/server.go:66	server run success on 	{"address": ":8080"}
[KUBEGALE]2025-05-29 17:59:06.526	[34minfo[0m	/Users/daihao/Downloads/gocode/KubeGale/initialize/gorm_biz.go:37	register  tables success
[KUBEGALE]2025-05-29 17:59:06.526	[34minfo[0m	/Users/daihao/Downloads/gocode/KubeGale/initialize/gorm.go:43	register table success
[KUBEGALE]2025-05-29 17:59:06.531	[34minfo[0m	/Users/daihao/Downloads/gocode/KubeGale/initialize/redis.go:33	redis connect ping response:	{"name": "", "pong": "PONG"}
[KUBEGALE]2025-05-29 17:59:06.532	[34minfo[0m	/Users/daihao/Downloads/gocode/KubeGale/initialize/redis.go:33	redis connect ping response:	{"name": "cache", "pong": "PONG"}
[KUBEGALE]2025-05-29 17:59:06.532	[34minfo[0m	/Users/daihao/Downloads/gocode/KubeGale/core/server.go:55	initialize local cache
[KUBEGALE]2025-05-29 17:59:06.534	[34minfo[0m	/Users/daihao/Downloads/gocode/KubeGale/initialize/router.go:54	register swagger handler
[KUBEGALE]2025-05-29 17:59:06.536	[34minfo[0m	/Users/daihao/Downloads/gocode/KubeGale/initialize/router.go:93	router register success
[KUBEGALE]2025-05-29 17:59:06.536	[34minfo[0m	/Users/daihao/Downloads/gocode/KubeGale/core/server.go:66	server run success on 	{"address": ":8080"}
[KUBEGALE]2025-05-29 18:12:08.290	[34minfo[0m	/Users/daihao/Downloads/gocode/KubeGale/service/cloudCmdb/cloud_region.go:298	è·å–åŒºåŸŸæ ‘å½¢ç»“æ„å®Œæˆ	{"platformCount": 3}
[KUBEGALE]2025-05-29 19:03:42.861	[34minfo[0m	/Users/daihao/Downloads/gocode/KubeGale/initialize/gorm_biz.go:37	register  tables success
[KUBEGALE]2025-05-29 19:03:42.861	[34minfo[0m	/Users/daihao/Downloads/gocode/KubeGale/initialize/gorm.go:43	register table success
[KUBEGALE]2025-05-29 19:03:42.865	[34minfo[0m	/Users/daihao/Downloads/gocode/KubeGale/initialize/redis.go:33	redis connect ping response:	{"name": "", "pong": "PONG"}
[KUBEGALE]2025-05-29 19:03:42.866	[34minfo[0m	/Users/daihao/Downloads/gocode/KubeGale/initialize/redis.go:33	redis connect ping response:	{"name": "cache", "pong": "PONG"}
[KUBEGALE]2025-05-29 19:03:42.866	[34minfo[0m	/Users/daihao/Downloads/gocode/KubeGale/core/server.go:55	initialize local cache
[KUBEGALE]2025-05-29 19:03:42.867	[34minfo[0m	/Users/daihao/Downloads/gocode/KubeGale/initialize/router.go:54	register swagger handler
[KUBEGALE]2025-05-29 19:03:42.868	[34minfo[0m	/Users/daihao/Downloads/gocode/KubeGale/initialize/router.go:93	router register success
[KUBEGALE]2025-05-29 19:03:42.868	[34minfo[0m	/Users/daihao/Downloads/gocode/KubeGale/core/server.go:66	server run success on 	{"address": ":8080"}
[KUBEGALE]2025-05-29 19:06:45.583	[34minfo[0m	/Users/daihao/Downloads/gocode/KubeGale/initialize/gorm_biz.go:37	register  tables success
[KUBEGALE]2025-05-29 19:06:45.583	[34minfo[0m	/Users/daihao/Downloads/gocode/KubeGale/initialize/gorm.go:43	register table success
[KUBEGALE]2025-05-29 19:06:45.588	[34minfo[0m	/Users/daihao/Downloads/gocode/KubeGale/initialize/redis.go:33	redis connect ping response:	{"name": "", "pong": "PONG"}
[KUBEGALE]2025-05-29 19:06:45.589	[34minfo[0m	/Users/daihao/Downloads/gocode/KubeGale/initialize/redis.go:33	redis connect ping response:	{"name": "cache", "pong": "PONG"}
[KUBEGALE]2025-05-29 19:06:45.589	[34minfo[0m	/Users/daihao/Downloads/gocode/KubeGale/core/server.go:55	initialize local cache
[KUBEGALE]2025-05-29 19:06:45.592	[34minfo[0m	/Users/daihao/Downloads/gocode/KubeGale/initialize/router.go:54	register swagger handler
[KUBEGALE]2025-05-29 19:06:45.592	[34minfo[0m	/Users/daihao/Downloads/gocode/KubeGale/initialize/router.go:93	router register success
[KUBEGALE]2025-05-29 19:06:45.592	[34minfo[0m	/Users/daihao/Downloads/gocode/KubeGale/core/server.go:66	server run success on 	{"address": ":8080"}
[KUBEGALE]2025-05-29 19:08:46.139	[34minfo[0m	/Users/daihao/Downloads/gocode/KubeGale/initialize/gorm_biz.go:37	register  tables success
[KUBEGALE]2025-05-29 19:08:46.139	[34minfo[0m	/Users/daihao/Downloads/gocode/KubeGale/initialize/gorm.go:43	register table success
[KUBEGALE]2025-05-29 19:08:46.141	[34minfo[0m	/Users/daihao/Downloads/gocode/KubeGale/initialize/redis.go:33	redis connect ping response:	{"name": "", "pong": "PONG"}
[KUBEGALE]2025-05-29 19:08:46.142	[34minfo[0m	/Users/daihao/Downloads/gocode/KubeGale/initialize/redis.go:33	redis connect ping response:	{"name": "cache", "pong": "PONG"}
[KUBEGALE]2025-05-29 19:08:46.142	[34minfo[0m	/Users/daihao/Downloads/gocode/KubeGale/core/server.go:55	initialize local cache
[KUBEGALE]2025-05-29 19:08:46.142	[34minfo[0m	/Users/daihao/Downloads/gocode/KubeGale/initialize/router.go:54	register swagger handler
[KUBEGALE]2025-05-29 19:08:46.142	[34minfo[0m	/Users/daihao/Downloads/gocode/KubeGale/initialize/router.go:93	router register success
[KUBEGALE]2025-05-29 19:08:46.142	[34minfo[0m	/Users/daihao/Downloads/gocode/KubeGale/core/server.go:66	server run success on 	{"address": ":8080"}
[KUBEGALE]2025-05-29 19:12:08.825	[34minfo[0m	/Users/daihao/Downloads/gocode/KubeGale/initialize/gorm_biz.go:37	register  tables success
[KUBEGALE]2025-05-29 19:12:08.826	[34minfo[0m	/Users/daihao/Downloads/gocode/KubeGale/initialize/gorm.go:43	register table success
[KUBEGALE]2025-05-29 19:12:08.828	[34minfo[0m	/Users/daihao/Downloads/gocode/KubeGale/initialize/redis.go:33	redis connect ping response:	{"name": "", "pong": "PONG"}
[KUBEGALE]2025-05-29 19:12:08.829	[34minfo[0m	/Users/daihao/Downloads/gocode/KubeGale/initialize/redis.go:33	redis connect ping response:	{"name": "cache", "pong": "PONG"}
[KUBEGALE]2025-05-29 19:12:08.829	[34minfo[0m	/Users/daihao/Downloads/gocode/KubeGale/core/server.go:55	initialize local cache
[KUBEGALE]2025-05-29 19:12:08.829	[34minfo[0m	/Users/daihao/Downloads/gocode/KubeGale/initialize/router.go:54	register swagger handler
[KUBEGALE]2025-05-29 19:12:08.830	[34minfo[0m	/Users/daihao/Downloads/gocode/KubeGale/initialize/router.go:93	router register success
[KUBEGALE]2025-05-29 19:12:08.830	[34minfo[0m	/Users/daihao/Downloads/gocode/KubeGale/core/server.go:66	server run success on 	{"address": ":8080"}
[KUBEGALE]2025-05-29 19:15:38.069	[34minfo[0m	/Users/daihao/Downloads/gocode/KubeGale/initialize/gorm_biz.go:37	register  tables success
[KUBEGALE]2025-05-29 19:15:38.070	[34minfo[0m	/Users/daihao/Downloads/gocode/KubeGale/initialize/gorm.go:43	register table success
[KUBEGALE]2025-05-29 19:15:38.076	[34minfo[0m	/Users/daihao/Downloads/gocode/KubeGale/initialize/redis.go:33	redis connect ping response:	{"name": "", "pong": "PONG"}
[KUBEGALE]2025-05-29 19:15:38.077	[34minfo[0m	/Users/daihao/Downloads/gocode/KubeGale/initialize/redis.go:33	redis connect ping response:	{"name": "cache", "pong": "PONG"}
[KUBEGALE]2025-05-29 19:15:38.078	[34minfo[0m	/Users/daihao/Downloads/gocode/KubeGale/core/server.go:55	initialize local cache
[KUBEGALE]2025-05-29 19:15:38.078	[34minfo[0m	/Users/daihao/Downloads/gocode/KubeGale/initialize/router.go:54	register swagger handler
[KUBEGALE]2025-05-29 19:15:38.079	[34minfo[0m	/Users/daihao/Downloads/gocode/KubeGale/initialize/router.go:93	router register success
[KUBEGALE]2025-05-29 19:15:38.079	[34minfo[0m	/Users/daihao/Downloads/gocode/KubeGale/core/server.go:66	server run success on 	{"address": ":8080"}
