[KUBEGALE]2025-05-28 10:23:58.450	[31merror[0m	/Users/daihao/Downloads/gocode/KubeGale/api/v1/system/sys_user.go:259	ä¿®æ”¹å¤±è´¥!	{"error": "empty slice found"}
[KUBEGALE]2025-05-28 10:24:02.458	[31merror[0m	/Users/daihao/Downloads/gocode/KubeGale/api/v1/system/sys_user.go:259	ä¿®æ”¹å¤±è´¥!	{"error": "empty slice found"}
[KUBEGALE]2025-05-28 10:52:39.359	[31merror[0m	/Users/daihao/Downloads/gocode/KubeGale/core/server.go:68	accept tcp [::]:8080: use of closed network connection
[KUBEGALE]2025-05-28 11:07:06.413	[31merror[0m	/Users/daihao/Downloads/gocode/KubeGale/core/server.go:68	accept tcp [::]:8080: use of closed network connection
[KUBEGALE]2025-05-28 11:24:35.297	[31merror[0m	/Users/daihao/Downloads/gocode/KubeGale/core/server.go:68	accept tcp [::]:8080: use of closed network connection
[KUBEGALE]2025-05-28 11:28:00.280	[31merror[0m	/Users/daihao/Downloads/gocode/KubeGale/core/server.go:68	accept tcp [::]:8080: use of closed network connection
[KUBEGALE]2025-05-28 11:32:31.851	[31merror[0m	/Users/daihao/Downloads/gocode/KubeGale/core/server.go:68	accept tcp [::]:8080: use of closed network connection
[KUBEGALE]2025-05-28 11:49:13.371	[31merror[0m	/Users/daihao/Downloads/gocode/KubeGale/core/server.go:68	accept tcp [::]:8080: use of closed network connection
[KUBEGALE]2025-05-28 12:03:23.010	[31merror[0m	/Users/daihao/Downloads/gocode/KubeGale/core/server.go:68	accept tcp [::]:8080: use of closed network connection
[KUBEGALE]2025-05-28 12:06:08.995	[31merror[0m	/Users/daihao/Downloads/gocode/KubeGale/core/server.go:68	accept tcp [::]:8080: use of closed network connection
[KUBEGALE]2025-05-28 14:05:18.718	[31merror[0m	/Users/daihao/Downloads/gocode/KubeGale/core/server.go:68	accept tcp [::]:8080: use of closed network connection
[KUBEGALE]2025-05-28 14:05:29.919	[31merror[0m	/Users/daihao/Downloads/gocode/KubeGale/api/v1/cmdb/cmdb_hosts.go:223	WebSocketå‡çº§å¤±è´¥	{"error": "websocket: the client is not using the websocket protocol: 'upgrade' token not found in 'Connection' header"}
[KUBEGALE]2025-05-28 14:06:29.799	[31merror[0m	/Users/daihao/Downloads/gocode/KubeGale/core/server.go:68	accept tcp [::]:8080: use of closed network connection
[KUBEGALE]2025-05-28 14:06:40.936	[31merror[0m	/Users/daihao/Downloads/gocode/KubeGale/api/v1/cmdb/cmdb_hosts.go:224	WebSocketå‡çº§å¤±è´¥	{"error": "websocket: the client is not using the websocket protocol: 'upgrade' token not found in 'Connection' header"}
[KUBEGALE]2025-05-28 14:15:58.821	[31merror[0m	/Users/daihao/Downloads/gocode/KubeGale/api/v1/cmdb/cmdb_hosts.go:224	WebSocketå‡çº§å¤±è´¥	{"error": "websocket: the client is not using the websocket protocol: 'upgrade' token not found in 'Connection' header"}
[KUBEGALE]2025-05-28 14:16:22.019	[31merror[0m	/Users/daihao/Downloads/gocode/KubeGale/core/server.go:68	accept tcp [::]:8080: use of closed network connection
[KUBEGALE]2025-05-28 14:17:56.272	[31merror[0m	/Users/daihao/Downloads/gocode/KubeGale/api/v1/cmdb/cmdb_hosts.go:224	WebSocketå‡çº§å¤±è´¥	{"error": "websocket: the client is not using the websocket protocol: 'upgrade' token not found in 'Connection' header"}
[KUBEGALE]2025-05-28 14:24:39.560	[31merror[0m	/Users/daihao/Downloads/gocode/KubeGale/api/v1/cmdb/cmdb_hosts.go:224	WebSocketå‡çº§å¤±è´¥	{"error": "websocket: the client is not using the websocket protocol: 'upgrade' token not found in 'Connection' header"}
[KUBEGALE]2025-05-28 14:24:40.286	[31merror[0m	/Users/daihao/Downloads/gocode/KubeGale/api/v1/cmdb/cmdb_hosts.go:224	WebSocketå‡çº§å¤±è´¥	{"error": "websocket: the client is not using the websocket protocol: 'upgrade' token not found in 'Connection' header"}
[KUBEGALE]2025-05-28 14:24:40.809	[31merror[0m	/Users/daihao/Downloads/gocode/KubeGale/api/v1/cmdb/cmdb_hosts.go:224	WebSocketå‡çº§å¤±è´¥	{"error": "websocket: the client is not using the websocket protocol: 'upgrade' token not found in 'Connection' header"}
[KUBEGALE]2025-05-28 14:33:21.973	[31merror[0m	/Users/daihao/Downloads/gocode/KubeGale/utils/claims.go:48	é‡æ–°å†™å…¥cookie tokenå¤±è´¥,æœªèƒ½æˆåŠŸè§£ætoken,è¯·æ£€æŸ¥è¯·æ±‚å¤´æ˜¯å¦å­˜åœ¨x-tokenä¸”claimsæ˜¯å¦ä¸ºè§„å®šç»“æ„
[KUBEGALE]2025-05-28 14:38:22.600	[31merror[0m	/Users/daihao/Downloads/gocode/KubeGale/utils/claims.go:48	é‡æ–°å†™å…¥cookie tokenå¤±è´¥,æœªèƒ½æˆåŠŸè§£ætoken,è¯·æ£€æŸ¥è¯·æ±‚å¤´æ˜¯å¦å­˜åœ¨x-tokenä¸”claimsæ˜¯å¦ä¸ºè§„å®šç»“æ„
[KUBEGALE]2025-05-28 14:38:34.735	[31merror[0m	/Users/daihao/Downloads/gocode/KubeGale/utils/claims.go:48	é‡æ–°å†™å…¥cookie tokenå¤±è´¥,æœªèƒ½æˆåŠŸè§£ætoken,è¯·æ£€æŸ¥è¯·æ±‚å¤´æ˜¯å¦å­˜åœ¨x-tokenä¸”claimsæ˜¯å¦ä¸ºè§„å®šç»“æ„
[KUBEGALE]2025-05-28 14:49:59.032	[31merror[0m	/Users/daihao/Downloads/gocode/KubeGale/utils/claims.go:48	é‡æ–°å†™å…¥cookie tokenå¤±è´¥,æœªèƒ½æˆåŠŸè§£ætoken,è¯·æ£€æŸ¥è¯·æ±‚å¤´æ˜¯å¦å­˜åœ¨x-tokenä¸”claimsæ˜¯å¦ä¸ºè§„å®šç»“æ„
[KUBEGALE]2025-05-28 14:50:07.473	[31merror[0m	/Users/daihao/Downloads/gocode/KubeGale/utils/claims.go:48	é‡æ–°å†™å…¥cookie tokenå¤±è´¥,æœªèƒ½æˆåŠŸè§£ætoken,è¯·æ£€æŸ¥è¯·æ±‚å¤´æ˜¯å¦å­˜åœ¨x-tokenä¸”claimsæ˜¯å¦ä¸ºè§„å®šç»“æ„
[KUBEGALE]2025-05-28 14:50:32.674	[31merror[0m	/Users/daihao/Downloads/gocode/KubeGale/utils/claims.go:48	é‡æ–°å†™å…¥cookie tokenå¤±è´¥,æœªèƒ½æˆåŠŸè§£ætoken,è¯·æ£€æŸ¥è¯·æ±‚å¤´æ˜¯å¦å­˜åœ¨x-tokenä¸”claimsæ˜¯å¦ä¸ºè§„å®šç»“æ„
[KUBEGALE]2025-05-28 14:50:39.482	[31merror[0m	/Users/daihao/Downloads/gocode/KubeGale/utils/claims.go:48	é‡æ–°å†™å…¥cookie tokenå¤±è´¥,æœªèƒ½æˆåŠŸè§£ætoken,è¯·æ£€æŸ¥è¯·æ±‚å¤´æ˜¯å¦å­˜åœ¨x-tokenä¸”claimsæ˜¯å¦ä¸ºè§„å®šç»“æ„
[KUBEGALE]2025-05-28 14:50:56.307	[31merror[0m	/Users/daihao/Downloads/gocode/KubeGale/utils/claims.go:48	é‡æ–°å†™å…¥cookie tokenå¤±è´¥,æœªèƒ½æˆåŠŸè§£ætoken,è¯·æ£€æŸ¥è¯·æ±‚å¤´æ˜¯å¦å­˜åœ¨x-tokenä¸”claimsæ˜¯å¦ä¸ºè§„å®šç»“æ„
[KUBEGALE]2025-05-28 14:51:08.040	[31merror[0m	/Users/daihao/Downloads/gocode/KubeGale/core/server.go:68	accept tcp [::]:8080: use of closed network connection
[KUBEGALE]2025-05-28 14:51:34.691	[31merror[0m	/Users/daihao/Downloads/gocode/KubeGale/utils/claims.go:48	é‡æ–°å†™å…¥cookie tokenå¤±è´¥,æœªèƒ½æˆåŠŸè§£ætoken,è¯·æ£€æŸ¥è¯·æ±‚å¤´æ˜¯å¦å­˜åœ¨x-tokenä¸”claimsæ˜¯å¦ä¸ºè§„å®šç»“æ„
[KUBEGALE]2025-05-28 14:56:06.092	[31merror[0m	/Users/daihao/Downloads/gocode/KubeGale/core/server.go:68	accept tcp [::]:8080: use of closed network connection
[KUBEGALE]2025-05-28 14:56:22.681	[31merror[0m	/Users/daihao/Downloads/gocode/KubeGale/utils/claims.go:48	é‡æ–°å†™å…¥cookie tokenå¤±è´¥,æœªèƒ½æˆåŠŸè§£ætoken,è¯·æ£€æŸ¥è¯·æ±‚å¤´æ˜¯å¦å­˜åœ¨x-tokenä¸”claimsæ˜¯å¦ä¸ºè§„å®šç»“æ„
[KUBEGALE]2025-05-28 14:59:39.440	[31merror[0m	/Users/daihao/Downloads/gocode/KubeGale/core/server.go:68	accept tcp [::]:8080: use of closed network connection
[KUBEGALE]2025-05-28 14:59:51.335	[31merror[0m	/Users/daihao/Downloads/gocode/KubeGale/utils/claims.go:48	é‡æ–°å†™å…¥cookie tokenå¤±è´¥,æœªèƒ½æˆåŠŸè§£ætoken,è¯·æ£€æŸ¥è¯·æ±‚å¤´æ˜¯å¦å­˜åœ¨x-tokenä¸”claimsæ˜¯å¦ä¸ºè§„å®šç»“æ„
[KUBEGALE]2025-05-28 15:04:57.243	[31merror[0m	/Users/daihao/Downloads/gocode/KubeGale/core/server.go:68	accept tcp [::]:8080: use of closed network connection
[KUBEGALE]2025-05-28 15:05:09.880	[31merror[0m	/Users/daihao/Downloads/gocode/KubeGale/utils/claims.go:48	é‡æ–°å†™å…¥cookie tokenå¤±è´¥,æœªèƒ½æˆåŠŸè§£ætoken,è¯·æ£€æŸ¥è¯·æ±‚å¤´æ˜¯å¦å­˜åœ¨x-tokenä¸”claimsæ˜¯å¦ä¸ºè§„å®šç»“æ„
[KUBEGALE]2025-05-28 15:06:03.357	[31merror[0m	/Users/daihao/Downloads/gocode/KubeGale/core/server.go:68	accept tcp [::]:8080: use of closed network connection
[KUBEGALE]2025-05-28 15:06:16.043	[31merror[0m	/Users/daihao/Downloads/gocode/KubeGale/utils/claims.go:48	é‡æ–°å†™å…¥cookie tokenå¤±è´¥,æœªèƒ½æˆåŠŸè§£ætoken,è¯·æ£€æŸ¥è¯·æ±‚å¤´æ˜¯å¦å­˜åœ¨x-tokenä¸”claimsæ˜¯å¦ä¸ºè§„å®šç»“æ„
[KUBEGALE]2025-05-28 15:07:16.024	[31merror[0m	/Users/daihao/Downloads/gocode/KubeGale/utils/claims.go:48	é‡æ–°å†™å…¥cookie tokenå¤±è´¥,æœªèƒ½æˆåŠŸè§£ætoken,è¯·æ£€æŸ¥è¯·æ±‚å¤´æ˜¯å¦å­˜åœ¨x-tokenä¸”claimsæ˜¯å¦ä¸ºè§„å®šç»“æ„
[KUBEGALE]2025-05-28 15:08:07.510	[31merror[0m	/Users/daihao/Downloads/gocode/KubeGale/api/v1/cmdb/cmdb_hosts.go:208	WebSocketå‡çº§å¤±è´¥	{"error": "websocket: the client is not using the websocket protocol: 'upgrade' token not found in 'Connection' header"}
[KUBEGALE]2025-05-28 15:09:06.767	[31merror[0m	/Users/daihao/Downloads/gocode/KubeGale/core/server.go:68	accept tcp [::]:8080: use of closed network connection
[KUBEGALE]2025-05-28 15:09:17.841	[31merror[0m	/Users/daihao/Downloads/gocode/KubeGale/utils/claims.go:49	é‡æ–°å†™å…¥cookie tokenå¤±è´¥,æœªèƒ½æˆåŠŸè§£ætoken,è¯·æ£€æŸ¥è¯·æ±‚å¤´æ˜¯å¦å­˜åœ¨x-tokenä¸”claimsæ˜¯å¦ä¸ºè§„å®šç»“æ„
[KUBEGALE]2025-05-28 15:10:06.304	[31merror[0m	/Users/daihao/Downloads/gocode/KubeGale/utils/claims.go:49	é‡æ–°å†™å…¥cookie tokenå¤±è´¥,æœªèƒ½æˆåŠŸè§£ætoken,è¯·æ£€æŸ¥è¯·æ±‚å¤´æ˜¯å¦å­˜åœ¨x-tokenä¸”claimsæ˜¯å¦ä¸ºè§„å®šç»“æ„
[KUBEGALE]2025-05-28 15:10:08.716	[31merror[0m	/Users/daihao/Downloads/gocode/KubeGale/utils/claims.go:49	é‡æ–°å†™å…¥cookie tokenå¤±è´¥,æœªèƒ½æˆåŠŸè§£ætoken,è¯·æ£€æŸ¥è¯·æ±‚å¤´æ˜¯å¦å­˜åœ¨x-tokenä¸”claimsæ˜¯å¦ä¸ºè§„å®šç»“æ„
[KUBEGALE]2025-05-28 15:11:48.608	[31merror[0m	/Users/daihao/Downloads/gocode/KubeGale/utils/claims.go:49	é‡æ–°å†™å…¥cookie tokenå¤±è´¥,æœªèƒ½æˆåŠŸè§£ætoken,è¯·æ£€æŸ¥è¯·æ±‚å¤´æ˜¯å¦å­˜åœ¨x-tokenä¸”claimsæ˜¯å¦ä¸ºè§„å®šç»“æ„
[KUBEGALE]2025-05-28 15:15:20.789	[31merror[0m	/Users/daihao/Downloads/gocode/KubeGale/core/server.go:68	accept tcp [::]:8080: use of closed network connection
[KUBEGALE]2025-05-28 15:15:34.984	[31merror[0m	/Users/daihao/Downloads/gocode/KubeGale/utils/claims.go:49	é‡æ–°å†™å…¥cookie tokenå¤±è´¥,æœªèƒ½æˆåŠŸè§£ætoken,è¯·æ£€æŸ¥è¯·æ±‚å¤´æ˜¯å¦å­˜åœ¨x-tokenä¸”claimsæ˜¯å¦ä¸ºè§„å®šç»“æ„
[KUBEGALE]2025-05-28 15:17:52.345	[31merror[0m	/Users/daihao/Downloads/gocode/KubeGale/core/server.go:68	accept tcp [::]:8080: use of closed network connection
[KUBEGALE]2025-05-28 15:18:26.791	[31merror[0m	/Users/daihao/Downloads/gocode/KubeGale/api/v1/cmdb/cmdb_hosts.go:339	è¯»å–WebSocketæ¶ˆæ¯å¤±è´¥	{"error": "websocket: close 1001 (going away)"}
[KUBEGALE]2025-05-28 15:18:26.824	[31merror[0m	/Users/daihao/Downloads/gocode/KubeGale/api/v1/cmdb/cmdb_hosts.go:354	è¯»å–SSH stdoutå¤±è´¥	{"error": "EOF"}
[KUBEGALE]2025-05-28 15:18:41.970	[31merror[0m	/Users/daihao/Downloads/gocode/KubeGale/api/v1/cmdb/cmdb_hosts.go:339	è¯»å–WebSocketæ¶ˆæ¯å¤±è´¥	{"error": "websocket: close 1001 (going away)"}
[KUBEGALE]2025-05-28 15:18:41.997	[31merror[0m	/Users/daihao/Downloads/gocode/KubeGale/api/v1/cmdb/cmdb_hosts.go:354	è¯»å–SSH stdoutå¤±è´¥	{"error": "EOF"}
[KUBEGALE]2025-05-28 15:19:43.437	[31merror[0m	/Users/daihao/Downloads/gocode/KubeGale/api/v1/cmdb/cmdb_hosts.go:339	è¯»å–WebSocketæ¶ˆæ¯å¤±è´¥	{"error": "websocket: close 1000 (normal): ç”¨æˆ·ä¸æ´»åŠ¨è¶…æ—¶"}
[KUBEGALE]2025-05-28 15:19:43.451	[31merror[0m	/Users/daihao/Downloads/gocode/KubeGale/api/v1/cmdb/cmdb_hosts.go:354	è¯»å–SSH stdoutå¤±è´¥	{"error": "EOF"}
[KUBEGALE]2025-05-28 15:20:02.819	[31merror[0m	/Users/daihao/Downloads/gocode/KubeGale/core/server.go:68	accept tcp [::]:8080: use of closed network connection
[KUBEGALE]2025-05-28 15:24:19.755	[31merror[0m	/Users/daihao/Downloads/gocode/KubeGale/api/v1/cmdb/cmdb_hosts.go:209	WebSocketå‡çº§å¤±è´¥	{"error": "websocket: the client is not using the websocket protocol: 'upgrade' token not found in 'Connection' header"}
[KUBEGALE]2025-05-28 15:27:26.371	[31merror[0m	/Users/daihao/Downloads/gocode/KubeGale/api/v1/cmdb/cmdb_hosts.go:209	WebSocketå‡çº§å¤±è´¥	{"error": "websocket: the client is not using the websocket protocol: 'upgrade' token not found in 'Connection' header"}
[KUBEGALE]2025-05-28 15:28:30.893	[31merror[0m	/Users/daihao/Downloads/gocode/KubeGale/core/server.go:68	accept tcp [::]:8080: use of closed network connection
[KUBEGALE]2025-05-28 15:30:11.626	[31merror[0m	/Users/daihao/Downloads/gocode/KubeGale/api/v1/cmdb/cmdb_hosts.go:209	WebSocketå‡çº§å¤±è´¥	{"error": "websocket: the client is not using the websocket protocol: 'upgrade' token not found in 'Connection' header"}
[KUBEGALE]2025-05-28 15:31:50.258	[31merror[0m	/Users/daihao/Downloads/gocode/KubeGale/api/v1/cmdb/cmdb_hosts.go:374	è¯»å–WebSocketæ¶ˆæ¯å¤±è´¥	{"error": "websocket: close 1005 (no status)"}
[KUBEGALE]2025-05-28 15:35:48.616	[31merror[0m	/Users/daihao/Downloads/gocode/KubeGale/api/v1/cmdb/cmdb_hosts.go:374	è¯»å–WebSocketæ¶ˆæ¯å¤±è´¥	{"error": "websocket: close 1005 (no status)"}
[KUBEGALE]2025-05-28 16:38:05.254	[31merror[0m	/Users/daihao/Downloads/gocode/KubeGale/utils/claims.go:49	é‡æ–°å†™å…¥cookie tokenå¤±è´¥,æœªèƒ½æˆåŠŸè§£ætoken,è¯·æ£€æŸ¥è¯·æ±‚å¤´æ˜¯å¦å­˜åœ¨x-tokenä¸”claimsæ˜¯å¦ä¸ºè§„å®šç»“æ„
[KUBEGALE]2025-05-28 16:38:06.988	[31merror[0m	/Users/daihao/Downloads/gocode/KubeGale/utils/claims.go:49	é‡æ–°å†™å…¥cookie tokenå¤±è´¥,æœªèƒ½æˆåŠŸè§£ætoken,è¯·æ£€æŸ¥è¯·æ±‚å¤´æ˜¯å¦å­˜åœ¨x-tokenä¸”claimsæ˜¯å¦ä¸ºè§„å®šç»“æ„
[KUBEGALE]2025-05-28 16:41:20.656	[31merror[0m	/Users/daihao/Downloads/gocode/KubeGale/core/server.go:68	accept tcp [::]:8080: use of closed network connection
[KUBEGALE]2025-05-28 17:32:25.675	[31merror[0m	/Users/daihao/Downloads/gocode/KubeGale/service/cloudCmdb/cloud_rds.go:241	huawei rds list get fail: region id 'cn-north-219' is not in the following supported regions of service 'RDS': [ae-ad-1, af-north-1, af-south-1, ap-southeast-1, ap-southeast-2, ap-southeast-3, ap-southeast-4, cn-east-2, cn-east-3, cn-east-4, cn-east-5, cn-north-1, cn-north-2, cn-north-4, cn-north-9, cn-south-1, cn-south-2, cn-southwest-2, eu-west-0, eu-west-101, la-north-2, la-south-2, me-east-1, my-kualalumpur-1, na-mexico-1, ru-moscow-1, ru-northwest-2, sa-brazil-1, tr-west-1]
[KUBEGALE]2025-05-28 17:32:25.676	[31merror[0m	/Users/daihao/Downloads/gocode/KubeGale/service/cloudCmdb/cloud_rds.go:241	huawei rds list get fail: region id 'cn-east-201' is not in the following supported regions of service 'RDS': [ae-ad-1, af-north-1, af-south-1, ap-southeast-1, ap-southeast-2, ap-southeast-3, ap-southeast-4, cn-east-2, cn-east-3, cn-east-4, cn-east-5, cn-north-1, cn-north-2, cn-north-4, cn-north-9, cn-south-1, cn-south-2, cn-southwest-2, eu-west-0, eu-west-101, la-north-2, la-south-2, me-east-1, my-kualalumpur-1, na-mexico-1, ru-moscow-1, ru-northwest-2, sa-brazil-1, tr-west-1]
[KUBEGALE]2025-05-28 17:32:25.676	[31merror[0m	/Users/daihao/Downloads/gocode/KubeGale/service/cloudCmdb/cloud_rds.go:241	huawei rds list get fail: region id 'cn-south-4' is not in the following supported regions of service 'RDS': [ae-ad-1, af-north-1, af-south-1, ap-southeast-1, ap-southeast-2, ap-southeast-3, ap-southeast-4, cn-east-2, cn-east-3, cn-east-4, cn-east-5, cn-north-1, cn-north-2, cn-north-4, cn-north-9, cn-south-1, cn-south-2, cn-southwest-2, eu-west-0, eu-west-101, la-north-2, la-south-2, me-east-1, my-kualalumpur-1, na-mexico-1, ru-moscow-1, ru-northwest-2, sa-brazil-1, tr-west-1]
[KUBEGALE]2025-05-28 17:32:25.676	[31merror[0m	/Users/daihao/Downloads/gocode/KubeGale/service/cloudCmdb/cloud_rds.go:241	huawei rds list get fail: region id 'ap-southeast-5' is not in the following supported regions of service 'RDS': [ae-ad-1, af-north-1, af-south-1, ap-southeast-1, ap-southeast-2, ap-southeast-3, ap-southeast-4, cn-east-2, cn-east-3, cn-east-4, cn-east-5, cn-north-1, cn-north-2, cn-north-4, cn-north-9, cn-south-1, cn-south-2, cn-southwest-2, eu-west-0, eu-west-101, la-north-2, la-south-2, me-east-1, my-kualalumpur-1, na-mexico-1, ru-moscow-1, ru-northwest-2, sa-brazil-1, tr-west-1]
[KUBEGALE]2025-05-28 17:32:26.069	[31merror[0m	/Users/daihao/Downloads/gocode/KubeGale/utils/cloudCmdb/huawei/rds.go:72	rds getInstances fail!	{"error": "Get \"https://rds.tr-west-1.myhuaweicloud.com/v3/bcf6bb5917cd46f48d7721f2ec648921/instances?limit=30&offset=0\": dial tcp: lookup rds.tr-west-1.myhuaweicloud.com: no such host"}
[KUBEGALE]2025-05-28 17:36:22.924	[31merror[0m	/Users/daihao/Downloads/gocode/KubeGale/utils/cloudCmdb/huawei/rds.go:72	rds getInstances fail!	{"error": "{\"status_code\":429,\"request_id\":\"6b4ba194f947828d17d964e6719aea5c\",\"error_code\":\"APIGW.0308\",\"error_message\":\"The throttling threshold has been reached: policy user over ratelimit,limit:100,time:1 minute\",\"encoded_authorization_message\":\"\"}\n"}
