[KUBEGALE]2025-04-05 13:58:01.815	[34minfo[0m	/Users/daihao/Downloads/gocode/KubeGale/initialize/internal/gorm_logger_writer.go:30	[32m/Users/daihao/Downloads/gocode/KubeGale/initialize/gorm.go:18
[0m[33m[0.130ms] [34;1m[rows:-][0m SELECT DATABASE()
[KUBEGALE]2025-04-05 13:58:01.817	[34minfo[0m	/Users/daihao/Downloads/gocode/KubeGale/initialize/internal/gorm_logger_writer.go:30	[32m/Users/daihao/Downloads/gocode/KubeGale/initialize/gorm.go:18
[0m[33m[1.209ms] [34;1m[rows:1][0m SELECT SCHEMA_NAME from Information_schema.SCHEMATA where SCHEMA_NAME LIKE 'kubegale%' ORDER BY SCHEMA_NAME='kubegale' DESC,SCHEMA_NAME limit 1
[KUBEGALE]2025-04-05 13:58:01.819	[34minfo[0m	/Users/daihao/Downloads/gocode/KubeGale/initialize/internal/gorm_logger_writer.go:30	[32m/Users/daihao/Downloads/gocode/KubeGale/initialize/gorm.go:18
[0m[33m[1.035ms] [34;1m[rows:-][0m SELECT count(*) FROM information_schema.tables WHERE table_schema = 'kubegale' AND table_name = 'sys_apis' AND table_type = 'BASE TABLE'
[KUBEGALE]2025-04-05 13:58:01.840	[34minfo[0m	/Users/daihao/Downloads/gocode/KubeGale/initialize/internal/gorm_logger_writer.go:30	[32m/Users/daihao/Downloads/gocode/KubeGale/initialize/gorm.go:18
[0m[33m[21.574ms] [34;1m[rows:0][0m CREATE TABLE `sys_apis` (`id` bigint AUTO_INCREMENT COMMENT '主键ID',`name` varchar(50) NOT NULL COMMENT 'API名称',`path` varchar(255) NOT NULL COMMENT 'API路径',`method` tinyint(1) NOT NULL COMMENT 'HTTP请求方法(1:GET,2:POST,3:PUT,4:DELETE)',`description` varchar(500) COMMENT 'API描述',`version` varchar(20) DEFAULT 'v1' COMMENT 'API版本',`category` tinyint(1) NOT NULL COMMENT 'API分类(1:系统,2:业务)',`is_public` tinyint(1) DEFAULT 0 COMMENT '是否公开(0:否,1:是)',`create_time` bigint COMMENT '创建时间',`update_time` bigint COMMENT '更新时间',`is_deleted` tinyint(1) DEFAULT 0 COMMENT '是否删除(0:否,1:是)',PRIMARY KEY (`id`))
[KUBEGALE]2025-04-05 13:58:01.841	[34minfo[0m	/Users/daihao/Downloads/gocode/KubeGale/initialize/internal/gorm_logger_writer.go:30	[32m/Users/daihao/Downloads/gocode/KubeGale/initialize/gorm.go:18
[0m[33m[0.234ms] [34;1m[rows:-][0m SELECT DATABASE()
[KUBEGALE]2025-04-05 13:58:01.842	[34minfo[0m	/Users/daihao/Downloads/gocode/KubeGale/initialize/internal/gorm_logger_writer.go:30	[32m/Users/daihao/Downloads/gocode/KubeGale/initialize/gorm.go:18
[0m[33m[1.501ms] [34;1m[rows:1][0m SELECT SCHEMA_NAME from Information_schema.SCHEMATA where SCHEMA_NAME LIKE 'kubegale%' ORDER BY SCHEMA_NAME='kubegale' DESC,SCHEMA_NAME limit 1
[KUBEGALE]2025-04-05 13:58:01.843	[34minfo[0m	/Users/daihao/Downloads/gocode/KubeGale/initialize/internal/gorm_logger_writer.go:30	[32m/Users/daihao/Downloads/gocode/KubeGale/initialize/gorm.go:18
[0m[33m[0.667ms] [34;1m[rows:-][0m SELECT count(*) FROM information_schema.tables WHERE table_schema = 'kubegale' AND table_name = 'sys_base_menus' AND table_type = 'BASE TABLE'
[KUBEGALE]2025-04-05 13:58:01.851	[34minfo[0m	/Users/daihao/Downloads/gocode/KubeGale/initialize/internal/gorm_logger_writer.go:30	[32m/Users/daihao/Downloads/gocode/KubeGale/initialize/gorm.go:18
[0m[33m[7.561ms] [34;1m[rows:0][0m CREATE TABLE `sys_base_menus` (`id` bigint AUTO_INCREMENT COMMENT '菜单ID',`name` varchar(50) NOT NULL COMMENT '菜单显示名称',`parent_id` bigint DEFAULT 0 COMMENT '上级菜单ID,0表示顶级菜单',`path` varchar(255) NOT NULL COMMENT '前端路由访问路径',`component` varchar(255) NOT NULL COMMENT '前端组件文件路径',`route_name` varchar(50) NOT NULL COMMENT '前端路由名称,需唯一',`hidden` tinyint(1) DEFAULT 0 COMMENT '菜单是否隐藏(0:显示 1:隐藏)',`redirect` varchar(255) DEFAULT '' COMMENT '重定向路径',`meta` json COMMENT '菜单元数据',`create_time` bigint COMMENT '记录创建时间戳',`update_time` bigint COMMENT '记录最后更新时间戳',`is_deleted` tinyint(1) DEFAULT 0 COMMENT '逻辑删除标记(0:未删除 1:已删除)',PRIMARY KEY (`id`))
[KUBEGALE]2025-04-05 13:58:01.851	[34minfo[0m	/Users/daihao/Downloads/gocode/KubeGale/initialize/internal/gorm_logger_writer.go:30	[32m/Users/daihao/Downloads/gocode/KubeGale/initialize/gorm.go:18
[0m[33m[0.222ms] [34;1m[rows:-][0m SELECT DATABASE()
[KUBEGALE]2025-04-05 13:58:01.852	[34minfo[0m	/Users/daihao/Downloads/gocode/KubeGale/initialize/internal/gorm_logger_writer.go:30	[32m/Users/daihao/Downloads/gocode/KubeGale/initialize/gorm.go:18
[0m[33m[0.905ms] [34;1m[rows:1][0m SELECT SCHEMA_NAME from Information_schema.SCHEMATA where SCHEMA_NAME LIKE 'kubegale%' ORDER BY SCHEMA_NAME='kubegale' DESC,SCHEMA_NAME limit 1
[KUBEGALE]2025-04-05 13:58:01.853	[34minfo[0m	/Users/daihao/Downloads/gocode/KubeGale/initialize/internal/gorm_logger_writer.go:30	[32m/Users/daihao/Downloads/gocode/KubeGale/initialize/gorm.go:18
[0m[33m[0.929ms] [34;1m[rows:-][0m SELECT count(*) FROM information_schema.tables WHERE table_schema = 'kubegale' AND table_name = 'sys_users' AND table_type = 'BASE TABLE'
[KUBEGALE]2025-04-05 13:58:01.864	[34minfo[0m	/Users/daihao/Downloads/gocode/KubeGale/initialize/internal/gorm_logger_writer.go:30	[32m/Users/daihao/Downloads/gocode/KubeGale/initialize/gorm.go:18
[0m[33m[10.973ms] [34;1m[rows:0][0m CREATE TABLE `sys_users` (`id` bigint AUTO_INCREMENT COMMENT '主键ID',`created_at` datetime(3) NULL COMMENT '创建时间',`updated_at` datetime(3) NULL COMMENT '更新时间',`deleted_at` bigint unsigned COMMENT '删除时间',`username` varchar(100) NOT NULL COMMENT '用户登录名',`password` varchar(255) NOT NULL COMMENT '用户登录密码',`real_name` varchar(100) COMMENT '用户真实姓名',`desc` text COMMENT '用户描述',`mobile` varchar(20) COMMENT '手机号',`fei_shu_user_id` varchar(50) COMMENT '飞书用户ID',`account_type` bigint DEFAULT 1 COMMENT '账号类型 1普通用户 2服务账号',`home_path` varchar(255) COMMENT '登录后的默认首页',`enable` bigint DEFAULT 1 COMMENT '用户状态 1正常 2冻结',PRIMARY KEY (`id`),INDEX `idx_sys_users_deleted_at` (`deleted_at`))
[KUBEGALE]2025-04-05 13:58:01.865	[34minfo[0m	/Users/daihao/Downloads/gocode/KubeGale/initialize/internal/gorm_logger_writer.go:30	[32m/Users/daihao/Downloads/gocode/KubeGale/initialize/gorm.go:18
[0m[33m[0.464ms] [34;1m[rows:-][0m SELECT DATABASE()
[KUBEGALE]2025-04-05 13:58:01.867	[34minfo[0m	/Users/daihao/Downloads/gocode/KubeGale/initialize/internal/gorm_logger_writer.go:30	[32m/Users/daihao/Downloads/gocode/KubeGale/initialize/gorm.go:18
[0m[33m[1.337ms] [34;1m[rows:1][0m SELECT SCHEMA_NAME from Information_schema.SCHEMATA where SCHEMA_NAME LIKE 'kubegale%' ORDER BY SCHEMA_NAME='kubegale' DESC,SCHEMA_NAME limit 1
[KUBEGALE]2025-04-05 13:58:01.868	[34minfo[0m	/Users/daihao/Downloads/gocode/KubeGale/initialize/internal/gorm_logger_writer.go:30	[32m/Users/daihao/Downloads/gocode/KubeGale/initialize/gorm.go:18
[0m[33m[0.982ms] [34;1m[rows:-][0m SELECT count(*) FROM information_schema.tables WHERE table_schema = 'kubegale' AND table_name = 'user_apis' AND table_type = 'BASE TABLE'
[KUBEGALE]2025-04-05 13:58:01.883	[34minfo[0m	/Users/daihao/Downloads/gocode/KubeGale/initialize/internal/gorm_logger_writer.go:30	[32m/Users/daihao/Downloads/gocode/KubeGale/initialize/gorm.go:18
[0m[33m[14.668ms] [34;1m[rows:0][0m CREATE TABLE `user_apis` (`user_id` bigint COMMENT '主键ID',`api_id` bigint COMMENT '主键ID',PRIMARY KEY (`user_id`,`api_id`))
[KUBEGALE]2025-04-05 13:58:01.883	[34minfo[0m	/Users/daihao/Downloads/gocode/KubeGale/initialize/internal/gorm_logger_writer.go:30	[32m/Users/daihao/Downloads/gocode/KubeGale/initialize/gorm.go:18
[0m[33m[0.165ms] [34;1m[rows:-][0m SELECT DATABASE()
[KUBEGALE]2025-04-05 13:58:01.884	[34minfo[0m	/Users/daihao/Downloads/gocode/KubeGale/initialize/internal/gorm_logger_writer.go:30	[32m/Users/daihao/Downloads/gocode/KubeGale/initialize/gorm.go:18
[0m[33m[0.841ms] [34;1m[rows:1][0m SELECT SCHEMA_NAME from Information_schema.SCHEMATA where SCHEMA_NAME LIKE 'kubegale%' ORDER BY SCHEMA_NAME='kubegale' DESC,SCHEMA_NAME limit 1
[KUBEGALE]2025-04-05 13:58:01.885	[34minfo[0m	/Users/daihao/Downloads/gocode/KubeGale/initialize/internal/gorm_logger_writer.go:30	[32m/Users/daihao/Downloads/gocode/KubeGale/initialize/gorm.go:18
[0m[33m[0.730ms] [34;1m[rows:-][0m SELECT count(*) FROM information_schema.tables WHERE table_schema = 'kubegale' AND table_name = 'user_menus' AND table_type = 'BASE TABLE'
[KUBEGALE]2025-04-05 13:58:01.892	[34minfo[0m	/Users/daihao/Downloads/gocode/KubeGale/initialize/internal/gorm_logger_writer.go:30	[32m/Users/daihao/Downloads/gocode/KubeGale/initialize/gorm.go:18
[0m[33m[7.131ms] [34;1m[rows:0][0m CREATE TABLE `user_menus` (`user_id` bigint COMMENT '主键ID',`menu_id` bigint COMMENT '菜单ID',PRIMARY KEY (`user_id`,`menu_id`))
[KUBEGALE]2025-04-05 13:58:01.892	[34minfo[0m	/Users/daihao/Downloads/gocode/KubeGale/initialize/internal/gorm_logger_writer.go:30	[32m/Users/daihao/Downloads/gocode/KubeGale/initialize/gorm.go:18
[0m[33m[0.130ms] [34;1m[rows:-][0m SELECT DATABASE()
[KUBEGALE]2025-04-05 13:58:01.893	[34minfo[0m	/Users/daihao/Downloads/gocode/KubeGale/initialize/internal/gorm_logger_writer.go:30	[32m/Users/daihao/Downloads/gocode/KubeGale/initialize/gorm.go:18
[0m[33m[0.584ms] [34;1m[rows:1][0m SELECT SCHEMA_NAME from Information_schema.SCHEMATA where SCHEMA_NAME LIKE 'kubegale%' ORDER BY SCHEMA_NAME='kubegale' DESC,SCHEMA_NAME limit 1
[KUBEGALE]2025-04-05 13:58:01.894	[34minfo[0m	/Users/daihao/Downloads/gocode/KubeGale/initialize/internal/gorm_logger_writer.go:30	[32m/Users/daihao/Downloads/gocode/KubeGale/initialize/gorm.go:18
[0m[33m[0.266ms] [34;1m[rows:-][0m SELECT count(*) FROM information_schema.tables WHERE table_schema = 'kubegale' AND table_name = 'sys_roles' AND table_type = 'BASE TABLE'
[KUBEGALE]2025-04-05 13:58:01.901	[34minfo[0m	/Users/daihao/Downloads/gocode/KubeGale/initialize/internal/gorm_logger_writer.go:30	[32m/Users/daihao/Downloads/gocode/KubeGale/initialize/gorm.go:18
[0m[33m[7.453ms] [34;1m[rows:0][0m CREATE TABLE `sys_roles` (`id` bigint AUTO_INCREMENT COMMENT '主键ID',`name` varchar(50) NOT NULL COMMENT '角色名称',`description` varchar(255) COMMENT '角色描述',`role_type` tinyint(1) NOT NULL COMMENT '角色类型(1:系统角色,2:自定义角色)',`is_default` tinyint(1) DEFAULT 0 COMMENT '是否为默认角色(0:否,1:是)',`create_time` bigint COMMENT '创建时间',`update_time` bigint COMMENT '更新时间',`is_deleted` tinyint(1) DEFAULT 0 COMMENT '是否删除(0:否,1:是)',PRIMARY KEY (`id`),CONSTRAINT `uni_sys_roles_name` UNIQUE (`name`))
[KUBEGALE]2025-04-05 13:58:01.901	[34minfo[0m	/Users/daihao/Downloads/gocode/KubeGale/initialize/internal/gorm_logger_writer.go:30	[32m/Users/daihao/Downloads/gocode/KubeGale/initialize/gorm.go:18
[0m[33m[0.134ms] [34;1m[rows:-][0m SELECT DATABASE()
[KUBEGALE]2025-04-05 13:58:01.902	[34minfo[0m	/Users/daihao/Downloads/gocode/KubeGale/initialize/internal/gorm_logger_writer.go:30	[32m/Users/daihao/Downloads/gocode/KubeGale/initialize/gorm.go:18
[0m[33m[0.580ms] [34;1m[rows:1][0m SELECT SCHEMA_NAME from Information_schema.SCHEMATA where SCHEMA_NAME LIKE 'kubegale%' ORDER BY SCHEMA_NAME='kubegale' DESC,SCHEMA_NAME limit 1
[KUBEGALE]2025-04-05 13:58:01.903	[34minfo[0m	/Users/daihao/Downloads/gocode/KubeGale/initialize/internal/gorm_logger_writer.go:30	[32m/Users/daihao/Downloads/gocode/KubeGale/initialize/gorm.go:18
[0m[33m[0.616ms] [34;1m[rows:-][0m SELECT count(*) FROM information_schema.tables WHERE table_schema = 'kubegale' AND table_name = 'user_roles' AND table_type = 'BASE TABLE'
[KUBEGALE]2025-04-05 13:58:01.910	[34minfo[0m	/Users/daihao/Downloads/gocode/KubeGale/initialize/internal/gorm_logger_writer.go:30	[32m/Users/daihao/Downloads/gocode/KubeGale/initialize/gorm.go:18
[0m[33m[7.391ms] [34;1m[rows:0][0m CREATE TABLE `user_roles` (`user_id` bigint COMMENT '主键ID',`role_id` bigint COMMENT '主键ID',PRIMARY KEY (`user_id`,`role_id`))
[KUBEGALE]2025-04-05 13:58:01.911	[34minfo[0m	/Users/daihao/Downloads/gocode/KubeGale/initialize/internal/gorm_logger_writer.go:30	[32m/Users/daihao/Downloads/gocode/KubeGale/initialize/gorm.go:18
[0m[33m[0.231ms] [34;1m[rows:-][0m SELECT DATABASE()
[KUBEGALE]2025-04-05 13:58:01.912	[34minfo[0m	/Users/daihao/Downloads/gocode/KubeGale/initialize/internal/gorm_logger_writer.go:30	[32m/Users/daihao/Downloads/gocode/KubeGale/initialize/gorm.go:18
[0m[33m[0.600ms] [34;1m[rows:1][0m SELECT SCHEMA_NAME from Information_schema.SCHEMATA where SCHEMA_NAME LIKE 'kubegale%' ORDER BY SCHEMA_NAME='kubegale' DESC,SCHEMA_NAME limit 1
[KUBEGALE]2025-04-05 13:58:01.912	[34minfo[0m	/Users/daihao/Downloads/gocode/KubeGale/initialize/internal/gorm_logger_writer.go:30	[32m/Users/daihao/Downloads/gocode/KubeGale/initialize/gorm.go:18
[0m[33m[0.586ms] [34;1m[rows:-][0m SELECT count(*) FROM information_schema.tables WHERE table_schema = 'kubegale' AND table_name = 'sys_operation_records' AND table_type = 'BASE TABLE'
[KUBEGALE]2025-04-05 13:58:01.921	[34minfo[0m	/Users/daihao/Downloads/gocode/KubeGale/initialize/internal/gorm_logger_writer.go:30	[32m/Users/daihao/Downloads/gocode/KubeGale/initialize/gorm.go:18
[0m[33m[8.739ms] [34;1m[rows:0][0m CREATE TABLE `sys_operation_records` (`id` bigint AUTO_INCREMENT COMMENT '主键ID',`created_at` datetime(3) NULL COMMENT '创建时间',`updated_at` datetime(3) NULL COMMENT '更新时间',`deleted_at` bigint unsigned COMMENT '删除时间',`ip` varchar(191) COMMENT '请求ip',`method` varchar(191) COMMENT '请求方法',`path` varchar(191) COMMENT '请求路径',`status` bigint COMMENT '请求状态',`latency` bigint COMMENT '延迟',`agent` text COMMENT '代理',`error_message` varchar(191) COMMENT '错误信息',`body` text COMMENT '请求Body',`resp` text COMMENT '响应Body',`user_id` bigint COMMENT '用户id',PRIMARY KEY (`id`),INDEX `idx_sys_operation_records_deleted_at` (`deleted_at`))
[KUBEGALE]2025-04-05 13:58:01.922	[34minfo[0m	/Users/daihao/Downloads/gocode/KubeGale/initialize/gorm.go:51	register table success
[KUBEGALE]2025-04-05 13:58:01.924	[34minfo[0m	/Users/daihao/Downloads/gocode/KubeGale/initialize/internal/gorm_logger_writer.go:30	[32m/Users/daihao/Downloads/gocode/KubeGale/resource/system/sys_api.go:21
[0m[33m[1.645ms] [34;1m[rows:1][0m SELECT count(*) FROM `sys_apis`
[KUBEGALE]2025-04-05 13:58:01.926	[34minfo[0m	/Users/daihao/Downloads/gocode/KubeGale/initialize/internal/gorm_logger_writer.go:30	[32m/Users/daihao/Downloads/gocode/KubeGale/resource/system/sys_api.go:88
[0m[33m[0.822ms] [34;1m[rows:0][0m SELECT * FROM `sys_apis` WHERE id = 1 AND `sys_apis`.`id` = 1 ORDER BY `sys_apis`.`id` LIMIT 1
[KUBEGALE]2025-04-05 13:58:01.930	[34minfo[0m	/Users/daihao/Downloads/gocode/KubeGale/initialize/internal/gorm_logger_writer.go:30	[32m/Users/daihao/Downloads/gocode/KubeGale/resource/system/sys_api.go:88
[0m[33m[2.017ms] [34;1m[rows:1][0m INSERT INTO `sys_apis` (`name`,`path`,`method`,`description`,`version`,`category`,`is_public`,`create_time`,`update_time`,`is_deleted`,`id`) VALUES ('所有接口GET权限','/*',1,'所有接口GET权限','v1',1,1,1743832681,1743832681,0,1)
[KUBEGALE]2025-04-05 13:58:01.930	[34minfo[0m	/Users/daihao/Downloads/gocode/KubeGale/initialize/internal/gorm_logger_writer.go:30	[32m/Users/daihao/Downloads/gocode/KubeGale/resource/system/sys_api.go:88
[0m[33m[0.534ms] [34;1m[rows:0][0m SELECT * FROM `sys_apis` WHERE id = 2 AND `sys_apis`.`id` = 2 ORDER BY `sys_apis`.`id` LIMIT 1
[KUBEGALE]2025-04-05 13:58:01.931	[34minfo[0m	/Users/daihao/Downloads/gocode/KubeGale/initialize/internal/gorm_logger_writer.go:30	[32m/Users/daihao/Downloads/gocode/KubeGale/resource/system/sys_api.go:88
[0m[33m[0.647ms] [34;1m[rows:1][0m INSERT INTO `sys_apis` (`name`,`path`,`method`,`description`,`version`,`category`,`is_public`,`create_time`,`update_time`,`is_deleted`,`id`) VALUES ('所有接口POST权限','/*',2,'所有接口POST权限','v1',1,1,1743832681,1743832681,0,2)
[KUBEGALE]2025-04-05 13:58:01.932	[34minfo[0m	/Users/daihao/Downloads/gocode/KubeGale/initialize/internal/gorm_logger_writer.go:30	[32m/Users/daihao/Downloads/gocode/KubeGale/resource/system/sys_api.go:88
[0m[33m[0.379ms] [34;1m[rows:0][0m SELECT * FROM `sys_apis` WHERE id = 3 AND `sys_apis`.`id` = 3 ORDER BY `sys_apis`.`id` LIMIT 1
[KUBEGALE]2025-04-05 13:58:01.932	[34minfo[0m	/Users/daihao/Downloads/gocode/KubeGale/initialize/internal/gorm_logger_writer.go:30	[32m/Users/daihao/Downloads/gocode/KubeGale/resource/system/sys_api.go:88
[0m[33m[0.440ms] [34;1m[rows:1][0m INSERT INTO `sys_apis` (`name`,`path`,`method`,`description`,`version`,`category`,`is_public`,`create_time`,`update_time`,`is_deleted`,`id`) VALUES ('所有接口PUT权限','/*',3,'所有接口PUT权限','v1',1,1,1743832681,1743832681,0,3)
[KUBEGALE]2025-04-05 13:58:01.933	[34minfo[0m	/Users/daihao/Downloads/gocode/KubeGale/initialize/internal/gorm_logger_writer.go:30	[32m/Users/daihao/Downloads/gocode/KubeGale/resource/system/sys_api.go:88
[0m[33m[0.438ms] [34;1m[rows:0][0m SELECT * FROM `sys_apis` WHERE id = 4 AND `sys_apis`.`id` = 4 ORDER BY `sys_apis`.`id` LIMIT 1
[KUBEGALE]2025-04-05 13:58:01.933	[34minfo[0m	/Users/daihao/Downloads/gocode/KubeGale/initialize/internal/gorm_logger_writer.go:30	[32m/Users/daihao/Downloads/gocode/KubeGale/resource/system/sys_api.go:88
[0m[33m[0.500ms] [34;1m[rows:1][0m INSERT INTO `sys_apis` (`name`,`path`,`method`,`description`,`version`,`category`,`is_public`,`create_time`,`update_time`,`is_deleted`,`id`) VALUES ('所有接口DELETE权限','/*',4,'所有接口DELETE权限','v1',1,1,1743832681,1743832681,0,4)
[KUBEGALE]2025-04-05 13:58:01.934	[34minfo[0m	/Users/daihao/Downloads/gocode/KubeGale/initialize/internal/gorm_logger_writer.go:30	[32m/Users/daihao/Downloads/gocode/KubeGale/resource/system/sys_api.go:88
[0m[33m[0.304ms] [34;1m[rows:0][0m SELECT * FROM `sys_apis` WHERE id = 5 AND `sys_apis`.`id` = 5 ORDER BY `sys_apis`.`id` LIMIT 1
[KUBEGALE]2025-04-05 13:58:01.934	[34minfo[0m	/Users/daihao/Downloads/gocode/KubeGale/initialize/internal/gorm_logger_writer.go:30	[32m/Users/daihao/Downloads/gocode/KubeGale/resource/system/sys_api.go:88
[0m[33m[0.471ms] [34;1m[rows:1][0m INSERT INTO `sys_apis` (`name`,`path`,`method`,`description`,`version`,`category`,`is_public`,`create_time`,`update_time`,`is_deleted`,`id`) VALUES ('用户登出','/api/user/logout',2,'用户退出登录','v1',1,1,1743832681,1743832681,0,5)
[KUBEGALE]2025-04-05 13:58:01.935	[34minfo[0m	/Users/daihao/Downloads/gocode/KubeGale/initialize/internal/gorm_logger_writer.go:30	[32m/Users/daihao/Downloads/gocode/KubeGale/resource/system/sys_api.go:88
[0m[33m[0.335ms] [34;1m[rows:0][0m SELECT * FROM `sys_apis` WHERE id = 6 AND `sys_apis`.`id` = 6 ORDER BY `sys_apis`.`id` LIMIT 1
[KUBEGALE]2025-04-05 13:58:01.935	[34minfo[0m	/Users/daihao/Downloads/gocode/KubeGale/initialize/internal/gorm_logger_writer.go:30	[32m/Users/daihao/Downloads/gocode/KubeGale/resource/system/sys_api.go:88
[0m[33m[0.635ms] [34;1m[rows:1][0m INSERT INTO `sys_apis` (`name`,`path`,`method`,`description`,`version`,`category`,`is_public`,`create_time`,`update_time`,`is_deleted`,`id`) VALUES ('获取权限码','/api/user/codes',1,'获取用户权限码','v1',1,0,1743832681,1743832681,0,6)
[KUBEGALE]2025-04-05 13:58:01.936	[34minfo[0m	/Users/daihao/Downloads/gocode/KubeGale/initialize/internal/gorm_logger_writer.go:30	[32m/Users/daihao/Downloads/gocode/KubeGale/resource/system/sys_api.go:88
[0m[33m[0.281ms] [34;1m[rows:0][0m SELECT * FROM `sys_apis` WHERE id = 7 AND `sys_apis`.`id` = 7 ORDER BY `sys_apis`.`id` LIMIT 1
[KUBEGALE]2025-04-05 13:58:01.937	[34minfo[0m	/Users/daihao/Downloads/gocode/KubeGale/initialize/internal/gorm_logger_writer.go:30	[32m/Users/daihao/Downloads/gocode/KubeGale/resource/system/sys_api.go:88
[0m[33m[0.561ms] [34;1m[rows:1][0m INSERT INTO `sys_apis` (`name`,`path`,`method`,`description`,`version`,`category`,`is_public`,`create_time`,`update_time`,`is_deleted`,`id`) VALUES ('用户列表','/api/user/list',1,'获取用户列表','v1',1,0,1743832681,1743832681,0,7)
[KUBEGALE]2025-04-05 13:58:01.937	[34minfo[0m	/Users/daihao/Downloads/gocode/KubeGale/initialize/internal/gorm_logger_writer.go:30	[32m/Users/daihao/Downloads/gocode/KubeGale/resource/system/sys_api.go:88
[0m[33m[0.317ms] [34;1m[rows:0][0m SELECT * FROM `sys_apis` WHERE id = 8 AND `sys_apis`.`id` = 8 ORDER BY `sys_apis`.`id` LIMIT 1
[KUBEGALE]2025-04-05 13:58:01.938	[34minfo[0m	/Users/daihao/Downloads/gocode/KubeGale/initialize/internal/gorm_logger_writer.go:30	[32m/Users/daihao/Downloads/gocode/KubeGale/resource/system/sys_api.go:88
[0m[33m[0.639ms] [34;1m[rows:1][0m INSERT INTO `sys_apis` (`name`,`path`,`method`,`description`,`version`,`category`,`is_public`,`create_time`,`update_time`,`is_deleted`,`id`) VALUES ('获取用户信息','/api/user/profile',1,'获取用户信息','v1',1,0,1743832681,1743832681,0,8)
[KUBEGALE]2025-04-05 13:58:01.938	[34minfo[0m	/Users/daihao/Downloads/gocode/KubeGale/initialize/internal/gorm_logger_writer.go:30	[32m/Users/daihao/Downloads/gocode/KubeGale/resource/system/sys_api.go:88
[0m[33m[0.287ms] [34;1m[rows:0][0m SELECT * FROM `sys_apis` WHERE id = 9 AND `sys_apis`.`id` = 9 ORDER BY `sys_apis`.`id` LIMIT 1
[KUBEGALE]2025-04-05 13:58:01.939	[34minfo[0m	/Users/daihao/Downloads/gocode/KubeGale/initialize/internal/gorm_logger_writer.go:30	[32m/Users/daihao/Downloads/gocode/KubeGale/resource/system/sys_api.go:88
[0m[33m[0.463ms] [34;1m[rows:1][0m INSERT INTO `sys_apis` (`name`,`path`,`method`,`description`,`version`,`category`,`is_public`,`create_time`,`update_time`,`is_deleted`,`id`) VALUES ('用户注册','/api/user/signup',2,'用户注册','v1',1,1,1743832681,1743832681,0,9)
[KUBEGALE]2025-04-05 13:58:01.939	[34minfo[0m	/Users/daihao/Downloads/gocode/KubeGale/initialize/internal/gorm_logger_writer.go:30	[32m/Users/daihao/Downloads/gocode/KubeGale/resource/system/sys_api.go:88
[0m[33m[0.263ms] [34;1m[rows:0][0m SELECT * FROM `sys_apis` WHERE id = 10 AND `sys_apis`.`id` = 10 ORDER BY `sys_apis`.`id` LIMIT 1
[KUBEGALE]2025-04-05 13:58:01.940	[34minfo[0m	/Users/daihao/Downloads/gocode/KubeGale/initialize/internal/gorm_logger_writer.go:30	[32m/Users/daihao/Downloads/gocode/KubeGale/resource/system/sys_api.go:88
[0m[33m[0.736ms] [34;1m[rows:1][0m INSERT INTO `sys_apis` (`name`,`path`,`method`,`description`,`version`,`category`,`is_public`,`create_time`,`update_time`,`is_deleted`,`id`) VALUES ('用户登录','/api/user/login',2,'用户登录','v1',1,1,1743832681,1743832681,0,10)
[KUBEGALE]2025-04-05 13:58:01.940	[34minfo[0m	/Users/daihao/Downloads/gocode/KubeGale/initialize/internal/gorm_logger_writer.go:30	[32m/Users/daihao/Downloads/gocode/KubeGale/resource/system/sys_api.go:88
[0m[33m[0.253ms] [34;1m[rows:0][0m SELECT * FROM `sys_apis` WHERE id = 11 AND `sys_apis`.`id` = 11 ORDER BY `sys_apis`.`id` LIMIT 1
[KUBEGALE]2025-04-05 13:58:01.941	[34minfo[0m	/Users/daihao/Downloads/gocode/KubeGale/initialize/internal/gorm_logger_writer.go:30	[32m/Users/daihao/Downloads/gocode/KubeGale/resource/system/sys_api.go:88
[0m[33m[0.707ms] [34;1m[rows:1][0m INSERT INTO `sys_apis` (`name`,`path`,`method`,`description`,`version`,`category`,`is_public`,`create_time`,`update_time`,`is_deleted`,`id`) VALUES ('刷新令牌','/api/user/refresh_token',2,'刷新用户令牌','v1',1,1,1743832681,1743832681,0,11)
[KUBEGALE]2025-04-05 13:58:01.942	[34minfo[0m	/Users/daihao/Downloads/gocode/KubeGale/initialize/internal/gorm_logger_writer.go:30	[32m/Users/daihao/Downloads/gocode/KubeGale/resource/system/sys_api.go:88
[0m[33m[0.847ms] [34;1m[rows:0][0m SELECT * FROM `sys_apis` WHERE id = 12 AND `sys_apis`.`id` = 12 ORDER BY `sys_apis`.`id` LIMIT 1
[KUBEGALE]2025-04-05 13:58:01.943	[34minfo[0m	/Users/daihao/Downloads/gocode/KubeGale/initialize/internal/gorm_logger_writer.go:30	[32m/Users/daihao/Downloads/gocode/KubeGale/resource/system/sys_api.go:88
[0m[33m[0.630ms] [34;1m[rows:1][0m INSERT INTO `sys_apis` (`name`,`path`,`method`,`description`,`version`,`category`,`is_public`,`create_time`,`update_time`,`is_deleted`,`id`) VALUES ('修改密码','/api/user/change_password',2,'修改密码','v1',1,0,1743832681,1743832681,0,12)
[KUBEGALE]2025-04-05 13:58:01.944	[34minfo[0m	/Users/daihao/Downloads/gocode/KubeGale/initialize/internal/gorm_logger_writer.go:30	[32m/Users/daihao/Downloads/gocode/KubeGale/resource/system/sys_api.go:88
[0m[33m[0.485ms] [34;1m[rows:0][0m SELECT * FROM `sys_apis` WHERE id = 13 AND `sys_apis`.`id` = 13 ORDER BY `sys_apis`.`id` LIMIT 1
[KUBEGALE]2025-04-05 13:58:02.006	[34minfo[0m	/Users/daihao/Downloads/gocode/KubeGale/initialize/internal/gorm_logger_writer.go:30	[32m/Users/daihao/Downloads/gocode/KubeGale/resource/system/sys_api.go:88
[0m[33m[61.816ms] [34;1m[rows:1][0m INSERT INTO `sys_apis` (`name`,`path`,`method`,`description`,`version`,`category`,`is_public`,`create_time`,`update_time`,`is_deleted`,`id`) VALUES ('注销账号','/api/user/write_off',2,'注销用户账号','v1',1,0,1743832681,1743832681,0,13)
[KUBEGALE]2025-04-05 13:58:02.016	[34minfo[0m	/Users/daihao/Downloads/gocode/KubeGale/initialize/internal/gorm_logger_writer.go:30	[32m/Users/daihao/Downloads/gocode/KubeGale/resource/system/sys_api.go:88
[0m[33m[8.815ms] [34;1m[rows:0][0m SELECT * FROM `sys_apis` WHERE id = 14 AND `sys_apis`.`id` = 14 ORDER BY `sys_apis`.`id` LIMIT 1
[KUBEGALE]2025-04-05 13:58:02.022	[34minfo[0m	/Users/daihao/Downloads/gocode/KubeGale/initialize/internal/gorm_logger_writer.go:30	[32m/Users/daihao/Downloads/gocode/KubeGale/resource/system/sys_api.go:88
[0m[33m[5.655ms] [34;1m[rows:1][0m INSERT INTO `sys_apis` (`name`,`path`,`method`,`description`,`version`,`category`,`is_public`,`create_time`,`update_time`,`is_deleted`,`id`) VALUES ('更新用户信息','/api/user/profile/update',2,'更新用户信息','v1',1,0,1743832682,1743832682,0,14)
[KUBEGALE]2025-04-05 13:58:02.024	[34minfo[0m	/Users/daihao/Downloads/gocode/KubeGale/initialize/internal/gorm_logger_writer.go:30	[32m/Users/daihao/Downloads/gocode/KubeGale/resource/system/sys_api.go:88
[0m[33m[2.137ms] [34;1m[rows:0][0m SELECT * FROM `sys_apis` WHERE id = 15 AND `sys_apis`.`id` = 15 ORDER BY `sys_apis`.`id` LIMIT 1
[KUBEGALE]2025-04-05 13:58:02.026	[34minfo[0m	/Users/daihao/Downloads/gocode/KubeGale/initialize/internal/gorm_logger_writer.go:30	[32m/Users/daihao/Downloads/gocode/KubeGale/resource/system/sys_api.go:88
[0m[33m[1.611ms] [34;1m[rows:1][0m INSERT INTO `sys_apis` (`name`,`path`,`method`,`description`,`version`,`category`,`is_public`,`create_time`,`update_time`,`is_deleted`,`id`) VALUES ('删除用户','/api/user/:id',4,'删除用户','v1',1,0,1743832682,1743832682,0,15)
[KUBEGALE]2025-04-05 13:58:02.040	[34minfo[0m	/Users/daihao/Downloads/gocode/KubeGale/initialize/internal/gorm_logger_writer.go:30	[32m/Users/daihao/Downloads/gocode/KubeGale/resource/system/sys_api.go:88
[0m[33m[13.255ms] [34;1m[rows:0][0m SELECT * FROM `sys_apis` WHERE id = 16 AND `sys_apis`.`id` = 16 ORDER BY `sys_apis`.`id` LIMIT 1
[KUBEGALE]2025-04-05 13:58:02.043	[34minfo[0m	/Users/daihao/Downloads/gocode/KubeGale/initialize/internal/gorm_logger_writer.go:30	[32m/Users/daihao/Downloads/gocode/KubeGale/resource/system/sys_api.go:88
[0m[33m[2.253ms] [34;1m[rows:1][0m INSERT INTO `sys_apis` (`name`,`path`,`method`,`description`,`version`,`category`,`is_public`,`create_time`,`update_time`,`is_deleted`,`id`) VALUES ('获取菜单列表','/api/menus/list',2,'获取菜单列表','v1',2,0,1743832682,1743832682,0,16)
[KUBEGALE]2025-04-05 13:58:02.044	[34minfo[0m	/Users/daihao/Downloads/gocode/KubeGale/initialize/internal/gorm_logger_writer.go:30	[32m/Users/daihao/Downloads/gocode/KubeGale/resource/system/sys_api.go:88
[0m[33m[0.797ms] [34;1m[rows:0][0m SELECT * FROM `sys_apis` WHERE id = 17 AND `sys_apis`.`id` = 17 ORDER BY `sys_apis`.`id` LIMIT 1
[KUBEGALE]2025-04-05 13:58:02.047	[34minfo[0m	/Users/daihao/Downloads/gocode/KubeGale/initialize/internal/gorm_logger_writer.go:30	[32m/Users/daihao/Downloads/gocode/KubeGale/resource/system/sys_api.go:88
[0m[33m[2.430ms] [34;1m[rows:1][0m INSERT INTO `sys_apis` (`name`,`path`,`method`,`description`,`version`,`category`,`is_public`,`create_time`,`update_time`,`is_deleted`,`id`) VALUES ('创建菜单','/api/menus/create',2,'创建菜单','v1',2,0,1743832682,1743832682,0,17)
[KUBEGALE]2025-04-05 13:58:02.048	[34minfo[0m	/Users/daihao/Downloads/gocode/KubeGale/initialize/internal/gorm_logger_writer.go:30	[32m/Users/daihao/Downloads/gocode/KubeGale/resource/system/sys_api.go:88
[0m[33m[0.656ms] [34;1m[rows:0][0m SELECT * FROM `sys_apis` WHERE id = 18 AND `sys_apis`.`id` = 18 ORDER BY `sys_apis`.`id` LIMIT 1
[KUBEGALE]2025-04-05 13:58:02.049	[34minfo[0m	/Users/daihao/Downloads/gocode/KubeGale/initialize/internal/gorm_logger_writer.go:30	[32m/Users/daihao/Downloads/gocode/KubeGale/resource/system/sys_api.go:88
[0m[33m[1.035ms] [34;1m[rows:1][0m INSERT INTO `sys_apis` (`name`,`path`,`method`,`description`,`version`,`category`,`is_public`,`create_time`,`update_time`,`is_deleted`,`id`) VALUES ('更新菜单','/api/menus/update',2,'更新菜单','v1',2,0,1743832682,1743832682,0,18)
[KUBEGALE]2025-04-05 13:58:02.053	[34minfo[0m	/Users/daihao/Downloads/gocode/KubeGale/initialize/internal/gorm_logger_writer.go:30	[32m/Users/daihao/Downloads/gocode/KubeGale/resource/system/sys_api.go:88
[0m[33m[3.371ms] [34;1m[rows:0][0m SELECT * FROM `sys_apis` WHERE id = 19 AND `sys_apis`.`id` = 19 ORDER BY `sys_apis`.`id` LIMIT 1
[KUBEGALE]2025-04-05 13:58:02.055	[34minfo[0m	/Users/daihao/Downloads/gocode/KubeGale/initialize/internal/gorm_logger_writer.go:30	[32m/Users/daihao/Downloads/gocode/KubeGale/resource/system/sys_api.go:88
[0m[33m[1.677ms] [34;1m[rows:1][0m INSERT INTO `sys_apis` (`name`,`path`,`method`,`description`,`version`,`category`,`is_public`,`create_time`,`update_time`,`is_deleted`,`id`) VALUES ('删除菜单','/api/menus/:id',4,'删除菜单','v1',2,0,1743832682,1743832682,0,19)
[KUBEGALE]2025-04-05 13:58:02.056	[34minfo[0m	/Users/daihao/Downloads/gocode/KubeGale/initialize/internal/gorm_logger_writer.go:30	[32m/Users/daihao/Downloads/gocode/KubeGale/resource/system/sys_api.go:88
[0m[33m[0.922ms] [34;1m[rows:0][0m SELECT * FROM `sys_apis` WHERE id = 20 AND `sys_apis`.`id` = 20 ORDER BY `sys_apis`.`id` LIMIT 1
[KUBEGALE]2025-04-05 13:58:02.057	[34minfo[0m	/Users/daihao/Downloads/gocode/KubeGale/initialize/internal/gorm_logger_writer.go:30	[32m/Users/daihao/Downloads/gocode/KubeGale/resource/system/sys_api.go:88
[0m[33m[0.824ms] [34;1m[rows:1][0m INSERT INTO `sys_apis` (`name`,`path`,`method`,`description`,`version`,`category`,`is_public`,`create_time`,`update_time`,`is_deleted`,`id`) VALUES ('更新用户菜单关联','/api/menus/update_related',2,'更新用户菜单关联','v1',2,0,1743832682,1743832682,0,20)
[KUBEGALE]2025-04-05 13:58:02.057	[34minfo[0m	/Users/daihao/Downloads/gocode/KubeGale/initialize/internal/gorm_logger_writer.go:30	[32m/Users/daihao/Downloads/gocode/KubeGale/resource/system/sys_api.go:88
[0m[33m[0.416ms] [34;1m[rows:0][0m SELECT * FROM `sys_apis` WHERE id = 21 AND `sys_apis`.`id` = 21 ORDER BY `sys_apis`.`id` LIMIT 1
[KUBEGALE]2025-04-05 13:58:02.058	[34minfo[0m	/Users/daihao/Downloads/gocode/KubeGale/initialize/internal/gorm_logger_writer.go:30	[32m/Users/daihao/Downloads/gocode/KubeGale/resource/system/sys_api.go:88
[0m[33m[0.506ms] [34;1m[rows:1][0m INSERT INTO `sys_apis` (`name`,`path`,`method`,`description`,`version`,`category`,`is_public`,`create_time`,`update_time`,`is_deleted`,`id`) VALUES ('获取API列表','/api/apis/list',1,'获取API列表','v1',3,0,1743832682,1743832682,0,21)
[KUBEGALE]2025-04-05 13:58:02.058	[34minfo[0m	/Users/daihao/Downloads/gocode/KubeGale/initialize/internal/gorm_logger_writer.go:30	[32m/Users/daihao/Downloads/gocode/KubeGale/resource/system/sys_api.go:88
[0m[33m[0.376ms] [34;1m[rows:0][0m SELECT * FROM `sys_apis` WHERE id = 22 AND `sys_apis`.`id` = 22 ORDER BY `sys_apis`.`id` LIMIT 1
[KUBEGALE]2025-04-05 13:58:02.059	[34minfo[0m	/Users/daihao/Downloads/gocode/KubeGale/initialize/internal/gorm_logger_writer.go:30	[32m/Users/daihao/Downloads/gocode/KubeGale/resource/system/sys_api.go:88
[0m[33m[0.598ms] [34;1m[rows:1][0m INSERT INTO `sys_apis` (`name`,`path`,`method`,`description`,`version`,`category`,`is_public`,`create_time`,`update_time`,`is_deleted`,`id`) VALUES ('创建API','/api/apis/create',2,'创建API','v1',3,0,1743832682,1743832682,0,22)
[KUBEGALE]2025-04-05 13:58:02.060	[34minfo[0m	/Users/daihao/Downloads/gocode/KubeGale/initialize/internal/gorm_logger_writer.go:30	[32m/Users/daihao/Downloads/gocode/KubeGale/resource/system/sys_api.go:88
[0m[33m[0.496ms] [34;1m[rows:0][0m SELECT * FROM `sys_apis` WHERE id = 23 AND `sys_apis`.`id` = 23 ORDER BY `sys_apis`.`id` LIMIT 1
[KUBEGALE]2025-04-05 13:58:02.061	[34minfo[0m	/Users/daihao/Downloads/gocode/KubeGale/initialize/internal/gorm_logger_writer.go:30	[32m/Users/daihao/Downloads/gocode/KubeGale/resource/system/sys_api.go:88
[0m[33m[0.898ms] [34;1m[rows:1][0m INSERT INTO `sys_apis` (`name`,`path`,`method`,`description`,`version`,`category`,`is_public`,`create_time`,`update_time`,`is_deleted`,`id`) VALUES ('更新API','/api/apis/update',2,'更新API','v1',3,0,1743832682,1743832682,0,23)
[KUBEGALE]2025-04-05 13:58:02.062	[34minfo[0m	/Users/daihao/Downloads/gocode/KubeGale/initialize/internal/gorm_logger_writer.go:30	[32m/Users/daihao/Downloads/gocode/KubeGale/resource/system/sys_api.go:88
[0m[33m[1.104ms] [34;1m[rows:0][0m SELECT * FROM `sys_apis` WHERE id = 24 AND `sys_apis`.`id` = 24 ORDER BY `sys_apis`.`id` LIMIT 1
[KUBEGALE]2025-04-05 13:58:02.063	[34minfo[0m	/Users/daihao/Downloads/gocode/KubeGale/initialize/internal/gorm_logger_writer.go:30	[32m/Users/daihao/Downloads/gocode/KubeGale/resource/system/sys_api.go:88
[0m[33m[0.900ms] [34;1m[rows:1][0m INSERT INTO `sys_apis` (`name`,`path`,`method`,`description`,`version`,`category`,`is_public`,`create_time`,`update_time`,`is_deleted`,`id`) VALUES ('删除API','/api/apis/:id',4,'删除API','v1',3,0,1743832682,1743832682,0,24)
[KUBEGALE]2025-04-05 13:58:02.064	[34minfo[0m	/Users/daihao/Downloads/gocode/KubeGale/initialize/internal/gorm_logger_writer.go:30	[32m/Users/daihao/Downloads/gocode/KubeGale/resource/system/sys_api.go:88
[0m[33m[0.574ms] [34;1m[rows:0][0m SELECT * FROM `sys_apis` WHERE id = 25 AND `sys_apis`.`id` = 25 ORDER BY `sys_apis`.`id` LIMIT 1
[KUBEGALE]2025-04-05 13:58:02.065	[34minfo[0m	/Users/daihao/Downloads/gocode/KubeGale/initialize/internal/gorm_logger_writer.go:30	[32m/Users/daihao/Downloads/gocode/KubeGale/resource/system/sys_api.go:88
[0m[33m[0.769ms] [34;1m[rows:1][0m INSERT INTO `sys_apis` (`name`,`path`,`method`,`description`,`version`,`category`,`is_public`,`create_time`,`update_time`,`is_deleted`,`id`) VALUES ('获取角色列表','/api/roles/list',2,'获取角色列表','v1',4,0,1743832682,1743832682,0,25)
[KUBEGALE]2025-04-05 13:58:02.065	[34minfo[0m	/Users/daihao/Downloads/gocode/KubeGale/initialize/internal/gorm_logger_writer.go:30	[32m/Users/daihao/Downloads/gocode/KubeGale/resource/system/sys_api.go:88
[0m[33m[0.274ms] [34;1m[rows:0][0m SELECT * FROM `sys_apis` WHERE id = 26 AND `sys_apis`.`id` = 26 ORDER BY `sys_apis`.`id` LIMIT 1
[KUBEGALE]2025-04-05 13:58:02.066	[34minfo[0m	/Users/daihao/Downloads/gocode/KubeGale/initialize/internal/gorm_logger_writer.go:30	[32m/Users/daihao/Downloads/gocode/KubeGale/resource/system/sys_api.go:88
[0m[33m[0.685ms] [34;1m[rows:1][0m INSERT INTO `sys_apis` (`name`,`path`,`method`,`description`,`version`,`category`,`is_public`,`create_time`,`update_time`,`is_deleted`,`id`) VALUES ('创建角色','/api/roles/create',2,'创建角色','v1',4,0,1743832682,1743832682,0,26)
[KUBEGALE]2025-04-05 13:58:02.066	[34minfo[0m	/Users/daihao/Downloads/gocode/KubeGale/initialize/internal/gorm_logger_writer.go:30	[32m/Users/daihao/Downloads/gocode/KubeGale/resource/system/sys_api.go:88
[0m[33m[0.263ms] [34;1m[rows:0][0m SELECT * FROM `sys_apis` WHERE id = 27 AND `sys_apis`.`id` = 27 ORDER BY `sys_apis`.`id` LIMIT 1
[KUBEGALE]2025-04-05 13:58:02.067	[34minfo[0m	/Users/daihao/Downloads/gocode/KubeGale/initialize/internal/gorm_logger_writer.go:30	[32m/Users/daihao/Downloads/gocode/KubeGale/resource/system/sys_api.go:88
[0m[33m[0.445ms] [34;1m[rows:1][0m INSERT INTO `sys_apis` (`name`,`path`,`method`,`description`,`version`,`category`,`is_public`,`create_time`,`update_time`,`is_deleted`,`id`) VALUES ('更新角色','/api/roles/update',2,'更新角色','v1',4,0,1743832682,1743832682,0,27)
[KUBEGALE]2025-04-05 13:58:02.067	[34minfo[0m	/Users/daihao/Downloads/gocode/KubeGale/initialize/internal/gorm_logger_writer.go:30	[32m/Users/daihao/Downloads/gocode/KubeGale/resource/system/sys_api.go:88
[0m[33m[0.287ms] [34;1m[rows:0][0m SELECT * FROM `sys_apis` WHERE id = 28 AND `sys_apis`.`id` = 28 ORDER BY `sys_apis`.`id` LIMIT 1
[KUBEGALE]2025-04-05 13:58:02.068	[34minfo[0m	/Users/daihao/Downloads/gocode/KubeGale/initialize/internal/gorm_logger_writer.go:30	[32m/Users/daihao/Downloads/gocode/KubeGale/resource/system/sys_api.go:88
[0m[33m[0.848ms] [34;1m[rows:1][0m INSERT INTO `sys_apis` (`name`,`path`,`method`,`description`,`version`,`category`,`is_public`,`create_time`,`update_time`,`is_deleted`,`id`) VALUES ('删除角色','/api/roles/:id',4,'删除角色','v1',4,0,1743832682,1743832682,0,28)
[KUBEGALE]2025-04-05 13:58:02.069	[34minfo[0m	/Users/daihao/Downloads/gocode/KubeGale/initialize/internal/gorm_logger_writer.go:30	[32m/Users/daihao/Downloads/gocode/KubeGale/resource/system/sys_api.go:88
[0m[33m[0.280ms] [34;1m[rows:0][0m SELECT * FROM `sys_apis` WHERE id = 29 AND `sys_apis`.`id` = 29 ORDER BY `sys_apis`.`id` LIMIT 1
[KUBEGALE]2025-04-05 13:58:02.069	[34minfo[0m	/Users/daihao/Downloads/gocode/KubeGale/initialize/internal/gorm_logger_writer.go:30	[32m/Users/daihao/Downloads/gocode/KubeGale/resource/system/sys_api.go:88
[0m[33m[0.408ms] [34;1m[rows:1][0m INSERT INTO `sys_apis` (`name`,`path`,`method`,`description`,`version`,`category`,`is_public`,`create_time`,`update_time`,`is_deleted`,`id`) VALUES ('获取角色详情','/api/roles/:id',1,'获取角色详情','v1',4,0,1743832682,1743832682,0,29)
[KUBEGALE]2025-04-05 13:58:02.069	[34minfo[0m	/Users/daihao/Downloads/gocode/KubeGale/initialize/internal/gorm_logger_writer.go:30	[32m/Users/daihao/Downloads/gocode/KubeGale/resource/system/sys_api.go:88
[0m[33m[0.259ms] [34;1m[rows:0][0m SELECT * FROM `sys_apis` WHERE id = 30 AND `sys_apis`.`id` = 30 ORDER BY `sys_apis`.`id` LIMIT 1
[KUBEGALE]2025-04-05 13:58:02.070	[34minfo[0m	/Users/daihao/Downloads/gocode/KubeGale/initialize/internal/gorm_logger_writer.go:30	[32m/Users/daihao/Downloads/gocode/KubeGale/resource/system/sys_api.go:88
[0m[33m[0.613ms] [34;1m[rows:1][0m INSERT INTO `sys_apis` (`name`,`path`,`method`,`description`,`version`,`category`,`is_public`,`create_time`,`update_time`,`is_deleted`,`id`) VALUES ('获取用户角色','/api/roles/user/:id',1,'获取用户角色','v1',4,0,1743832682,1743832682,0,30)
[KUBEGALE]2025-04-05 13:58:02.071	[34minfo[0m	/Users/daihao/Downloads/gocode/KubeGale/initialize/internal/gorm_logger_writer.go:30	[32m/Users/daihao/Downloads/gocode/KubeGale/resource/system/sys_api.go:88
[0m[33m[0.436ms] [34;1m[rows:0][0m SELECT * FROM `sys_apis` WHERE id = 31 AND `sys_apis`.`id` = 31 ORDER BY `sys_apis`.`id` LIMIT 1
[KUBEGALE]2025-04-05 13:58:02.072	[34minfo[0m	/Users/daihao/Downloads/gocode/KubeGale/initialize/internal/gorm_logger_writer.go:30	[32m/Users/daihao/Downloads/gocode/KubeGale/resource/system/sys_api.go:88
[0m[33m[0.801ms] [34;1m[rows:1][0m INSERT INTO `sys_apis` (`name`,`path`,`method`,`description`,`version`,`category`,`is_public`,`create_time`,`update_time`,`is_deleted`,`id`) VALUES ('分配用户角色','/api/permissions/user/assign',2,'分配用户角色','v1',5,0,1743832682,1743832682,0,31)
[KUBEGALE]2025-04-05 13:58:02.072	[34minfo[0m	/Users/daihao/Downloads/gocode/KubeGale/initialize/internal/gorm_logger_writer.go:30	[32m/Users/daihao/Downloads/gocode/KubeGale/resource/system/sys_api.go:88
[0m[33m[0.341ms] [34;1m[rows:0][0m SELECT * FROM `sys_apis` WHERE id = 32 AND `sys_apis`.`id` = 32 ORDER BY `sys_apis`.`id` LIMIT 1
[KUBEGALE]2025-04-05 13:58:02.073	[34minfo[0m	/Users/daihao/Downloads/gocode/KubeGale/initialize/internal/gorm_logger_writer.go:30	[32m/Users/daihao/Downloads/gocode/KubeGale/resource/system/sys_api.go:88
[0m[33m[0.690ms] [34;1m[rows:1][0m INSERT INTO `sys_apis` (`name`,`path`,`method`,`description`,`version`,`category`,`is_public`,`create_time`,`update_time`,`is_deleted`,`id`) VALUES ('批量分配用户角色','/api/permissions/users/assign',2,'批量分配用户角色','v1',5,0,1743832682,1743832682,0,32)
[KUBEGALE]2025-04-05 13:58:02.074	[34minfo[0m	/Users/daihao/Downloads/gocode/KubeGale/initialize/internal/gorm_logger_writer.go:30	[32m/Users/daihao/Downloads/gocode/KubeGale/resource/system/sys_api.go:88
[0m[33m[0.998ms] [34;1m[rows:0][0m SELECT * FROM `sys_apis` WHERE id = 33 AND `sys_apis`.`id` = 33 ORDER BY `sys_apis`.`id` LIMIT 1
[KUBEGALE]2025-04-05 13:58:02.075	[34minfo[0m	/Users/daihao/Downloads/gocode/KubeGale/initialize/internal/gorm_logger_writer.go:30	[32m/Users/daihao/Downloads/gocode/KubeGale/resource/system/sys_api.go:88
[0m[33m[0.793ms] [34;1m[rows:1][0m INSERT INTO `sys_apis` (`name`,`path`,`method`,`description`,`version`,`category`,`is_public`,`create_time`,`update_time`,`is_deleted`,`id`) VALUES ('创建操作记录','/api/sysOperationRecord/createSysOperationRecord',2,'创建系统操作记录','v1',6,0,1743832682,1743832682,0,33)
[KUBEGALE]2025-04-05 13:58:02.076	[34minfo[0m	/Users/daihao/Downloads/gocode/KubeGale/initialize/internal/gorm_logger_writer.go:30	[32m/Users/daihao/Downloads/gocode/KubeGale/resource/system/sys_api.go:88
[0m[33m[0.343ms] [34;1m[rows:0][0m SELECT * FROM `sys_apis` WHERE id = 34 AND `sys_apis`.`id` = 34 ORDER BY `sys_apis`.`id` LIMIT 1
[KUBEGALE]2025-04-05 13:58:02.077	[34minfo[0m	/Users/daihao/Downloads/gocode/KubeGale/initialize/internal/gorm_logger_writer.go:30	[32m/Users/daihao/Downloads/gocode/KubeGale/resource/system/sys_api.go:88
[0m[33m[0.905ms] [34;1m[rows:1][0m INSERT INTO `sys_apis` (`name`,`path`,`method`,`description`,`version`,`category`,`is_public`,`create_time`,`update_time`,`is_deleted`,`id`) VALUES ('删除操作记录','/api/sysOperationRecord/deleteSysOperationRecord',4,'删除系统操作记录','v1',6,0,1743832682,1743832682,0,34)
[KUBEGALE]2025-04-05 13:58:02.077	[34minfo[0m	/Users/daihao/Downloads/gocode/KubeGale/initialize/internal/gorm_logger_writer.go:30	[32m/Users/daihao/Downloads/gocode/KubeGale/resource/system/sys_api.go:88
[0m[33m[0.283ms] [34;1m[rows:0][0m SELECT * FROM `sys_apis` WHERE id = 35 AND `sys_apis`.`id` = 35 ORDER BY `sys_apis`.`id` LIMIT 1
[KUBEGALE]2025-04-05 13:58:02.078	[34minfo[0m	/Users/daihao/Downloads/gocode/KubeGale/initialize/internal/gorm_logger_writer.go:30	[32m/Users/daihao/Downloads/gocode/KubeGale/resource/system/sys_api.go:88
[0m[33m[0.643ms] [34;1m[rows:1][0m INSERT INTO `sys_apis` (`name`,`path`,`method`,`description`,`version`,`category`,`is_public`,`create_time`,`update_time`,`is_deleted`,`id`) VALUES ('批量删除操作记录','/api/sysOperationRecord/deleteSysOperationRecordByIds',4,'批量删除系统操作记录','v1',6,0,1743832682,1743832682,0,35)
[KUBEGALE]2025-04-05 13:58:02.078	[34minfo[0m	/Users/daihao/Downloads/gocode/KubeGale/initialize/internal/gorm_logger_writer.go:30	[32m/Users/daihao/Downloads/gocode/KubeGale/resource/system/sys_api.go:88
[0m[33m[0.405ms] [34;1m[rows:0][0m SELECT * FROM `sys_apis` WHERE id = 36 AND `sys_apis`.`id` = 36 ORDER BY `sys_apis`.`id` LIMIT 1
[KUBEGALE]2025-04-05 13:58:02.079	[34minfo[0m	/Users/daihao/Downloads/gocode/KubeGale/initialize/internal/gorm_logger_writer.go:30	[32m/Users/daihao/Downloads/gocode/KubeGale/resource/system/sys_api.go:88
[0m[33m[0.647ms] [34;1m[rows:1][0m INSERT INTO `sys_apis` (`name`,`path`,`method`,`description`,`version`,`category`,`is_public`,`create_time`,`update_time`,`is_deleted`,`id`) VALUES ('查找操作记录','/api/sysOperationRecord/findSysOperationRecord',1,'查找系统操作记录','v1',6,0,1743832682,1743832682,0,36)
[KUBEGALE]2025-04-05 13:58:02.079	[34minfo[0m	/Users/daihao/Downloads/gocode/KubeGale/initialize/internal/gorm_logger_writer.go:30	[32m/Users/daihao/Downloads/gocode/KubeGale/resource/system/sys_api.go:88
[0m[33m[0.308ms] [34;1m[rows:0][0m SELECT * FROM `sys_apis` WHERE id = 37 AND `sys_apis`.`id` = 37 ORDER BY `sys_apis`.`id` LIMIT 1
[KUBEGALE]2025-04-05 13:58:02.081	[34minfo[0m	/Users/daihao/Downloads/gocode/KubeGale/initialize/internal/gorm_logger_writer.go:30	[32m/Users/daihao/Downloads/gocode/KubeGale/resource/system/sys_api.go:88
[0m[33m[1.187ms] [34;1m[rows:1][0m INSERT INTO `sys_apis` (`name`,`path`,`method`,`description`,`version`,`category`,`is_public`,`create_time`,`update_time`,`is_deleted`,`id`) VALUES ('获取操作记录列表','/api/sysOperationRecord/getSysOperationRecordList',1,'获取系统操作记录列表','v1',6,0,1743832682,1743832682,0,37)
[KUBEGALE]2025-04-05 13:58:02.082	[34minfo[0m	/Users/daihao/Downloads/gocode/KubeGale/initialize/internal/gorm_logger_writer.go:30	[32m/Users/daihao/Downloads/gocode/KubeGale/resource/system/sys_api.go:88
[0m[33m[0.980ms] [34;1m[rows:0][0m SELECT * FROM `sys_apis` WHERE id = 38 AND `sys_apis`.`id` = 38 ORDER BY `sys_apis`.`id` LIMIT 1
[KUBEGALE]2025-04-05 13:58:02.084	[34minfo[0m	/Users/daihao/Downloads/gocode/KubeGale/initialize/internal/gorm_logger_writer.go:30	[32m/Users/daihao/Downloads/gocode/KubeGale/resource/system/sys_api.go:88
[0m[33m[1.515ms] [34;1m[rows:1][0m INSERT INTO `sys_apis` (`name`,`path`,`method`,`description`,`version`,`category`,`is_public`,`create_time`,`update_time`,`is_deleted`,`id`) VALUES ('健康检查','/health',1,'系统健康状态检查','v1',7,1,1743832682,1743832682,0,38)
[KUBEGALE]2025-04-05 13:58:02.092	[34minfo[0m	/Users/daihao/Downloads/gocode/KubeGale/initialize/internal/gorm_logger_writer.go:30	[32m/Users/daihao/Downloads/gocode/KubeGale/resource/system/sys_menu.go:21
[0m[33m[7.266ms] [34;1m[rows:1][0m SELECT count(*) FROM `sys_base_menus`
[KUBEGALE]2025-04-05 13:58:02.095	[34minfo[0m	/Users/daihao/Downloads/gocode/KubeGale/initialize/internal/gorm_logger_writer.go:30	[32m/Users/daihao/Downloads/gocode/KubeGale/resource/system/sys_menu.go:99
[0m[33m[2.672ms] [34;1m[rows:0][0m SELECT * FROM `sys_base_menus` WHERE id = 1 AND `sys_base_menus`.`id` = 1 ORDER BY `sys_base_menus`.`id` LIMIT 1
[KUBEGALE]2025-04-05 13:58:02.099	[34minfo[0m	/Users/daihao/Downloads/gocode/KubeGale/initialize/internal/gorm_logger_writer.go:30	[32m/Users/daihao/Downloads/gocode/KubeGale/resource/system/sys_menu.go:99
[0m[33m[3.129ms] [34;1m[rows:1][0m INSERT INTO `sys_base_menus` (`name`,`parent_id`,`path`,`component`,`route_name`,`hidden`,`redirect`,`meta`,`create_time`,`update_time`,`is_deleted`,`id`) VALUES ('Dashboard',0,'/','BasicLayout','',0,'','{"order":-1,"title":"page.dashboard.title","icon":""}',1743832682,1743832682,0,1)
[KUBEGALE]2025-04-05 13:58:02.099	[34minfo[0m	/Users/daihao/Downloads/gocode/KubeGale/initialize/internal/gorm_logger_writer.go:30	[32m/Users/daihao/Downloads/gocode/KubeGale/resource/system/sys_menu.go:99
[0m[33m[0.486ms] [34;1m[rows:0][0m SELECT * FROM `sys_base_menus` WHERE id = 2 AND `sys_base_menus`.`id` = 2 ORDER BY `sys_base_menus`.`id` LIMIT 1
[KUBEGALE]2025-04-05 13:58:02.101	[34minfo[0m	/Users/daihao/Downloads/gocode/KubeGale/initialize/internal/gorm_logger_writer.go:30	[32m/Users/daihao/Downloads/gocode/KubeGale/resource/system/sys_menu.go:99
[0m[33m[1.232ms] [34;1m[rows:1][0m INSERT INTO `sys_base_menus` (`name`,`parent_id`,`path`,`component`,`route_name`,`hidden`,`redirect`,`meta`,`create_time`,`update_time`,`is_deleted`,`id`) VALUES ('Welcome',1,'/system_welcome','/dashboard/SystemWelcome','',0,'','{"title":"欢迎页","affixTab":true,"icon":"lucide:area-chart"}',1743832682,1743832682,0,2)
[KUBEGALE]2025-04-05 13:58:02.102	[34minfo[0m	/Users/daihao/Downloads/gocode/KubeGale/initialize/internal/gorm_logger_writer.go:30	[32m/Users/daihao/Downloads/gocode/KubeGale/resource/system/sys_menu.go:99
[0m[33m[0.542ms] [34;1m[rows:0][0m SELECT * FROM `sys_base_menus` WHERE id = 3 AND `sys_base_menus`.`id` = 3 ORDER BY `sys_base_menus`.`id` LIMIT 1
[KUBEGALE]2025-04-05 13:58:02.103	[34minfo[0m	/Users/daihao/Downloads/gocode/KubeGale/initialize/internal/gorm_logger_writer.go:30	[32m/Users/daihao/Downloads/gocode/KubeGale/resource/system/sys_menu.go:99
[0m[33m[0.751ms] [34;1m[rows:1][0m INSERT INTO `sys_base_menus` (`name`,`parent_id`,`path`,`component`,`route_name`,`hidden`,`redirect`,`meta`,`create_time`,`update_time`,`is_deleted`,`id`) VALUES ('用户管理',1,'/system_user','/dashboard/SystemUser','',0,'','{"title":"用户管理","icon":"lucide:user"}',1743832682,1743832682,0,3)
[KUBEGALE]2025-04-05 13:58:02.104	[34minfo[0m	/Users/daihao/Downloads/gocode/KubeGale/initialize/internal/gorm_logger_writer.go:30	[32m/Users/daihao/Downloads/gocode/KubeGale/resource/system/sys_menu.go:99
[0m[33m[0.510ms] [34;1m[rows:0][0m SELECT * FROM `sys_base_menus` WHERE id = 4 AND `sys_base_menus`.`id` = 4 ORDER BY `sys_base_menus`.`id` LIMIT 1
[KUBEGALE]2025-04-05 13:58:02.105	[34minfo[0m	/Users/daihao/Downloads/gocode/KubeGale/initialize/internal/gorm_logger_writer.go:30	[32m/Users/daihao/Downloads/gocode/KubeGale/resource/system/sys_menu.go:99
[0m[33m[0.723ms] [34;1m[rows:1][0m INSERT INTO `sys_base_menus` (`name`,`parent_id`,`path`,`component`,`route_name`,`hidden`,`redirect`,`meta`,`create_time`,`update_time`,`is_deleted`,`id`) VALUES ('菜单管理',1,'/system_menu','/dashboard/SystemMenu','',0,'','{"title":"菜单管理","icon":"lucide:menu"}',1743832682,1743832682,0,4)
[KUBEGALE]2025-04-05 13:58:02.106	[34minfo[0m	/Users/daihao/Downloads/gocode/KubeGale/initialize/internal/gorm_logger_writer.go:30	[32m/Users/daihao/Downloads/gocode/KubeGale/resource/system/sys_menu.go:99
[0m[33m[0.294ms] [34;1m[rows:0][0m SELECT * FROM `sys_base_menus` WHERE id = 5 AND `sys_base_menus`.`id` = 5 ORDER BY `sys_base_menus`.`id` LIMIT 1
[KUBEGALE]2025-04-05 13:58:02.106	[34minfo[0m	/Users/daihao/Downloads/gocode/KubeGale/initialize/internal/gorm_logger_writer.go:30	[32m/Users/daihao/Downloads/gocode/KubeGale/resource/system/sys_menu.go:99
[0m[33m[0.476ms] [34;1m[rows:1][0m INSERT INTO `sys_base_menus` (`name`,`parent_id`,`path`,`component`,`route_name`,`hidden`,`redirect`,`meta`,`create_time`,`update_time`,`is_deleted`,`id`) VALUES ('接口管理',1,'/system_api','/dashboard/SystemApi','',0,'','{"title":"接口管理","icon":"lucide:zap"}',1743832682,1743832682,0,5)
[KUBEGALE]2025-04-05 13:58:02.107	[34minfo[0m	/Users/daihao/Downloads/gocode/KubeGale/initialize/internal/gorm_logger_writer.go:30	[32m/Users/daihao/Downloads/gocode/KubeGale/resource/system/sys_menu.go:99
[0m[33m[0.321ms] [34;1m[rows:0][0m SELECT * FROM `sys_base_menus` WHERE id = 6 AND `sys_base_menus`.`id` = 6 ORDER BY `sys_base_menus`.`id` LIMIT 1
[KUBEGALE]2025-04-05 13:58:02.108	[34minfo[0m	/Users/daihao/Downloads/gocode/KubeGale/initialize/internal/gorm_logger_writer.go:30	[32m/Users/daihao/Downloads/gocode/KubeGale/resource/system/sys_menu.go:99
[0m[33m[0.747ms] [34;1m[rows:1][0m INSERT INTO `sys_base_menus` (`name`,`parent_id`,`path`,`component`,`route_name`,`hidden`,`redirect`,`meta`,`create_time`,`update_time`,`is_deleted`,`id`) VALUES ('角色权限',1,'/system_role','/dashboard/SystemRole','',0,'','{"title":"角色权限","icon":"lucide:users"}',1743832682,1743832682,0,6)
[KUBEGALE]2025-04-05 13:58:02.108	[34minfo[0m	/Users/daihao/Downloads/gocode/KubeGale/initialize/internal/gorm_logger_writer.go:30	[32m/Users/daihao/goWork/pkg/mod/github.com/casbin/gorm-adapter/v3@v3.32.0/adapter.go:423
[0m[33m[0.079ms] [34;1m[rows:-][0m SELECT DATABASE()
[KUBEGALE]2025-04-05 13:58:02.109	[34minfo[0m	/Users/daihao/Downloads/gocode/KubeGale/initialize/internal/gorm_logger_writer.go:30	[32m/Users/daihao/goWork/pkg/mod/github.com/casbin/gorm-adapter/v3@v3.32.0/adapter.go:423
[0m[33m[0.510ms] [34;1m[rows:1][0m SELECT SCHEMA_NAME from Information_schema.SCHEMATA where SCHEMA_NAME LIKE 'kubegale%' ORDER BY SCHEMA_NAME='kubegale' DESC,SCHEMA_NAME limit 1
[KUBEGALE]2025-04-05 13:58:02.110	[34minfo[0m	/Users/daihao/Downloads/gocode/KubeGale/initialize/internal/gorm_logger_writer.go:30	[32m/Users/daihao/goWork/pkg/mod/github.com/casbin/gorm-adapter/v3@v3.32.0/adapter.go:423
[0m[33m[0.805ms] [34;1m[rows:-][0m SELECT count(*) FROM information_schema.tables WHERE table_schema = 'kubegale' AND table_name = 'casbin_rule' AND table_type = 'BASE TABLE'
[KUBEGALE]2025-04-05 13:58:02.117	[34minfo[0m	/Users/daihao/Downloads/gocode/KubeGale/initialize/internal/gorm_logger_writer.go:30	[32m/Users/daihao/goWork/pkg/mod/github.com/casbin/gorm-adapter/v3@v3.32.0/adapter.go:423
[0m[33m[7.304ms] [34;1m[rows:0][0m CREATE TABLE `casbin_rule` (`id` bigint unsigned AUTO_INCREMENT,`ptype` varchar(100),`v0` varchar(100),`v1` varchar(100),`v2` varchar(100),`v3` varchar(100),`v4` varchar(100),`v5` varchar(100),PRIMARY KEY (`id`))
[KUBEGALE]2025-04-05 13:58:02.117	[34minfo[0m	/Users/daihao/Downloads/gocode/KubeGale/initialize/internal/gorm_logger_writer.go:30	[32m/Users/daihao/goWork/pkg/mod/github.com/casbin/gorm-adapter/v3@v3.32.0/adapter.go:429
[0m[33m[0.099ms] [34;1m[rows:-][0m SELECT DATABASE()
[KUBEGALE]2025-04-05 13:58:02.118	[34minfo[0m	/Users/daihao/Downloads/gocode/KubeGale/initialize/internal/gorm_logger_writer.go:30	[32m/Users/daihao/goWork/pkg/mod/github.com/casbin/gorm-adapter/v3@v3.32.0/adapter.go:429
[0m[33m[0.423ms] [34;1m[rows:1][0m SELECT SCHEMA_NAME from Information_schema.SCHEMATA where SCHEMA_NAME LIKE 'kubegale%' ORDER BY SCHEMA_NAME='kubegale' DESC,SCHEMA_NAME limit 1
[KUBEGALE]2025-04-05 13:58:02.118	[34minfo[0m	/Users/daihao/Downloads/gocode/KubeGale/initialize/internal/gorm_logger_writer.go:30	[32m/Users/daihao/goWork/pkg/mod/github.com/casbin/gorm-adapter/v3@v3.32.0/adapter.go:429
[0m[33m[0.303ms] [34;1m[rows:-][0m SELECT count(*) FROM information_schema.statistics WHERE table_schema = 'kubegale' AND table_name = 'casbin_rule' AND index_name = 'idx_casbin_rule'
[KUBEGALE]2025-04-05 13:58:02.129	[34minfo[0m	/Users/daihao/Downloads/gocode/KubeGale/initialize/internal/gorm_logger_writer.go:30	[32m/Users/daihao/goWork/pkg/mod/github.com/casbin/gorm-adapter/v3@v3.32.0/adapter.go:431
[0m[33m[10.876ms] [34;1m[rows:0][0m CREATE UNIQUE INDEX idx_casbin_rule ON casbin_rule (ptype,v0,v1,v2,v3,v4,v5)
[KUBEGALE]2025-04-05 13:58:02.130	[34minfo[0m	/Users/daihao/Downloads/gocode/KubeGale/initialize/internal/gorm_logger_writer.go:30	[32m/Users/daihao/goWork/pkg/mod/github.com/casbin/gorm-adapter/v3@v3.32.0/adapter.go:492
[0m[33m[0.304ms] [34;1m[rows:0][0m SELECT * FROM `casbin_rule` ORDER BY ID
[KUBEGALE]2025-04-05 13:58:02.131	[34minfo[0m	/Users/daihao/Downloads/gocode/KubeGale/initialize/internal/gorm_logger_writer.go:30	[32m/Users/daihao/Downloads/gocode/KubeGale/resource/system/sys_user.go:39
[0m[33m[0.531ms] [34;1m[rows:1][0m SELECT count(*) FROM `sys_users` WHERE `sys_users`.`deleted_at` = 0
[KUBEGALE]2025-04-05 13:58:02.131	[34minfo[0m	/Users/daihao/Downloads/gocode/KubeGale/resource/system/sys_user.go:50	[用户模块Mock开始]
[KUBEGALE]2025-04-05 13:58:02.223	[34minfo[0m	/Users/daihao/Downloads/gocode/KubeGale/initialize/internal/gorm_logger_writer.go:30	[32m/Users/daihao/Downloads/gocode/KubeGale/resource/system/sys_user.go:77
[0m[33m[0.880ms] [34;1m[rows:0][0m SELECT * FROM `sys_users` WHERE username = 'admin' AND `sys_users`.`deleted_at` = 0 ORDER BY `sys_users`.`id` LIMIT 1
[KUBEGALE]2025-04-05 13:58:02.224	[34minfo[0m	/Users/daihao/Downloads/gocode/KubeGale/initialize/internal/gorm_logger_writer.go:30	[32m/Users/daihao/Downloads/gocode/KubeGale/resource/system/sys_user.go:77
[0m[33m[0.865ms] [34;1m[rows:1][0m INSERT INTO `sys_users` (`created_at`,`updated_at`,`deleted_at`,`username`,`password`,`real_name`,`desc`,`mobile`,`fei_shu_user_id`,`account_type`,`home_path`,`enable`) VALUES ('2025-04-05 13:58:02.223','2025-04-05 13:58:02.223',0,'admin','$2a$10$fxVObVA5gjpjBPy/DPfXF.rzwxEO8MYDLTGWQjoS3h.k8CRlymNNi','花海','','','',2,'',1)
[KUBEGALE]2025-04-05 13:58:02.224	[34minfo[0m	/Users/daihao/Downloads/gocode/KubeGale/resource/system/sys_user.go:94	管理员用户创建成功
[KUBEGALE]2025-04-05 13:58:02.224	[34minfo[0m	/Users/daihao/Downloads/gocode/KubeGale/initialize/internal/gorm_logger_writer.go:30	[32m/Users/daihao/goWork/pkg/mod/github.com/casbin/gorm-adapter/v3@v3.32.0/adapter.go:670
[0m[33m[0.663ms] [34;1m[rows:1][0m INSERT INTO `casbin_rule` (`ptype`,`v0`,`v1`,`v2`,`v3`,`v4`,`v5`) VALUES ('p','1','/*','GET','','','') ON DUPLICATE KEY UPDATE `id`=`id`
[KUBEGALE]2025-04-05 13:58:02.225	[34minfo[0m	/Users/daihao/Downloads/gocode/KubeGale/resource/system/sys_user.go:115	成功添加权限策略	{"用户": "1", "路径": "/*", "方法": "GET"}
[KUBEGALE]2025-04-05 13:58:02.225	[34minfo[0m	/Users/daihao/Downloads/gocode/KubeGale/initialize/internal/gorm_logger_writer.go:30	[32m/Users/daihao/goWork/pkg/mod/github.com/casbin/gorm-adapter/v3@v3.32.0/adapter.go:670
[0m[33m[0.778ms] [34;1m[rows:1][0m INSERT INTO `casbin_rule` (`ptype`,`v0`,`v1`,`v2`,`v3`,`v4`,`v5`) VALUES ('p','1','/*','POST','','','') ON DUPLICATE KEY UPDATE `id`=`id`
[KUBEGALE]2025-04-05 13:58:02.226	[34minfo[0m	/Users/daihao/Downloads/gocode/KubeGale/resource/system/sys_user.go:115	成功添加权限策略	{"用户": "1", "路径": "/*", "方法": "POST"}
[KUBEGALE]2025-04-05 13:58:02.226	[34minfo[0m	/Users/daihao/Downloads/gocode/KubeGale/initialize/internal/gorm_logger_writer.go:30	[32m/Users/daihao/goWork/pkg/mod/github.com/casbin/gorm-adapter/v3@v3.32.0/adapter.go:670
[0m[33m[0.774ms] [34;1m[rows:1][0m INSERT INTO `casbin_rule` (`ptype`,`v0`,`v1`,`v2`,`v3`,`v4`,`v5`) VALUES ('p','1','/*','PUT','','','') ON DUPLICATE KEY UPDATE `id`=`id`
[KUBEGALE]2025-04-05 13:58:02.226	[34minfo[0m	/Users/daihao/Downloads/gocode/KubeGale/resource/system/sys_user.go:115	成功添加权限策略	{"用户": "1", "路径": "/*", "方法": "PUT"}
[KUBEGALE]2025-04-05 13:58:02.227	[34minfo[0m	/Users/daihao/Downloads/gocode/KubeGale/initialize/internal/gorm_logger_writer.go:30	[32m/Users/daihao/goWork/pkg/mod/github.com/casbin/gorm-adapter/v3@v3.32.0/adapter.go:670
[0m[33m[0.734ms] [34;1m[rows:1][0m INSERT INTO `casbin_rule` (`ptype`,`v0`,`v1`,`v2`,`v3`,`v4`,`v5`) VALUES ('p','1','/*','DELETE','','','') ON DUPLICATE KEY UPDATE `id`=`id`
[KUBEGALE]2025-04-05 13:58:02.227	[34minfo[0m	/Users/daihao/Downloads/gocode/KubeGale/resource/system/sys_user.go:115	成功添加权限策略	{"用户": "1", "路径": "/*", "方法": "DELETE"}
[KUBEGALE]2025-04-05 13:58:02.228	[34minfo[0m	/Users/daihao/Downloads/gocode/KubeGale/initialize/internal/gorm_logger_writer.go:30	[32m/Users/daihao/goWork/pkg/mod/github.com/casbin/gorm-adapter/v3@v3.32.0/adapter.go:670
[0m[33m[0.781ms] [34;1m[rows:1][0m INSERT INTO `casbin_rule` (`ptype`,`v0`,`v1`,`v2`,`v3`,`v4`,`v5`) VALUES ('p','1','/*','PATCH','','','') ON DUPLICATE KEY UPDATE `id`=`id`
[KUBEGALE]2025-04-05 13:58:02.228	[34minfo[0m	/Users/daihao/Downloads/gocode/KubeGale/resource/system/sys_user.go:115	成功添加权限策略	{"用户": "1", "路径": "/*", "方法": "PATCH"}
[KUBEGALE]2025-04-05 13:58:02.230	[34minfo[0m	/Users/daihao/Downloads/gocode/KubeGale/initialize/internal/gorm_logger_writer.go:30	[32m/Users/daihao/goWork/pkg/mod/github.com/casbin/gorm-adapter/v3@v3.32.0/adapter.go:670
[0m[33m[1.276ms] [34;1m[rows:1][0m INSERT INTO `casbin_rule` (`ptype`,`v0`,`v1`,`v2`,`v3`,`v4`,`v5`) VALUES ('p','1','/*','HEAD','','','') ON DUPLICATE KEY UPDATE `id`=`id`
[KUBEGALE]2025-04-05 13:58:02.230	[34minfo[0m	/Users/daihao/Downloads/gocode/KubeGale/resource/system/sys_user.go:115	成功添加权限策略	{"用户": "1", "路径": "/*", "方法": "HEAD"}
[KUBEGALE]2025-04-05 13:58:02.230	[34minfo[0m	/Users/daihao/Downloads/gocode/KubeGale/initialize/internal/gorm_logger_writer.go:30	[32m/Users/daihao/goWork/pkg/mod/github.com/casbin/gorm-adapter/v3@v3.32.0/adapter.go:670
[0m[33m[0.561ms] [34;1m[rows:1][0m INSERT INTO `casbin_rule` (`ptype`,`v0`,`v1`,`v2`,`v3`,`v4`,`v5`) VALUES ('p','1','/*','OPTIONS','','','') ON DUPLICATE KEY UPDATE `id`=`id`
[KUBEGALE]2025-04-05 13:58:02.231	[34minfo[0m	/Users/daihao/Downloads/gocode/KubeGale/resource/system/sys_user.go:115	成功添加权限策略	{"用户": "1", "路径": "/*", "方法": "OPTIONS"}
[KUBEGALE]2025-04-05 13:58:02.239	[34minfo[0m	/Users/daihao/Downloads/gocode/KubeGale/initialize/internal/gorm_logger_writer.go:30	[32m/Users/daihao/goWork/pkg/mod/github.com/casbin/gorm-adapter/v3@v3.32.0/adapter.go:463
[0m[33m[7.830ms] [34;1m[rows:0][0m truncate table casbin_rule
[KUBEGALE]2025-04-05 13:58:02.240	[34minfo[0m	/Users/daihao/Downloads/gocode/KubeGale/initialize/internal/gorm_logger_writer.go:30	[32m/Users/daihao/goWork/pkg/mod/github.com/casbin/gorm-adapter/v3@v3.32.0/adapter.go:652
[0m[33m[1.202ms] [34;1m[rows:7][0m INSERT INTO `casbin_rule` (`ptype`,`v0`,`v1`,`v2`,`v3`,`v4`,`v5`) VALUES ('p','1','/*','GET','','',''),('p','1','/*','POST','','',''),('p','1','/*','PUT','','',''),('p','1','/*','DELETE','','',''),('p','1','/*','PATCH','','',''),('p','1','/*','HEAD','','',''),('p','1','/*','OPTIONS','','','') ON DUPLICATE KEY UPDATE `id`=`id`
[KUBEGALE]2025-04-05 13:58:02.242	[34minfo[0m	/Users/daihao/Downloads/gocode/KubeGale/initialize/internal/gorm_logger_writer.go:30	[32m/Users/daihao/Downloads/gocode/KubeGale/resource/system/sys_user.go:165
[0m[33m[1.359ms] [34;1m[rows:0][0m DELETE FROM `user_menus` WHERE user_id = 1
[KUBEGALE]2025-04-05 13:58:02.248	[34minfo[0m	/Users/daihao/Downloads/gocode/KubeGale/initialize/internal/gorm_logger_writer.go:30	[32m/Users/daihao/Downloads/gocode/KubeGale/resource/system/sys_user.go:175
[0m[33m[6.088ms] [34;1m[rows:6][0m INSERT INTO `user_menus` (`menu_id`,`user_id`) VALUES (1,1),(2,1),(3,1),(4,1),(5,1),(6,1)
[KUBEGALE]2025-04-05 13:58:02.248	[34minfo[0m	/Users/daihao/Downloads/gocode/KubeGale/resource/system/sys_user.go:185	[用户模块Mock结束]
