[KUBEGALE]2025-04-02 20:59:37.979	[31merror[0m	/Users/daihao/Downloads/gocode/KubeGale/api/v1/system/sys_user.go:141	æ³¨é”€ç™»å½•å¤±è´¥	{"error": "invalid authorization token"}
[KUBEGALE]2025-04-02 21:40:00.693	[31merror[0m	/Users/daihao/Downloads/gocode/KubeGale/core/server.go:69	accept tcp [::]:8080: use of closed network connection
[KUBEGALE]2025-04-02 21:47:35.747	[31merror[0m	/Users/daihao/Downloads/gocode/KubeGale/service/system/sys_premission.go:43	è·å–è§’è‰²ç°æœ‰æƒé™å¤±è´¥	{"error": "Error 1146 (42S02): Table 'kubegale.role_apis' doesn't exist", "roleId": 3}
[KUBEGALE]2025-04-02 21:47:35.748	[31merror[0m	/Users/daihao/Downloads/gocode/KubeGale/api/v1/system/sys_role.go:104	æ›´æ–°è§’è‰²æƒé™å¤±è´¥	{"error": "è·å–è§’è‰²ç°æœ‰æƒé™å¤±è´¥: Error 1146 (42S02): Table 'kubegale.role_apis' doesn't exist", "roleId": 3}
[KUBEGALE]2025-04-02 21:47:36.274	[31merror[0m	/Users/daihao/Downloads/gocode/KubeGale/service/system/sys_premission.go:43	è·å–è§’è‰²ç°æœ‰æƒé™å¤±è´¥	{"error": "Error 1146 (42S02): Table 'kubegale.role_apis' doesn't exist", "roleId": 3}
[KUBEGALE]2025-04-02 21:47:36.274	[31merror[0m	/Users/daihao/Downloads/gocode/KubeGale/api/v1/system/sys_role.go:104	æ›´æ–°è§’è‰²æƒé™å¤±è´¥	{"error": "è·å–è§’è‰²ç°æœ‰æƒé™å¤±è´¥: Error 1146 (42S02): Table 'kubegale.role_apis' doesn't exist", "roleId": 3}
[KUBEGALE]2025-04-02 21:48:52.382	[31merror[0m	/Users/daihao/Downloads/gocode/KubeGale/api/v1/system/sys_role.go:97	æ›´æ–°è§’è‰²ä¿¡æ¯å¤±è´¥	{"error": "è§’è‰²åç§°å·²è¢«ä½¿ç”¨", "roleId": 2}
[KUBEGALE]2025-04-02 21:49:17.532	[31merror[0m	/Users/daihao/Downloads/gocode/KubeGale/api/v1/system/sys_role.go:97	æ›´æ–°è§’è‰²ä¿¡æ¯å¤±è´¥	{"error": "è§’è‰²åç§°å·²è¢«ä½¿ç”¨", "roleId": 2}
[KUBEGALE]2025-04-02 21:49:29.436	[31merror[0m	/Users/daihao/Downloads/gocode/KubeGale/api/v1/system/sys_role.go:97	æ›´æ–°è§’è‰²ä¿¡æ¯å¤±è´¥	{"error": "è§’è‰²åç§°å·²è¢«ä½¿ç”¨", "roleId": 2}
[KUBEGALE]2025-04-02 21:51:12.986	[31merror[0m	/Users/daihao/Downloads/gocode/KubeGale/core/server.go:69	accept tcp [::]:8080: use of closed network connection
[KUBEGALE]2025-04-02 21:51:22.508	[31merror[0m	/Users/daihao/Downloads/gocode/KubeGale/api/v1/system/sys_role.go:97	æ›´æ–°è§’è‰²ä¿¡æ¯å¤±è´¥	{"error": "è§’è‰²åç§°å·²è¢«ä½¿ç”¨", "roleId": 2}
[KUBEGALE]2025-04-02 21:51:23.442	[31merror[0m	/Users/daihao/Downloads/gocode/KubeGale/api/v1/system/sys_role.go:97	æ›´æ–°è§’è‰²ä¿¡æ¯å¤±è´¥	{"error": "è§’è‰²åç§°å·²è¢«ä½¿ç”¨", "roleId": 2}
[KUBEGALE]2025-04-02 21:51:30.327	[31merror[0m	/Users/daihao/Downloads/gocode/KubeGale/api/v1/system/sys_role.go:97	æ›´æ–°è§’è‰²ä¿¡æ¯å¤±è´¥	{"error": "è§’è‰²åç§°å·²è¢«ä½¿ç”¨", "roleId": 2}
[KUBEGALE]2025-04-02 21:55:56.892	[31merror[0m	/Users/daihao/Downloads/gocode/KubeGale/core/server.go:69	accept tcp [::]:8080: use of closed network connection
[KUBEGALE]2025-04-02 21:56:06.151	[31merror[0m	/Users/daihao/Downloads/gocode/KubeGale/service/system/sys_premission.go:43	è·å–è§’è‰²ç°æœ‰æƒé™å¤±è´¥	{"error": "Error 1146 (42S02): Table 'kubegale.role_apis' doesn't exist", "roleId": 2}
[KUBEGALE]2025-04-02 21:56:06.151	[31merror[0m	/Users/daihao/Downloads/gocode/KubeGale/api/v1/system/sys_role.go:104	æ›´æ–°è§’è‰²æƒé™å¤±è´¥	{"error": "è·å–è§’è‰²ç°æœ‰æƒé™å¤±è´¥: Error 1146 (42S02): Table 'kubegale.role_apis' doesn't exist", "roleId": 2}
[KUBEGALE]2025-04-02 21:57:01.866	[31merror[0m	/Users/daihao/Downloads/gocode/KubeGale/core/server.go:69	accept tcp [::]:8080: use of closed network connection
[KUBEGALE]2025-04-02 21:57:13.605	[31merror[0m	/Users/daihao/Downloads/gocode/KubeGale/service/system/sys_premission.go:43	è·å–è§’è‰²ç°æœ‰æƒé™å¤±è´¥	{"error": "Error 1146 (42S02): Table 'kubegale.role_apis' doesn't exist", "roleId": 2}
[KUBEGALE]2025-04-02 21:57:13.605	[31merror[0m	/Users/daihao/Downloads/gocode/KubeGale/api/v1/system/sys_role.go:104	æ›´æ–°è§’è‰²æƒé™å¤±è´¥	{"error": "è·å–è§’è‰²ç°æœ‰æƒé™å¤±è´¥: Error 1146 (42S02): Table 'kubegale.role_apis' doesn't exist", "roleId": 2}
[KUBEGALE]2025-04-02 21:57:44.525	[31merror[0m	/Users/daihao/Downloads/gocode/KubeGale/core/server.go:69	accept tcp [::]:8080: use of closed network connection
[KUBEGALE]2025-04-02 21:57:56.854	[31merror[0m	/Users/daihao/Downloads/gocode/KubeGale/service/system/sys_premission.go:43	è·å–è§’è‰²ç°æœ‰æƒé™å¤±è´¥	{"error": "Error 1146 (42S02): Table 'kubegale.role_apis' doesn't exist", "roleId": 2}
[KUBEGALE]2025-04-02 21:57:56.854	[31merror[0m	/Users/daihao/Downloads/gocode/KubeGale/api/v1/system/sys_role.go:104	æ›´æ–°è§’è‰²æƒé™å¤±è´¥	{"error": "è·å–è§’è‰²ç°æœ‰æƒé™å¤±è´¥: Error 1146 (42S02): Table 'kubegale.role_apis' doesn't exist", "roleId": 2}
[KUBEGALE]2025-04-02 21:58:18.825	[31merror[0m	/Users/daihao/Downloads/gocode/KubeGale/core/server.go:69	accept tcp [::]:8080: use of closed network connection
[KUBEGALE]2025-04-02 21:58:29.153	[31merror[0m	/Users/daihao/Downloads/gocode/KubeGale/service/system/sys_premission.go:43	è·å–è§’è‰²ç°æœ‰æƒé™å¤±è´¥	{"error": "Error 1146 (42S02): Table 'kubegale.role_apis' doesn't exist", "roleId": 2}
[KUBEGALE]2025-04-02 21:58:29.153	[31merror[0m	/Users/daihao/Downloads/gocode/KubeGale/api/v1/system/sys_role.go:104	æ›´æ–°è§’è‰²æƒé™å¤±è´¥	{"error": "è·å–è§’è‰²ç°æœ‰æƒé™å¤±è´¥: Error 1146 (42S02): Table 'kubegale.role_apis' doesn't exist", "roleId": 2}
[KUBEGALE]2025-04-02 21:58:30.576	[31merror[0m	/Users/daihao/Downloads/gocode/KubeGale/service/system/sys_premission.go:43	è·å–è§’è‰²ç°æœ‰æƒé™å¤±è´¥	{"error": "Error 1146 (42S02): Table 'kubegale.role_apis' doesn't exist", "roleId": 2}
[KUBEGALE]2025-04-02 21:58:30.576	[31merror[0m	/Users/daihao/Downloads/gocode/KubeGale/api/v1/system/sys_role.go:104	æ›´æ–°è§’è‰²æƒé™å¤±è´¥	{"error": "è·å–è§’è‰²ç°æœ‰æƒé™å¤±è´¥: Error 1146 (42S02): Table 'kubegale.role_apis' doesn't exist", "roleId": 2}
[KUBEGALE]2025-04-02 21:58:31.234	[31merror[0m	/Users/daihao/Downloads/gocode/KubeGale/service/system/sys_premission.go:43	è·å–è§’è‰²ç°æœ‰æƒé™å¤±è´¥	{"error": "Error 1146 (42S02): Table 'kubegale.role_apis' doesn't exist", "roleId": 2}
[KUBEGALE]2025-04-02 21:58:31.234	[31merror[0m	/Users/daihao/Downloads/gocode/KubeGale/api/v1/system/sys_role.go:104	æ›´æ–°è§’è‰²æƒé™å¤±è´¥	{"error": "è·å–è§’è‰²ç°æœ‰æƒé™å¤±è´¥: Error 1146 (42S02): Table 'kubegale.role_apis' doesn't exist", "roleId": 2}
[KUBEGALE]2025-04-02 21:58:32.036	[31merror[0m	/Users/daihao/Downloads/gocode/KubeGale/service/system/sys_premission.go:43	è·å–è§’è‰²ç°æœ‰æƒé™å¤±è´¥	{"error": "Error 1146 (42S02): Table 'kubegale.role_apis' doesn't exist", "roleId": 2}
[KUBEGALE]2025-04-02 21:58:32.036	[31merror[0m	/Users/daihao/Downloads/gocode/KubeGale/api/v1/system/sys_role.go:104	æ›´æ–°è§’è‰²æƒé™å¤±è´¥	{"error": "è·å–è§’è‰²ç°æœ‰æƒé™å¤±è´¥: Error 1146 (42S02): Table 'kubegale.role_apis' doesn't exist", "roleId": 2}
[KUBEGALE]2025-04-02 21:58:34.035	[31merror[0m	/Users/daihao/Downloads/gocode/KubeGale/core/server.go:69	accept tcp [::]:8080: use of closed network connection
[KUBEGALE]2025-04-02 21:59:08.015	[31merror[0m	/Users/daihao/Downloads/gocode/KubeGale/service/system/sys_premission.go:43	è·å–è§’è‰²ç°æœ‰æƒé™å¤±è´¥	{"error": "Error 1146 (42S02): Table 'kubegale.role_apis' doesn't exist", "roleId": 2}
[KUBEGALE]2025-04-02 21:59:08.015	[31merror[0m	/Users/daihao/Downloads/gocode/KubeGale/api/v1/system/sys_role.go:104	æ›´æ–°è§’è‰²æƒé™å¤±è´¥	{"error": "è·å–è§’è‰²ç°æœ‰æƒé™å¤±è´¥: Error 1146 (42S02): Table 'kubegale.role_apis' doesn't exist", "roleId": 2}
[KUBEGALE]2025-04-02 21:59:10.006	[31merror[0m	/Users/daihao/Downloads/gocode/KubeGale/service/system/sys_premission.go:43	è·å–è§’è‰²ç°æœ‰æƒé™å¤±è´¥	{"error": "Error 1146 (42S02): Table 'kubegale.role_apis' doesn't exist", "roleId": 2}
[KUBEGALE]2025-04-02 21:59:10.006	[31merror[0m	/Users/daihao/Downloads/gocode/KubeGale/api/v1/system/sys_role.go:104	æ›´æ–°è§’è‰²æƒé™å¤±è´¥	{"error": "è·å–è§’è‰²ç°æœ‰æƒé™å¤±è´¥: Error 1146 (42S02): Table 'kubegale.role_apis' doesn't exist", "roleId": 2}
[KUBEGALE]2025-04-02 21:59:17.728	[31merror[0m	/Users/daihao/Downloads/gocode/KubeGale/core/server.go:69	accept tcp [::]:8080: use of closed network connection
[KUBEGALE]2025-04-02 21:59:27.476	[31merror[0m	/Users/daihao/Downloads/gocode/KubeGale/service/system/sys_premission.go:43	è·å–è§’è‰²ç°æœ‰æƒé™å¤±è´¥	{"error": "Error 1146 (42S02): Table 'kubegale.role_apis' doesn't exist", "roleId": 2}
[KUBEGALE]2025-04-02 21:59:27.477	[31merror[0m	/Users/daihao/Downloads/gocode/KubeGale/api/v1/system/sys_role.go:102	æ›´æ–°è§’è‰²æƒé™å¤±è´¥	{"error": "è·å–è§’è‰²ç°æœ‰æƒé™å¤±è´¥: Error 1146 (42S02): Table 'kubegale.role_apis' doesn't exist", "roleId": 2}
[KUBEGALE]2025-04-02 21:59:38.807	[31merror[0m	/Users/daihao/Downloads/gocode/KubeGale/service/system/sys_premission.go:43	è·å–è§’è‰²ç°æœ‰æƒé™å¤±è´¥	{"error": "Error 1146 (42S02): Table 'kubegale.role_apis' doesn't exist", "roleId": 3}
[KUBEGALE]2025-04-02 21:59:38.808	[31merror[0m	/Users/daihao/Downloads/gocode/KubeGale/api/v1/system/sys_role.go:102	æ›´æ–°è§’è‰²æƒé™å¤±è´¥	{"error": "è·å–è§’è‰²ç°æœ‰æƒé™å¤±è´¥: Error 1146 (42S02): Table 'kubegale.role_apis' doesn't exist", "roleId": 3}
[KUBEGALE]2025-04-02 21:59:41.069	[31merror[0m	/Users/daihao/Downloads/gocode/KubeGale/service/system/sys_premission.go:43	è·å–è§’è‰²ç°æœ‰æƒé™å¤±è´¥	{"error": "Error 1146 (42S02): Table 'kubegale.role_apis' doesn't exist", "roleId": 3}
[KUBEGALE]2025-04-02 21:59:41.070	[31merror[0m	/Users/daihao/Downloads/gocode/KubeGale/api/v1/system/sys_role.go:102	æ›´æ–°è§’è‰²æƒé™å¤±è´¥	{"error": "è·å–è§’è‰²ç°æœ‰æƒé™å¤±è´¥: Error 1146 (42S02): Table 'kubegale.role_apis' doesn't exist", "roleId": 3}
[KUBEGALE]2025-04-02 21:59:43.131	[31merror[0m	/Users/daihao/Downloads/gocode/KubeGale/service/system/sys_premission.go:43	è·å–è§’è‰²ç°æœ‰æƒé™å¤±è´¥	{"error": "Error 1146 (42S02): Table 'kubegale.role_apis' doesn't exist", "roleId": 3}
[KUBEGALE]2025-04-02 21:59:43.131	[31merror[0m	/Users/daihao/Downloads/gocode/KubeGale/api/v1/system/sys_role.go:102	æ›´æ–°è§’è‰²æƒé™å¤±è´¥	{"error": "è·å–è§’è‰²ç°æœ‰æƒé™å¤±è´¥: Error 1146 (42S02): Table 'kubegale.role_apis' doesn't exist", "roleId": 3}
[KUBEGALE]2025-04-02 21:59:43.849	[31merror[0m	/Users/daihao/Downloads/gocode/KubeGale/api/v1/system/sys_role.go:95	æ›´æ–°è§’è‰²ä¿¡æ¯å¤±è´¥	{"error": "è§’è‰²ä¸å­˜åœ¨æˆ–å·²è¢«åˆ é™¤", "roleId": 3}
[KUBEGALE]2025-04-02 21:59:55.835	[31merror[0m	/Users/daihao/Downloads/gocode/KubeGale/service/system/sys_premission.go:43	è·å–è§’è‰²ç°æœ‰æƒé™å¤±è´¥	{"error": "Error 1146 (42S02): Table 'kubegale.role_apis' doesn't exist", "roleId": 4}
[KUBEGALE]2025-04-02 21:59:55.835	[31merror[0m	/Users/daihao/Downloads/gocode/KubeGale/api/v1/system/sys_role.go:102	æ›´æ–°è§’è‰²æƒé™å¤±è´¥	{"error": "è·å–è§’è‰²ç°æœ‰æƒé™å¤±è´¥: Error 1146 (42S02): Table 'kubegale.role_apis' doesn't exist", "roleId": 4}
[KUBEGALE]2025-04-02 22:00:01.612	[31merror[0m	/Users/daihao/Downloads/gocode/KubeGale/core/server.go:69	accept tcp [::]:8080: use of closed network connection
[KUBEGALE]2025-04-02 22:04:34.973	[31merror[0m	/Users/daihao/Downloads/gocode/KubeGale/api/v1/system/sys_role.go:95	æ›´æ–°è§’è‰²ä¿¡æ¯å¤±è´¥	{"error": "å·²å­˜åœ¨é»˜è®¤è§’è‰²ï¼Œä¸€ä¸ªç³»ç»Ÿä¸­åªèƒ½æœ‰ä¸€ä¸ªé»˜è®¤è§’è‰²", "roleId": 4}
[KUBEGALE]2025-04-02 22:04:37.454	[31merror[0m	/Users/daihao/Downloads/gocode/KubeGale/api/v1/system/sys_role.go:95	æ›´æ–°è§’è‰²ä¿¡æ¯å¤±è´¥	{"error": "å·²å­˜åœ¨é»˜è®¤è§’è‰²ï¼Œä¸€ä¸ªç³»ç»Ÿä¸­åªèƒ½æœ‰ä¸€ä¸ªé»˜è®¤è§’è‰²", "roleId": 4}
[KUBEGALE]2025-04-02 22:04:39.973	[31merror[0m	/Users/daihao/Downloads/gocode/KubeGale/service/system/sys_premission.go:43	è·å–è§’è‰²ç°æœ‰æƒé™å¤±è´¥	{"error": "Error 1146 (42S02): Table 'kubegale.role_apis' doesn't exist", "roleId": 3}
[KUBEGALE]2025-04-02 22:04:39.974	[31merror[0m	/Users/daihao/Downloads/gocode/KubeGale/api/v1/system/sys_role.go:102	æ›´æ–°è§’è‰²æƒé™å¤±è´¥	{"error": "è·å–è§’è‰²ç°æœ‰æƒé™å¤±è´¥: Error 1146 (42S02): Table 'kubegale.role_apis' doesn't exist", "roleId": 3}
[KUBEGALE]2025-04-02 22:04:44.795	[31merror[0m	/Users/daihao/Downloads/gocode/KubeGale/service/system/sys_role.go:121	æŸ¥è¯¢è§’è‰²å¤±è´¥	{"error": "Apis: unsupported relations for schema Role", "id": 4}
[KUBEGALE]2025-04-02 22:04:44.795	[31merror[0m	/Users/daihao/Downloads/gocode/KubeGale/api/v1/system/sys_role.go:128	è·å–è§’è‰²ä¿¡æ¯å¤±è´¥	{"error": "æŸ¥è¯¢è§’è‰²å¤±è´¥: Apis: unsupported relations for schema Role"}
[KUBEGALE]2025-04-02 22:04:51.358	[31merror[0m	/Users/daihao/Downloads/gocode/KubeGale/service/system/sys_role.go:121	æŸ¥è¯¢è§’è‰²å¤±è´¥	{"error": "Apis: unsupported relations for schema Role", "id": 4}
[KUBEGALE]2025-04-02 22:04:51.358	[31merror[0m	/Users/daihao/Downloads/gocode/KubeGale/api/v1/system/sys_role.go:128	è·å–è§’è‰²ä¿¡æ¯å¤±è´¥	{"error": "æŸ¥è¯¢è§’è‰²å¤±è´¥: Apis: unsupported relations for schema Role"}
[KUBEGALE]2025-04-02 22:04:51.422	[31merror[0m	/Users/daihao/Downloads/gocode/KubeGale/service/system/sys_role.go:121	æŸ¥è¯¢è§’è‰²å¤±è´¥	{"error": "Apis: unsupported relations for schema Role", "id": 4}
[KUBEGALE]2025-04-02 22:04:51.422	[31merror[0m	/Users/daihao/Downloads/gocode/KubeGale/api/v1/system/sys_role.go:128	è·å–è§’è‰²ä¿¡æ¯å¤±è´¥	{"error": "æŸ¥è¯¢è§’è‰²å¤±è´¥: Apis: unsupported relations for schema Role"}
[KUBEGALE]2025-04-02 22:05:00.533	[31merror[0m	/Users/daihao/Downloads/gocode/KubeGale/service/system/sys_role.go:121	æŸ¥è¯¢è§’è‰²å¤±è´¥	{"error": "Apis: unsupported relations for schema Role", "id": 4}
[KUBEGALE]2025-04-02 22:05:00.534	[31merror[0m	/Users/daihao/Downloads/gocode/KubeGale/api/v1/system/sys_role.go:128	è·å–è§’è‰²ä¿¡æ¯å¤±è´¥	{"error": "æŸ¥è¯¢è§’è‰²å¤±è´¥: Apis: unsupported relations for schema Role"}
[KUBEGALE]2025-04-02 22:10:59.543	[31merror[0m	/Users/daihao/Downloads/gocode/KubeGale/core/server.go:69	accept tcp [::]:8080: use of closed network connection
[KUBEGALE]2025-04-02 22:11:11.107	[31merror[0m	/Users/daihao/Downloads/gocode/KubeGale/service/system/sys_premission.go:43	è·å–è§’è‰²ç°æœ‰æƒé™å¤±è´¥	{"error": "Error 1146 (42S02): Table 'kubegale.role_apis' doesn't exist", "roleId": 2}
[KUBEGALE]2025-04-02 22:11:11.108	[31merror[0m	/Users/daihao/Downloads/gocode/KubeGale/api/v1/system/sys_role.go:102	æ›´æ–°è§’è‰²æƒé™å¤±è´¥	{"error": "è·å–è§’è‰²ç°æœ‰æƒé™å¤±è´¥: Error 1146 (42S02): Table 'kubegale.role_apis' doesn't exist", "roleId": 2}
[KUBEGALE]2025-04-02 22:13:11.670	[31merror[0m	/Users/daihao/Downloads/gocode/KubeGale/core/server.go:69	accept tcp [::]:8080: use of closed network connection
[KUBEGALE]2025-04-02 22:14:20.881	[31merror[0m	/Users/daihao/Downloads/gocode/KubeGale/core/server.go:69	accept tcp [::]:8080: use of closed network connection
[KUBEGALE]2025-04-02 22:20:17.422	[31merror[0m	/Users/daihao/Downloads/gocode/KubeGale/core/server.go:69	accept tcp [::]:8080: use of closed network connection
