[KUBEGALE]2025-05-17 11:26:51.059	[34minfo[0m	/Users/daihao/Downloads/gocode/KubeGale/initialize/gorm_biz.go:35	register  tables success
[KUBEGALE]2025-05-17 11:26:51.059	[34minfo[0m	/Users/daihao/Downloads/gocode/KubeGale/initialize/gorm.go:43	register table success
[KUBEGALE]2025-05-17 11:26:51.067	[34minfo[0m	/Users/daihao/Downloads/gocode/KubeGale/initialize/redis.go:33	redis connect ping response:	{"name": "", "pong": "PONG"}
[KUBEGALE]2025-05-17 11:26:51.071	[34minfo[0m	/Users/daihao/Downloads/gocode/KubeGale/initialize/redis.go:33	redis connect ping response:	{"name": "cache", "pong": "PONG"}
[KUBEGALE]2025-05-17 11:26:51.071	[34minfo[0m	/Users/daihao/Downloads/gocode/KubeGale/core/server.go:55	initialize local cache
[KUBEGALE]2025-05-17 11:26:51.073	[34minfo[0m	/Users/daihao/Downloads/gocode/KubeGale/initialize/router.go:54	register swagger handler
[KUBEGALE]2025-05-17 11:26:51.074	[34minfo[0m	/Users/daihao/Downloads/gocode/KubeGale/initialize/router.go:93	router register success
[KUBEGALE]2025-05-17 11:26:51.074	[34minfo[0m	/Users/daihao/Downloads/gocode/KubeGale/core/server.go:66	server run success on 	{"address": ":8080"}
[KUBEGALE]2025-05-17 14:36:45.703	[34minfo[0m	/Users/daihao/Downloads/gocode/KubeGale/initialize/gorm_biz.go:35	register  tables success
[KUBEGALE]2025-05-17 14:36:45.704	[34minfo[0m	/Users/daihao/Downloads/gocode/KubeGale/initialize/gorm.go:43	register table success
[KUBEGALE]2025-05-17 14:36:45.711	[34minfo[0m	/Users/daihao/Downloads/gocode/KubeGale/initialize/redis.go:33	redis connect ping response:	{"name": "", "pong": "PONG"}
[KUBEGALE]2025-05-17 14:36:45.712	[34minfo[0m	/Users/daihao/Downloads/gocode/KubeGale/initialize/redis.go:33	redis connect ping response:	{"name": "cache", "pong": "PONG"}
[KUBEGALE]2025-05-17 14:36:45.712	[34minfo[0m	/Users/daihao/Downloads/gocode/KubeGale/core/server.go:55	initialize local cache
[KUBEGALE]2025-05-17 14:36:45.715	[34minfo[0m	/Users/daihao/Downloads/gocode/KubeGale/initialize/router.go:54	register swagger handler
[KUBEGALE]2025-05-17 14:36:45.716	[34minfo[0m	/Users/daihao/Downloads/gocode/KubeGale/initialize/router.go:93	router register success
[KUBEGALE]2025-05-17 14:36:45.716	[34minfo[0m	/Users/daihao/Downloads/gocode/KubeGale/core/server.go:66	server run success on 	{"address": ":8080"}
[KUBEGALE]2025-05-17 21:31:23.707	[34minfo[0m	/Users/daihao/Downloads/gocode/KubeGale/initialize/gorm_biz.go:35	register  tables success
[KUBEGALE]2025-05-17 21:31:23.707	[34minfo[0m	/Users/daihao/Downloads/gocode/KubeGale/initialize/gorm.go:43	register table success
[KUBEGALE]2025-05-17 21:31:23.711	[34minfo[0m	/Users/daihao/Downloads/gocode/KubeGale/initialize/redis.go:33	redis connect ping response:	{"name": "", "pong": "PONG"}
[KUBEGALE]2025-05-17 21:31:23.712	[34minfo[0m	/Users/daihao/Downloads/gocode/KubeGale/initialize/redis.go:33	redis connect ping response:	{"name": "cache", "pong": "PONG"}
[KUBEGALE]2025-05-17 21:31:23.713	[34minfo[0m	/Users/daihao/Downloads/gocode/KubeGale/core/server.go:55	initialize local cache
[KUBEGALE]2025-05-17 21:31:23.713	[34minfo[0m	/Users/daihao/Downloads/gocode/KubeGale/initialize/router.go:54	register swagger handler
[KUBEGALE]2025-05-17 21:31:23.714	[34minfo[0m	/Users/daihao/Downloads/gocode/KubeGale/initialize/router.go:93	router register success
[KUBEGALE]2025-05-17 21:31:23.714	[34minfo[0m	/Users/daihao/Downloads/gocode/KubeGale/core/server.go:66	server run success on 	{"address": ":8080"}
[KUBEGALE]2025-05-17 21:41:01.059	[34minfo[0m	/Users/daihao/Downloads/gocode/KubeGale/initialize/gorm_biz.go:35	register  tables success
[KUBEGALE]2025-05-17 21:41:01.059	[34minfo[0m	/Users/daihao/Downloads/gocode/KubeGale/initialize/gorm.go:43	register table success
[KUBEGALE]2025-05-17 21:41:01.060	[34minfo[0m	/Users/daihao/Downloads/gocode/KubeGale/initialize/redis.go:33	redis connect ping response:	{"name": "", "pong": "PONG"}
[KUBEGALE]2025-05-17 21:41:01.063	[34minfo[0m	/Users/daihao/Downloads/gocode/KubeGale/initialize/redis.go:33	redis connect ping response:	{"name": "cache", "pong": "PONG"}
[KUBEGALE]2025-05-17 21:41:01.063	[34minfo[0m	/Users/daihao/Downloads/gocode/KubeGale/core/server.go:55	initialize local cache
[KUBEGALE]2025-05-17 21:41:01.063	[34minfo[0m	/Users/daihao/Downloads/gocode/KubeGale/initialize/router.go:54	register swagger handler
[KUBEGALE]2025-05-17 21:41:01.064	[34minfo[0m	/Users/daihao/Downloads/gocode/KubeGale/initialize/router.go:93	router register success
[KUBEGALE]2025-05-17 21:41:01.064	[34minfo[0m	/Users/daihao/Downloads/gocode/KubeGale/core/server.go:66	server run success on 	{"address": ":8080"}
[KUBEGALE]2025-05-17 21:45:49.474	[34minfo[0m	/Users/daihao/Downloads/gocode/KubeGale/initialize/gorm_biz.go:35	register  tables success
[KUBEGALE]2025-05-17 21:45:49.474	[34minfo[0m	/Users/daihao/Downloads/gocode/KubeGale/initialize/gorm.go:43	register table success
[KUBEGALE]2025-05-17 21:45:49.479	[34minfo[0m	/Users/daihao/Downloads/gocode/KubeGale/initialize/redis.go:33	redis connect ping response:	{"name": "", "pong": "PONG"}
[KUBEGALE]2025-05-17 21:45:49.480	[34minfo[0m	/Users/daihao/Downloads/gocode/KubeGale/initialize/redis.go:33	redis connect ping response:	{"name": "cache", "pong": "PONG"}
[KUBEGALE]2025-05-17 21:45:49.480	[34minfo[0m	/Users/daihao/Downloads/gocode/KubeGale/core/server.go:55	initialize local cache
[KUBEGALE]2025-05-17 21:45:49.481	[34minfo[0m	/Users/daihao/Downloads/gocode/KubeGale/initialize/router.go:54	register swagger handler
[KUBEGALE]2025-05-17 21:45:49.484	[34minfo[0m	/Users/daihao/Downloads/gocode/KubeGale/initialize/router.go:93	router register success
[KUBEGALE]2025-05-17 21:45:49.484	[34minfo[0m	/Users/daihao/Downloads/gocode/KubeGale/core/server.go:66	server run success on 	{"address": ":8080"}
[KUBEGALE]2025-05-17 21:48:23.413	[34minfo[0m	/Users/daihao/Downloads/gocode/KubeGale/initialize/gorm_biz.go:35	register  tables success
[KUBEGALE]2025-05-17 21:48:23.414	[34minfo[0m	/Users/daihao/Downloads/gocode/KubeGale/initialize/gorm.go:43	register table success
[KUBEGALE]2025-05-17 21:48:23.415	[34minfo[0m	/Users/daihao/Downloads/gocode/KubeGale/initialize/redis.go:33	redis connect ping response:	{"name": "", "pong": "PONG"}
[KUBEGALE]2025-05-17 21:48:23.416	[34minfo[0m	/Users/daihao/Downloads/gocode/KubeGale/initialize/redis.go:33	redis connect ping response:	{"name": "cache", "pong": "PONG"}
[KUBEGALE]2025-05-17 21:48:23.416	[34minfo[0m	/Users/daihao/Downloads/gocode/KubeGale/core/server.go:55	initialize local cache
[KUBEGALE]2025-05-17 21:48:23.417	[34minfo[0m	/Users/daihao/Downloads/gocode/KubeGale/initialize/router.go:54	register swagger handler
[KUBEGALE]2025-05-17 21:48:23.418	[34minfo[0m	/Users/daihao/Downloads/gocode/KubeGale/initialize/router.go:93	router register success
[KUBEGALE]2025-05-17 21:48:23.418	[34minfo[0m	/Users/daihao/Downloads/gocode/KubeGale/core/server.go:66	server run success on 	{"address": ":8080"}
[KUBEGALE]2025-05-17 21:58:25.829	[34minfo[0m	/Users/daihao/Downloads/gocode/KubeGale/initialize/gorm_biz.go:35	register  tables success
[KUBEGALE]2025-05-17 21:58:25.830	[34minfo[0m	/Users/daihao/Downloads/gocode/KubeGale/initialize/gorm.go:43	register table success
[KUBEGALE]2025-05-17 21:58:25.834	[34minfo[0m	/Users/daihao/Downloads/gocode/KubeGale/initialize/redis.go:33	redis connect ping response:	{"name": "", "pong": "PONG"}
[KUBEGALE]2025-05-17 21:58:25.834	[34minfo[0m	/Users/daihao/Downloads/gocode/KubeGale/initialize/redis.go:33	redis connect ping response:	{"name": "cache", "pong": "PONG"}
[KUBEGALE]2025-05-17 21:58:25.834	[34minfo[0m	/Users/daihao/Downloads/gocode/KubeGale/core/server.go:55	initialize local cache
[KUBEGALE]2025-05-17 21:58:25.835	[34minfo[0m	/Users/daihao/Downloads/gocode/KubeGale/initialize/router.go:54	register swagger handler
[KUBEGALE]2025-05-17 21:58:25.836	[34minfo[0m	/Users/daihao/Downloads/gocode/KubeGale/initialize/router.go:93	router register success
[KUBEGALE]2025-05-17 21:58:25.836	[34minfo[0m	/Users/daihao/Downloads/gocode/KubeGale/core/server.go:66	server run success on 	{"address": ":8080"}
[KUBEGALE]2025-05-17 22:02:18.865	[34minfo[0m	/Users/daihao/Downloads/gocode/KubeGale/initialize/gorm_biz.go:35	register  tables success
[KUBEGALE]2025-05-17 22:02:18.865	[34minfo[0m	/Users/daihao/Downloads/gocode/KubeGale/initialize/gorm.go:43	register table success
[KUBEGALE]2025-05-17 22:02:18.867	[34minfo[0m	/Users/daihao/Downloads/gocode/KubeGale/initialize/redis.go:33	redis connect ping response:	{"name": "", "pong": "PONG"}
[KUBEGALE]2025-05-17 22:02:18.868	[34minfo[0m	/Users/daihao/Downloads/gocode/KubeGale/initialize/redis.go:33	redis connect ping response:	{"name": "cache", "pong": "PONG"}
[KUBEGALE]2025-05-17 22:02:18.868	[34minfo[0m	/Users/daihao/Downloads/gocode/KubeGale/core/server.go:55	initialize local cache
[KUBEGALE]2025-05-17 22:02:18.868	[34minfo[0m	/Users/daihao/Downloads/gocode/KubeGale/initialize/router.go:54	register swagger handler
[KUBEGALE]2025-05-17 22:02:18.869	[34minfo[0m	/Users/daihao/Downloads/gocode/KubeGale/initialize/router.go:93	router register success
[KUBEGALE]2025-05-17 22:02:18.869	[34minfo[0m	/Users/daihao/Downloads/gocode/KubeGale/core/server.go:66	server run success on 	{"address": ":8080"}
[KUBEGALE]2025-05-17 22:19:31.566	[34minfo[0m	/Users/daihao/Downloads/gocode/KubeGale/initialize/gorm_biz.go:35	register  tables success
[KUBEGALE]2025-05-17 22:19:31.567	[34minfo[0m	/Users/daihao/Downloads/gocode/KubeGale/initialize/gorm.go:43	register table success
[KUBEGALE]2025-05-17 22:19:31.571	[34minfo[0m	/Users/daihao/Downloads/gocode/KubeGale/initialize/redis.go:33	redis connect ping response:	{"name": "", "pong": "PONG"}
[KUBEGALE]2025-05-17 22:19:31.572	[34minfo[0m	/Users/daihao/Downloads/gocode/KubeGale/initialize/redis.go:33	redis connect ping response:	{"name": "cache", "pong": "PONG"}
[KUBEGALE]2025-05-17 22:19:31.572	[34minfo[0m	/Users/daihao/Downloads/gocode/KubeGale/core/server.go:55	initialize local cache
[KUBEGALE]2025-05-17 22:19:31.574	[34minfo[0m	/Users/daihao/Downloads/gocode/KubeGale/initialize/router.go:54	register swagger handler
[KUBEGALE]2025-05-17 22:19:31.575	[34minfo[0m	/Users/daihao/Downloads/gocode/KubeGale/initialize/router.go:93	router register success
[KUBEGALE]2025-05-17 22:19:31.575	[34minfo[0m	/Users/daihao/Downloads/gocode/KubeGale/core/server.go:66	server run success on 	{"address": ":8080"}
[KUBEGALE]2025-05-17 22:37:36.028	[34minfo[0m	/Users/daihao/Downloads/gocode/KubeGale/initialize/gorm_biz.go:35	register  tables success
[KUBEGALE]2025-05-17 22:37:36.029	[34minfo[0m	/Users/daihao/Downloads/gocode/KubeGale/initialize/gorm.go:43	register table success
[KUBEGALE]2025-05-17 22:37:36.040	[34minfo[0m	/Users/daihao/Downloads/gocode/KubeGale/initialize/redis.go:33	redis connect ping response:	{"name": "", "pong": "PONG"}
[KUBEGALE]2025-05-17 22:37:36.044	[34minfo[0m	/Users/daihao/Downloads/gocode/KubeGale/initialize/redis.go:33	redis connect ping response:	{"name": "cache", "pong": "PONG"}
[KUBEGALE]2025-05-17 22:37:36.044	[34minfo[0m	/Users/daihao/Downloads/gocode/KubeGale/core/server.go:55	initialize local cache
[KUBEGALE]2025-05-17 22:37:36.047	[34minfo[0m	/Users/daihao/Downloads/gocode/KubeGale/initialize/router.go:54	register swagger handler
[KUBEGALE]2025-05-17 22:37:36.048	[34minfo[0m	/Users/daihao/Downloads/gocode/KubeGale/initialize/router.go:93	router register success
[KUBEGALE]2025-05-17 22:37:36.048	[34minfo[0m	/Users/daihao/Downloads/gocode/KubeGale/core/server.go:66	server run success on 	{"address": ":8080"}
[KUBEGALE]2025-05-17 22:44:15.338	[34minfo[0m	/Users/daihao/Downloads/gocode/KubeGale/initialize/gorm_biz.go:35	register  tables success
[KUBEGALE]2025-05-17 22:44:15.339	[34minfo[0m	/Users/daihao/Downloads/gocode/KubeGale/initialize/gorm.go:43	register table success
[KUBEGALE]2025-05-17 22:44:15.340	[34minfo[0m	/Users/daihao/Downloads/gocode/KubeGale/initialize/redis.go:33	redis connect ping response:	{"name": "", "pong": "PONG"}
[KUBEGALE]2025-05-17 22:44:15.341	[34minfo[0m	/Users/daihao/Downloads/gocode/KubeGale/initialize/redis.go:33	redis connect ping response:	{"name": "cache", "pong": "PONG"}
[KUBEGALE]2025-05-17 22:44:15.341	[34minfo[0m	/Users/daihao/Downloads/gocode/KubeGale/core/server.go:55	initialize local cache
[KUBEGALE]2025-05-17 22:44:15.342	[34minfo[0m	/Users/daihao/Downloads/gocode/KubeGale/initialize/router.go:54	register swagger handler
[KUBEGALE]2025-05-17 22:44:15.343	[34minfo[0m	/Users/daihao/Downloads/gocode/KubeGale/initialize/router.go:93	router register success
[KUBEGALE]2025-05-17 22:44:15.343	[34minfo[0m	/Users/daihao/Downloads/gocode/KubeGale/core/server.go:66	server run success on 	{"address": ":8080"}
