[KUBEGALE]2025-05-22 10:15:37.784	[31merror[0m	/Users/daihao/Downloads/gocode/KubeGale/core/server.go:68	net.Listen error: listen tcp :8080: bind: address already in use
[KUBEGALE]2025-05-22 11:14:30.191	[31merror[0m	/Users/daihao/Downloads/gocode/KubeGale/core/server.go:68	accept tcp [::]:8080: use of closed network connection
[KUBEGALE]2025-05-22 11:17:03.123	[31merror[0m	/Users/daihao/Downloads/gocode/KubeGale/core/server.go:68	accept tcp [::]:8080: use of closed network connection
[KUBEGALE]2025-05-22 11:17:59.128	[31merror[0m	/Users/daihao/Downloads/gocode/KubeGale/api/v1/cmdb/cmdb_projects.go:26	创建失败!	{"error": "Error 1292 (22007): Incorrect datetime value: '0000-00-00' for column 'deleted_at' at row 1"}
[KUBEGALE]2025-05-22 11:18:56.625	[31merror[0m	/Users/daihao/Downloads/gocode/KubeGale/core/server.go:68	accept tcp [::]:8080: use of closed network connection
[KUBEGALE]2025-05-22 11:19:42.928	[31merror[0m	/Users/daihao/Downloads/gocode/KubeGale/api/v1/cmdb/cmdb_projects.go:39	删除失败!	{"error": "项目不存在"}
[KUBEGALE]2025-05-22 11:21:42.363	[31merror[0m	/Users/daihao/Downloads/gocode/KubeGale/api/v1/cmdb/cmdb_projects.go:39	删除失败!	{"error": "项目不存在"}
[KUBEGALE]2025-05-22 11:21:54.298	[31merror[0m	/Users/daihao/Downloads/gocode/KubeGale/api/v1/cmdb/cmdb_projects.go:39	删除失败!	{"error": "项目不存在"}
[KUBEGALE]2025-05-22 11:22:51.381	[31merror[0m	/Users/daihao/Downloads/gocode/KubeGale/core/server.go:68	accept tcp [::]:8080: use of closed network connection
[KUBEGALE]2025-05-22 11:23:04.021	[31merror[0m	/Users/daihao/Downloads/gocode/KubeGale/api/v1/cmdb/cmdb_projects.go:39	删除失败!	{"error": "项目不存在或已被删除"}
[KUBEGALE]2025-05-22 11:23:14.841	[31merror[0m	/Users/daihao/Downloads/gocode/KubeGale/api/v1/cmdb/cmdb_projects.go:39	删除失败!	{"error": "项目不存在或已被删除"}
[KUBEGALE]2025-05-22 11:25:56.842	[31merror[0m	/Users/daihao/Downloads/gocode/KubeGale/core/server.go:68	accept tcp [::]:8080: use of closed network connection
[KUBEGALE]2025-05-22 11:26:11.607	[31merror[0m	/Users/daihao/Downloads/gocode/KubeGale/api/v1/cmdb/cmdb_projects.go:39	删除失败!	{"error": "项目不存在"}
[KUBEGALE]2025-05-22 11:26:22.083	[31merror[0m	/Users/daihao/Downloads/gocode/KubeGale/api/v1/cmdb/cmdb_projects.go:39	删除失败!	{"error": "项目不存在"}
[KUBEGALE]2025-05-22 11:28:38.722	[31merror[0m	/Users/daihao/Downloads/gocode/KubeGale/core/server.go:68	accept tcp [::]:8080: use of closed network connection
[KUBEGALE]2025-05-22 11:29:51.048	[31merror[0m	/Users/daihao/Downloads/gocode/KubeGale/core/server.go:68	accept tcp [::]:8080: use of closed network connection
[KUBEGALE]2025-05-22 11:31:44.853	[31merror[0m	/Users/daihao/Downloads/gocode/KubeGale/core/server.go:68	accept tcp [::]:8080: use of closed network connection
[KUBEGALE]2025-05-22 11:35:02.505	[31merror[0m	/Users/daihao/Downloads/gocode/KubeGale/core/server.go:68	accept tcp [::]:8080: use of closed network connection
[KUBEGALE]2025-05-22 11:47:14.453	[31merror[0m	/Users/daihao/Downloads/gocode/KubeGale/api/v1/cmdb/cmdb_projects.go:101	查询失败!	{"error": "record not found"}
[KUBEGALE]2025-05-22 11:47:32.704	[31merror[0m	/Users/daihao/Downloads/gocode/KubeGale/api/v1/cmdb/cmdb_projects.go:101	查询失败!	{"error": "record not found"}
[KUBEGALE]2025-05-22 11:48:16.208	[31merror[0m	/Users/daihao/Downloads/gocode/KubeGale/core/server.go:68	accept tcp [::]:8080: use of closed network connection
[KUBEGALE]2025-05-22 11:48:36.536	[31merror[0m	/Users/daihao/Downloads/gocode/KubeGale/api/v1/cmdb/cmdb_projects.go:101	查询失败!	{"error": "record not found"}
[KUBEGALE]2025-05-22 11:48:37.311	[31merror[0m	/Users/daihao/Downloads/gocode/KubeGale/api/v1/cmdb/cmdb_projects.go:101	查询失败!	{"error": "record not found"}
[KUBEGALE]2025-05-22 11:48:37.967	[31merror[0m	/Users/daihao/Downloads/gocode/KubeGale/api/v1/cmdb/cmdb_projects.go:101	查询失败!	{"error": "record not found"}
[KUBEGALE]2025-05-22 11:48:48.494	[31merror[0m	/Users/daihao/Downloads/gocode/KubeGale/api/v1/cmdb/cmdb_projects.go:101	查询失败!	{"error": "record not found"}
