[KUBEGALE]2025-04-01 22:43:48.134	[31merror[0m	/Users/daihao/Downloads/gocode/KubeGale/service/system/sys_role.go:238	è·å–è§’è‰²APIæƒé™å¤±è´¥	{"error": "Error 1146 (42S02): Table 'kubegale.role_apis' doesn't exist", "roleId": 2}
[KUBEGALE]2025-04-01 22:43:48.136	[31merror[0m	/Users/daihao/Downloads/gocode/KubeGale/api/v1/system/sys_role.go:94	æ›´æ–°è§’è‰²ä¿¡æ¯å¤±è´¥	{"error": "è·å–è§’è‰²APIæƒé™å¤±è´¥: Error 1146 (42S02): Table 'kubegale.role_apis' doesn't exist", "roleId": 2}
[KUBEGALE]2025-04-01 22:49:15.088	[31merror[0m	/Users/daihao/Downloads/gocode/KubeGale/service/system/sys_role.go:238	è·å–è§’è‰²APIæƒé™å¤±è´¥	{"error": "Error 1146 (42S02): Table 'kubegale.role_apis' doesn't exist", "roleId": 2}
[KUBEGALE]2025-04-01 22:49:15.090	[31merror[0m	/Users/daihao/Downloads/gocode/KubeGale/api/v1/system/sys_role.go:94	æ›´æ–°è§’è‰²ä¿¡æ¯å¤±è´¥	{"error": "è·å–è§’è‰²APIæƒé™å¤±è´¥: Error 1146 (42S02): Table 'kubegale.role_apis' doesn't exist", "roleId": 2}
[KUBEGALE]2025-04-01 23:09:30.712	[31merror[0m	/Users/daihao/Downloads/gocode/KubeGale/core/server.go:69	accept tcp [::]:8080: use of closed network connection
[KUBEGALE]2025-04-01 23:09:46.739	[31merror[0m	/Users/daihao/Downloads/gocode/KubeGale/service/system/sys_premission.go:43	è·å–è§’è‰²ç°æœ‰æƒé™å¤±è´¥	{"error": "Error 1146 (42S02): Table 'kubegale.role_apis' doesn't exist", "roleId": 2}
[KUBEGALE]2025-04-01 23:09:46.739	[31merror[0m	/Users/daihao/Downloads/gocode/KubeGale/api/v1/system/sys_role.go:101	æ›´æ–°è§’è‰²æƒé™å¤±è´¥	{"error": "è·å–è§’è‰²ç°æœ‰æƒé™å¤±è´¥: Error 1146 (42S02): Table 'kubegale.role_apis' doesn't exist", "roleId": 2}
[KUBEGALE]2025-04-01 23:10:48.572	[31merror[0m	/Users/daihao/Downloads/gocode/KubeGale/core/server.go:69	accept tcp [::]:8080: use of closed network connection
[KUBEGALE]2025-04-01 23:11:11.398	[31merror[0m	/Users/daihao/Downloads/gocode/KubeGale/service/system/sys_premission.go:43	è·å–è§’è‰²ç°æœ‰æƒé™å¤±è´¥	{"error": "Error 1146 (42S02): Table 'kubegale.role_apis' doesn't exist", "roleId": 2}
[KUBEGALE]2025-04-01 23:11:11.398	[31merror[0m	/Users/daihao/Downloads/gocode/KubeGale/api/v1/system/sys_role.go:101	æ›´æ–°è§’è‰²æƒé™å¤±è´¥	{"error": "è·å–è§’è‰²ç°æœ‰æƒé™å¤±è´¥: Error 1146 (42S02): Table 'kubegale.role_apis' doesn't exist", "roleId": 2}
[KUBEGALE]2025-04-01 23:11:32.945	[31merror[0m	/Users/daihao/Downloads/gocode/KubeGale/service/system/sys_premission.go:43	è·å–è§’è‰²ç°æœ‰æƒé™å¤±è´¥	{"error": "Error 1146 (42S02): Table 'kubegale.role_apis' doesn't exist", "roleId": 2}
[KUBEGALE]2025-04-01 23:11:32.947	[31merror[0m	/Users/daihao/Downloads/gocode/KubeGale/api/v1/system/sys_role.go:101	æ›´æ–°è§’è‰²æƒé™å¤±è´¥	{"error": "è·å–è§’è‰²ç°æœ‰æƒé™å¤±è´¥: Error 1146 (42S02): Table 'kubegale.role_apis' doesn't exist", "roleId": 2}
[KUBEGALE]2025-04-01 23:14:57.613	[31merror[0m	/Users/daihao/Downloads/gocode/KubeGale/core/server.go:69	accept tcp [::]:8080: use of closed network connection
[KUBEGALE]2025-04-01 23:15:08.948	[31merror[0m	/Users/daihao/Downloads/gocode/KubeGale/service/system/sys_premission.go:43	è·å–è§’è‰²ç°æœ‰æƒé™å¤±è´¥	{"error": "Error 1146 (42S02): Table 'kubegale.role_apis' doesn't exist", "roleId": 2}
[KUBEGALE]2025-04-01 23:15:08.948	[31merror[0m	/Users/daihao/Downloads/gocode/KubeGale/api/v1/system/sys_role.go:101	æ›´æ–°è§’è‰²æƒé™å¤±è´¥	{"error": "è·å–è§’è‰²ç°æœ‰æƒé™å¤±è´¥: Error 1146 (42S02): Table 'kubegale.role_apis' doesn't exist", "roleId": 2}
[KUBEGALE]2025-04-01 23:15:09.989	[31merror[0m	/Users/daihao/Downloads/gocode/KubeGale/service/system/sys_premission.go:43	è·å–è§’è‰²ç°æœ‰æƒé™å¤±è´¥	{"error": "Error 1146 (42S02): Table 'kubegale.role_apis' doesn't exist", "roleId": 2}
[KUBEGALE]2025-04-01 23:15:09.989	[31merror[0m	/Users/daihao/Downloads/gocode/KubeGale/api/v1/system/sys_role.go:101	æ›´æ–°è§’è‰²æƒé™å¤±è´¥	{"error": "è·å–è§’è‰²ç°æœ‰æƒé™å¤±è´¥: Error 1146 (42S02): Table 'kubegale.role_apis' doesn't exist", "roleId": 2}
[KUBEGALE]2025-04-01 23:15:10.821	[31merror[0m	/Users/daihao/Downloads/gocode/KubeGale/service/system/sys_premission.go:43	è·å–è§’è‰²ç°æœ‰æƒé™å¤±è´¥	{"error": "Error 1146 (42S02): Table 'kubegale.role_apis' doesn't exist", "roleId": 2}
[KUBEGALE]2025-04-01 23:15:10.821	[31merror[0m	/Users/daihao/Downloads/gocode/KubeGale/api/v1/system/sys_role.go:101	æ›´æ–°è§’è‰²æƒé™å¤±è´¥	{"error": "è·å–è§’è‰²ç°æœ‰æƒé™å¤±è´¥: Error 1146 (42S02): Table 'kubegale.role_apis' doesn't exist", "roleId": 2}
[KUBEGALE]2025-04-01 23:15:32.015	[31merror[0m	/Users/daihao/Downloads/gocode/KubeGale/service/system/sys_premission.go:43	è·å–è§’è‰²ç°æœ‰æƒé™å¤±è´¥	{"error": "Error 1146 (42S02): Table 'kubegale.role_apis' doesn't exist", "roleId": 2}
[KUBEGALE]2025-04-01 23:15:32.015	[31merror[0m	/Users/daihao/Downloads/gocode/KubeGale/api/v1/system/sys_role.go:101	æ›´æ–°è§’è‰²æƒé™å¤±è´¥	{"error": "è·å–è§’è‰²ç°æœ‰æƒé™å¤±è´¥: Error 1146 (42S02): Table 'kubegale.role_apis' doesn't exist", "roleId": 2}
[KUBEGALE]2025-04-01 23:17:29.273	[31merror[0m	/Users/daihao/Downloads/gocode/KubeGale/core/server.go:69	accept tcp [::]:8080: use of closed network connection
[KUBEGALE]2025-04-01 23:34:58.772	[31merror[0m	/Users/daihao/Downloads/gocode/KubeGale/api/v1/system/sys_role.go:95	æ›´æ–°è§’è‰²ä¿¡æ¯å¤±è´¥	{"error": "å·²å­˜åœ¨é»˜è®¤è§’è‰²ï¼Œä¸€ä¸ªç³»ç»Ÿä¸­åªèƒ½æœ‰ä¸€ä¸ªé»˜è®¤è§’è‰²", "roleId": 3}
[KUBEGALE]2025-04-01 23:34:59.324	[31merror[0m	/Users/daihao/Downloads/gocode/KubeGale/api/v1/system/sys_role.go:95	æ›´æ–°è§’è‰²ä¿¡æ¯å¤±è´¥	{"error": "å·²å­˜åœ¨é»˜è®¤è§’è‰²ï¼Œä¸€ä¸ªç³»ç»Ÿä¸­åªèƒ½æœ‰ä¸€ä¸ªé»˜è®¤è§’è‰²", "roleId": 3}
[KUBEGALE]2025-04-01 23:35:11.564	[31merror[0m	/Users/daihao/Downloads/gocode/KubeGale/api/v1/system/sys_role.go:95	æ›´æ–°è§’è‰²ä¿¡æ¯å¤±è´¥	{"error": "å·²å­˜åœ¨é»˜è®¤è§’è‰²ï¼Œä¸€ä¸ªç³»ç»Ÿä¸­åªèƒ½æœ‰ä¸€ä¸ªé»˜è®¤è§’è‰²", "roleId": 1}
[KUBEGALE]2025-04-01 23:36:10.389	[31merror[0m	/Users/daihao/Downloads/gocode/KubeGale/api/v1/system/sys_role.go:95	æ›´æ–°è§’è‰²ä¿¡æ¯å¤±è´¥	{"error": "å·²å­˜åœ¨é»˜è®¤è§’è‰²ï¼Œä¸€ä¸ªç³»ç»Ÿä¸­åªèƒ½æœ‰ä¸€ä¸ªé»˜è®¤è§’è‰²", "roleId": 4}
[KUBEGALE]2025-04-01 23:36:18.219	[31merror[0m	/Users/daihao/Downloads/gocode/KubeGale/api/v1/system/sys_role.go:95	æ›´æ–°è§’è‰²ä¿¡æ¯å¤±è´¥	{"error": "å·²å­˜åœ¨é»˜è®¤è§’è‰²ï¼Œä¸€ä¸ªç³»ç»Ÿä¸­åªèƒ½æœ‰ä¸€ä¸ªé»˜è®¤è§’è‰²", "roleId": 3}
[KUBEGALE]2025-04-01 23:41:11.908	[31merror[0m	/Users/daihao/Downloads/gocode/KubeGale/service/system/sys_role.go:76	åˆ›å»ºè§’è‰²å¤±è´¥	{"error": "Error 1062 (23000): Duplicate entry 'test' for key 'uni_sys_roles_name'", "name": "test"}
[KUBEGALE]2025-04-01 23:41:11.909	[31merror[0m	/Users/daihao/Downloads/gocode/KubeGale/api/v1/system/sys_role.go:69	åˆ›å»ºè§’è‰²å¹¶åˆ†é…æƒé™å¤±è´¥
[KUBEGALE]2025-04-01 23:41:19.079	[31merror[0m	/Users/daihao/Downloads/gocode/KubeGale/service/system/sys_role.go:76	åˆ›å»ºè§’è‰²å¤±è´¥	{"error": "Error 1062 (23000): Duplicate entry 'test' for key 'uni_sys_roles_name'", "name": "test"}
[KUBEGALE]2025-04-01 23:41:19.079	[31merror[0m	/Users/daihao/Downloads/gocode/KubeGale/api/v1/system/sys_role.go:69	åˆ›å»ºè§’è‰²å¹¶åˆ†é…æƒé™å¤±è´¥
[KUBEGALE]2025-04-01 23:41:55.334	[31merror[0m	/Users/daihao/Downloads/gocode/KubeGale/api/v1/system/sys_role.go:119	åˆ é™¤è§’è‰²å¤±è´¥
[KUBEGALE]2025-04-01 23:42:18.841	[31merror[0m	/Users/daihao/Downloads/gocode/KubeGale/api/v1/system/sys_role.go:119	åˆ é™¤è§’è‰²å¤±è´¥
[KUBEGALE]2025-04-01 23:44:23.265	[31merror[0m	/Users/daihao/Downloads/gocode/KubeGale/api/v1/system/sys_role.go:119	åˆ é™¤è§’è‰²å¤±è´¥
[KUBEGALE]2025-04-01 23:44:24.729	[31merror[0m	/Users/daihao/Downloads/gocode/KubeGale/api/v1/system/sys_role.go:119	åˆ é™¤è§’è‰²å¤±è´¥
[KUBEGALE]2025-04-01 23:44:25.888	[31merror[0m	/Users/daihao/Downloads/gocode/KubeGale/api/v1/system/sys_role.go:119	åˆ é™¤è§’è‰²å¤±è´¥
[KUBEGALE]2025-04-01 23:44:30.443	[31merror[0m	/Users/daihao/Downloads/gocode/KubeGale/api/v1/system/sys_role.go:119	åˆ é™¤è§’è‰²å¤±è´¥
[KUBEGALE]2025-04-01 23:49:48.983	[31merror[0m	/Users/daihao/Downloads/gocode/KubeGale/api/v1/system/sys_role.go:119	åˆ é™¤è§’è‰²å¤±è´¥
[KUBEGALE]2025-04-01 23:50:00.441	[31merror[0m	/Users/daihao/Downloads/gocode/KubeGale/api/v1/system/sys_role.go:119	åˆ é™¤è§’è‰²å¤±è´¥
[KUBEGALE]2025-04-01 23:51:55.501	[31merror[0m	/Users/daihao/Downloads/gocode/KubeGale/core/server.go:69	accept tcp [::]:8080: use of closed network connection
