[KUBEGALE]2025-05-20 10:48:09.929	[34minfo[0m	/Users/daihao/Downloads/gocode/KubeGale/resource/initialize/initailize.go:19	åˆå§‹åŒ– API è¡¨æˆåŠŸ
[KUBEGALE]2025-05-20 10:48:09.936	[34minfo[0m	/Users/daihao/Downloads/gocode/KubeGale/resource/initialize/initailize.go:24	åˆå§‹åŒ– API æ•°æ®æˆåŠŸ
[KUBEGALE]2025-05-20 10:48:09.940	[34minfo[0m	/Users/daihao/Downloads/gocode/KubeGale/resource/initialize/initailize.go:34	åˆå§‹åŒ– API å¿½ç•¥è¡¨æˆåŠŸ
[KUBEGALE]2025-05-20 10:48:10.002	[34minfo[0m	/Users/daihao/Downloads/gocode/KubeGale/resource/initialize/initailize.go:59	åˆå§‹åŒ–æƒé™è¡¨æˆåŠŸ
[KUBEGALE]2025-05-20 10:48:10.053	[34minfo[0m	/Users/daihao/Downloads/gocode/KubeGale/resource/initialize/initailize.go:74	åˆå§‹åŒ–èœå•è¡¨æˆåŠŸ
[KUBEGALE]2025-05-20 10:48:10.054	[34minfo[0m	/Users/daihao/Downloads/gocode/KubeGale/resource/initialize/initailize.go:79	åˆå§‹åŒ–èœå•æ•°æ®æˆåŠŸ
[KUBEGALE]2025-05-20 10:48:10.102	[34minfo[0m	/Users/daihao/Downloads/gocode/KubeGale/resource/initialize/initailize.go:89	åˆå§‹åŒ–ç”¨æˆ·è¡¨æˆåŠŸ
[KUBEGALE]2025-05-20 10:49:47.862	[34minfo[0m	/Users/daihao/Downloads/gocode/KubeGale/resource/initialize/initailize.go:19	åˆå§‹åŒ– API è¡¨æˆåŠŸ
[KUBEGALE]2025-05-20 10:49:47.872	[34minfo[0m	/Users/daihao/Downloads/gocode/KubeGale/resource/initialize/initailize.go:24	åˆå§‹åŒ– API æ•°æ®æˆåŠŸ
[KUBEGALE]2025-05-20 10:49:47.880	[34minfo[0m	/Users/daihao/Downloads/gocode/KubeGale/resource/initialize/initailize.go:34	åˆå§‹åŒ– API å¿½ç•¥è¡¨æˆåŠŸ
[KUBEGALE]2025-05-20 10:49:47.920	[34minfo[0m	/Users/daihao/Downloads/gocode/KubeGale/resource/initialize/initailize.go:43	åˆå§‹åŒ– Casbin è¡¨æˆåŠŸ
[KUBEGALE]2025-05-20 10:49:47.923	[34minfo[0m	/Users/daihao/Downloads/gocode/KubeGale/resource/initialize/initailize.go:49	åˆå§‹åŒ– Casbin æƒé™æ•°æ®æˆåŠŸ
[KUBEGALE]2025-05-20 10:49:47.969	[34minfo[0m	/Users/daihao/Downloads/gocode/KubeGale/resource/initialize/initailize.go:59	åˆå§‹åŒ–æƒé™è¡¨æˆåŠŸ
[KUBEGALE]2025-05-20 10:49:47.977	[34minfo[0m	/Users/daihao/Downloads/gocode/KubeGale/resource/initialize/initailize.go:64	åˆå§‹åŒ–æƒé™æ•°æ®æˆåŠŸ
[KUBEGALE]2025-05-20 10:49:48.041	[34minfo[0m	/Users/daihao/Downloads/gocode/KubeGale/resource/initialize/initailize.go:74	åˆå§‹åŒ–èœå•è¡¨æˆåŠŸ
[KUBEGALE]2025-05-20 10:49:48.042	[34minfo[0m	/Users/daihao/Downloads/gocode/KubeGale/resource/initialize/initailize.go:79	åˆå§‹åŒ–èœå•æ•°æ®æˆåŠŸ
[KUBEGALE]2025-05-20 10:49:48.092	[34minfo[0m	/Users/daihao/Downloads/gocode/KubeGale/resource/initialize/initailize.go:89	åˆå§‹åŒ–ç”¨æˆ·è¡¨æˆåŠŸ
[KUBEGALE]2025-05-20 10:49:48.239	[34minfo[0m	/Users/daihao/Downloads/gocode/KubeGale/resource/initialize/initailize.go:96	åˆå§‹åŒ–ç”¨æˆ·æ•°æ®æˆåŠŸ
[KUBEGALE]2025-05-20 10:54:56.799	[34minfo[0m	/Users/daihao/Downloads/gocode/KubeGale/resource/initialize/initailize.go:19	åˆå§‹åŒ– API è¡¨æˆåŠŸ
[KUBEGALE]2025-05-20 10:54:56.804	[34minfo[0m	/Users/daihao/Downloads/gocode/KubeGale/resource/initialize/initailize.go:24	åˆå§‹åŒ– API æ•°æ®æˆåŠŸ
[KUBEGALE]2025-05-20 10:54:56.818	[34minfo[0m	/Users/daihao/Downloads/gocode/KubeGale/resource/initialize/initailize.go:34	åˆå§‹åŒ– API å¿½ç•¥è¡¨æˆåŠŸ
[KUBEGALE]2025-05-20 10:54:56.863	[34minfo[0m	/Users/daihao/Downloads/gocode/KubeGale/resource/initialize/initailize.go:43	åˆå§‹åŒ– Casbin è¡¨æˆåŠŸ
[KUBEGALE]2025-05-20 10:54:56.867	[34minfo[0m	/Users/daihao/Downloads/gocode/KubeGale/resource/initialize/initailize.go:49	åˆå§‹åŒ– Casbin æƒé™æ•°æ®æˆåŠŸ
[KUBEGALE]2025-05-20 10:54:56.915	[34minfo[0m	/Users/daihao/Downloads/gocode/KubeGale/resource/initialize/initailize.go:59	åˆå§‹åŒ–æƒé™è¡¨æˆåŠŸ
[KUBEGALE]2025-05-20 10:54:56.925	[34minfo[0m	/Users/daihao/Downloads/gocode/KubeGale/resource/initialize/initailize.go:64	åˆå§‹åŒ–æƒé™æ•°æ®æˆåŠŸ
[KUBEGALE]2025-05-20 10:54:56.981	[34minfo[0m	/Users/daihao/Downloads/gocode/KubeGale/resource/initialize/initailize.go:74	åˆå§‹åŒ–èœå•è¡¨æˆåŠŸ
[KUBEGALE]2025-05-20 10:54:56.982	[34minfo[0m	/Users/daihao/Downloads/gocode/KubeGale/resource/initialize/initailize.go:79	åˆå§‹åŒ–èœå•æ•°æ®æˆåŠŸ
[KUBEGALE]2025-05-20 10:54:57.022	[34minfo[0m	/Users/daihao/Downloads/gocode/KubeGale/resource/initialize/initailize.go:89	åˆå§‹åŒ–ç”¨æˆ·è¡¨æˆåŠŸ
[KUBEGALE]2025-05-20 10:54:57.157	[34minfo[0m	/Users/daihao/Downloads/gocode/KubeGale/resource/initialize/initailize.go:96	åˆå§‹åŒ–ç”¨æˆ·æ•°æ®æˆåŠŸ
[KUBEGALE]2025-05-20 11:05:55.320	[34minfo[0m	/Users/daihao/Downloads/gocode/KubeGale/resource/initialize/initailize.go:19	åˆå§‹åŒ– API è¡¨æˆåŠŸ
[KUBEGALE]2025-05-20 11:05:55.329	[34minfo[0m	/Users/daihao/Downloads/gocode/KubeGale/resource/initialize/initailize.go:24	åˆå§‹åŒ– API æ•°æ®æˆåŠŸ
[KUBEGALE]2025-05-20 11:05:55.341	[34minfo[0m	/Users/daihao/Downloads/gocode/KubeGale/resource/initialize/initailize.go:34	åˆå§‹åŒ– API å¿½ç•¥è¡¨æˆåŠŸ
[KUBEGALE]2025-05-20 11:05:55.394	[34minfo[0m	/Users/daihao/Downloads/gocode/KubeGale/resource/initialize/initailize.go:43	åˆå§‹åŒ– Casbin è¡¨æˆåŠŸ
[KUBEGALE]2025-05-20 11:05:55.398	[34minfo[0m	/Users/daihao/Downloads/gocode/KubeGale/resource/initialize/initailize.go:49	åˆå§‹åŒ– Casbin æƒé™æ•°æ®æˆåŠŸ
[KUBEGALE]2025-05-20 11:05:55.452	[34minfo[0m	/Users/daihao/Downloads/gocode/KubeGale/resource/initialize/initailize.go:59	åˆå§‹åŒ–æƒé™è¡¨æˆåŠŸ
[KUBEGALE]2025-05-20 11:05:55.460	[34minfo[0m	/Users/daihao/Downloads/gocode/KubeGale/resource/initialize/initailize.go:64	åˆå§‹åŒ–æƒé™æ•°æ®æˆåŠŸ
[KUBEGALE]2025-05-20 11:05:55.523	[34minfo[0m	/Users/daihao/Downloads/gocode/KubeGale/resource/initialize/initailize.go:74	åˆå§‹åŒ–èœå•è¡¨æˆåŠŸ
[KUBEGALE]2025-05-20 11:05:55.524	[34minfo[0m	/Users/daihao/Downloads/gocode/KubeGale/resource/initialize/initailize.go:79	åˆå§‹åŒ–èœå•æ•°æ®æˆåŠŸ
[KUBEGALE]2025-05-20 11:05:55.567	[34minfo[0m	/Users/daihao/Downloads/gocode/KubeGale/resource/initialize/initailize.go:89	åˆå§‹åŒ–ç”¨æˆ·è¡¨æˆåŠŸ
[KUBEGALE]2025-05-20 11:05:55.708	[34minfo[0m	/Users/daihao/Downloads/gocode/KubeGale/resource/initialize/initailize.go:96	åˆå§‹åŒ–ç”¨æˆ·æ•°æ®æˆåŠŸ
[KUBEGALE]2025-05-20 15:02:48.522	[34minfo[0m	/Users/daihao/Downloads/gocode/KubeGale/resource/initialize/initailize.go:19	åˆå§‹åŒ– API è¡¨æˆåŠŸ
[KUBEGALE]2025-05-20 15:02:48.530	[34minfo[0m	/Users/daihao/Downloads/gocode/KubeGale/resource/initialize/initailize.go:24	åˆå§‹åŒ– API æ•°æ®æˆåŠŸ
[KUBEGALE]2025-05-20 15:02:48.534	[34minfo[0m	/Users/daihao/Downloads/gocode/KubeGale/resource/initialize/initailize.go:34	åˆå§‹åŒ– API å¿½ç•¥è¡¨æˆåŠŸ
[KUBEGALE]2025-05-20 15:02:48.594	[34minfo[0m	/Users/daihao/Downloads/gocode/KubeGale/resource/initialize/initailize.go:59	åˆå§‹åŒ–æƒé™è¡¨æˆåŠŸ
[KUBEGALE]2025-05-20 15:02:48.642	[34minfo[0m	/Users/daihao/Downloads/gocode/KubeGale/resource/initialize/initailize.go:74	åˆå§‹åŒ–èœå•è¡¨æˆåŠŸ
[KUBEGALE]2025-05-20 15:02:48.643	[34minfo[0m	/Users/daihao/Downloads/gocode/KubeGale/resource/initialize/initailize.go:79	åˆå§‹åŒ–èœå•æ•°æ®æˆåŠŸ
[KUBEGALE]2025-05-20 15:02:48.684	[34minfo[0m	/Users/daihao/Downloads/gocode/KubeGale/resource/initialize/initailize.go:89	åˆå§‹åŒ–ç”¨æˆ·è¡¨æˆåŠŸ
[KUBEGALE]2025-05-20 15:07:08.687	[34minfo[0m	/Users/daihao/Downloads/gocode/KubeGale/resource/initialize/initailize.go:19	åˆå§‹åŒ– API è¡¨æˆåŠŸ
[KUBEGALE]2025-05-20 15:07:08.689	[34minfo[0m	/Users/daihao/Downloads/gocode/KubeGale/resource/initialize/initailize.go:24	åˆå§‹åŒ– API æ•°æ®æˆåŠŸ
[KUBEGALE]2025-05-20 15:07:08.694	[34minfo[0m	/Users/daihao/Downloads/gocode/KubeGale/resource/initialize/initailize.go:34	åˆå§‹åŒ– API å¿½ç•¥è¡¨æˆåŠŸ
[KUBEGALE]2025-05-20 15:07:08.752	[34minfo[0m	/Users/daihao/Downloads/gocode/KubeGale/resource/initialize/initailize.go:59	åˆå§‹åŒ–æƒé™è¡¨æˆåŠŸ
[KUBEGALE]2025-05-20 15:07:08.752	[34minfo[0m	/Users/daihao/Downloads/gocode/KubeGale/resource/initialize/initailize.go:64	åˆå§‹åŒ–æƒé™æ•°æ®æˆåŠŸ
[KUBEGALE]2025-05-20 15:07:08.810	[34minfo[0m	/Users/daihao/Downloads/gocode/KubeGale/resource/initialize/initailize.go:74	åˆå§‹åŒ–èœå•è¡¨æˆåŠŸ
[KUBEGALE]2025-05-20 15:07:08.811	[34minfo[0m	/Users/daihao/Downloads/gocode/KubeGale/resource/initialize/initailize.go:79	åˆå§‹åŒ–èœå•æ•°æ®æˆåŠŸ
[KUBEGALE]2025-05-20 15:07:08.868	[34minfo[0m	/Users/daihao/Downloads/gocode/KubeGale/resource/initialize/initailize.go:89	åˆå§‹åŒ–ç”¨æˆ·è¡¨æˆåŠŸ
[KUBEGALE]2025-05-20 15:07:09.030	[34minfo[0m	/Users/daihao/Downloads/gocode/KubeGale/resource/initialize/initailize.go:96	åˆå§‹åŒ–ç”¨æˆ·æ•°æ®æˆåŠŸ
[KUBEGALE]2025-05-20 15:08:52.601	[34minfo[0m	/Users/daihao/Downloads/gocode/KubeGale/resource/initialize/initailize.go:19	åˆå§‹åŒ– API è¡¨æˆåŠŸ
[KUBEGALE]2025-05-20 15:08:52.603	[34minfo[0m	/Users/daihao/Downloads/gocode/KubeGale/resource/initialize/initailize.go:24	åˆå§‹åŒ– API æ•°æ®æˆåŠŸ
[KUBEGALE]2025-05-20 15:08:52.608	[34minfo[0m	/Users/daihao/Downloads/gocode/KubeGale/resource/initialize/initailize.go:34	åˆå§‹åŒ– API å¿½ç•¥è¡¨æˆåŠŸ
[KUBEGALE]2025-05-20 15:08:52.639	[34minfo[0m	/Users/daihao/Downloads/gocode/KubeGale/resource/initialize/initailize.go:43	åˆå§‹åŒ– Casbin è¡¨æˆåŠŸ
[KUBEGALE]2025-05-20 15:08:52.642	[34minfo[0m	/Users/daihao/Downloads/gocode/KubeGale/resource/initialize/initailize.go:49	åˆå§‹åŒ– Casbin æƒé™æ•°æ®æˆåŠŸ
[KUBEGALE]2025-05-20 15:08:52.708	[34minfo[0m	/Users/daihao/Downloads/gocode/KubeGale/resource/initialize/initailize.go:59	åˆå§‹åŒ–æƒé™è¡¨æˆåŠŸ
[KUBEGALE]2025-05-20 15:08:52.709	[34minfo[0m	/Users/daihao/Downloads/gocode/KubeGale/resource/initialize/initailize.go:64	åˆå§‹åŒ–æƒé™æ•°æ®æˆåŠŸ
[KUBEGALE]2025-05-20 15:08:52.786	[34minfo[0m	/Users/daihao/Downloads/gocode/KubeGale/resource/initialize/initailize.go:74	åˆå§‹åŒ–èœå•è¡¨æˆåŠŸ
[KUBEGALE]2025-05-20 15:08:52.787	[34minfo[0m	/Users/daihao/Downloads/gocode/KubeGale/resource/initialize/initailize.go:79	åˆå§‹åŒ–èœå•æ•°æ®æˆåŠŸ
[KUBEGALE]2025-05-20 15:08:52.857	[34minfo[0m	/Users/daihao/Downloads/gocode/KubeGale/resource/initialize/initailize.go:89	åˆå§‹åŒ–ç”¨æˆ·è¡¨æˆåŠŸ
[KUBEGALE]2025-05-20 15:08:53.023	[34minfo[0m	/Users/daihao/Downloads/gocode/KubeGale/resource/initialize/initailize.go:96	åˆå§‹åŒ–ç”¨æˆ·æ•°æ®æˆåŠŸ
