[KUBEGALE]2025-05-19 17:31:39.897	[35mdebug[0m	/Users/daihao/Downloads/gocode/KubeGale/utils/cloudCmdb/aws/load_balancer.go:131	å¤„ç†ALB/NLBå®ä¾‹	{"name": "k8s-cloudbridgeingres-f7d5e8edcd", "type": "application"}
[KUBEGALE]2025-05-19 17:31:39.897	[35mdebug[0m	/Users/daihao/Downloads/gocode/KubeGale/utils/cloudCmdb/aws/load_balancer.go:181	æ·»åŠ ALB/NLBåˆ°åˆ—è¡¨	{"name": "k8s-cloudbridgeingres-f7d5e8edcd", "instanceId": "arn:aws:elasticloadbalancing:ap-southeast-1:081973076895:loadbalancer/app/k8s-cloudbridgeingres-f7d5e8edcd/82ab93213afd88b9"}
[KUBEGALE]2025-05-19 17:31:39.897	[35mdebug[0m	/Users/daihao/Downloads/gocode/KubeGale/utils/cloudCmdb/aws/load_balancer.go:131	å¤„ç†ALB/NLBå®ä¾‹	{"name": "k8s-cloudbridgeingres-58906f9f3c", "type": "application"}
[KUBEGALE]2025-05-19 17:31:39.897	[35mdebug[0m	/Users/daihao/Downloads/gocode/KubeGale/utils/cloudCmdb/aws/load_balancer.go:181	æ·»åŠ ALB/NLBåˆ°åˆ—è¡¨	{"name": "k8s-cloudbridgeingres-58906f9f3c", "instanceId": "arn:aws:elasticloadbalancing:ap-southeast-1:081973076895:loadbalancer/app/k8s-cloudbridgeingres-58906f9f3c/16dd335ac82d9c3f"}
[KUBEGALE]2025-05-19 17:31:40.869	[35mdebug[0m	/Users/daihao/Downloads/gocode/KubeGale/utils/cloudCmdb/aws/load_balancer.go:131	å¤„ç†ALB/NLBå®ä¾‹	{"name": "bee-worker-proxy", "type": "network"}
[KUBEGALE]2025-05-19 17:31:41.092	[35mdebug[0m	/Users/daihao/Downloads/gocode/KubeGale/utils/cloudCmdb/aws/load_balancer.go:181	æ·»åŠ ALB/NLBåˆ°åˆ—è¡¨	{"name": "bee-worker-proxy", "instanceId": "arn:aws:elasticloadbalancing:us-west-2:081973076895:loadbalancer/net/bee-worker-proxy/38c6e1f8c844e7d1"}
[KUBEGALE]2025-05-19 17:31:41.092	[35mdebug[0m	/Users/daihao/Downloads/gocode/KubeGale/utils/cloudCmdb/aws/load_balancer.go:131	å¤„ç†ALB/NLBå®ä¾‹	{"name": "k8s-ingressn-ingressn-b49e13a4f1", "type": "network"}
[KUBEGALE]2025-05-19 17:31:41.314	[35mdebug[0m	/Users/daihao/Downloads/gocode/KubeGale/utils/cloudCmdb/aws/load_balancer.go:181	æ·»åŠ ALB/NLBåˆ°åˆ—è¡¨	{"name": "k8s-ingressn-ingressn-b49e13a4f1", "instanceId": "arn:aws:elasticloadbalancing:us-west-2:081973076895:loadbalancer/net/k8s-ingressn-ingressn-b49e13a4f1/46582dcb42b75845"}
[KUBEGALE]2025-05-19 17:31:41.314	[35mdebug[0m	/Users/daihao/Downloads/gocode/KubeGale/utils/cloudCmdb/aws/load_balancer.go:131	å¤„ç†ALB/NLBå®ä¾‹	{"name": "mobicenter-mysql-nlb-prod", "type": "network"}
[KUBEGALE]2025-05-19 17:31:41.553	[35mdebug[0m	/Users/daihao/Downloads/gocode/KubeGale/utils/cloudCmdb/aws/load_balancer.go:181	æ·»åŠ ALB/NLBåˆ°åˆ—è¡¨	{"name": "mobicenter-mysql-nlb-prod", "instanceId": "arn:aws:elasticloadbalancing:us-west-2:081973076895:loadbalancer/net/mobicenter-mysql-nlb-prod/7cc0662499ffaa3a"}
[KUBEGALE]2025-05-19 17:31:41.554	[35mdebug[0m	/Users/daihao/Downloads/gocode/KubeGale/utils/cloudCmdb/aws/load_balancer.go:131	å¤„ç†ALB/NLBå®ä¾‹	{"name": "k8s-ingressn-ingressn-bf6548b3d4", "type": "network"}
[KUBEGALE]2025-05-19 17:31:41.774	[35mdebug[0m	/Users/daihao/Downloads/gocode/KubeGale/utils/cloudCmdb/aws/load_balancer.go:181	æ·»åŠ ALB/NLBåˆ°åˆ—è¡¨	{"name": "k8s-ingressn-ingressn-bf6548b3d4", "instanceId": "arn:aws:elasticloadbalancing:us-west-2:081973076895:loadbalancer/net/k8s-ingressn-ingressn-bf6548b3d4/a7ee308a07c3b274"}
[KUBEGALE]2025-05-19 17:31:41.775	[35mdebug[0m	/Users/daihao/Downloads/gocode/KubeGale/utils/cloudCmdb/aws/load_balancer.go:131	å¤„ç†ALB/NLBå®ä¾‹	{"name": "emp-etcd", "type": "network"}
[KUBEGALE]2025-05-19 17:31:41.997	[35mdebug[0m	/Users/daihao/Downloads/gocode/KubeGale/utils/cloudCmdb/aws/load_balancer.go:181	æ·»åŠ ALB/NLBåˆ°åˆ—è¡¨	{"name": "emp-etcd", "instanceId": "arn:aws:elasticloadbalancing:us-west-2:081973076895:loadbalancer/net/emp-etcd/cef166c78298cb0c"}
[KUBEGALE]2025-05-19 17:31:41.997	[35mdebug[0m	/Users/daihao/Downloads/gocode/KubeGale/utils/cloudCmdb/aws/load_balancer.go:131	å¤„ç†ALB/NLBå®ä¾‹	{"name": "ms-audit-demo", "type": "application"}
[KUBEGALE]2025-05-19 17:31:41.998	[35mdebug[0m	/Users/daihao/Downloads/gocode/KubeGale/utils/cloudCmdb/aws/load_balancer.go:181	æ·»åŠ ALB/NLBåˆ°åˆ—è¡¨	{"name": "ms-audit-demo", "instanceId": "arn:aws:elasticloadbalancing:us-west-2:081973076895:loadbalancer/app/ms-audit-demo/3ac1c436c2703a58"}
[KUBEGALE]2025-05-19 17:31:41.998	[35mdebug[0m	/Users/daihao/Downloads/gocode/KubeGale/utils/cloudCmdb/aws/load_balancer.go:131	å¤„ç†ALB/NLBå®ä¾‹	{"name": "e89bcbfa-kubernetesdashboa-6296", "type": "application"}
[KUBEGALE]2025-05-19 17:31:41.999	[35mdebug[0m	/Users/daihao/Downloads/gocode/KubeGale/utils/cloudCmdb/aws/load_balancer.go:181	æ·»åŠ ALB/NLBåˆ°åˆ—è¡¨	{"name": "e89bcbfa-kubernetesdashboa-6296", "instanceId": "arn:aws:elasticloadbalancing:us-west-2:081973076895:loadbalancer/app/e89bcbfa-kubernetesdashboa-6296/84be23f26dfdaba2"}
[KUBEGALE]2025-05-19 17:31:41.999	[35mdebug[0m	/Users/daihao/Downloads/gocode/KubeGale/utils/cloudCmdb/aws/load_balancer.go:131	å¤„ç†ALB/NLBå®ä¾‹	{"name": "ms-bop-front", "type": "application"}
[KUBEGALE]2025-05-19 17:31:41.999	[35mdebug[0m	/Users/daihao/Downloads/gocode/KubeGale/utils/cloudCmdb/aws/load_balancer.go:181	æ·»åŠ ALB/NLBåˆ°åˆ—è¡¨	{"name": "ms-bop-front", "instanceId": "arn:aws:elasticloadbalancing:us-west-2:081973076895:loadbalancer/app/ms-bop-front/1abb92e775c2206b"}
[KUBEGALE]2025-05-19 17:31:41.999	[35mdebug[0m	/Users/daihao/Downloads/gocode/KubeGale/utils/cloudCmdb/aws/load_balancer.go:131	å¤„ç†ALB/NLBå®ä¾‹	{"name": "ms-bop-auth", "type": "application"}
[KUBEGALE]2025-05-19 17:31:41.999	[35mdebug[0m	/Users/daihao/Downloads/gocode/KubeGale/utils/cloudCmdb/aws/load_balancer.go:181	æ·»åŠ ALB/NLBåˆ°åˆ—è¡¨	{"name": "ms-bop-auth", "instanceId": "arn:aws:elasticloadbalancing:us-west-2:081973076895:loadbalancer/app/ms-bop-auth/4ee7e0fb5080975f"}
[KUBEGALE]2025-05-19 17:31:41.999	[35mdebug[0m	/Users/daihao/Downloads/gocode/KubeGale/utils/cloudCmdb/aws/load_balancer.go:131	å¤„ç†ALB/NLBå®ä¾‹	{"name": "e89bcbfa-ms-mobiapicreatic-0f89", "type": "application"}
[KUBEGALE]2025-05-19 17:31:41.999	[35mdebug[0m	/Users/daihao/Downloads/gocode/KubeGale/utils/cloudCmdb/aws/load_balancer.go:181	æ·»åŠ ALB/NLBåˆ°åˆ—è¡¨	{"name": "e89bcbfa-ms-mobiapicreatic-0f89", "instanceId": "arn:aws:elasticloadbalancing:us-west-2:081973076895:loadbalancer/app/e89bcbfa-ms-mobiapicreatic-0f89/025c0f3328183b23"}
[KUBEGALE]2025-05-19 17:31:41.999	[35mdebug[0m	/Users/daihao/Downloads/gocode/KubeGale/utils/cloudCmdb/aws/load_balancer.go:131	å¤„ç†ALB/NLBå®ä¾‹	{"name": "e89bcbfa-ms-fraudetl-6c74", "type": "application"}
[KUBEGALE]2025-05-19 17:31:41.999	[35mdebug[0m	/Users/daihao/Downloads/gocode/KubeGale/utils/cloudCmdb/aws/load_balancer.go:181	æ·»åŠ ALB/NLBåˆ°åˆ—è¡¨	{"name": "e89bcbfa-ms-fraudetl-6c74", "instanceId": "arn:aws:elasticloadbalancing:us-west-2:081973076895:loadbalancer/app/e89bcbfa-ms-fraudetl-6c74/dbe59b3dc9ed584e"}
[KUBEGALE]2025-05-19 17:31:41.999	[35mdebug[0m	/Users/daihao/Downloads/gocode/KubeGale/utils/cloudCmdb/aws/load_balancer.go:131	å¤„ç†ALB/NLBå®ä¾‹	{"name": "e89bcbfa-ms-mobiapicommon-7daf", "type": "application"}
[KUBEGALE]2025-05-19 17:31:41.999	[35mdebug[0m	/Users/daihao/Downloads/gocode/KubeGale/utils/cloudCmdb/aws/load_balancer.go:181	æ·»åŠ ALB/NLBåˆ°åˆ—è¡¨	{"name": "e89bcbfa-ms-mobiapicommon-7daf", "instanceId": "arn:aws:elasticloadbalancing:us-west-2:081973076895:loadbalancer/app/e89bcbfa-ms-mobiapicommon-7daf/3c1d8e88c6b9187d"}
[KUBEGALE]2025-05-19 17:31:41.999	[35mdebug[0m	/Users/daihao/Downloads/gocode/KubeGale/utils/cloudCmdb/aws/load_balancer.go:131	å¤„ç†ALB/NLBå®ä¾‹	{"name": "e89bcbfa-ms-reportfront-9ac6", "type": "application"}
[KUBEGALE]2025-05-19 17:31:42.000	[35mdebug[0m	/Users/daihao/Downloads/gocode/KubeGale/utils/cloudCmdb/aws/load_balancer.go:181	æ·»åŠ ALB/NLBåˆ°åˆ—è¡¨	{"name": "e89bcbfa-ms-reportfront-9ac6", "instanceId": "arn:aws:elasticloadbalancing:us-west-2:081973076895:loadbalancer/app/e89bcbfa-ms-reportfront-9ac6/b3fee30da2a04d46"}
[KUBEGALE]2025-05-19 17:31:42.000	[35mdebug[0m	/Users/daihao/Downloads/gocode/KubeGale/utils/cloudCmdb/aws/load_balancer.go:131	å¤„ç†ALB/NLBå®ä¾‹	{"name": "e89bcbfa-ms-uniauthfront-6f5e", "type": "application"}
[KUBEGALE]2025-05-19 17:31:42.000	[35mdebug[0m	/Users/daihao/Downloads/gocode/KubeGale/utils/cloudCmdb/aws/load_balancer.go:181	æ·»åŠ ALB/NLBåˆ°åˆ—è¡¨	{"name": "e89bcbfa-ms-uniauthfront-6f5e", "instanceId": "arn:aws:elasticloadbalancing:us-west-2:081973076895:loadbalancer/app/e89bcbfa-ms-uniauthfront-6f5e/df9aa69a0a438ee1"}
[KUBEGALE]2025-05-19 17:31:42.000	[35mdebug[0m	/Users/daihao/Downloads/gocode/KubeGale/utils/cloudCmdb/aws/load_balancer.go:131	å¤„ç†ALB/NLBå®ä¾‹	{"name": "e89bcbfa-ms-unireportfront-46f5", "type": "application"}
[KUBEGALE]2025-05-19 17:31:42.000	[35mdebug[0m	/Users/daihao/Downloads/gocode/KubeGale/utils/cloudCmdb/aws/load_balancer.go:181	æ·»åŠ ALB/NLBåˆ°åˆ—è¡¨	{"name": "e89bcbfa-ms-unireportfront-46f5", "instanceId": "arn:aws:elasticloadbalancing:us-west-2:081973076895:loadbalancer/app/e89bcbfa-ms-unireportfront-46f5/20da6dfe4ed73f32"}
[KUBEGALE]2025-05-19 17:31:42.000	[35mdebug[0m	/Users/daihao/Downloads/gocode/KubeGale/utils/cloudCmdb/aws/load_balancer.go:131	å¤„ç†ALB/NLBå®ä¾‹	{"name": "tec-get-mail", "type": "application"}
[KUBEGALE]2025-05-19 17:31:42.000	[35mdebug[0m	/Users/daihao/Downloads/gocode/KubeGale/utils/cloudCmdb/aws/load_balancer.go:181	æ·»åŠ ALB/NLBåˆ°åˆ—è¡¨	{"name": "tec-get-mail", "instanceId": "arn:aws:elasticloadbalancing:us-west-2:081973076895:loadbalancer/app/tec-get-mail/e8e6de7f73aaecda"}
[KUBEGALE]2025-05-19 17:31:42.000	[35mdebug[0m	/Users/daihao/Downloads/gocode/KubeGale/utils/cloudCmdb/aws/load_balancer.go:131	å¤„ç†ALB/NLBå®ä¾‹	{"name": "tec-get-mail-aws", "type": "application"}
[KUBEGALE]2025-05-19 17:31:42.001	[35mdebug[0m	/Users/daihao/Downloads/gocode/KubeGale/utils/cloudCmdb/aws/load_balancer.go:181	æ·»åŠ ALB/NLBåˆ°åˆ—è¡¨	{"name": "tec-get-mail-aws", "instanceId": "arn:aws:elasticloadbalancing:us-west-2:081973076895:loadbalancer/app/tec-get-mail-aws/3ab3dcfd390893d1"}
[KUBEGALE]2025-05-19 17:31:42.001	[35mdebug[0m	/Users/daihao/Downloads/gocode/KubeGale/utils/cloudCmdb/aws/load_balancer.go:131	å¤„ç†ALB/NLBå®ä¾‹	{"name": "test-business-uniagency", "type": "application"}
[KUBEGALE]2025-05-19 17:31:42.001	[35mdebug[0m	/Users/daihao/Downloads/gocode/KubeGale/utils/cloudCmdb/aws/load_balancer.go:181	æ·»åŠ ALB/NLBåˆ°åˆ—è¡¨	{"name": "test-business-uniagency", "instanceId": "arn:aws:elasticloadbalancing:us-west-2:081973076895:loadbalancer/app/test-business-uniagency/76ee8c368240e744"}
[KUBEGALE]2025-05-19 17:31:42.001	[35mdebug[0m	/Users/daihao/Downloads/gocode/KubeGale/utils/cloudCmdb/aws/load_balancer.go:131	å¤„ç†ALB/NLBå®ä¾‹	{"name": "e89bcbfa-ms-authfrontinter-a89c", "type": "application"}
[KUBEGALE]2025-05-19 17:31:42.001	[35mdebug[0m	/Users/daihao/Downloads/gocode/KubeGale/utils/cloudCmdb/aws/load_balancer.go:181	æ·»åŠ ALB/NLBåˆ°åˆ—è¡¨	{"name": "e89bcbfa-ms-authfrontinter-a89c", "instanceId": "arn:aws:elasticloadbalancing:us-west-2:081973076895:loadbalancer/app/e89bcbfa-ms-authfrontinter-a89c/fe6d211e310b9ee4"}
[KUBEGALE]2025-05-19 17:31:42.001	[35mdebug[0m	/Users/daihao/Downloads/gocode/KubeGale/utils/cloudCmdb/aws/load_balancer.go:131	å¤„ç†ALB/NLBå®ä¾‹	{"name": "e89bcbfa-ms-s2sdatapull-183b", "type": "application"}
[KUBEGALE]2025-05-19 17:31:42.001	[35mdebug[0m	/Users/daihao/Downloads/gocode/KubeGale/utils/cloudCmdb/aws/load_balancer.go:181	æ·»åŠ ALB/NLBåˆ°åˆ—è¡¨	{"name": "e89bcbfa-ms-s2sdatapull-183b", "instanceId": "arn:aws:elasticloadbalancing:us-west-2:081973076895:loadbalancer/app/e89bcbfa-ms-s2sdatapull-183b/0e554011a3591ec2"}
[KUBEGALE]2025-05-19 17:31:42.001	[35mdebug[0m	/Users/daihao/Downloads/gocode/KubeGale/utils/cloudCmdb/aws/load_balancer.go:131	å¤„ç†ALB/NLBå®ä¾‹	{"name": "e89bcbfa-ms-financialapiad-2ac3", "type": "application"}
[KUBEGALE]2025-05-19 17:31:42.001	[35mdebug[0m	/Users/daihao/Downloads/gocode/KubeGale/utils/cloudCmdb/aws/load_balancer.go:181	æ·»åŠ ALB/NLBåˆ°åˆ—è¡¨	{"name": "e89bcbfa-ms-financialapiad-2ac3", "instanceId": "arn:aws:elasticloadbalancing:us-west-2:081973076895:loadbalancer/app/e89bcbfa-ms-financialapiad-2ac3/95bc0030fcf6bba2"}
[KUBEGALE]2025-05-19 17:31:42.001	[35mdebug[0m	/Users/daihao/Downloads/gocode/KubeGale/utils/cloudCmdb/aws/load_balancer.go:131	å¤„ç†ALB/NLBå®ä¾‹	{"name": "e89bcbfa-ms-paybackservice-7285", "type": "application"}
[KUBEGALE]2025-05-19 17:31:42.001	[35mdebug[0m	/Users/daihao/Downloads/gocode/KubeGale/utils/cloudCmdb/aws/load_balancer.go:181	æ·»åŠ ALB/NLBåˆ°åˆ—è¡¨	{"name": "e89bcbfa-ms-paybackservice-7285", "instanceId": "arn:aws:elasticloadbalancing:us-west-2:081973076895:loadbalancer/app/e89bcbfa-ms-paybackservice-7285/96ac18ad48e346cd"}
[KUBEGALE]2025-05-19 17:31:42.001	[35mdebug[0m	/Users/daihao/Downloads/gocode/KubeGale/utils/cloudCmdb/aws/load_balancer.go:131	å¤„ç†ALB/NLBå®ä¾‹	{"name": "e89bcbfa-ms-queryservice-c2f0", "type": "application"}
[KUBEGALE]2025-05-19 17:31:42.002	[35mdebug[0m	/Users/daihao/Downloads/gocode/KubeGale/utils/cloudCmdb/aws/load_balancer.go:181	æ·»åŠ ALB/NLBåˆ°åˆ—è¡¨	{"name": "e89bcbfa-ms-queryservice-c2f0", "instanceId": "arn:aws:elasticloadbalancing:us-west-2:081973076895:loadbalancer/app/e89bcbfa-ms-queryservice-c2f0/cc310963b85ee6fb"}
[KUBEGALE]2025-05-19 17:31:42.002	[35mdebug[0m	/Users/daihao/Downloads/gocode/KubeGale/utils/cloudCmdb/aws/load_balancer.go:131	å¤„ç†ALB/NLBå®ä¾‹	{"name": "e89bcbfa-ms-reportservice-9f7c", "type": "application"}
[KUBEGALE]2025-05-19 17:31:42.002	[35mdebug[0m	/Users/daihao/Downloads/gocode/KubeGale/utils/cloudCmdb/aws/load_balancer.go:181	æ·»åŠ ALB/NLBåˆ°åˆ—è¡¨	{"name": "e89bcbfa-ms-reportservice-9f7c", "instanceId": "arn:aws:elasticloadbalancing:us-west-2:081973076895:loadbalancer/app/e89bcbfa-ms-reportservice-9f7c/4edb68ed5eba3953"}
[KUBEGALE]2025-05-19 17:31:42.002	[35mdebug[0m	/Users/daihao/Downloads/gocode/KubeGale/utils/cloudCmdb/aws/load_balancer.go:131	å¤„ç†ALB/NLBå®ä¾‹	{"name": "aws-pac-alb-shield-prod-01", "type": "application"}
[KUBEGALE]2025-05-19 17:31:42.002	[35mdebug[0m	/Users/daihao/Downloads/gocode/KubeGale/utils/cloudCmdb/aws/load_balancer.go:181	æ·»åŠ ALB/NLBåˆ°åˆ—è¡¨	{"name": "aws-pac-alb-shield-prod-01", "instanceId": "arn:aws:elasticloadbalancing:us-west-2:081973076895:loadbalancer/app/aws-pac-alb-shield-prod-01/ebfb1e774f663580"}
[KUBEGALE]2025-05-19 17:31:42.821	[35mdebug[0m	/Users/daihao/Downloads/gocode/KubeGale/utils/cloudCmdb/aws/load_balancer.go:206	å¤„ç†Classic LBå®ä¾‹	{"name": "console2-ssl"}
[KUBEGALE]2025-05-19 17:31:42.822	[35mdebug[0m	/Users/daihao/Downloads/gocode/KubeGale/utils/cloudCmdb/aws/load_balancer.go:236	æ·»åŠ Classic LBåˆ°åˆ—è¡¨	{"name": "console2-ssl", "instanceId": "console2-ssl"}
[KUBEGALE]2025-05-19 17:31:42.823	[35mdebug[0m	/Users/daihao/Downloads/gocode/KubeGale/utils/cloudCmdb/aws/load_balancer.go:206	å¤„ç†Classic LBå®ä¾‹	{"name": "ms-bop-auth"}
[KUBEGALE]2025-05-19 17:31:42.823	[35mdebug[0m	/Users/daihao/Downloads/gocode/KubeGale/utils/cloudCmdb/aws/load_balancer.go:236	æ·»åŠ Classic LBåˆ°åˆ—è¡¨	{"name": "ms-bop-auth", "instanceId": "ms-bop-auth"}
