[KUBEGALE]2025-05-19 15:41:07.689	[34minfo[0m	/Users/daihao/Downloads/gocode/KubeGale/service/cloudCmdb/cloud_load_balancer.go:98	å¼€å§‹æ›´æ–°è´Ÿè½½å‡è¡¡å™¨æ•°æ®	{"count": 11}
[KUBEGALE]2025-05-19 15:41:07.723	[34minfo[0m	/Users/daihao/Downloads/gocode/KubeGale/service/cloudCmdb/cloud_load_balancer.go:139	å®Œæˆæ›´æ–°è´Ÿè½½å‡è¡¡å™¨æ•°æ®	{"count": 11}
[KUBEGALE]2025-05-19 15:41:07.844	[34minfo[0m	/Users/daihao/Downloads/gocode/KubeGale/service/cloudCmdb/cloud_load_balancer.go:98	å¼€å§‹æ›´æ–°è´Ÿè½½å‡è¡¡å™¨æ•°æ®	{"count": 18}
[KUBEGALE]2025-05-19 15:41:07.885	[34minfo[0m	/Users/daihao/Downloads/gocode/KubeGale/service/cloudCmdb/cloud_load_balancer.go:139	å®Œæˆæ›´æ–°è´Ÿè½½å‡è¡¡å™¨æ•°æ®	{"count": 18}
[KUBEGALE]2025-05-19 15:41:08.452	[34minfo[0m	/Users/daihao/Downloads/gocode/KubeGale/service/cloudCmdb/cloud_load_balancer.go:98	å¼€å§‹æ›´æ–°è´Ÿè½½å‡è¡¡å™¨æ•°æ®	{"count": 77}
[KUBEGALE]2025-05-19 15:41:08.506	[34minfo[0m	/Users/daihao/Downloads/gocode/KubeGale/service/cloudCmdb/cloud_load_balancer.go:139	å®Œæˆæ›´æ–°è´Ÿè½½å‡è¡¡å™¨æ•°æ®	{"count": 77}
[KUBEGALE]2025-05-19 15:41:09.691	[34minfo[0m	/Users/daihao/Downloads/gocode/KubeGale/service/cloudCmdb/cloud_load_balancer.go:98	å¼€å§‹æ›´æ–°è´Ÿè½½å‡è¡¡å™¨æ•°æ®	{"count": 27}
[KUBEGALE]2025-05-19 15:41:09.726	[34minfo[0m	/Users/daihao/Downloads/gocode/KubeGale/service/cloudCmdb/cloud_load_balancer.go:139	å®Œæˆæ›´æ–°è´Ÿè½½å‡è¡¡å™¨æ•°æ®	{"count": 27}
[KUBEGALE]2025-05-19 15:41:11.220	[34minfo[0m	/Users/daihao/Downloads/gocode/KubeGale/service/cloudCmdb/cloud_load_balancer.go:98	å¼€å§‹æ›´æ–°è´Ÿè½½å‡è¡¡å™¨æ•°æ®	{"count": 2}
[KUBEGALE]2025-05-19 15:41:11.227	[34minfo[0m	/Users/daihao/Downloads/gocode/KubeGale/service/cloudCmdb/cloud_load_balancer.go:139	å®Œæˆæ›´æ–°è´Ÿè½½å‡è¡¡å™¨æ•°æ®	{"count": 2}
[KUBEGALE]2025-05-19 15:41:14.087	[34minfo[0m	/Users/daihao/Downloads/gocode/KubeGale/service/cloudCmdb/cloud_load_balancer.go:98	å¼€å§‹æ›´æ–°è´Ÿè½½å‡è¡¡å™¨æ•°æ®	{"count": 27}
[KUBEGALE]2025-05-19 15:41:14.132	[34minfo[0m	/Users/daihao/Downloads/gocode/KubeGale/service/cloudCmdb/cloud_load_balancer.go:139	å®Œæˆæ›´æ–°è´Ÿè½½å‡è¡¡å™¨æ•°æ®	{"count": 27}
[KUBEGALE]2025-05-19 16:45:04.017	[34minfo[0m	/Users/daihao/Downloads/gocode/KubeGale/initialize/gorm_biz.go:35	register  tables success
[KUBEGALE]2025-05-19 16:45:04.017	[34minfo[0m	/Users/daihao/Downloads/gocode/KubeGale/initialize/gorm.go:43	register table success
[KUBEGALE]2025-05-19 16:45:04.021	[34minfo[0m	/Users/daihao/Downloads/gocode/KubeGale/initialize/redis.go:33	redis connect ping response:	{"name": "", "pong": "PONG"}
[KUBEGALE]2025-05-19 16:45:04.021	[34minfo[0m	/Users/daihao/Downloads/gocode/KubeGale/initialize/redis.go:33	redis connect ping response:	{"name": "cache", "pong": "PONG"}
[KUBEGALE]2025-05-19 16:45:04.021	[34minfo[0m	/Users/daihao/Downloads/gocode/KubeGale/core/server.go:55	initialize local cache
[KUBEGALE]2025-05-19 16:45:04.023	[34minfo[0m	/Users/daihao/Downloads/gocode/KubeGale/initialize/router.go:54	register swagger handler
[KUBEGALE]2025-05-19 16:45:04.023	[34minfo[0m	/Users/daihao/Downloads/gocode/KubeGale/initialize/router.go:93	router register success
[KUBEGALE]2025-05-19 16:45:04.023	[34minfo[0m	/Users/daihao/Downloads/gocode/KubeGale/core/server.go:66	server run success on 	{"address": ":8080"}
[KUBEGALE]2025-05-19 16:45:30.532	[34minfo[0m	/Users/daihao/Downloads/gocode/KubeGale/service/cloudCmdb/cloud_load_balancer.go:98	å¼€å§‹æ›´æ–°è´Ÿè½½å‡è¡¡å™¨æ•°æ®	{"count": 2}
[KUBEGALE]2025-05-19 16:45:30.534	[34minfo[0m	/Users/daihao/Downloads/gocode/KubeGale/service/cloudCmdb/cloud_load_balancer.go:139	å®Œæˆæ›´æ–°è´Ÿè½½å‡è¡¡å™¨æ•°æ®	{"count": 2}
[KUBEGALE]2025-05-19 16:45:33.967	[34minfo[0m	/Users/daihao/Downloads/gocode/KubeGale/service/cloudCmdb/cloud_load_balancer.go:98	å¼€å§‹æ›´æ–°è´Ÿè½½å‡è¡¡å™¨æ•°æ®	{"count": 27}
[KUBEGALE]2025-05-19 16:45:34.017	[34minfo[0m	/Users/daihao/Downloads/gocode/KubeGale/service/cloudCmdb/cloud_load_balancer.go:139	å®Œæˆæ›´æ–°è´Ÿè½½å‡è¡¡å™¨æ•°æ®	{"count": 27}
[KUBEGALE]2025-05-19 16:49:43.159	[34minfo[0m	/Users/daihao/Downloads/gocode/KubeGale/initialize/gorm_biz.go:35	register  tables success
[KUBEGALE]2025-05-19 16:49:43.159	[34minfo[0m	/Users/daihao/Downloads/gocode/KubeGale/initialize/gorm.go:43	register table success
[KUBEGALE]2025-05-19 16:49:43.160	[34minfo[0m	/Users/daihao/Downloads/gocode/KubeGale/initialize/redis.go:33	redis connect ping response:	{"name": "", "pong": "PONG"}
[KUBEGALE]2025-05-19 16:49:43.161	[34minfo[0m	/Users/daihao/Downloads/gocode/KubeGale/initialize/redis.go:33	redis connect ping response:	{"name": "cache", "pong": "PONG"}
[KUBEGALE]2025-05-19 16:49:43.161	[34minfo[0m	/Users/daihao/Downloads/gocode/KubeGale/core/server.go:55	initialize local cache
[KUBEGALE]2025-05-19 16:49:43.162	[34minfo[0m	/Users/daihao/Downloads/gocode/KubeGale/initialize/router.go:54	register swagger handler
[KUBEGALE]2025-05-19 16:49:43.162	[34minfo[0m	/Users/daihao/Downloads/gocode/KubeGale/initialize/router.go:93	router register success
[KUBEGALE]2025-05-19 16:49:43.162	[34minfo[0m	/Users/daihao/Downloads/gocode/KubeGale/core/server.go:66	server run success on 	{"address": ":8080"}
[KUBEGALE]2025-05-19 16:50:00.029	[34minfo[0m	/Users/daihao/Downloads/gocode/KubeGale/service/cloudCmdb/cloud_load_balancer.go:98	å¼€å§‹æ›´æ–°è´Ÿè½½å‡è¡¡å™¨æ•°æ®	{"count": 2}
[KUBEGALE]2025-05-19 16:50:00.032	[34minfo[0m	/Users/daihao/Downloads/gocode/KubeGale/service/cloudCmdb/cloud_load_balancer.go:139	å®Œæˆæ›´æ–°è´Ÿè½½å‡è¡¡å™¨æ•°æ®	{"count": 2}
[KUBEGALE]2025-05-19 16:50:02.833	[34minfo[0m	/Users/daihao/Downloads/gocode/KubeGale/service/cloudCmdb/cloud_load_balancer.go:98	å¼€å§‹æ›´æ–°è´Ÿè½½å‡è¡¡å™¨æ•°æ®	{"count": 27}
[KUBEGALE]2025-05-19 16:50:02.873	[34minfo[0m	/Users/daihao/Downloads/gocode/KubeGale/service/cloudCmdb/cloud_load_balancer.go:139	å®Œæˆæ›´æ–°è´Ÿè½½å‡è¡¡å™¨æ•°æ®	{"count": 27}
[KUBEGALE]2025-05-19 17:27:59.794	[34minfo[0m	/Users/daihao/Downloads/gocode/KubeGale/initialize/gorm_biz.go:35	register  tables success
[KUBEGALE]2025-05-19 17:27:59.794	[34minfo[0m	/Users/daihao/Downloads/gocode/KubeGale/initialize/gorm.go:43	register table success
[KUBEGALE]2025-05-19 17:27:59.798	[34minfo[0m	/Users/daihao/Downloads/gocode/KubeGale/initialize/redis.go:33	redis connect ping response:	{"name": "", "pong": "PONG"}
[KUBEGALE]2025-05-19 17:27:59.799	[34minfo[0m	/Users/daihao/Downloads/gocode/KubeGale/initialize/redis.go:33	redis connect ping response:	{"name": "cache", "pong": "PONG"}
[KUBEGALE]2025-05-19 17:27:59.799	[34minfo[0m	/Users/daihao/Downloads/gocode/KubeGale/core/server.go:55	initialize local cache
[KUBEGALE]2025-05-19 17:27:59.799	[34minfo[0m	/Users/daihao/Downloads/gocode/KubeGale/initialize/router.go:54	register swagger handler
[KUBEGALE]2025-05-19 17:27:59.800	[34minfo[0m	/Users/daihao/Downloads/gocode/KubeGale/initialize/router.go:93	router register success
[KUBEGALE]2025-05-19 17:27:59.800	[34minfo[0m	/Users/daihao/Downloads/gocode/KubeGale/core/server.go:66	server run success on 	{"address": ":8080"}
[KUBEGALE]2025-05-19 17:30:47.645	[34minfo[0m	/Users/daihao/Downloads/gocode/KubeGale/initialize/gorm_biz.go:35	register  tables success
[KUBEGALE]2025-05-19 17:30:47.645	[34minfo[0m	/Users/daihao/Downloads/gocode/KubeGale/initialize/gorm.go:43	register table success
[KUBEGALE]2025-05-19 17:30:47.647	[34minfo[0m	/Users/daihao/Downloads/gocode/KubeGale/initialize/redis.go:33	redis connect ping response:	{"name": "", "pong": "PONG"}
[KUBEGALE]2025-05-19 17:30:47.648	[34minfo[0m	/Users/daihao/Downloads/gocode/KubeGale/initialize/redis.go:33	redis connect ping response:	{"name": "cache", "pong": "PONG"}
[KUBEGALE]2025-05-19 17:30:47.648	[34minfo[0m	/Users/daihao/Downloads/gocode/KubeGale/core/server.go:55	initialize local cache
[KUBEGALE]2025-05-19 17:30:47.648	[34minfo[0m	/Users/daihao/Downloads/gocode/KubeGale/initialize/router.go:54	register swagger handler
[KUBEGALE]2025-05-19 17:30:47.649	[34minfo[0m	/Users/daihao/Downloads/gocode/KubeGale/initialize/router.go:93	router register success
[KUBEGALE]2025-05-19 17:30:47.649	[34minfo[0m	/Users/daihao/Downloads/gocode/KubeGale/core/server.go:66	server run success on 	{"address": ":8080"}
[KUBEGALE]2025-05-19 17:31:39.190	[34minfo[0m	/Users/daihao/Downloads/gocode/KubeGale/utils/cloudCmdb/aws/load_balancer.go:90	å¼€å§‹åŒæ­¥AWSè´Ÿè½½å‡è¡¡å™¨	{"cloudId": 14, "region": "aws-ap-south-2", "regionName": "ap-south-2"}
[KUBEGALE]2025-05-19 17:31:39.191	[34minfo[0m	/Users/daihao/Downloads/gocode/KubeGale/utils/cloudCmdb/aws/load_balancer.go:90	å¼€å§‹åŒæ­¥AWSè´Ÿè½½å‡è¡¡å™¨	{"cloudId": 14, "region": "aws-eu-south-2", "regionName": "eu-south-2"}
[KUBEGALE]2025-05-19 17:31:39.193	[34minfo[0m	/Users/daihao/Downloads/gocode/KubeGale/utils/cloudCmdb/aws/load_balancer.go:90	å¼€å§‹åŒæ­¥AWSè´Ÿè½½å‡è¡¡å™¨	{"cloudId": 14, "region": "aws-eu-west-3", "regionName": "eu-west-3"}
[KUBEGALE]2025-05-19 17:31:39.193	[34minfo[0m	/Users/daihao/Downloads/gocode/KubeGale/utils/cloudCmdb/aws/load_balancer.go:90	å¼€å§‹åŒæ­¥AWSè´Ÿè½½å‡è¡¡å™¨	{"cloudId": 14, "region": "aws-ca-central-1", "regionName": "ca-central-1"}
[KUBEGALE]2025-05-19 17:31:39.194	[34minfo[0m	/Users/daihao/Downloads/gocode/KubeGale/utils/cloudCmdb/aws/load_balancer.go:90	å¼€å§‹åŒæ­¥AWSè´Ÿè½½å‡è¡¡å™¨	{"cloudId": 14, "region": "aws-ap-southeast-4", "regionName": "ap-southeast-4"}
[KUBEGALE]2025-05-19 17:31:39.193	[34minfo[0m	/Users/daihao/Downloads/gocode/KubeGale/utils/cloudCmdb/aws/load_balancer.go:90	å¼€å§‹åŒæ­¥AWSè´Ÿè½½å‡è¡¡å™¨	{"cloudId": 14, "region": "aws-eu-central-1", "regionName": "eu-central-1"}
[KUBEGALE]2025-05-19 17:31:39.193	[34minfo[0m	/Users/daihao/Downloads/gocode/KubeGale/utils/cloudCmdb/aws/load_balancer.go:90	å¼€å§‹åŒæ­¥AWSè´Ÿè½½å‡è¡¡å™¨	{"cloudId": 14, "region": "aws-ap-northeast-3", "regionName": "ap-northeast-3"}
[KUBEGALE]2025-05-19 17:31:39.194	[34minfo[0m	/Users/daihao/Downloads/gocode/KubeGale/utils/cloudCmdb/aws/load_balancer.go:90	å¼€å§‹åŒæ­¥AWSè´Ÿè½½å‡è¡¡å™¨	{"cloudId": 14, "region": "aws-ap-east-1", "regionName": "ap-east-1"}
[KUBEGALE]2025-05-19 17:31:39.193	[34minfo[0m	/Users/daihao/Downloads/gocode/KubeGale/utils/cloudCmdb/aws/load_balancer.go:90	å¼€å§‹åŒæ­¥AWSè´Ÿè½½å‡è¡¡å™¨	{"cloudId": 14, "region": "aws-ap-northeast-1", "regionName": "ap-northeast-1"}
[KUBEGALE]2025-05-19 17:31:39.191	[34minfo[0m	/Users/daihao/Downloads/gocode/KubeGale/utils/cloudCmdb/aws/load_balancer.go:90	å¼€å§‹åŒæ­¥AWSè´Ÿè½½å‡è¡¡å™¨	{"cloudId": 14, "region": "aws-ap-southeast-7", "regionName": "ap-southeast-7"}
[KUBEGALE]2025-05-19 17:31:39.191	[34minfo[0m	/Users/daihao/Downloads/gocode/KubeGale/utils/cloudCmdb/aws/load_balancer.go:90	å¼€å§‹åŒæ­¥AWSè´Ÿè½½å‡è¡¡å™¨	{"cloudId": 14, "region": "aws-ap-south-1", "regionName": "ap-south-1"}
[KUBEGALE]2025-05-19 17:31:39.191	[34minfo[0m	/Users/daihao/Downloads/gocode/KubeGale/utils/cloudCmdb/aws/load_balancer.go:90	å¼€å§‹åŒæ­¥AWSè´Ÿè½½å‡è¡¡å™¨	{"cloudId": 14, "region": "aws-eu-south-1", "regionName": "eu-south-1"}
[KUBEGALE]2025-05-19 17:31:39.193	[34minfo[0m	/Users/daihao/Downloads/gocode/KubeGale/utils/cloudCmdb/aws/load_balancer.go:90	å¼€å§‹åŒæ­¥AWSè´Ÿè½½å‡è¡¡å™¨	{"cloudId": 14, "region": "aws-me-central-1", "regionName": "me-central-1"}
[KUBEGALE]2025-05-19 17:31:39.193	[34minfo[0m	/Users/daihao/Downloads/gocode/KubeGale/utils/cloudCmdb/aws/load_balancer.go:90	å¼€å§‹åŒæ­¥AWSè´Ÿè½½å‡è¡¡å™¨	{"cloudId": 14, "region": "aws-us-west-2", "regionName": "us-west-2"}
[KUBEGALE]2025-05-19 17:31:39.193	[34minfo[0m	/Users/daihao/Downloads/gocode/KubeGale/utils/cloudCmdb/aws/load_balancer.go:90	å¼€å§‹åŒæ­¥AWSè´Ÿè½½å‡è¡¡å™¨	{"cloudId": 14, "region": "aws-af-south-1", "regionName": "af-south-1"}
[KUBEGALE]2025-05-19 17:31:39.193	[34minfo[0m	/Users/daihao/Downloads/gocode/KubeGale/utils/cloudCmdb/aws/load_balancer.go:90	å¼€å§‹åŒæ­¥AWSè´Ÿè½½å‡è¡¡å™¨	{"cloudId": 14, "region": "aws-eu-north-1", "regionName": "eu-north-1"}
[KUBEGALE]2025-05-19 17:31:39.193	[34minfo[0m	/Users/daihao/Downloads/gocode/KubeGale/utils/cloudCmdb/aws/load_balancer.go:90	å¼€å§‹åŒæ­¥AWSè´Ÿè½½å‡è¡¡å™¨	{"cloudId": 14, "region": "aws-eu-west-2", "regionName": "eu-west-2"}
[KUBEGALE]2025-05-19 17:31:39.193	[34minfo[0m	/Users/daihao/Downloads/gocode/KubeGale/utils/cloudCmdb/aws/load_balancer.go:90	å¼€å§‹åŒæ­¥AWSè´Ÿè½½å‡è¡¡å™¨	{"cloudId": 14, "region": "aws-il-central-1", "regionName": "il-central-1"}
[KUBEGALE]2025-05-19 17:31:39.193	[34minfo[0m	/Users/daihao/Downloads/gocode/KubeGale/utils/cloudCmdb/aws/load_balancer.go:90	å¼€å§‹åŒæ­¥AWSè´Ÿè½½å‡è¡¡å™¨	{"cloudId": 14, "region": "aws-ap-southeast-1", "regionName": "ap-southeast-1"}
[KUBEGALE]2025-05-19 17:31:39.193	[34minfo[0m	/Users/daihao/Downloads/gocode/KubeGale/utils/cloudCmdb/aws/load_balancer.go:90	å¼€å§‹åŒæ­¥AWSè´Ÿè½½å‡è¡¡å™¨	{"cloudId": 14, "region": "aws-ap-northeast-2", "regionName": "ap-northeast-2"}
[KUBEGALE]2025-05-19 17:31:39.193	[34minfo[0m	/Users/daihao/Downloads/gocode/KubeGale/utils/cloudCmdb/aws/load_balancer.go:90	å¼€å§‹åŒæ­¥AWSè´Ÿè½½å‡è¡¡å™¨	{"cloudId": 14, "region": "aws-us-west-1", "regionName": "us-west-1"}
[KUBEGALE]2025-05-19 17:31:39.193	[34minfo[0m	/Users/daihao/Downloads/gocode/KubeGale/utils/cloudCmdb/aws/load_balancer.go:90	å¼€å§‹åŒæ­¥AWSè´Ÿè½½å‡è¡¡å™¨	{"cloudId": 14, "region": "aws-eu-west-1", "regionName": "eu-west-1"}
[KUBEGALE]2025-05-19 17:31:39.194	[34minfo[0m	/Users/daihao/Downloads/gocode/KubeGale/utils/cloudCmdb/aws/load_balancer.go:90	å¼€å§‹åŒæ­¥AWSè´Ÿè½½å‡è¡¡å™¨	{"cloudId": 14, "region": "aws-ap-southeast-2", "regionName": "ap-southeast-2"}
[KUBEGALE]2025-05-19 17:31:39.194	[34minfo[0m	/Users/daihao/Downloads/gocode/KubeGale/utils/cloudCmdb/aws/load_balancer.go:90	å¼€å§‹åŒæ­¥AWSè´Ÿè½½å‡è¡¡å™¨	{"cloudId": 14, "region": "aws-ap-southeast-3", "regionName": "ap-southeast-3"}
[KUBEGALE]2025-05-19 17:31:39.194	[34minfo[0m	/Users/daihao/Downloads/gocode/KubeGale/utils/cloudCmdb/aws/load_balancer.go:90	å¼€å§‹åŒæ­¥AWSè´Ÿè½½å‡è¡¡å™¨	{"cloudId": 14, "region": "aws-ap-southeast-5", "regionName": "ap-southeast-5"}
[KUBEGALE]2025-05-19 17:31:39.194	[34minfo[0m	/Users/daihao/Downloads/gocode/KubeGale/utils/cloudCmdb/aws/load_balancer.go:90	å¼€å§‹åŒæ­¥AWSè´Ÿè½½å‡è¡¡å™¨	{"cloudId": 14, "region": "aws-us-east-1", "regionName": "us-east-1"}
[KUBEGALE]2025-05-19 17:31:39.194	[34minfo[0m	/Users/daihao/Downloads/gocode/KubeGale/utils/cloudCmdb/aws/load_balancer.go:90	å¼€å§‹åŒæ­¥AWSè´Ÿè½½å‡è¡¡å™¨	{"cloudId": 14, "region": "aws-sa-east-1", "regionName": "sa-east-1"}
[KUBEGALE]2025-05-19 17:31:39.194	[34minfo[0m	/Users/daihao/Downloads/gocode/KubeGale/utils/cloudCmdb/aws/load_balancer.go:90	å¼€å§‹åŒæ­¥AWSè´Ÿè½½å‡è¡¡å™¨	{"cloudId": 14, "region": "aws-ca-west-1", "regionName": "ca-west-1"}
[KUBEGALE]2025-05-19 17:31:39.193	[34minfo[0m	/Users/daihao/Downloads/gocode/KubeGale/utils/cloudCmdb/aws/load_balancer.go:90	å¼€å§‹åŒæ­¥AWSè´Ÿè½½å‡è¡¡å™¨	{"cloudId": 14, "region": "aws-mx-central-1", "regionName": "mx-central-1"}
[KUBEGALE]2025-05-19 17:31:39.195	[34minfo[0m	/Users/daihao/Downloads/gocode/KubeGale/utils/cloudCmdb/aws/load_balancer.go:90	å¼€å§‹åŒæ­¥AWSè´Ÿè½½å‡è¡¡å™¨	{"cloudId": 14, "region": "aws-us-east-2", "regionName": "us-east-2"}
[KUBEGALE]2025-05-19 17:31:39.193	[34minfo[0m	/Users/daihao/Downloads/gocode/KubeGale/utils/cloudCmdb/aws/load_balancer.go:90	å¼€å§‹åŒæ­¥AWSè´Ÿè½½å‡è¡¡å™¨	{"cloudId": 14, "region": "aws-me-south-1", "regionName": "me-south-1"}
[KUBEGALE]2025-05-19 17:31:39.193	[34minfo[0m	/Users/daihao/Downloads/gocode/KubeGale/utils/cloudCmdb/aws/load_balancer.go:90	å¼€å§‹åŒæ­¥AWSè´Ÿè½½å‡è¡¡å™¨	{"cloudId": 14, "region": "aws-eu-central-2", "regionName": "eu-central-2"}
[KUBEGALE]2025-05-19 17:31:39.485	[34minfo[0m	/Users/daihao/Downloads/gocode/KubeGale/utils/cloudCmdb/aws/load_balancer.go:125	æˆåŠŸè·å–ALB/NLBå®ä¾‹	{"count": 0, "region": "aws-ap-east-1"}
[KUBEGALE]2025-05-19 17:31:39.570	[34minfo[0m	/Users/daihao/Downloads/gocode/KubeGale/utils/cloudCmdb/aws/load_balancer.go:125	æˆåŠŸè·å–ALB/NLBå®ä¾‹	{"count": 0, "region": "aws-ap-northeast-1"}
[KUBEGALE]2025-05-19 17:31:39.578	[34minfo[0m	/Users/daihao/Downloads/gocode/KubeGale/utils/cloudCmdb/aws/load_balancer.go:200	æˆåŠŸè·å–Classic LBå®ä¾‹	{"count": 0, "region": "aws-ap-east-1"}
[KUBEGALE]2025-05-19 17:31:39.578	[34minfo[0m	/Users/daihao/Downloads/gocode/KubeGale/utils/cloudCmdb/aws/load_balancer.go:243	è´Ÿè½½å‡è¡¡å™¨åŒæ­¥å®Œæˆ	{"totalCount": 0, "region": "aws-ap-east-1"}
[KUBEGALE]2025-05-19 17:31:39.738	[34minfo[0m	/Users/daihao/Downloads/gocode/KubeGale/utils/cloudCmdb/aws/load_balancer.go:125	æˆåŠŸè·å–ALB/NLBå®ä¾‹	{"count": 0, "region": "aws-ap-northeast-2"}
[KUBEGALE]2025-05-19 17:31:39.758	[34minfo[0m	/Users/daihao/Downloads/gocode/KubeGale/utils/cloudCmdb/aws/load_balancer.go:125	æˆåŠŸè·å–ALB/NLBå®ä¾‹	{"count": 0, "region": "aws-ap-northeast-3"}
[KUBEGALE]2025-05-19 17:31:39.888	[34minfo[0m	/Users/daihao/Downloads/gocode/KubeGale/utils/cloudCmdb/aws/load_balancer.go:200	æˆåŠŸè·å–Classic LBå®ä¾‹	{"count": 0, "region": "aws-ap-northeast-1"}
[KUBEGALE]2025-05-19 17:31:39.888	[34minfo[0m	/Users/daihao/Downloads/gocode/KubeGale/utils/cloudCmdb/aws/load_balancer.go:243	è´Ÿè½½å‡è¡¡å™¨åŒæ­¥å®Œæˆ	{"totalCount": 0, "region": "aws-ap-northeast-1"}
[KUBEGALE]2025-05-19 17:31:39.897	[34minfo[0m	/Users/daihao/Downloads/gocode/KubeGale/utils/cloudCmdb/aws/load_balancer.go:125	æˆåŠŸè·å–ALB/NLBå®ä¾‹	{"count": 2, "region": "aws-ap-southeast-1"}
[KUBEGALE]2025-05-19 17:31:40.028	[34minfo[0m	/Users/daihao/Downloads/gocode/KubeGale/utils/cloudCmdb/aws/load_balancer.go:200	æˆåŠŸè·å–Classic LBå®ä¾‹	{"count": 0, "region": "aws-ap-northeast-3"}
[KUBEGALE]2025-05-19 17:31:40.029	[34minfo[0m	/Users/daihao/Downloads/gocode/KubeGale/utils/cloudCmdb/aws/load_balancer.go:243	è´Ÿè½½å‡è¡¡å™¨åŒæ­¥å®Œæˆ	{"totalCount": 0, "region": "aws-ap-northeast-3"}
[KUBEGALE]2025-05-19 17:31:40.053	[34minfo[0m	/Users/daihao/Downloads/gocode/KubeGale/utils/cloudCmdb/aws/load_balancer.go:125	æˆåŠŸè·å–ALB/NLBå®ä¾‹	{"count": 0, "region": "aws-ap-southeast-2"}
[KUBEGALE]2025-05-19 17:31:40.096	[34minfo[0m	/Users/daihao/Downloads/gocode/KubeGale/utils/cloudCmdb/aws/load_balancer.go:125	æˆåŠŸè·å–ALB/NLBå®ä¾‹	{"count": 0, "region": "aws-us-west-1"}
[KUBEGALE]2025-05-19 17:31:40.129	[34minfo[0m	/Users/daihao/Downloads/gocode/KubeGale/utils/cloudCmdb/aws/load_balancer.go:200	æˆåŠŸè·å–Classic LBå®ä¾‹	{"count": 0, "region": "aws-ap-northeast-2"}
[KUBEGALE]2025-05-19 17:31:40.130	[34minfo[0m	/Users/daihao/Downloads/gocode/KubeGale/utils/cloudCmdb/aws/load_balancer.go:243	è´Ÿè½½å‡è¡¡å™¨åŒæ­¥å®Œæˆ	{"totalCount": 0, "region": "aws-ap-northeast-2"}
[KUBEGALE]2025-05-19 17:31:40.183	[34minfo[0m	/Users/daihao/Downloads/gocode/KubeGale/utils/cloudCmdb/aws/load_balancer.go:125	æˆåŠŸè·å–ALB/NLBå®ä¾‹	{"count": 0, "region": "aws-eu-north-1"}
[KUBEGALE]2025-05-19 17:31:40.183	[34minfo[0m	/Users/daihao/Downloads/gocode/KubeGale/utils/cloudCmdb/aws/load_balancer.go:125	æˆåŠŸè·å–ALB/NLBå®ä¾‹	{"count": 0, "region": "aws-us-east-2"}
[KUBEGALE]2025-05-19 17:31:40.186	[34minfo[0m	/Users/daihao/Downloads/gocode/KubeGale/utils/cloudCmdb/aws/load_balancer.go:125	æˆåŠŸè·å–ALB/NLBå®ä¾‹	{"count": 0, "region": "aws-us-east-1"}
[KUBEGALE]2025-05-19 17:31:40.233	[34minfo[0m	/Users/daihao/Downloads/gocode/KubeGale/utils/cloudCmdb/aws/load_balancer.go:125	æˆåŠŸè·å–ALB/NLBå®ä¾‹	{"count": 0, "region": "aws-eu-south-1"}
[KUBEGALE]2025-05-19 17:31:40.266	[34minfo[0m	/Users/daihao/Downloads/gocode/KubeGale/utils/cloudCmdb/aws/load_balancer.go:125	æˆåŠŸè·å–ALB/NLBå®ä¾‹	{"count": 0, "region": "aws-eu-central-1"}
[KUBEGALE]2025-05-19 17:31:40.299	[34minfo[0m	/Users/daihao/Downloads/gocode/KubeGale/utils/cloudCmdb/aws/load_balancer.go:125	æˆåŠŸè·å–ALB/NLBå®ä¾‹	{"count": 0, "region": "aws-eu-west-2"}
[KUBEGALE]2025-05-19 17:31:40.323	[34minfo[0m	/Users/daihao/Downloads/gocode/KubeGale/utils/cloudCmdb/aws/load_balancer.go:200	æˆåŠŸè·å–Classic LBå®ä¾‹	{"count": 0, "region": "aws-ap-southeast-1"}
[KUBEGALE]2025-05-19 17:31:40.323	[34minfo[0m	/Users/daihao/Downloads/gocode/KubeGale/utils/cloudCmdb/aws/load_balancer.go:243	è´Ÿè½½å‡è¡¡å™¨åŒæ­¥å®Œæˆ	{"totalCount": 2, "region": "aws-ap-southeast-1"}
[KUBEGALE]2025-05-19 17:31:40.323	[34minfo[0m	/Users/daihao/Downloads/gocode/KubeGale/service/cloudCmdb/cloud_load_balancer.go:98	å¼€å§‹æ›´æ–°è´Ÿè½½å‡è¡¡å™¨æ•°æ®	{"count": 2}
[KUBEGALE]2025-05-19 17:31:40.326	[34minfo[0m	/Users/daihao/Downloads/gocode/KubeGale/service/cloudCmdb/cloud_load_balancer.go:139	å®Œæˆæ›´æ–°è´Ÿè½½å‡è¡¡å™¨æ•°æ®	{"count": 2}
[KUBEGALE]2025-05-19 17:31:40.328	[34minfo[0m	/Users/daihao/Downloads/gocode/KubeGale/utils/cloudCmdb/aws/load_balancer.go:125	æˆåŠŸè·å–ALB/NLBå®ä¾‹	{"count": 0, "region": "aws-eu-west-3"}
[KUBEGALE]2025-05-19 17:31:40.392	[34minfo[0m	/Users/daihao/Downloads/gocode/KubeGale/utils/cloudCmdb/aws/load_balancer.go:125	æˆåŠŸè·å–ALB/NLBå®ä¾‹	{"count": 0, "region": "aws-eu-south-2"}
[KUBEGALE]2025-05-19 17:31:40.515	[34minfo[0m	/Users/daihao/Downloads/gocode/KubeGale/utils/cloudCmdb/aws/load_balancer.go:125	æˆåŠŸè·å–ALB/NLBå®ä¾‹	{"count": 0, "region": "aws-eu-west-1"}
[KUBEGALE]2025-05-19 17:31:40.601	[34minfo[0m	/Users/daihao/Downloads/gocode/KubeGale/utils/cloudCmdb/aws/load_balancer.go:125	æˆåŠŸè·å–ALB/NLBå®ä¾‹	{"count": 0, "region": "aws-ca-central-1"}
[KUBEGALE]2025-05-19 17:31:40.623	[34minfo[0m	/Users/daihao/Downloads/gocode/KubeGale/utils/cloudCmdb/aws/load_balancer.go:125	æˆåŠŸè·å–ALB/NLBå®ä¾‹	{"count": 0, "region": "aws-sa-east-1"}
[KUBEGALE]2025-05-19 17:31:40.626	[34minfo[0m	/Users/daihao/Downloads/gocode/KubeGale/utils/cloudCmdb/aws/load_balancer.go:125	æˆåŠŸè·å–ALB/NLBå®ä¾‹	{"count": 0, "region": "aws-me-south-1"}
[KUBEGALE]2025-05-19 17:31:40.685	[34minfo[0m	/Users/daihao/Downloads/gocode/KubeGale/utils/cloudCmdb/aws/load_balancer.go:200	æˆåŠŸè·å–Classic LBå®ä¾‹	{"count": 0, "region": "aws-ap-southeast-2"}
[KUBEGALE]2025-05-19 17:31:40.686	[34minfo[0m	/Users/daihao/Downloads/gocode/KubeGale/utils/cloudCmdb/aws/load_balancer.go:243	è´Ÿè½½å‡è¡¡å™¨åŒæ­¥å®Œæˆ	{"totalCount": 0, "region": "aws-ap-southeast-2"}
[KUBEGALE]2025-05-19 17:31:40.779	[34minfo[0m	/Users/daihao/Downloads/gocode/KubeGale/utils/cloudCmdb/aws/load_balancer.go:200	æˆåŠŸè·å–Classic LBå®ä¾‹	{"count": 0, "region": "aws-us-west-1"}
[KUBEGALE]2025-05-19 17:31:40.779	[34minfo[0m	/Users/daihao/Downloads/gocode/KubeGale/utils/cloudCmdb/aws/load_balancer.go:243	è´Ÿè½½å‡è¡¡å™¨åŒæ­¥å®Œæˆ	{"totalCount": 0, "region": "aws-us-west-1"}
[KUBEGALE]2025-05-19 17:31:40.869	[34minfo[0m	/Users/daihao/Downloads/gocode/KubeGale/utils/cloudCmdb/aws/load_balancer.go:125	æˆåŠŸè·å–ALB/NLBå®ä¾‹	{"count": 25, "region": "aws-us-west-2"}
[KUBEGALE]2025-05-19 17:31:41.024	[34minfo[0m	/Users/daihao/Downloads/gocode/KubeGale/utils/cloudCmdb/aws/load_balancer.go:125	æˆåŠŸè·å–ALB/NLBå®ä¾‹	{"count": 0, "region": "aws-ap-south-1"}
[KUBEGALE]2025-05-19 17:31:41.124	[34minfo[0m	/Users/daihao/Downloads/gocode/KubeGale/utils/cloudCmdb/aws/load_balancer.go:200	æˆåŠŸè·å–Classic LBå®ä¾‹	{"count": 0, "region": "aws-eu-north-1"}
[KUBEGALE]2025-05-19 17:31:41.125	[34minfo[0m	/Users/daihao/Downloads/gocode/KubeGale/utils/cloudCmdb/aws/load_balancer.go:243	è´Ÿè½½å‡è¡¡å™¨åŒæ­¥å®Œæˆ	{"totalCount": 0, "region": "aws-eu-north-1"}
[KUBEGALE]2025-05-19 17:31:41.126	[34minfo[0m	/Users/daihao/Downloads/gocode/KubeGale/utils/cloudCmdb/aws/load_balancer.go:200	æˆåŠŸè·å–Classic LBå®ä¾‹	{"count": 0, "region": "aws-us-east-1"}
[KUBEGALE]2025-05-19 17:31:41.127	[34minfo[0m	/Users/daihao/Downloads/gocode/KubeGale/utils/cloudCmdb/aws/load_balancer.go:243	è´Ÿè½½å‡è¡¡å™¨åŒæ­¥å®Œæˆ	{"totalCount": 0, "region": "aws-us-east-1"}
[KUBEGALE]2025-05-19 17:31:41.163	[34minfo[0m	/Users/daihao/Downloads/gocode/KubeGale/utils/cloudCmdb/aws/load_balancer.go:200	æˆåŠŸè·å–Classic LBå®ä¾‹	{"count": 0, "region": "aws-eu-central-1"}
[KUBEGALE]2025-05-19 17:31:41.163	[34minfo[0m	/Users/daihao/Downloads/gocode/KubeGale/utils/cloudCmdb/aws/load_balancer.go:243	è´Ÿè½½å‡è¡¡å™¨åŒæ­¥å®Œæˆ	{"totalCount": 0, "region": "aws-eu-central-1"}
[KUBEGALE]2025-05-19 17:31:41.171	[34minfo[0m	/Users/daihao/Downloads/gocode/KubeGale/utils/cloudCmdb/aws/load_balancer.go:200	æˆåŠŸè·å–Classic LBå®ä¾‹	{"count": 0, "region": "aws-us-east-2"}
[KUBEGALE]2025-05-19 17:31:41.172	[34minfo[0m	/Users/daihao/Downloads/gocode/KubeGale/utils/cloudCmdb/aws/load_balancer.go:243	è´Ÿè½½å‡è¡¡å™¨åŒæ­¥å®Œæˆ	{"totalCount": 0, "region": "aws-us-east-2"}
[KUBEGALE]2025-05-19 17:31:41.185	[34minfo[0m	/Users/daihao/Downloads/gocode/KubeGale/utils/cloudCmdb/aws/load_balancer.go:200	æˆåŠŸè·å–Classic LBå®ä¾‹	{"count": 0, "region": "aws-eu-west-3"}
[KUBEGALE]2025-05-19 17:31:41.185	[34minfo[0m	/Users/daihao/Downloads/gocode/KubeGale/utils/cloudCmdb/aws/load_balancer.go:243	è´Ÿè½½å‡è¡¡å™¨åŒæ­¥å®Œæˆ	{"totalCount": 0, "region": "aws-eu-west-3"}
[KUBEGALE]2025-05-19 17:31:41.194	[34minfo[0m	/Users/daihao/Downloads/gocode/KubeGale/utils/cloudCmdb/aws/load_balancer.go:200	æˆåŠŸè·å–Classic LBå®ä¾‹	{"count": 0, "region": "aws-eu-south-1"}
[KUBEGALE]2025-05-19 17:31:41.195	[34minfo[0m	/Users/daihao/Downloads/gocode/KubeGale/utils/cloudCmdb/aws/load_balancer.go:243	è´Ÿè½½å‡è¡¡å™¨åŒæ­¥å®Œæˆ	{"totalCount": 0, "region": "aws-eu-south-1"}
[KUBEGALE]2025-05-19 17:31:41.203	[34minfo[0m	/Users/daihao/Downloads/gocode/KubeGale/utils/cloudCmdb/aws/load_balancer.go:125	æˆåŠŸè·å–ALB/NLBå®ä¾‹	{"count": 0, "region": "aws-af-south-1"}
[KUBEGALE]2025-05-19 17:31:41.350	[34minfo[0m	/Users/daihao/Downloads/gocode/KubeGale/utils/cloudCmdb/aws/load_balancer.go:200	æˆåŠŸè·å–Classic LBå®ä¾‹	{"count": 0, "region": "aws-eu-south-2"}
[KUBEGALE]2025-05-19 17:31:41.350	[34minfo[0m	/Users/daihao/Downloads/gocode/KubeGale/utils/cloudCmdb/aws/load_balancer.go:243	è´Ÿè½½å‡è¡¡å™¨åŒæ­¥å®Œæˆ	{"totalCount": 0, "region": "aws-eu-south-2"}
[KUBEGALE]2025-05-19 17:31:41.451	[34minfo[0m	/Users/daihao/Downloads/gocode/KubeGale/utils/cloudCmdb/aws/load_balancer.go:200	æˆåŠŸè·å–Classic LBå®ä¾‹	{"count": 0, "region": "aws-eu-west-1"}
[KUBEGALE]2025-05-19 17:31:41.453	[34minfo[0m	/Users/daihao/Downloads/gocode/KubeGale/utils/cloudCmdb/aws/load_balancer.go:243	è´Ÿè½½å‡è¡¡å™¨åŒæ­¥å®Œæˆ	{"totalCount": 0, "region": "aws-eu-west-1"}
[KUBEGALE]2025-05-19 17:31:41.612	[34minfo[0m	/Users/daihao/Downloads/gocode/KubeGale/utils/cloudCmdb/aws/load_balancer.go:200	æˆåŠŸè·å–Classic LBå®ä¾‹	{"count": 0, "region": "aws-ca-central-1"}
[KUBEGALE]2025-05-19 17:31:41.612	[34minfo[0m	/Users/daihao/Downloads/gocode/KubeGale/utils/cloudCmdb/aws/load_balancer.go:243	è´Ÿè½½å‡è¡¡å™¨åŒæ­¥å®Œæˆ	{"totalCount": 0, "region": "aws-ca-central-1"}
[KUBEGALE]2025-05-19 17:31:41.811	[34minfo[0m	/Users/daihao/Downloads/gocode/KubeGale/utils/cloudCmdb/aws/load_balancer.go:200	æˆåŠŸè·å–Classic LBå®ä¾‹	{"count": 0, "region": "aws-me-south-1"}
[KUBEGALE]2025-05-19 17:31:41.812	[34minfo[0m	/Users/daihao/Downloads/gocode/KubeGale/utils/cloudCmdb/aws/load_balancer.go:243	è´Ÿè½½å‡è¡¡å™¨åŒæ­¥å®Œæˆ	{"totalCount": 0, "region": "aws-me-south-1"}
[KUBEGALE]2025-05-19 17:31:42.168	[34minfo[0m	/Users/daihao/Downloads/gocode/KubeGale/utils/cloudCmdb/aws/load_balancer.go:200	æˆåŠŸè·å–Classic LBå®ä¾‹	{"count": 0, "region": "aws-eu-west-2"}
[KUBEGALE]2025-05-19 17:31:42.168	[34minfo[0m	/Users/daihao/Downloads/gocode/KubeGale/utils/cloudCmdb/aws/load_balancer.go:243	è´Ÿè½½å‡è¡¡å™¨åŒæ­¥å®Œæˆ	{"totalCount": 0, "region": "aws-eu-west-2"}
[KUBEGALE]2025-05-19 17:31:42.334	[34minfo[0m	/Users/daihao/Downloads/gocode/KubeGale/utils/cloudCmdb/aws/load_balancer.go:200	æˆåŠŸè·å–Classic LBå®ä¾‹	{"count": 0, "region": "aws-ap-south-1"}
[KUBEGALE]2025-05-19 17:31:42.336	[34minfo[0m	/Users/daihao/Downloads/gocode/KubeGale/utils/cloudCmdb/aws/load_balancer.go:243	è´Ÿè½½å‡è¡¡å™¨åŒæ­¥å®Œæˆ	{"totalCount": 0, "region": "aws-ap-south-1"}
[KUBEGALE]2025-05-19 17:31:42.376	[34minfo[0m	/Users/daihao/Downloads/gocode/KubeGale/utils/cloudCmdb/aws/load_balancer.go:200	æˆåŠŸè·å–Classic LBå®ä¾‹	{"count": 0, "region": "aws-sa-east-1"}
[KUBEGALE]2025-05-19 17:31:42.377	[34minfo[0m	/Users/daihao/Downloads/gocode/KubeGale/utils/cloudCmdb/aws/load_balancer.go:243	è´Ÿè½½å‡è¡¡å™¨åŒæ­¥å®Œæˆ	{"totalCount": 0, "region": "aws-sa-east-1"}
[KUBEGALE]2025-05-19 17:31:42.820	[34minfo[0m	/Users/daihao/Downloads/gocode/KubeGale/utils/cloudCmdb/aws/load_balancer.go:200	æˆåŠŸè·å–Classic LBå®ä¾‹	{"count": 2, "region": "aws-us-west-2"}
[KUBEGALE]2025-05-19 17:31:42.823	[34minfo[0m	/Users/daihao/Downloads/gocode/KubeGale/utils/cloudCmdb/aws/load_balancer.go:243	è´Ÿè½½å‡è¡¡å™¨åŒæ­¥å®Œæˆ	{"totalCount": 27, "region": "aws-us-west-2"}
[KUBEGALE]2025-05-19 17:31:42.823	[34minfo[0m	/Users/daihao/Downloads/gocode/KubeGale/service/cloudCmdb/cloud_load_balancer.go:98	å¼€å§‹æ›´æ–°è´Ÿè½½å‡è¡¡å™¨æ•°æ®	{"count": 27}
[KUBEGALE]2025-05-19 17:31:42.862	[34minfo[0m	/Users/daihao/Downloads/gocode/KubeGale/service/cloudCmdb/cloud_load_balancer.go:139	å®Œæˆæ›´æ–°è´Ÿè½½å‡è¡¡å™¨æ•°æ®	{"count": 27}
[KUBEGALE]2025-05-19 17:31:43.011	[34minfo[0m	/Users/daihao/Downloads/gocode/KubeGale/utils/cloudCmdb/aws/load_balancer.go:200	æˆåŠŸè·å–Classic LBå®ä¾‹	{"count": 0, "region": "aws-af-south-1"}
[KUBEGALE]2025-05-19 17:31:43.012	[34minfo[0m	/Users/daihao/Downloads/gocode/KubeGale/utils/cloudCmdb/aws/load_balancer.go:243	è´Ÿè½½å‡è¡¡å™¨åŒæ­¥å®Œæˆ	{"totalCount": 0, "region": "aws-af-south-1"}
[KUBEGALE]2025-05-19 17:46:20.748	[34minfo[0m	/Users/daihao/Downloads/gocode/KubeGale/service/cloudCmdb/cloud_load_balancer.go:98	å¼€å§‹æ›´æ–°è´Ÿè½½å‡è¡¡å™¨æ•°æ®	{"count": 18}
[KUBEGALE]2025-05-19 17:46:20.830	[34minfo[0m	/Users/daihao/Downloads/gocode/KubeGale/service/cloudCmdb/cloud_load_balancer.go:139	å®Œæˆæ›´æ–°è´Ÿè½½å‡è¡¡å™¨æ•°æ®	{"count": 18}
[KUBEGALE]2025-05-19 17:46:20.908	[34minfo[0m	/Users/daihao/Downloads/gocode/KubeGale/service/cloudCmdb/cloud_load_balancer.go:98	å¼€å§‹æ›´æ–°è´Ÿè½½å‡è¡¡å™¨æ•°æ®	{"count": 11}
[KUBEGALE]2025-05-19 17:46:20.924	[34minfo[0m	/Users/daihao/Downloads/gocode/KubeGale/service/cloudCmdb/cloud_load_balancer.go:139	å®Œæˆæ›´æ–°è´Ÿè½½å‡è¡¡å™¨æ•°æ®	{"count": 11}
[KUBEGALE]2025-05-19 17:46:21.810	[34minfo[0m	/Users/daihao/Downloads/gocode/KubeGale/service/cloudCmdb/cloud_load_balancer.go:98	å¼€å§‹æ›´æ–°è´Ÿè½½å‡è¡¡å™¨æ•°æ®	{"count": 77}
[KUBEGALE]2025-05-19 17:46:21.925	[34minfo[0m	/Users/daihao/Downloads/gocode/KubeGale/service/cloudCmdb/cloud_load_balancer.go:139	å®Œæˆæ›´æ–°è´Ÿè½½å‡è¡¡å™¨æ•°æ®	{"count": 77}
[KUBEGALE]2025-05-19 17:46:22.787	[34minfo[0m	/Users/daihao/Downloads/gocode/KubeGale/service/cloudCmdb/cloud_load_balancer.go:98	å¼€å§‹æ›´æ–°è´Ÿè½½å‡è¡¡å™¨æ•°æ®	{"count": 1}
[KUBEGALE]2025-05-19 17:46:22.789	[34minfo[0m	/Users/daihao/Downloads/gocode/KubeGale/service/cloudCmdb/cloud_load_balancer.go:139	å®Œæˆæ›´æ–°è´Ÿè½½å‡è¡¡å™¨æ•°æ®	{"count": 1}
[KUBEGALE]2025-05-19 17:46:22.896	[34minfo[0m	/Users/daihao/Downloads/gocode/KubeGale/service/cloudCmdb/cloud_load_balancer.go:98	å¼€å§‹æ›´æ–°è´Ÿè½½å‡è¡¡å™¨æ•°æ®	{"count": 1}
[KUBEGALE]2025-05-19 17:46:22.898	[34minfo[0m	/Users/daihao/Downloads/gocode/KubeGale/service/cloudCmdb/cloud_load_balancer.go:139	å®Œæˆæ›´æ–°è´Ÿè½½å‡è¡¡å™¨æ•°æ®	{"count": 1}
[KUBEGALE]2025-05-19 17:46:23.089	[34minfo[0m	/Users/daihao/Downloads/gocode/KubeGale/service/cloudCmdb/cloud_load_balancer.go:98	å¼€å§‹æ›´æ–°è´Ÿè½½å‡è¡¡å™¨æ•°æ®	{"count": 2}
[KUBEGALE]2025-05-19 17:46:23.092	[34minfo[0m	/Users/daihao/Downloads/gocode/KubeGale/service/cloudCmdb/cloud_load_balancer.go:139	å®Œæˆæ›´æ–°è´Ÿè½½å‡è¡¡å™¨æ•°æ®	{"count": 2}
[KUBEGALE]2025-05-19 17:46:23.161	[34minfo[0m	/Users/daihao/Downloads/gocode/KubeGale/service/cloudCmdb/cloud_load_balancer.go:98	å¼€å§‹æ›´æ–°è´Ÿè½½å‡è¡¡å™¨æ•°æ®	{"count": 1}
[KUBEGALE]2025-05-19 17:46:23.162	[34minfo[0m	/Users/daihao/Downloads/gocode/KubeGale/service/cloudCmdb/cloud_load_balancer.go:139	å®Œæˆæ›´æ–°è´Ÿè½½å‡è¡¡å™¨æ•°æ®	{"count": 1}
[KUBEGALE]2025-05-19 17:46:23.163	[34minfo[0m	/Users/daihao/Downloads/gocode/KubeGale/service/cloudCmdb/cloud_load_balancer.go:98	å¼€å§‹æ›´æ–°è´Ÿè½½å‡è¡¡å™¨æ•°æ®	{"count": 1}
[KUBEGALE]2025-05-19 17:46:23.164	[34minfo[0m	/Users/daihao/Downloads/gocode/KubeGale/service/cloudCmdb/cloud_load_balancer.go:139	å®Œæˆæ›´æ–°è´Ÿè½½å‡è¡¡å™¨æ•°æ®	{"count": 1}
[KUBEGALE]2025-05-19 17:46:23.423	[34minfo[0m	/Users/daihao/Downloads/gocode/KubeGale/service/cloudCmdb/cloud_load_balancer.go:98	å¼€å§‹æ›´æ–°è´Ÿè½½å‡è¡¡å™¨æ•°æ®	{"count": 27}
[KUBEGALE]2025-05-19 17:46:23.450	[34minfo[0m	/Users/daihao/Downloads/gocode/KubeGale/service/cloudCmdb/cloud_load_balancer.go:139	å®Œæˆæ›´æ–°è´Ÿè½½å‡è¡¡å™¨æ•°æ®	{"count": 27}
[KUBEGALE]2025-05-19 17:46:24.136	[34minfo[0m	/Users/daihao/Downloads/gocode/KubeGale/service/cloudCmdb/cloud_load_balancer.go:98	å¼€å§‹æ›´æ–°è´Ÿè½½å‡è¡¡å™¨æ•°æ®	{"count": 2}
[KUBEGALE]2025-05-19 17:46:24.138	[34minfo[0m	/Users/daihao/Downloads/gocode/KubeGale/service/cloudCmdb/cloud_load_balancer.go:139	å®Œæˆæ›´æ–°è´Ÿè½½å‡è¡¡å™¨æ•°æ®	{"count": 2}
[KUBEGALE]2025-05-19 17:46:25.746	[34minfo[0m	/Users/daihao/Downloads/gocode/KubeGale/service/cloudCmdb/cloud_load_balancer.go:98	å¼€å§‹æ›´æ–°è´Ÿè½½å‡è¡¡å™¨æ•°æ®	{"count": 1}
[KUBEGALE]2025-05-19 17:46:25.755	[34minfo[0m	/Users/daihao/Downloads/gocode/KubeGale/service/cloudCmdb/cloud_load_balancer.go:139	å®Œæˆæ›´æ–°è´Ÿè½½å‡è¡¡å™¨æ•°æ®	{"count": 1}
