[KUBEGALE]2025-05-30 09:49:30.667	[31merror[0m	/Users/daihao/Downloads/gocode/KubeGale/core/server.go:68	accept tcp [::]:8080: use of closed network connection
[KUBEGALE]2025-05-30 09:49:35.488	[31merror[0m	/Users/daihao/Downloads/gocode/KubeGale/core/server.go:68	accept tcp [::]:8080: use of closed network connection
[KUBEGALE]2025-05-30 09:57:15.915	[31merror[0m	/Users/daihao/Downloads/gocode/KubeGale/core/server.go:68	accept tcp [::]:8080: use of closed network connection
[KUBEGALE]2025-05-30 10:10:36.649	[31merror[0m	/Users/daihao/Downloads/gocode/KubeGale/core/server.go:68	accept tcp [::]:8080: use of closed network connection
[KUBEGALE]2025-05-30 10:13:38.090	[31merror[0m	/Users/daihao/Downloads/gocode/KubeGale/core/server.go:68	accept tcp [::]:8080: use of closed network connection
[KUBEGALE]2025-05-30 10:33:37.535	[31merror[0m	/Users/daihao/Downloads/gocode/KubeGale/core/server.go:68	accept tcp [::]:8080: use of closed network connection
[KUBEGALE]2025-05-30 12:22:35.048	[31merror[0m	/Users/daihao/Downloads/gocode/KubeGale/core/server.go:68	accept tcp [::]:8080: use of closed network connection
[KUBEGALE]2025-05-30 14:40:34.947	[31merror[0m	/Users/daihao/Downloads/gocode/KubeGale/core/server.go:68	accept tcp [::]:8080: use of closed network connection
[KUBEGALE]2025-05-30 14:54:50.285	[31merror[0m	/Users/daihao/Downloads/gocode/KubeGale/core/server.go:68	accept tcp [::]:8080: use of closed network connection
[KUBEGALE]2025-05-30 15:06:31.801	[31merror[0m	/Users/daihao/Downloads/gocode/KubeGale/core/server.go:68	accept tcp [::]:8080: use of closed network connection
[KUBEGALE]2025-05-30 15:14:02.543	[31merror[0m	/Users/daihao/Downloads/gocode/KubeGale/api/v1/im/notification.go:33	创建失败!	{"error": "failed to create feishu config: Error 1364 (HY000): Field 'name' doesn't have a default value"}
[KUBEGALE]2025-05-30 15:16:10.633	[31merror[0m	/Users/daihao/Downloads/gocode/KubeGale/api/v1/im/notification.go:33	创建失败!	{"error": "failed to create feishu config: Error 1364 (HY000): Field 'name' doesn't have a default value"}
[KUBEGALE]2025-05-30 15:16:17.450	[31merror[0m	/Users/daihao/Downloads/gocode/KubeGale/core/server.go:68	accept tcp [::]:8080: use of closed network connection
[KUBEGALE]2025-05-30 15:16:23.532	[31merror[0m	/Users/daihao/Downloads/gocode/KubeGale/api/v1/im/notification.go:33	创建失败!	{"error": "failed to create feishu config: Error 1364 (HY000): Field 'name' doesn't have a default value"}
[KUBEGALE]2025-05-30 15:31:54.432	[31merror[0m	/Users/daihao/Downloads/gocode/KubeGale/api/v1/im/notification.go:33	创建失败!	{"error": "failed to create feishu config: Error 1364 (HY000): Field 'name' doesn't have a default value"}
[KUBEGALE]2025-05-30 15:31:56.931	[31merror[0m	/Users/daihao/Downloads/gocode/KubeGale/core/server.go:68	accept tcp [::]:8080: use of closed network connection
[KUBEGALE]2025-05-30 15:37:00.406	[31merror[0m	/Users/daihao/Downloads/gocode/KubeGale/api/v1/im/notification.go:47	创建失败!	{"error": "failed to create notification config: Error 1062 (23000): Duplicate entry '测试飞书通知1-feishu' for key 'idx_name_type_unique'"}
[KUBEGALE]2025-05-30 15:37:42.413	[31merror[0m	/Users/daihao/Downloads/gocode/KubeGale/api/v1/im/notification.go:47	创建失败!	{"error": "failed to create notification config: Error 1062 (23000): Duplicate entry '测试飞书通知a-feishu' for key 'idx_name_type_unique'"}
[KUBEGALE]2025-05-30 15:37:51.968	[31merror[0m	/Users/daihao/Downloads/gocode/KubeGale/api/v1/im/notification.go:47	创建失败!	{"error": "failed to create notification config: Error 1062 (23000): Duplicate entry '测试飞书通知a-feishu' for key 'idx_name_type_unique'"}
[KUBEGALE]2025-05-30 15:38:05.559	[31merror[0m	/Users/daihao/Downloads/gocode/KubeGale/api/v1/im/notification.go:47	创建失败!	{"error": "failed to create notification config: Error 1062 (23000): Duplicate entry '测试飞书通知a-feishu' for key 'idx_name_type_unique'"}
[KUBEGALE]2025-05-30 15:42:05.873	[31merror[0m	/Users/daihao/Downloads/gocode/KubeGale/core/server.go:68	accept tcp [::]:8080: use of closed network connection
[KUBEGALE]2025-05-30 15:43:03.097	[31merror[0m	/Users/daihao/Downloads/gocode/KubeGale/api/v1/im/notification.go:47	创建失败!	{"error": "failed to create notification config: Error 1062 (23000): Duplicate entry '测试飞书通知-feishu' for key 'idx_name_type_unique'"}
[KUBEGALE]2025-05-30 15:43:28.041	[31merror[0m	/Users/daihao/Downloads/gocode/KubeGale/core/server.go:68	accept tcp [::]:8080: use of closed network connection
[KUBEGALE]2025-05-30 15:43:38.646	[31merror[0m	/Users/daihao/Downloads/gocode/KubeGale/api/v1/im/notification.go:47	创建失败!	{"error": "failed to create notification config: Error 1062 (23000): Duplicate entry '测试飞书通知-feishu' for key 'idx_name_type_unique'"}
[KUBEGALE]2025-05-30 15:56:11.844	[31merror[0m	/Users/daihao/Downloads/gocode/KubeGale/api/v1/im/notification.go:169	获取失败!	{"error": "notification config not found"}
[KUBEGALE]2025-05-30 15:56:26.978	[31merror[0m	/Users/daihao/Downloads/gocode/KubeGale/api/v1/im/notification.go:169	获取失败!	{"error": "notification config not found"}
[KUBEGALE]2025-05-30 15:56:35.620	[31merror[0m	/Users/daihao/Downloads/gocode/KubeGale/api/v1/im/notification.go:169	获取失败!	{"error": "notification config not found"}
[KUBEGALE]2025-05-30 15:59:06.404	[31merror[0m	/Users/daihao/Downloads/gocode/KubeGale/core/server.go:68	accept tcp [::]:8080: use of closed network connection
[KUBEGALE]2025-05-30 16:00:31.580	[31merror[0m	/Users/daihao/Downloads/gocode/KubeGale/core/server.go:68	accept tcp [::]:8080: use of closed network connection
[KUBEGALE]2025-05-30 16:01:07.717	[31merror[0m	/Users/daihao/Downloads/gocode/KubeGale/api/v1/im/notification.go:66	更新失败!	{"error": "飞书通知配置不存在"}
[KUBEGALE]2025-05-30 16:01:31.467	[31merror[0m	/Users/daihao/Downloads/gocode/KubeGale/api/v1/im/notification.go:66	更新失败!	{"error": "failed to create card content: Error 1241 (21000): Operand should contain 1 column(s)"}
[KUBEGALE]2025-05-30 16:02:07.650	[31merror[0m	/Users/daihao/Downloads/gocode/KubeGale/core/server.go:68	accept tcp [::]:8080: use of closed network connection
[KUBEGALE]2025-05-30 16:06:13.577	[31merror[0m	/Users/daihao/Downloads/gocode/KubeGale/api/v1/im/notification.go:66	更新失败!	{"error": "飞书通知配置不存在"}
[KUBEGALE]2025-05-30 16:06:17.615	[31merror[0m	/Users/daihao/Downloads/gocode/KubeGale/api/v1/im/notification.go:66	更新失败!	{"error": "飞书通知配置不存在"}
[KUBEGALE]2025-05-30 16:06:26.819	[31merror[0m	/Users/daihao/Downloads/gocode/KubeGale/api/v1/im/notification.go:66	更新失败!	{"error": "飞书通知配置不存在"}
[KUBEGALE]2025-05-30 16:08:09.591	[31merror[0m	/Users/daihao/Downloads/gocode/KubeGale/api/v1/im/notification.go:66	更新失败!	{"error": "飞书通知配置不存在"}
[KUBEGALE]2025-05-30 16:16:29.093	[31merror[0m	/Users/daihao/Downloads/gocode/KubeGale/core/server.go:68	accept tcp [::]:8080: use of closed network connection
