[KUBEGALE]2025-04-20 11:44:01.817	[31merror[0m	/Users/daihao/Downloads/gocode/KubeGale/resource/initialize/initailize.go:40	åˆå§‹åŒ– Casbin è¡¨å¤±è´¥	{"error": "Error 1061 (42000): Duplicate key name 'idx_casbin_rule'"}
[KUBEGALE]2025-04-20 11:44:01.883	[31merror[0m	/Users/daihao/Downloads/gocode/KubeGale/resource/initialize/initailize.go:54	åˆå§‹åŒ–æƒé™æ•°æ®å¤±è´¥	{"error": "sys_authoritiesè¡¨æ•°æ®åˆå§‹åŒ–å¤±è´¥!: Error 1062 (23000): Duplicate entry '888' for key 'PRIMARY'", "errorVerbose": "Error 1062 (23000): Duplicate entry '888' for key 'PRIMARY'\nsys_authoritiesè¡¨æ•°æ®åˆå§‹åŒ–å¤±è´¥!\nKubeGale/resource/system.(*InitAuthority).InitializeData\n\t/Users/daihao/Downloads/gocode/KubeGale/resource/system/sys_authority.go:48\nKubeGale/resource/initialize.InitializeAllSystemData\n\t/Users/daihao/Downloads/gocode/KubeGale/resource/initialize/initailize.go:52\nmain.main\n\t/Users/daihao/Downloads/gocode/KubeGale/resource/cmd/main.go:51\nruntime.main\n\t/Users/daihao/go/pkg/mod/golang.org/toolchain@v0.0.1-go1.23.1.darwin-arm64/src/runtime/proc.go:272\nruntime.goexit\n\t/Users/daihao/go/pkg/mod/golang.org/toolchain@v0.0.1-go1.23.1.darwin-arm64/src/runtime/asm_arm64.s:1223"}
[KUBEGALE]2025-04-20 11:44:02.154	[31merror[0m	/Users/daihao/Downloads/gocode/KubeGale/resource/initialize/initailize.go:86	åˆå§‹åŒ–ç”¨æˆ·æ•°æ®å¤±è´¥	{"error": "åˆ›å»º [ç”¨æˆ·-æƒé™] å…³è”å¤±è´¥, æœªæ‰¾åˆ°æƒé™è¡¨åˆå§‹åŒ–æ•°æ®: missing dependent value in context", "errorVerbose": "missing dependent value in context\nåˆ›å»º [ç”¨æˆ·-æƒé™] å…³è”å¤±è´¥, æœªæ‰¾åˆ°æƒé™è¡¨åˆå§‹åŒ–æ•°æ®\nKubeGale/resource/system.(*InitUser).InitializeData\n\t/Users/daihao/Downloads/gocode/KubeGale/resource/system/sys_user.go:79\nKubeGale/resource/initialize.InitializeAllSystemData\n\t/Users/daihao/Downloads/gocode/KubeGale/resource/initialize/initailize.go:84\nmain.main\n\t/Users/daihao/Downloads/gocode/KubeGale/resource/cmd/main.go:51\nruntime.main\n\t/Users/daihao/go/pkg/mod/golang.org/toolchain@v0.0.1-go1.23.1.darwin-arm64/src/runtime/proc.go:272\nruntime.goexit\n\t/Users/daihao/go/pkg/mod/golang.org/toolchain@v0.0.1-go1.23.1.darwin-arm64/src/runtime/asm_arm64.s:1223"}
[KUBEGALE]2025-04-20 12:46:51.905	[31merror[0m	/Users/daihao/Downloads/gocode/KubeGale/core/server.go:67	accept tcp [::]:8080: use of closed network connection
[KUBEGALE]2025-04-20 13:01:13.620	[31merror[0m	/Users/daihao/Downloads/gocode/KubeGale/api/v1/system/sys_user.go:256	ä¿®æ”¹å¤±è´¥!	{"error": "empty slice found"}
[KUBEGALE]2025-04-20 13:01:17.947	[31merror[0m	/Users/daihao/Downloads/gocode/KubeGale/api/v1/system/sys_user.go:256	ä¿®æ”¹å¤±è´¥!	{"error": "empty slice found"}
[KUBEGALE]2025-04-20 13:12:00.178	[31merror[0m	/Users/daihao/Downloads/gocode/KubeGale/core/server.go:67	accept tcp [::]:8080: use of closed network connection
[KUBEGALE]2025-04-20 13:22:35.324	[31merror[0m	/Users/daihao/Downloads/gocode/KubeGale/core/server.go:67	accept tcp [::]:8080: use of closed network connection
[KUBEGALE]2025-04-20 13:25:04.632	[31merror[0m	/Users/daihao/Downloads/gocode/KubeGale/core/server.go:67	accept tcp [::]:8080: use of closed network connection
[KUBEGALE]2025-04-20 13:39:48.680	[31merror[0m	/Users/daihao/Downloads/gocode/KubeGale/core/server.go:67	accept tcp [::]:8080: use of closed network connection
[KUBEGALE]2025-04-20 13:40:35.592	[31merror[0m	/Users/daihao/Downloads/gocode/KubeGale/core/server.go:67	accept tcp [::]:8080: use of closed network connection
[KUBEGALE]2025-04-20 16:57:53.527	[31merror[0m	/Users/daihao/Downloads/gocode/KubeGale/core/server.go:67	accept tcp [::]:8080: use of closed network connection
[KUBEGALE]2025-04-20 17:02:18.939	[31merror[0m	/Users/daihao/Downloads/gocode/KubeGale/core/server.go:67	accept tcp [::]:8080: use of closed network connection
[KUBEGALE]2025-04-20 17:06:33.228	[31merror[0m	/Users/daihao/Downloads/gocode/KubeGale/core/server.go:67	accept tcp [::]:8080: use of closed network connection
[KUBEGALE]2025-04-20 17:13:33.591	[31merror[0m	/Users/daihao/Downloads/gocode/KubeGale/core/server.go:67	accept tcp [::]:8080: use of closed network connection
[KUBEGALE]2025-04-20 17:35:52.975	[31merror[0m	/Users/daihao/Downloads/gocode/KubeGale/core/server.go:67	accept tcp [::]:8080: use of closed network connection
[KUBEGALE]2025-04-20 17:49:18.468	[31merror[0m	/Users/daihao/Downloads/gocode/KubeGale/core/server.go:67	accept tcp [::]:8080: use of closed network connection
[KUBEGALE]2025-04-20 17:49:52.891	[31merror[0m	/Users/daihao/Downloads/gocode/KubeGale/core/server.go:67	accept tcp [::]:8080: use of closed network connection
[KUBEGALE]2025-04-20 17:50:37.789	[31merror[0m	/Users/daihao/Downloads/gocode/KubeGale/core/server.go:67	accept tcp [::]:8080: use of closed network connection
[KUBEGALE]2025-04-20 19:37:37.319	[31merror[0m	/Users/daihao/Downloads/gocode/KubeGale/core/server.go:67	accept tcp [::]:8080: use of closed network connection
[KUBEGALE]2025-04-20 19:45:08.137	[31merror[0m	/Users/daihao/Downloads/gocode/KubeGale/core/server.go:67	accept tcp [::]:8080: use of closed network connection
[KUBEGALE]2025-04-20 19:46:18.609	[31merror[0m	/Users/daihao/Downloads/gocode/KubeGale/core/server.go:67	accept tcp [::]:8080: use of closed network connection
[KUBEGALE]2025-04-20 19:49:37.470	[31merror[0m	/Users/daihao/Downloads/gocode/KubeGale/core/server.go:67	accept tcp [::]:8080: use of closed network connection
[KUBEGALE]2025-04-20 19:50:40.082	[31merror[0m	/Users/daihao/Downloads/gocode/KubeGale/core/server.go:67	accept tcp [::]:8080: use of closed network connection
[KUBEGALE]2025-04-20 19:51:45.211	[31merror[0m	/Users/daihao/Downloads/gocode/KubeGale/core/server.go:67	accept tcp [::]:8080: use of closed network connection
[KUBEGALE]2025-04-20 19:55:27.072	[31merror[0m	/Users/daihao/Downloads/gocode/KubeGale/core/server.go:67	accept tcp [::]:8080: use of closed network connection
[KUBEGALE]2025-04-20 20:05:10.794	[31merror[0m	/Users/daihao/Downloads/gocode/KubeGale/core/server.go:67	accept tcp [::]:8080: use of closed network connection
[KUBEGALE]2025-04-20 20:22:55.180	[31merror[0m	/Users/daihao/Downloads/gocode/KubeGale/core/server.go:67	accept tcp [::]:8080: use of closed network connection
