[KUBEGALE]2025-04-20 11:29:17.305	[34minfo[0m	/Users/daihao/Downloads/gocode/KubeGale/initialize/gorm.go:46	register table success
[KUBEGALE]2025-04-20 11:29:17.348	[34minfo[0m	/Users/daihao/Downloads/gocode/KubeGale/resource/initialize/initailize.go:18	åˆå§‹åŒ–ç”¨æˆ·è¡¨æˆåŠŸ
[KUBEGALE]2025-04-20 11:29:17.396	[34minfo[0m	/Users/daihao/Downloads/gocode/KubeGale/resource/initialize/initailize.go:25	åˆå§‹åŒ–ç”¨æˆ·æ•°æ®æˆåŠŸ
[KUBEGALE]2025-04-20 11:30:47.588	[34minfo[0m	/Users/daihao/Downloads/gocode/KubeGale/resource/initialize/initailize.go:18	åˆå§‹åŒ–ç”¨æˆ·è¡¨æˆåŠŸ
[KUBEGALE]2025-04-20 11:30:47.637	[34minfo[0m	/Users/daihao/Downloads/gocode/KubeGale/resource/initialize/initailize.go:25	åˆå§‹åŒ–ç”¨æˆ·æ•°æ®æˆåŠŸ
[KUBEGALE]2025-04-20 11:31:50.025	[34minfo[0m	/Users/daihao/Downloads/gocode/KubeGale/resource/initialize/initailize.go:18	åˆå§‹åŒ–ç”¨æˆ·è¡¨æˆåŠŸ
[KUBEGALE]2025-04-20 11:31:50.081	[34minfo[0m	/Users/daihao/Downloads/gocode/KubeGale/resource/initialize/initailize.go:25	åˆå§‹åŒ–ç”¨æˆ·æ•°æ®æˆåŠŸ
[KUBEGALE]2025-04-20 11:32:45.275	[34minfo[0m	/Users/daihao/Downloads/gocode/KubeGale/resource/initialize/initailize.go:18	åˆå§‹åŒ–ç”¨æˆ·è¡¨æˆåŠŸ
[KUBEGALE]2025-04-20 11:32:45.334	[34minfo[0m	/Users/daihao/Downloads/gocode/KubeGale/resource/initialize/initailize.go:25	åˆå§‹åŒ–ç”¨æˆ·æ•°æ®æˆåŠŸ
[KUBEGALE]2025-04-20 11:44:01.800	[34minfo[0m	/Users/daihao/Downloads/gocode/KubeGale/resource/initialize/initailize.go:18	åˆå§‹åŒ– API è¡¨æˆåŠŸ
[KUBEGALE]2025-04-20 11:44:01.808	[34minfo[0m	/Users/daihao/Downloads/gocode/KubeGale/resource/initialize/initailize.go:23	åˆå§‹åŒ– API æ•°æ®æˆåŠŸ
[KUBEGALE]2025-04-20 11:44:01.812	[34minfo[0m	/Users/daihao/Downloads/gocode/KubeGale/resource/initialize/initailize.go:33	åˆå§‹åŒ– API å¿½ç•¥è¡¨æˆåŠŸ
[KUBEGALE]2025-04-20 11:44:01.881	[34minfo[0m	/Users/daihao/Downloads/gocode/KubeGale/resource/initialize/initailize.go:51	åˆå§‹åŒ–æƒé™è¡¨æˆåŠŸ
[KUBEGALE]2025-04-20 11:44:01.930	[34minfo[0m	/Users/daihao/Downloads/gocode/KubeGale/resource/initialize/initailize.go:66	åˆå§‹åŒ–èœå•è¡¨æˆåŠŸ
[KUBEGALE]2025-04-20 11:44:01.931	[34minfo[0m	/Users/daihao/Downloads/gocode/KubeGale/resource/initialize/initailize.go:71	åˆå§‹åŒ–èœå•æ•°æ®æˆåŠŸ
[KUBEGALE]2025-04-20 11:44:01.979	[34minfo[0m	/Users/daihao/Downloads/gocode/KubeGale/resource/initialize/initailize.go:81	åˆå§‹åŒ–ç”¨æˆ·è¡¨æˆåŠŸ
[KUBEGALE]2025-04-20 12:40:06.606	[34minfo[0m	/Users/daihao/Downloads/gocode/KubeGale/resource/initialize/initailize.go:18	åˆå§‹åŒ– API è¡¨æˆåŠŸ
[KUBEGALE]2025-04-20 12:40:06.611	[34minfo[0m	/Users/daihao/Downloads/gocode/KubeGale/resource/initialize/initailize.go:23	åˆå§‹åŒ– API æ•°æ®æˆåŠŸ
[KUBEGALE]2025-04-20 12:40:06.621	[34minfo[0m	/Users/daihao/Downloads/gocode/KubeGale/resource/initialize/initailize.go:33	åˆå§‹åŒ– API å¿½ç•¥è¡¨æˆåŠŸ
[KUBEGALE]2025-04-20 12:40:06.671	[34minfo[0m	/Users/daihao/Downloads/gocode/KubeGale/resource/initialize/initailize.go:42	åˆå§‹åŒ– Casbin è¡¨æˆåŠŸ
[KUBEGALE]2025-04-20 12:40:06.734	[34minfo[0m	/Users/daihao/Downloads/gocode/KubeGale/resource/initialize/initailize.go:51	åˆå§‹åŒ–æƒé™è¡¨æˆåŠŸ
[KUBEGALE]2025-04-20 12:40:06.749	[34minfo[0m	/Users/daihao/Downloads/gocode/KubeGale/resource/initialize/initailize.go:56	åˆå§‹åŒ–æƒé™æ•°æ®æˆåŠŸ
[KUBEGALE]2025-04-20 12:40:06.830	[34minfo[0m	/Users/daihao/Downloads/gocode/KubeGale/resource/initialize/initailize.go:66	åˆå§‹åŒ–èœå•è¡¨æˆåŠŸ
[KUBEGALE]2025-04-20 12:40:06.833	[34minfo[0m	/Users/daihao/Downloads/gocode/KubeGale/resource/initialize/initailize.go:71	åˆå§‹åŒ–èœå•æ•°æ®æˆåŠŸ
[KUBEGALE]2025-04-20 12:40:06.900	[34minfo[0m	/Users/daihao/Downloads/gocode/KubeGale/resource/initialize/initailize.go:81	åˆå§‹åŒ–ç”¨æˆ·è¡¨æˆåŠŸ
[KUBEGALE]2025-04-20 12:40:07.095	[34minfo[0m	/Users/daihao/Downloads/gocode/KubeGale/resource/initialize/initailize.go:88	åˆå§‹åŒ–ç”¨æˆ·æ•°æ®æˆåŠŸ
[KUBEGALE]2025-04-20 12:41:42.460	[34minfo[0m	/Users/daihao/Downloads/gocode/KubeGale/initialize/gorm.go:46	register table success
[KUBEGALE]2025-04-20 12:41:42.469	[34minfo[0m	/Users/daihao/Downloads/gocode/KubeGale/initialize/redis.go:33	redis connect ping response:	{"name": "", "pong": "PONG"}
[KUBEGALE]2025-04-20 12:41:42.470	[34minfo[0m	/Users/daihao/Downloads/gocode/KubeGale/initialize/redis.go:33	redis connect ping response:	{"name": "cache", "pong": "PONG"}
[KUBEGALE]2025-04-20 12:41:42.470	[34minfo[0m	/Users/daihao/Downloads/gocode/KubeGale/core/server.go:54	initialize local cache
[KUBEGALE]2025-04-20 12:41:42.473	[34minfo[0m	/Users/daihao/Downloads/gocode/KubeGale/core/server.go:65	server run success on 	{"address": ":8080"}
[KUBEGALE]2025-04-20 13:00:28.254	[34minfo[0m	/Users/daihao/Downloads/gocode/KubeGale/resource/initialize/initailize.go:18	åˆå§‹åŒ– API è¡¨æˆåŠŸ
[KUBEGALE]2025-04-20 13:00:28.258	[34minfo[0m	/Users/daihao/Downloads/gocode/KubeGale/resource/initialize/initailize.go:23	åˆå§‹åŒ– API æ•°æ®æˆåŠŸ
[KUBEGALE]2025-04-20 13:00:28.264	[34minfo[0m	/Users/daihao/Downloads/gocode/KubeGale/resource/initialize/initailize.go:33	åˆå§‹åŒ– API å¿½ç•¥è¡¨æˆåŠŸ
[KUBEGALE]2025-04-20 13:00:28.299	[34minfo[0m	/Users/daihao/Downloads/gocode/KubeGale/resource/initialize/initailize.go:42	åˆå§‹åŒ– Casbin è¡¨æˆåŠŸ
[KUBEGALE]2025-04-20 13:00:28.348	[34minfo[0m	/Users/daihao/Downloads/gocode/KubeGale/resource/initialize/initailize.go:51	åˆå§‹åŒ–æƒé™è¡¨æˆåŠŸ
[KUBEGALE]2025-04-20 13:00:28.354	[34minfo[0m	/Users/daihao/Downloads/gocode/KubeGale/resource/initialize/initailize.go:56	åˆå§‹åŒ–æƒé™æ•°æ®æˆåŠŸ
[KUBEGALE]2025-04-20 13:00:28.420	[34minfo[0m	/Users/daihao/Downloads/gocode/KubeGale/resource/initialize/initailize.go:66	åˆå§‹åŒ–èœå•è¡¨æˆåŠŸ
[KUBEGALE]2025-04-20 13:00:28.421	[34minfo[0m	/Users/daihao/Downloads/gocode/KubeGale/resource/initialize/initailize.go:71	åˆå§‹åŒ–èœå•æ•°æ®æˆåŠŸ
[KUBEGALE]2025-04-20 13:00:28.472	[34minfo[0m	/Users/daihao/Downloads/gocode/KubeGale/resource/initialize/initailize.go:81	åˆå§‹åŒ–ç”¨æˆ·è¡¨æˆåŠŸ
[KUBEGALE]2025-04-20 13:00:28.653	[34minfo[0m	/Users/daihao/Downloads/gocode/KubeGale/resource/initialize/initailize.go:88	åˆå§‹åŒ–ç”¨æˆ·æ•°æ®æˆåŠŸ
[KUBEGALE]2025-04-20 13:00:51.922	[34minfo[0m	/Users/daihao/Downloads/gocode/KubeGale/initialize/gorm.go:46	register table success
[KUBEGALE]2025-04-20 13:00:51.930	[34minfo[0m	/Users/daihao/Downloads/gocode/KubeGale/initialize/redis.go:33	redis connect ping response:	{"name": "", "pong": "PONG"}
[KUBEGALE]2025-04-20 13:00:51.932	[34minfo[0m	/Users/daihao/Downloads/gocode/KubeGale/initialize/redis.go:33	redis connect ping response:	{"name": "cache", "pong": "PONG"}
[KUBEGALE]2025-04-20 13:00:51.932	[34minfo[0m	/Users/daihao/Downloads/gocode/KubeGale/core/server.go:54	initialize local cache
[KUBEGALE]2025-04-20 13:00:51.934	[34minfo[0m	/Users/daihao/Downloads/gocode/KubeGale/core/server.go:65	server run success on 	{"address": ":8080"}
[KUBEGALE]2025-04-20 13:13:13.296	[34minfo[0m	/Users/daihao/Downloads/gocode/KubeGale/resource/initialize/initailize.go:18	åˆå§‹åŒ– API è¡¨æˆåŠŸ
[KUBEGALE]2025-04-20 13:13:13.300	[34minfo[0m	/Users/daihao/Downloads/gocode/KubeGale/resource/initialize/initailize.go:23	åˆå§‹åŒ– API æ•°æ®æˆåŠŸ
[KUBEGALE]2025-04-20 13:13:13.312	[34minfo[0m	/Users/daihao/Downloads/gocode/KubeGale/resource/initialize/initailize.go:33	åˆå§‹åŒ– API å¿½ç•¥è¡¨æˆåŠŸ
[KUBEGALE]2025-04-20 13:13:13.351	[34minfo[0m	/Users/daihao/Downloads/gocode/KubeGale/resource/initialize/initailize.go:42	åˆå§‹åŒ– Casbin è¡¨æˆåŠŸ
[KUBEGALE]2025-04-20 13:13:13.395	[34minfo[0m	/Users/daihao/Downloads/gocode/KubeGale/resource/initialize/initailize.go:51	åˆå§‹åŒ–æƒé™è¡¨æˆåŠŸ
[KUBEGALE]2025-04-20 13:13:13.400	[34minfo[0m	/Users/daihao/Downloads/gocode/KubeGale/resource/initialize/initailize.go:56	åˆå§‹åŒ–æƒé™æ•°æ®æˆåŠŸ
[KUBEGALE]2025-04-20 13:13:13.457	[34minfo[0m	/Users/daihao/Downloads/gocode/KubeGale/resource/initialize/initailize.go:66	åˆå§‹åŒ–èœå•è¡¨æˆåŠŸ
[KUBEGALE]2025-04-20 13:13:13.458	[34minfo[0m	/Users/daihao/Downloads/gocode/KubeGale/resource/initialize/initailize.go:71	åˆå§‹åŒ–èœå•æ•°æ®æˆåŠŸ
[KUBEGALE]2025-04-20 13:13:13.505	[34minfo[0m	/Users/daihao/Downloads/gocode/KubeGale/resource/initialize/initailize.go:81	åˆå§‹åŒ–ç”¨æˆ·è¡¨æˆåŠŸ
[KUBEGALE]2025-04-20 13:13:13.687	[34minfo[0m	/Users/daihao/Downloads/gocode/KubeGale/resource/initialize/initailize.go:88	åˆå§‹åŒ–ç”¨æˆ·æ•°æ®æˆåŠŸ
[KUBEGALE]2025-04-20 13:13:55.174	[34minfo[0m	/Users/daihao/Downloads/gocode/KubeGale/initialize/gorm.go:46	register table success
[KUBEGALE]2025-04-20 13:13:55.176	[34minfo[0m	/Users/daihao/Downloads/gocode/KubeGale/initialize/redis.go:33	redis connect ping response:	{"name": "", "pong": "PONG"}
[KUBEGALE]2025-04-20 13:13:55.178	[34minfo[0m	/Users/daihao/Downloads/gocode/KubeGale/initialize/redis.go:33	redis connect ping response:	{"name": "cache", "pong": "PONG"}
[KUBEGALE]2025-04-20 13:13:55.178	[34minfo[0m	/Users/daihao/Downloads/gocode/KubeGale/core/server.go:54	initialize local cache
[KUBEGALE]2025-04-20 13:13:55.180	[34minfo[0m	/Users/daihao/Downloads/gocode/KubeGale/core/server.go:65	server run success on 	{"address": ":8080"}
[KUBEGALE]2025-04-20 13:23:01.190	[34minfo[0m	/Users/daihao/Downloads/gocode/KubeGale/resource/initialize/initailize.go:18	åˆå§‹åŒ– API è¡¨æˆåŠŸ
[KUBEGALE]2025-04-20 13:23:01.194	[34minfo[0m	/Users/daihao/Downloads/gocode/KubeGale/resource/initialize/initailize.go:23	åˆå§‹åŒ– API æ•°æ®æˆåŠŸ
[KUBEGALE]2025-04-20 13:23:01.206	[34minfo[0m	/Users/daihao/Downloads/gocode/KubeGale/resource/initialize/initailize.go:33	åˆå§‹åŒ– API å¿½ç•¥è¡¨æˆåŠŸ
[KUBEGALE]2025-04-20 13:23:01.244	[34minfo[0m	/Users/daihao/Downloads/gocode/KubeGale/resource/initialize/initailize.go:42	åˆå§‹åŒ– Casbin è¡¨æˆåŠŸ
[KUBEGALE]2025-04-20 13:23:01.293	[34minfo[0m	/Users/daihao/Downloads/gocode/KubeGale/resource/initialize/initailize.go:51	åˆå§‹åŒ–æƒé™è¡¨æˆåŠŸ
[KUBEGALE]2025-04-20 13:23:01.298	[34minfo[0m	/Users/daihao/Downloads/gocode/KubeGale/resource/initialize/initailize.go:56	åˆå§‹åŒ–æƒé™æ•°æ®æˆåŠŸ
[KUBEGALE]2025-04-20 13:23:01.371	[34minfo[0m	/Users/daihao/Downloads/gocode/KubeGale/resource/initialize/initailize.go:66	åˆå§‹åŒ–èœå•è¡¨æˆåŠŸ
[KUBEGALE]2025-04-20 13:23:01.372	[34minfo[0m	/Users/daihao/Downloads/gocode/KubeGale/resource/initialize/initailize.go:71	åˆå§‹åŒ–èœå•æ•°æ®æˆåŠŸ
[KUBEGALE]2025-04-20 13:23:01.418	[34minfo[0m	/Users/daihao/Downloads/gocode/KubeGale/resource/initialize/initailize.go:81	åˆå§‹åŒ–ç”¨æˆ·è¡¨æˆåŠŸ
[KUBEGALE]2025-04-20 13:23:01.596	[34minfo[0m	/Users/daihao/Downloads/gocode/KubeGale/resource/initialize/initailize.go:88	åˆå§‹åŒ–ç”¨æˆ·æ•°æ®æˆåŠŸ
[KUBEGALE]2025-04-20 13:23:05.952	[34minfo[0m	/Users/daihao/Downloads/gocode/KubeGale/initialize/gorm.go:46	register table success
[KUBEGALE]2025-04-20 13:23:05.954	[34minfo[0m	/Users/daihao/Downloads/gocode/KubeGale/initialize/redis.go:33	redis connect ping response:	{"name": "", "pong": "PONG"}
[KUBEGALE]2025-04-20 13:23:05.955	[34minfo[0m	/Users/daihao/Downloads/gocode/KubeGale/initialize/redis.go:33	redis connect ping response:	{"name": "cache", "pong": "PONG"}
[KUBEGALE]2025-04-20 13:23:05.955	[34minfo[0m	/Users/daihao/Downloads/gocode/KubeGale/core/server.go:54	initialize local cache
[KUBEGALE]2025-04-20 13:23:05.957	[34minfo[0m	/Users/daihao/Downloads/gocode/KubeGale/core/server.go:65	server run success on 	{"address": ":8080"}
[KUBEGALE]2025-04-20 13:26:50.285	[34minfo[0m	/Users/daihao/Downloads/gocode/KubeGale/resource/initialize/initailize.go:18	åˆå§‹åŒ– API è¡¨æˆåŠŸ
[KUBEGALE]2025-04-20 13:26:50.288	[34minfo[0m	/Users/daihao/Downloads/gocode/KubeGale/resource/initialize/initailize.go:23	åˆå§‹åŒ– API æ•°æ®æˆåŠŸ
[KUBEGALE]2025-04-20 13:26:50.298	[34minfo[0m	/Users/daihao/Downloads/gocode/KubeGale/resource/initialize/initailize.go:33	åˆå§‹åŒ– API å¿½ç•¥è¡¨æˆåŠŸ
[KUBEGALE]2025-04-20 13:26:50.334	[34minfo[0m	/Users/daihao/Downloads/gocode/KubeGale/resource/initialize/initailize.go:42	åˆå§‹åŒ– Casbin è¡¨æˆåŠŸ
[KUBEGALE]2025-04-20 13:26:50.383	[34minfo[0m	/Users/daihao/Downloads/gocode/KubeGale/resource/initialize/initailize.go:51	åˆå§‹åŒ–æƒé™è¡¨æˆåŠŸ
[KUBEGALE]2025-04-20 13:26:50.388	[34minfo[0m	/Users/daihao/Downloads/gocode/KubeGale/resource/initialize/initailize.go:56	åˆå§‹åŒ–æƒé™æ•°æ®æˆåŠŸ
[KUBEGALE]2025-04-20 13:26:50.458	[34minfo[0m	/Users/daihao/Downloads/gocode/KubeGale/resource/initialize/initailize.go:66	åˆå§‹åŒ–èœå•è¡¨æˆåŠŸ
[KUBEGALE]2025-04-20 13:26:50.459	[34minfo[0m	/Users/daihao/Downloads/gocode/KubeGale/resource/initialize/initailize.go:71	åˆå§‹åŒ–èœå•æ•°æ®æˆåŠŸ
[KUBEGALE]2025-04-20 13:26:50.507	[34minfo[0m	/Users/daihao/Downloads/gocode/KubeGale/resource/initialize/initailize.go:81	åˆå§‹åŒ–ç”¨æˆ·è¡¨æˆåŠŸ
[KUBEGALE]2025-04-20 13:26:50.699	[34minfo[0m	/Users/daihao/Downloads/gocode/KubeGale/resource/initialize/initailize.go:88	åˆå§‹åŒ–ç”¨æˆ·æ•°æ®æˆåŠŸ
[KUBEGALE]2025-04-20 13:26:57.481	[34minfo[0m	/Users/daihao/Downloads/gocode/KubeGale/initialize/gorm.go:46	register table success
[KUBEGALE]2025-04-20 13:26:57.483	[34minfo[0m	/Users/daihao/Downloads/gocode/KubeGale/initialize/redis.go:33	redis connect ping response:	{"name": "", "pong": "PONG"}
[KUBEGALE]2025-04-20 13:26:57.483	[34minfo[0m	/Users/daihao/Downloads/gocode/KubeGale/initialize/redis.go:33	redis connect ping response:	{"name": "cache", "pong": "PONG"}
[KUBEGALE]2025-04-20 13:26:57.483	[34minfo[0m	/Users/daihao/Downloads/gocode/KubeGale/core/server.go:54	initialize local cache
[KUBEGALE]2025-04-20 13:26:57.485	[34minfo[0m	/Users/daihao/Downloads/gocode/KubeGale/core/server.go:65	server run success on 	{"address": ":8080"}
[KUBEGALE]2025-04-20 13:39:56.907	[34minfo[0m	/Users/daihao/Downloads/gocode/KubeGale/initialize/gorm.go:46	register table success
[KUBEGALE]2025-04-20 13:39:56.910	[34minfo[0m	/Users/daihao/Downloads/gocode/KubeGale/initialize/redis.go:33	redis connect ping response:	{"name": "", "pong": "PONG"}
[KUBEGALE]2025-04-20 13:39:56.911	[34minfo[0m	/Users/daihao/Downloads/gocode/KubeGale/initialize/redis.go:33	redis connect ping response:	{"name": "cache", "pong": "PONG"}
[KUBEGALE]2025-04-20 13:39:56.911	[34minfo[0m	/Users/daihao/Downloads/gocode/KubeGale/core/server.go:54	initialize local cache
[KUBEGALE]2025-04-20 13:39:56.912	[34minfo[0m	/Users/daihao/Downloads/gocode/KubeGale/core/server.go:65	server run success on 	{"address": ":8080"}
[KUBEGALE]2025-04-20 16:41:27.556	[34minfo[0m	/Users/daihao/Downloads/gocode/KubeGale/initialize/gorm.go:46	register table success
[KUBEGALE]2025-04-20 16:41:27.561	[34minfo[0m	/Users/daihao/Downloads/gocode/KubeGale/initialize/redis.go:33	redis connect ping response:	{"name": "", "pong": "PONG"}
[KUBEGALE]2025-04-20 16:41:27.562	[34minfo[0m	/Users/daihao/Downloads/gocode/KubeGale/initialize/redis.go:33	redis connect ping response:	{"name": "cache", "pong": "PONG"}
[KUBEGALE]2025-04-20 16:41:27.562	[34minfo[0m	/Users/daihao/Downloads/gocode/KubeGale/core/server.go:54	initialize local cache
[KUBEGALE]2025-04-20 16:41:27.563	[34minfo[0m	/Users/daihao/Downloads/gocode/KubeGale/core/server.go:65	server run success on 	{"address": ":8080"}
[KUBEGALE]2025-04-20 16:57:58.174	[34minfo[0m	/Users/daihao/Downloads/gocode/KubeGale/initialize/gorm.go:46	register table success
[KUBEGALE]2025-04-20 16:57:58.175	[34minfo[0m	/Users/daihao/Downloads/gocode/KubeGale/initialize/redis.go:33	redis connect ping response:	{"name": "", "pong": "PONG"}
[KUBEGALE]2025-04-20 16:57:58.176	[34minfo[0m	/Users/daihao/Downloads/gocode/KubeGale/initialize/redis.go:33	redis connect ping response:	{"name": "cache", "pong": "PONG"}
[KUBEGALE]2025-04-20 16:57:58.176	[34minfo[0m	/Users/daihao/Downloads/gocode/KubeGale/core/server.go:54	initialize local cache
[KUBEGALE]2025-04-20 16:57:58.178	[34minfo[0m	/Users/daihao/Downloads/gocode/KubeGale/core/server.go:65	server run success on 	{"address": ":8080"}
[KUBEGALE]2025-04-20 17:02:23.501	[34minfo[0m	/Users/daihao/Downloads/gocode/KubeGale/initialize/gorm.go:46	register table success
[KUBEGALE]2025-04-20 17:02:23.503	[34minfo[0m	/Users/daihao/Downloads/gocode/KubeGale/initialize/redis.go:33	redis connect ping response:	{"name": "", "pong": "PONG"}
[KUBEGALE]2025-04-20 17:02:23.503	[34minfo[0m	/Users/daihao/Downloads/gocode/KubeGale/initialize/redis.go:33	redis connect ping response:	{"name": "cache", "pong": "PONG"}
[KUBEGALE]2025-04-20 17:02:23.503	[34minfo[0m	/Users/daihao/Downloads/gocode/KubeGale/core/server.go:54	initialize local cache
[KUBEGALE]2025-04-20 17:02:23.504	[34minfo[0m	/Users/daihao/Downloads/gocode/KubeGale/core/server.go:65	server run success on 	{"address": ":8080"}
[KUBEGALE]2025-04-20 17:06:38.529	[34minfo[0m	/Users/daihao/Downloads/gocode/KubeGale/initialize/gorm.go:46	register table success
[KUBEGALE]2025-04-20 17:06:38.533	[34minfo[0m	/Users/daihao/Downloads/gocode/KubeGale/initialize/redis.go:33	redis connect ping response:	{"name": "", "pong": "PONG"}
[KUBEGALE]2025-04-20 17:06:38.534	[34minfo[0m	/Users/daihao/Downloads/gocode/KubeGale/initialize/redis.go:33	redis connect ping response:	{"name": "cache", "pong": "PONG"}
[KUBEGALE]2025-04-20 17:06:38.534	[34minfo[0m	/Users/daihao/Downloads/gocode/KubeGale/core/server.go:54	initialize local cache
[KUBEGALE]2025-04-20 17:06:38.536	[34minfo[0m	/Users/daihao/Downloads/gocode/KubeGale/core/server.go:65	server run success on 	{"address": ":8080"}
[KUBEGALE]2025-04-20 17:13:35.245	[34minfo[0m	/Users/daihao/Downloads/gocode/KubeGale/initialize/gorm.go:46	register table success
[KUBEGALE]2025-04-20 17:13:35.273	[34minfo[0m	/Users/daihao/Downloads/gocode/KubeGale/initialize/redis.go:33	redis connect ping response:	{"name": "", "pong": "PONG"}
[KUBEGALE]2025-04-20 17:13:35.275	[34minfo[0m	/Users/daihao/Downloads/gocode/KubeGale/initialize/redis.go:33	redis connect ping response:	{"name": "cache", "pong": "PONG"}
[KUBEGALE]2025-04-20 17:13:35.275	[34minfo[0m	/Users/daihao/Downloads/gocode/KubeGale/core/server.go:54	initialize local cache
[KUBEGALE]2025-04-20 17:13:35.277	[34minfo[0m	/Users/daihao/Downloads/gocode/KubeGale/core/server.go:65	server run success on 	{"address": ":8080"}
[KUBEGALE]2025-04-20 17:35:57.754	[34minfo[0m	/Users/daihao/Downloads/gocode/KubeGale/initialize/gorm.go:46	register table success
[KUBEGALE]2025-04-20 17:35:57.758	[34minfo[0m	/Users/daihao/Downloads/gocode/KubeGale/initialize/redis.go:33	redis connect ping response:	{"name": "", "pong": "PONG"}
[KUBEGALE]2025-04-20 17:35:57.759	[34minfo[0m	/Users/daihao/Downloads/gocode/KubeGale/initialize/redis.go:33	redis connect ping response:	{"name": "cache", "pong": "PONG"}
[KUBEGALE]2025-04-20 17:35:57.759	[34minfo[0m	/Users/daihao/Downloads/gocode/KubeGale/core/server.go:54	initialize local cache
[KUBEGALE]2025-04-20 17:35:57.760	[34minfo[0m	/Users/daihao/Downloads/gocode/KubeGale/core/server.go:65	server run success on 	{"address": ":8080"}
[KUBEGALE]2025-04-20 17:48:21.557	[34minfo[0m	/Users/daihao/Downloads/gocode/KubeGale/resource/initialize/initailize.go:18	åˆå§‹åŒ– API è¡¨æˆåŠŸ
[KUBEGALE]2025-04-20 17:48:21.562	[34minfo[0m	/Users/daihao/Downloads/gocode/KubeGale/resource/initialize/initailize.go:23	åˆå§‹åŒ– API æ•°æ®æˆåŠŸ
[KUBEGALE]2025-04-20 17:48:21.572	[34minfo[0m	/Users/daihao/Downloads/gocode/KubeGale/resource/initialize/initailize.go:33	åˆå§‹åŒ– API å¿½ç•¥è¡¨æˆåŠŸ
[KUBEGALE]2025-04-20 17:48:21.605	[34minfo[0m	/Users/daihao/Downloads/gocode/KubeGale/resource/initialize/initailize.go:42	åˆå§‹åŒ– Casbin è¡¨æˆåŠŸ
[KUBEGALE]2025-04-20 17:48:21.654	[34minfo[0m	/Users/daihao/Downloads/gocode/KubeGale/resource/initialize/initailize.go:51	åˆå§‹åŒ–æƒé™è¡¨æˆåŠŸ
[KUBEGALE]2025-04-20 17:48:21.660	[34minfo[0m	/Users/daihao/Downloads/gocode/KubeGale/resource/initialize/initailize.go:56	åˆå§‹åŒ–æƒé™æ•°æ®æˆåŠŸ
[KUBEGALE]2025-04-20 17:48:21.723	[34minfo[0m	/Users/daihao/Downloads/gocode/KubeGale/resource/initialize/initailize.go:66	åˆå§‹åŒ–èœå•è¡¨æˆåŠŸ
[KUBEGALE]2025-04-20 17:48:21.723	[34minfo[0m	/Users/daihao/Downloads/gocode/KubeGale/resource/initialize/initailize.go:71	åˆå§‹åŒ–èœå•æ•°æ®æˆåŠŸ
[KUBEGALE]2025-04-20 17:48:21.772	[34minfo[0m	/Users/daihao/Downloads/gocode/KubeGale/resource/initialize/initailize.go:81	åˆå§‹åŒ–ç”¨æˆ·è¡¨æˆåŠŸ
[KUBEGALE]2025-04-20 17:48:21.963	[34minfo[0m	/Users/daihao/Downloads/gocode/KubeGale/resource/initialize/initailize.go:88	åˆå§‹åŒ–ç”¨æˆ·æ•°æ®æˆåŠŸ
[KUBEGALE]2025-04-20 17:49:19.871	[34minfo[0m	/Users/daihao/Downloads/gocode/KubeGale/initialize/gorm.go:46	register table success
[KUBEGALE]2025-04-20 17:49:19.873	[34minfo[0m	/Users/daihao/Downloads/gocode/KubeGale/initialize/redis.go:33	redis connect ping response:	{"name": "", "pong": "PONG"}
[KUBEGALE]2025-04-20 17:49:19.873	[34minfo[0m	/Users/daihao/Downloads/gocode/KubeGale/initialize/redis.go:33	redis connect ping response:	{"name": "cache", "pong": "PONG"}
[KUBEGALE]2025-04-20 17:49:19.873	[34minfo[0m	/Users/daihao/Downloads/gocode/KubeGale/core/server.go:54	initialize local cache
[KUBEGALE]2025-04-20 17:49:19.875	[34minfo[0m	/Users/daihao/Downloads/gocode/KubeGale/core/server.go:65	server run success on 	{"address": ":8080"}
[KUBEGALE]2025-04-20 17:49:54.208	[34minfo[0m	/Users/daihao/Downloads/gocode/KubeGale/initialize/gorm.go:46	register table success
[KUBEGALE]2025-04-20 17:49:54.209	[34minfo[0m	/Users/daihao/Downloads/gocode/KubeGale/initialize/redis.go:33	redis connect ping response:	{"name": "", "pong": "PONG"}
[KUBEGALE]2025-04-20 17:49:54.210	[34minfo[0m	/Users/daihao/Downloads/gocode/KubeGale/initialize/redis.go:33	redis connect ping response:	{"name": "cache", "pong": "PONG"}
[KUBEGALE]2025-04-20 17:49:54.210	[34minfo[0m	/Users/daihao/Downloads/gocode/KubeGale/core/server.go:54	initialize local cache
[KUBEGALE]2025-04-20 17:49:54.212	[34minfo[0m	/Users/daihao/Downloads/gocode/KubeGale/core/server.go:65	server run success on 	{"address": ":8080"}
[KUBEGALE]2025-04-20 17:50:42.427	[34minfo[0m	/Users/daihao/Downloads/gocode/KubeGale/initialize/gorm.go:46	register table success
[KUBEGALE]2025-04-20 17:50:42.433	[34minfo[0m	/Users/daihao/Downloads/gocode/KubeGale/initialize/redis.go:33	redis connect ping response:	{"name": "", "pong": "PONG"}
[KUBEGALE]2025-04-20 17:50:42.433	[34minfo[0m	/Users/daihao/Downloads/gocode/KubeGale/initialize/redis.go:33	redis connect ping response:	{"name": "cache", "pong": "PONG"}
[KUBEGALE]2025-04-20 17:50:42.433	[34minfo[0m	/Users/daihao/Downloads/gocode/KubeGale/core/server.go:54	initialize local cache
[KUBEGALE]2025-04-20 17:50:42.434	[34minfo[0m	/Users/daihao/Downloads/gocode/KubeGale/core/server.go:65	server run success on 	{"address": ":8080"}
[KUBEGALE]2025-04-20 19:42:25.974	[34minfo[0m	/Users/daihao/Downloads/gocode/KubeGale/initialize/gorm.go:46	register table success
[KUBEGALE]2025-04-20 19:42:26.001	[34minfo[0m	/Users/daihao/Downloads/gocode/KubeGale/initialize/redis.go:33	redis connect ping response:	{"name": "", "pong": "PONG"}
[KUBEGALE]2025-04-20 19:42:26.002	[34minfo[0m	/Users/daihao/Downloads/gocode/KubeGale/initialize/redis.go:33	redis connect ping response:	{"name": "cache", "pong": "PONG"}
[KUBEGALE]2025-04-20 19:42:26.002	[34minfo[0m	/Users/daihao/Downloads/gocode/KubeGale/core/server.go:54	initialize local cache
[KUBEGALE]2025-04-20 19:42:26.003	[34minfo[0m	/Users/daihao/Downloads/gocode/KubeGale/core/server.go:65	server run success on 	{"address": ":8080"}
[KUBEGALE]2025-04-20 19:45:13.303	[34minfo[0m	/Users/daihao/Downloads/gocode/KubeGale/initialize/gorm.go:46	register table success
[KUBEGALE]2025-04-20 19:45:13.305	[34minfo[0m	/Users/daihao/Downloads/gocode/KubeGale/initialize/redis.go:33	redis connect ping response:	{"name": "", "pong": "PONG"}
[KUBEGALE]2025-04-20 19:45:13.305	[34minfo[0m	/Users/daihao/Downloads/gocode/KubeGale/initialize/redis.go:33	redis connect ping response:	{"name": "cache", "pong": "PONG"}
[KUBEGALE]2025-04-20 19:45:13.305	[34minfo[0m	/Users/daihao/Downloads/gocode/KubeGale/core/server.go:54	initialize local cache
[KUBEGALE]2025-04-20 19:45:13.306	[34minfo[0m	/Users/daihao/Downloads/gocode/KubeGale/core/server.go:65	server run success on 	{"address": ":8080"}
[KUBEGALE]2025-04-20 19:46:23.181	[34minfo[0m	/Users/daihao/Downloads/gocode/KubeGale/initialize/gorm.go:46	register table success
[KUBEGALE]2025-04-20 19:46:23.184	[34minfo[0m	/Users/daihao/Downloads/gocode/KubeGale/initialize/redis.go:33	redis connect ping response:	{"name": "", "pong": "PONG"}
[KUBEGALE]2025-04-20 19:46:23.185	[34minfo[0m	/Users/daihao/Downloads/gocode/KubeGale/initialize/redis.go:33	redis connect ping response:	{"name": "cache", "pong": "PONG"}
[KUBEGALE]2025-04-20 19:46:23.186	[34minfo[0m	/Users/daihao/Downloads/gocode/KubeGale/core/server.go:54	initialize local cache
[KUBEGALE]2025-04-20 19:46:23.187	[34minfo[0m	/Users/daihao/Downloads/gocode/KubeGale/core/server.go:65	server run success on 	{"address": ":8080"}
[KUBEGALE]2025-04-20 19:49:41.906	[34minfo[0m	/Users/daihao/Downloads/gocode/KubeGale/initialize/gorm.go:46	register table success
[KUBEGALE]2025-04-20 19:49:41.907	[34minfo[0m	/Users/daihao/Downloads/gocode/KubeGale/initialize/redis.go:33	redis connect ping response:	{"name": "", "pong": "PONG"}
[KUBEGALE]2025-04-20 19:49:41.908	[34minfo[0m	/Users/daihao/Downloads/gocode/KubeGale/initialize/redis.go:33	redis connect ping response:	{"name": "cache", "pong": "PONG"}
[KUBEGALE]2025-04-20 19:49:41.908	[34minfo[0m	/Users/daihao/Downloads/gocode/KubeGale/core/server.go:54	initialize local cache
[KUBEGALE]2025-04-20 19:49:41.909	[34minfo[0m	/Users/daihao/Downloads/gocode/KubeGale/core/server.go:65	server run success on 	{"address": ":8080"}
[KUBEGALE]2025-04-20 19:50:44.683	[34minfo[0m	/Users/daihao/Downloads/gocode/KubeGale/initialize/gorm.go:46	register table success
[KUBEGALE]2025-04-20 19:50:44.686	[34minfo[0m	/Users/daihao/Downloads/gocode/KubeGale/initialize/redis.go:33	redis connect ping response:	{"name": "", "pong": "PONG"}
[KUBEGALE]2025-04-20 19:50:44.686	[34minfo[0m	/Users/daihao/Downloads/gocode/KubeGale/initialize/redis.go:33	redis connect ping response:	{"name": "cache", "pong": "PONG"}
[KUBEGALE]2025-04-20 19:50:44.687	[34minfo[0m	/Users/daihao/Downloads/gocode/KubeGale/core/server.go:54	initialize local cache
[KUBEGALE]2025-04-20 19:50:44.688	[34minfo[0m	/Users/daihao/Downloads/gocode/KubeGale/core/server.go:65	server run success on 	{"address": ":8080"}
[KUBEGALE]2025-04-20 19:51:49.952	[34minfo[0m	/Users/daihao/Downloads/gocode/KubeGale/initialize/gorm.go:46	register table success
[KUBEGALE]2025-04-20 19:51:49.954	[34minfo[0m	/Users/daihao/Downloads/gocode/KubeGale/initialize/redis.go:33	redis connect ping response:	{"name": "", "pong": "PONG"}
[KUBEGALE]2025-04-20 19:51:49.955	[34minfo[0m	/Users/daihao/Downloads/gocode/KubeGale/initialize/redis.go:33	redis connect ping response:	{"name": "cache", "pong": "PONG"}
[KUBEGALE]2025-04-20 19:51:49.955	[34minfo[0m	/Users/daihao/Downloads/gocode/KubeGale/core/server.go:54	initialize local cache
[KUBEGALE]2025-04-20 19:51:49.957	[34minfo[0m	/Users/daihao/Downloads/gocode/KubeGale/core/server.go:65	server run success on 	{"address": ":8080"}
