[KUBEGALE]2025-04-21 20:22:31.785	[34minfo[0m	/Users/daihao/Downloads/gocode/KubeGale/initialize/gorm.go:46	register table success
[KUBEGALE]2025-04-21 20:22:31.797	[34minfo[0m	/Users/daihao/Downloads/gocode/KubeGale/initialize/redis.go:33	redis connect ping response:	{"name": "", "pong": "PONG"}
[KUBEGALE]2025-04-21 20:22:31.802	[34minfo[0m	/Users/daihao/Downloads/gocode/KubeGale/initialize/redis.go:33	redis connect ping response:	{"name": "cache", "pong": "PONG"}
[KUBEGALE]2025-04-21 20:22:31.802	[34minfo[0m	/Users/daihao/Downloads/gocode/KubeGale/core/server.go:54	initialize local cache
[KUBEGALE]2025-04-21 20:22:31.804	[34minfo[0m	/Users/daihao/Downloads/gocode/KubeGale/initialize/router.go:53	register swagger handler
[KUBEGALE]2025-04-21 20:22:31.805	[34minfo[0m	/Users/daihao/Downloads/gocode/KubeGale/initialize/router.go:92	router register success
[KUBEGALE]2025-04-21 20:22:31.805	[34minfo[0m	/Users/daihao/Downloads/gocode/KubeGale/core/server.go:65	server run success on 	{"address": ":8080"}
[KUBEGALE]2025-04-21 20:33:50.644	[34minfo[0m	/Users/daihao/Downloads/gocode/KubeGale/initialize/gorm.go:42	register table success
[KUBEGALE]2025-04-21 20:33:50.648	[34minfo[0m	/Users/daihao/Downloads/gocode/KubeGale/initialize/redis.go:33	redis connect ping response:	{"name": "", "pong": "PONG"}
[KUBEGALE]2025-04-21 20:33:50.649	[34minfo[0m	/Users/daihao/Downloads/gocode/KubeGale/initialize/redis.go:33	redis connect ping response:	{"name": "cache", "pong": "PONG"}
[KUBEGALE]2025-04-21 20:33:50.649	[34minfo[0m	/Users/daihao/Downloads/gocode/KubeGale/core/server.go:55	initialize local cache
[KUBEGALE]2025-04-21 20:33:50.650	[34minfo[0m	/Users/daihao/Downloads/gocode/KubeGale/initialize/router.go:53	register swagger handler
[KUBEGALE]2025-04-21 20:33:50.650	[34minfo[0m	/Users/daihao/Downloads/gocode/KubeGale/initialize/router.go:92	router register success
[KUBEGALE]2025-04-21 20:33:50.651	[34minfo[0m	/Users/daihao/Downloads/gocode/KubeGale/core/server.go:66	server run success on 	{"address": ":8080"}
[KUBEGALE]2025-04-21 20:44:52.056	[34minfo[0m	/Users/daihao/Downloads/gocode/KubeGale/initialize/gorm.go:42	register table success
[KUBEGALE]2025-04-21 20:44:52.058	[34minfo[0m	/Users/daihao/Downloads/gocode/KubeGale/initialize/redis.go:33	redis connect ping response:	{"name": "", "pong": "PONG"}
[KUBEGALE]2025-04-21 20:44:52.059	[34minfo[0m	/Users/daihao/Downloads/gocode/KubeGale/initialize/redis.go:33	redis connect ping response:	{"name": "cache", "pong": "PONG"}
[KUBEGALE]2025-04-21 20:44:52.060	[34minfo[0m	/Users/daihao/Downloads/gocode/KubeGale/core/server.go:55	initialize local cache
[KUBEGALE]2025-04-21 20:44:52.060	[34minfo[0m	/Users/daihao/Downloads/gocode/KubeGale/initialize/router.go:53	register swagger handler
[KUBEGALE]2025-04-21 20:44:52.061	[34minfo[0m	/Users/daihao/Downloads/gocode/KubeGale/initialize/router.go:92	router register success
[KUBEGALE]2025-04-21 20:44:52.061	[34minfo[0m	/Users/daihao/Downloads/gocode/KubeGale/core/server.go:66	server run success on 	{"address": ":8080"}
[KUBEGALE]2025-04-21 20:45:51.078	[34minfo[0m	/Users/daihao/Downloads/gocode/KubeGale/initialize/gorm.go:42	register table success
[KUBEGALE]2025-04-21 20:45:51.083	[34minfo[0m	/Users/daihao/Downloads/gocode/KubeGale/initialize/redis.go:33	redis connect ping response:	{"name": "", "pong": "PONG"}
[KUBEGALE]2025-04-21 20:45:51.084	[34minfo[0m	/Users/daihao/Downloads/gocode/KubeGale/initialize/redis.go:33	redis connect ping response:	{"name": "cache", "pong": "PONG"}
[KUBEGALE]2025-04-21 20:45:51.084	[34minfo[0m	/Users/daihao/Downloads/gocode/KubeGale/core/server.go:55	initialize local cache
[KUBEGALE]2025-04-21 20:45:51.086	[34minfo[0m	/Users/daihao/Downloads/gocode/KubeGale/initialize/router.go:53	register swagger handler
[KUBEGALE]2025-04-21 20:45:51.086	[34minfo[0m	/Users/daihao/Downloads/gocode/KubeGale/initialize/router.go:92	router register success
[KUBEGALE]2025-04-21 20:45:51.086	[34minfo[0m	/Users/daihao/Downloads/gocode/KubeGale/core/server.go:66	server run success on 	{"address": ":8080"}
[KUBEGALE]2025-04-21 20:48:42.496	[34minfo[0m	/Users/daihao/Downloads/gocode/KubeGale/initialize/gorm.go:42	register table success
[KUBEGALE]2025-04-21 20:48:42.497	[34minfo[0m	/Users/daihao/Downloads/gocode/KubeGale/initialize/redis.go:33	redis connect ping response:	{"name": "", "pong": "PONG"}
[KUBEGALE]2025-04-21 20:48:42.497	[34minfo[0m	/Users/daihao/Downloads/gocode/KubeGale/initialize/redis.go:33	redis connect ping response:	{"name": "cache", "pong": "PONG"}
[KUBEGALE]2025-04-21 20:48:42.497	[34minfo[0m	/Users/daihao/Downloads/gocode/KubeGale/core/server.go:55	initialize local cache
[KUBEGALE]2025-04-21 20:48:42.498	[34minfo[0m	/Users/daihao/Downloads/gocode/KubeGale/initialize/router.go:53	register swagger handler
[KUBEGALE]2025-04-21 20:48:42.498	[34minfo[0m	/Users/daihao/Downloads/gocode/KubeGale/initialize/router.go:92	router register success
[KUBEGALE]2025-04-21 20:48:42.498	[34minfo[0m	/Users/daihao/Downloads/gocode/KubeGale/core/server.go:66	server run success on 	{"address": ":8080"}
[KUBEGALE]2025-04-21 20:50:42.745	[34minfo[0m	/Users/daihao/Downloads/gocode/KubeGale/initialize/gorm.go:42	register table success
[KUBEGALE]2025-04-21 20:50:42.747	[34minfo[0m	/Users/daihao/Downloads/gocode/KubeGale/initialize/redis.go:33	redis connect ping response:	{"name": "", "pong": "PONG"}
[KUBEGALE]2025-04-21 20:50:42.748	[34minfo[0m	/Users/daihao/Downloads/gocode/KubeGale/initialize/redis.go:33	redis connect ping response:	{"name": "cache", "pong": "PONG"}
[KUBEGALE]2025-04-21 20:50:42.748	[34minfo[0m	/Users/daihao/Downloads/gocode/KubeGale/core/server.go:55	initialize local cache
[KUBEGALE]2025-04-21 20:50:42.748	[34minfo[0m	/Users/daihao/Downloads/gocode/KubeGale/initialize/router.go:53	register swagger handler
[KUBEGALE]2025-04-21 20:50:42.749	[34minfo[0m	/Users/daihao/Downloads/gocode/KubeGale/initialize/router.go:92	router register success
[KUBEGALE]2025-04-21 20:50:42.749	[34minfo[0m	/Users/daihao/Downloads/gocode/KubeGale/core/server.go:66	server run success on 	{"address": ":8080"}
[KUBEGALE]2025-04-21 20:52:10.946	[34minfo[0m	/Users/daihao/Downloads/gocode/KubeGale/initialize/gorm.go:42	register table success
[KUBEGALE]2025-04-21 20:52:10.948	[34minfo[0m	/Users/daihao/Downloads/gocode/KubeGale/initialize/redis.go:33	redis connect ping response:	{"name": "", "pong": "PONG"}
[KUBEGALE]2025-04-21 20:52:10.949	[34minfo[0m	/Users/daihao/Downloads/gocode/KubeGale/initialize/redis.go:33	redis connect ping response:	{"name": "cache", "pong": "PONG"}
[KUBEGALE]2025-04-21 20:52:10.949	[34minfo[0m	/Users/daihao/Downloads/gocode/KubeGale/core/server.go:55	initialize local cache
[KUBEGALE]2025-04-21 20:52:10.949	[34minfo[0m	/Users/daihao/Downloads/gocode/KubeGale/initialize/router.go:53	register swagger handler
[KUBEGALE]2025-04-21 20:52:10.949	[34minfo[0m	/Users/daihao/Downloads/gocode/KubeGale/initialize/router.go:92	router register success
[KUBEGALE]2025-04-21 20:52:10.950	[34minfo[0m	/Users/daihao/Downloads/gocode/KubeGale/core/server.go:66	server run success on 	{"address": ":8080"}
